(3) [7]
(3) [7] 1 0
3 7 1 [0] (1) 0
3 7 1 0 [1] 0 (1)
(3) 7 1 0 1 0 [1] 2
3 7 1 0 (1) 0 1 2 [4]
3 7 1 [0] 1 0 (1) 2 4 5
3 7 1 0 [1] 0 1 2 (4) 5 1
3 (7) 1 0 1 0 [1] 2 4 5 1 5
3 7 1 0 1 0 1 2 [4] (5) 1 5 8
3 (7) 1 0 1 0 1 2 4 5 1 5 8 [9]
3 7 1 0 1 0 1 [2] 4 (5) 1 5 8 9 1 6
3 7 1 0 1 0 1 2 4 5 [1] 5 8 9 1 (6) 7
3 7 1 0 (1) 0 1 2 4 5 1 5 [8] 9 1 6 7 7
3 7 [1] 0 1 0 (1) 2 4 5 1 5 8 9 1 6 7 7 9
3 7 1 0 [1] 0 1 2 (4) 5 1 5 8 9 1 6 7 7 9 2
3 7 1 0 1 0 [1] 2 4 5 1 5 8 (9) 1 6 7 7 9 2 5
(3) 7 1 0 1 0 1 2 [4] 5 1 5 8 9 1 6 7 7 9 2 5 1 0
3 7 1 0 (1) 0 1 2 4 5 1 5 8 [9] 1 6 7 7 9 2 5 1 0 7
3 7 1 0 1 0 (1) 2 4 5 1 5 8 9 1 6 7 7 9 2 5 1 0 [7] 1 0
3 7 1 0 [1] 0 1 2 (4) 5 1 5 8 9 1 6 7 7 9 2 5 1 0 7 1 0 8
3 7 1 0 1 0 [1] 2 4 5 1 5 8 (9) 1 6 7 7 9 2 5 1 0 7 1 0 8 5
18: 9251071085
3 7 1 0 1 0 1 2 [4] 5 1 5 8 9 1 6 7 7 9 2 5 1 0 (7) 1 0 8 5 1 0
3 7 1 0 1 0 1 2 4 5 1 5 8 [9] 1 6 7 7 9 2 5 1 0 7 1 0 8 5 1 0 1 (1)
3 7 1 0 1 0 1 2 4 5 1 5 8 9 1 6 7 7 9 2 5 1 0 [7] 1 0 8 5 1 0 1 1 1 (0)
3 7 1 0 1 0 1 2 4 5 1 5 8 9 1 6 7 7 9 2 5 1 0 7 1 0 8 5 1 0 1 [1] 1 0 (7)
3 7 1 0 1 0 (1) 2 4 5 1 5 8 9 1 6 7 7 9 2 5 1 0 7 1 0 8 5 1 0 1 1 1 [0] 7 8
3 7 1 0 1 0 1 2 (4) 5 1 5 8 9 1 6 7 7 9 2 5 1 0 7 1 0 8 5 1 0 1 1 1 0 [7] 8 1
3 7 1 [0] 1 0 1 2 4 5 1 5 8 (9) 1 6 7 7 9 2 5 1 0 7 1 0 8 5 1 0 1 1 1 0 7 8 1 1 1
3 7 1 0 [1] 0 1 2 4 5 1 5 8 9 1 6 7 7 9 2 5 1 0 (7) 1 0 8 5 1 0 1 1 1 0 7 8 1 1 1 9
2018: 5941429882
509671: 2810862211
