[2, 0, 2, 2] ([3, 0, 2, 1]) -> [2, 1, 2, 2]
  can be raw ops [14, 15]
[3, 0, 3, 3] ([3, 2, 3, 2]) -> [3, 0, 1, 3]
  can be raw ops [14, 15]
[2, 0, 1, 0] ([0, 2, 1, 3]) -> [2, 0, 1, 1]
  can be raw ops [0, 3, 5, 6, 7, 8, 10, 12, 14]
[3, 0, 2, 1] ([0, 3, 1, 0]) -> [1, 0, 2, 1]
  can be raw ops [0, 3, 5, 6, 7, 8, 10, 12, 14]
[1, 1, 2, 3] ([4, 1, 2, 0]) -> [0, 1, 2, 3]
  can be raw ops [4, 5, 10, 11, 12, 13, 14, 15]
[2, 1, 2, 3] ([9, 1, 0, 0]) -> [0, 1, 2, 3]
  can be raw ops [3, 4, 5, 10, 12, 13, 14, 15]
[2, 1, 2, 3] ([12, 1, 3, 3]) -> [2, 1, 2, 0]
  can be raw ops [10, 11, 12, 13, 14, 15]
[2, 2, 1, 3] ([12, 2, 3, 1]) -> [2, 0, 1, 3]
  can be raw ops [10, 11, 12, 13, 14, 15]
[1, 3, 3, 1] ([5, 3, 1, 3]) -> [1, 3, 3, 1]
  can be raw ops [3, 4, 5, 7, 8, 13, 14]
[1, 1, 3, 2] ([15, 3, 3, 3]) -> [1, 1, 3, 0]
  can be raw ops [11, 12, 13, 14]
[2, 1, 1, 3] ([9, 1, 0, 1]) -> [2, 0, 1, 3]
  can be raw ops [3, 4, 5, 10, 12, 13, 14, 15]
[0, 3, 1, 1] ([5, 3, 1, 1]) -> [0, 1, 1, 1]
  can be raw ops [3, 4, 5, 7, 8, 13, 14]
[2, 3, 2, 1] ([3, 0, 2, 2]) -> [2, 3, 1, 1]
  can be raw ops [14, 15]
[0, 2, 2, 1] ([7, 2, 1, 3]) -> [0, 2, 2, 1]
  can be raw ops [11, 13, 15]
[2, 2, 1, 3] ([13, 3, 1, 1]) -> [2, 0, 1, 3]
  can be raw ops [13, 14, 15]
[0, 0, 1, 2] ([0, 2, 1, 2]) -> [0, 0, 1, 2]
  can be raw ops [0, 3, 5, 6, 7, 8, 10, 12, 14]
[0, 1, 2, 1] ([4, 1, 2, 1]) -> [0, 0, 2, 1]
  can be raw ops [4, 5, 10, 11, 12, 13, 14, 15]
[3, 1, 1, 2] ([10, 2, 1, 1]) -> [3, 2, 1, 2]
  can be raw ops [0, 1, 9]
[2, 2, 0, 2] ([11, 0, 3, 3]) -> [2, 2, 0, 1]
  can be raw ops [15]
[1, 1, 2, 0] ([1, 0, 2, 0]) -> [0, 1, 2, 0]
  can be raw ops [4, 5, 9, 10, 11, 12, 13, 14, 15]
[2, 1, 2, 2] ([9, 1, 0, 0]) -> [0, 1, 2, 2]
  can be raw ops [3, 4, 5, 10, 12, 13, 14, 15]
[2, 1, 2, 1] ([9, 1, 0, 2]) -> [2, 1, 0, 1]
  can be raw ops [3, 4, 5, 10, 12, 13, 14, 15]
[2, 1, 2, 2] ([9, 1, 0, 1]) -> [2, 0, 2, 2]
  can be raw ops [3, 4, 5, 10, 12, 13, 14, 15]
[0, 1, 3, 3] ([12, 1, 3, 2]) -> [0, 1, 0, 3]
  can be raw ops [10, 11, 12, 13, 14, 15]
[2, 1, 2, 0] ([4, 1, 2, 0]) -> [0, 1, 2, 0]
  can be raw ops [4, 5, 10, 11, 12, 13, 14, 15]
[0, 1, 3, 3] ([3, 2, 3, 3]) -> [0, 1, 3, 1]
  can be raw ops [14, 15]
[3, 0, 3, 3] ([3, 2, 3, 0]) -> [1, 0, 3, 3]
  can be raw ops [14, 15]
[0, 3, 3, 3] ([13, 3, 3, 1]) -> [0, 1, 3, 3]
  can be raw ops [13, 14, 15]
[0, 3, 2, 1] ([14, 3, 2, 2]) -> [0, 3, 1, 1]
  can be raw ops [8, 10]
[0, 2, 0, 3] ([13, 0, 0, 3]) -> [0, 2, 0, 1]
  can be raw ops [13, 14, 15]
[1, 3, 2, 1] ([5, 3, 1, 1]) -> [1, 1, 2, 1]
  can be raw ops [3, 4, 5, 7, 8, 13, 14]
[2, 2, 1, 1] ([8, 2, 3, 2]) -> [2, 2, 2, 1]
  can be raw ops [0, 9]
[1, 0, 2, 3] ([1, 0, 2, 1]) -> [1, 0, 2, 3]
  can be raw ops [4, 5, 9, 10, 11, 12, 13, 14, 15]
[0, 2, 3, 3] ([3, 2, 3, 3]) -> [0, 2, 3, 1]
  can be raw ops [14, 15]
[1, 2, 1, 2] ([8, 2, 0, 3]) -> [1, 2, 1, 2]
  can be raw ops [0, 9]
[3, 2, 2, 3] ([3, 0, 3, 3]) -> [3, 2, 2, 1]
  can be raw ops [14, 15]
[2, 1, 3, 1] ([9, 1, 0, 1]) -> [2, 0, 3, 1]
  can be raw ops [3, 4, 5, 10, 12, 13, 14, 15]
[2, 0, 2, 1] ([14, 3, 2, 1]) -> [2, 1, 2, 1]
  can be raw ops [8, 10]
[0, 1, 0, 0] ([2, 0, 0, 0]) -> [0, 1, 0, 0]
  can be raw ops [0, 1, 2, 3, 4, 5, 6, 7, 8, 9, 10, 11, 12]
[1, 0, 1, 1] ([15, 2, 3, 0]) -> [0, 0, 1, 1]
  can be raw ops [11, 12, 13, 14]
[2, 0, 1, 1] ([8, 2, 3, 1]) -> [2, 2, 1, 1]
  can be raw ops [0, 9]
[1, 3, 2, 0] ([1, 0, 2, 1]) -> [1, 0, 2, 0]
  can be raw ops [4, 5, 9, 10, 11, 12, 13, 14, 15]
[0, 0, 1, 0] ([0, 2, 1, 3]) -> [0, 0, 1, 1]
  can be raw ops [0, 3, 5, 6, 7, 8, 10, 12, 14]
[1, 3, 2, 0] ([1, 0, 2, 3]) -> [1, 3, 2, 0]
  can be raw ops [4, 5, 9, 10, 11, 12, 13, 14, 15]
[2, 1, 1, 0] ([9, 1, 0, 3]) -> [2, 1, 1, 0]
  can be raw ops [3, 4, 5, 10, 12, 13, 14, 15]
[1, 1, 2, 1] ([1, 0, 2, 0]) -> [0, 1, 2, 1]
  can be raw ops [4, 5, 9, 10, 11, 12, 13, 14, 15]
[3, 1, 1, 1] ([10, 2, 1, 2]) -> [3, 1, 2, 1]
  can be raw ops [0, 1, 9]
[1, 1, 2, 1] ([1, 0, 2, 2]) -> [1, 1, 0, 1]
  can be raw ops [4, 5, 9, 10, 11, 12, 13, 14, 15]
[0, 3, 2, 1] ([14, 3, 2, 3]) -> [0, 3, 2, 1]
  can be raw ops [8, 10]
[1, 3, 2, 1] ([14, 3, 2, 0]) -> [1, 3, 2, 1]
  can be raw ops [8, 10]
[2, 0, 2, 2] ([13, 2, 2, 3]) -> [2, 0, 2, 1]
  can be raw ops [13, 14, 15]
[2, 3, 3, 2] ([11, 0, 3, 0]) -> [1, 3, 3, 2]
  can be raw ops [15]
[2, 2, 2, 3] ([3, 0, 2, 0]) -> [1, 2, 2, 3]
  can be raw ops [14, 15]
[2, 2, 2, 2] ([11, 0, 3, 1]) -> [2, 1, 2, 2]
  can be raw ops [15]
[1, 1, 2, 0] ([4, 1, 2, 3]) -> [1, 1, 2, 0]
  can be raw ops [4, 5, 10, 11, 12, 13, 14, 15]
[1, 2, 2, 0] ([1, 0, 2, 0]) -> [0, 2, 2, 0]
  can be raw ops [4, 5, 9, 10, 11, 12, 13, 14, 15]
[0, 1, 0, 0] ([0, 1, 0, 0]) -> [1, 1, 0, 0]
  can be raw ops [0, 1, 6, 7, 8, 9, 10, 11, 12]
[0, 2, 0, 2] ([15, 3, 3, 2]) -> [0, 2, 0, 2]
  can be raw ops [11, 12, 13, 14]
[2, 1, 2, 3] ([7, 2, 0, 0]) -> [1, 1, 2, 3]
  can be raw ops [11, 13, 15]
[0, 0, 0, 3] ([2, 0, 0, 0]) -> [0, 0, 0, 3]
  can be raw ops [0, 1, 2, 3, 4, 5, 6, 7, 8, 9, 10, 11, 12]
[1, 3, 1, 1] ([8, 2, 0, 1]) -> [1, 2, 1, 1]
  can be raw ops [0, 9]
[2, 1, 1, 1] ([8, 2, 3, 2]) -> [2, 1, 2, 1]
  can be raw ops [0, 9]
[3, 1, 3, 3] ([3, 0, 3, 0]) -> [1, 1, 3, 3]
  can be raw ops [14, 15]
[2, 0, 1, 2] ([11, 0, 3, 3]) -> [2, 0, 1, 1]
  can be raw ops [15]
[1, 0, 0, 0] ([0, 0, 1, 0]) -> [1, 0, 0, 0]
  can be raw ops [0, 3, 5, 6, 7, 8, 12, 13, 14]
[0, 3, 2, 1] ([5, 3, 1, 1]) -> [0, 1, 2, 1]
  can be raw ops [3, 4, 5, 7, 8, 13, 14]
[0, 1, 2, 1] ([14, 3, 2, 0]) -> [1, 1, 2, 1]
  can be raw ops [8, 10]
[1, 2, 1, 1] ([8, 2, 0, 2]) -> [1, 2, 2, 1]
  can be raw ops [0, 9]
[0, 3, 1, 3] ([12, 2, 3, 1]) -> [0, 0, 1, 3]
  can be raw ops [10, 11, 12, 13, 14, 15]
[2, 1, 1, 0] ([10, 2, 1, 2]) -> [2, 1, 2, 0]
  can be raw ops [0, 1, 9]
[1, 3, 1, 0] ([8, 2, 0, 3]) -> [1, 3, 1, 2]
  can be raw ops [0, 9]
[1, 3, 1, 2] ([15, 3, 3, 0]) -> [0, 3, 1, 2]
  can be raw ops [11, 12, 13, 14]
[0, 0, 1, 3] ([2, 0, 0, 1]) -> [0, 0, 1, 3]
  can be raw ops [0, 1, 2, 3, 4, 5, 6, 7, 8, 9, 10, 11, 12]
[2, 1, 0, 2] ([15, 3, 3, 3]) -> [2, 1, 0, 0]
  can be raw ops [11, 12, 13, 14]
[2, 1, 0, 0] ([9, 1, 0, 1]) -> [2, 0, 0, 0]
  can be raw ops [3, 4, 5, 10, 12, 13, 14, 15]
[1, 0, 3, 0] ([0, 0, 1, 0]) -> [1, 0, 3, 0]
  can be raw ops [0, 3, 5, 6, 7, 8, 12, 13, 14]
[3, 0, 3, 1] ([15, 3, 3, 0]) -> [0, 0, 3, 1]
  can be raw ops [11, 12, 13, 14]
[3, 1, 0, 3] ([7, 3, 0, 0]) -> [1, 1, 0, 3]
  can be raw ops [11, 13, 15]
[2, 3, 2, 1] ([7, 2, 0, 0]) -> [1, 3, 2, 1]
  can be raw ops [11, 13, 15]
[2, 2, 2, 2] ([11, 0, 3, 3]) -> [2, 2, 2, 1]
  can be raw ops [15]
[0, 0, 2, 2] ([2, 0, 0, 0]) -> [0, 0, 2, 2]
  can be raw ops [0, 1, 2, 3, 4, 5, 6, 7, 8, 9, 10, 11, 12]
[2, 3, 2, 2] ([11, 0, 3, 1]) -> [2, 1, 2, 2]
  can be raw ops [15]
[0, 1, 3, 2] ([6, 1, 2, 0]) -> [0, 1, 3, 2]
  can be raw ops [5, 10, 11, 12, 13, 14, 15]
[2, 1, 1, 1] ([9, 1, 0, 2]) -> [2, 1, 0, 1]
  can be raw ops [3, 4, 5, 10, 12, 13, 14, 15]
[2, 1, 1, 2] ([10, 2, 1, 1]) -> [2, 2, 1, 2]
  can be raw ops [0, 1, 9]
[1, 1, 1, 1] ([10, 2, 1, 0]) -> [2, 1, 1, 1]
  can be raw ops [0, 1, 9]
[1, 0, 2, 0] ([1, 0, 2, 0]) -> [0, 0, 2, 0]
  can be raw ops [4, 5, 9, 10, 11, 12, 13, 14, 15]
[2, 1, 1, 2] ([11, 0, 3, 0]) -> [1, 1, 1, 2]
  can be raw ops [15]
[2, 0, 1, 3] ([12, 2, 3, 0]) -> [0, 0, 1, 3]
  can be raw ops [10, 11, 12, 13, 14, 15]
[1, 1, 2, 3] ([4, 1, 2, 2]) -> [1, 1, 0, 3]
  can be raw ops [4, 5, 10, 11, 12, 13, 14, 15]
[3, 2, 0, 3] ([12, 1, 3, 0]) -> [0, 2, 0, 3]
  can be raw ops [10, 11, 12, 13, 14, 15]
[2, 0, 1, 3] ([13, 3, 3, 2]) -> [2, 0, 1, 3]
  can be raw ops [13, 14, 15]
[1, 3, 2, 3] ([12, 2, 3, 3]) -> [1, 3, 2, 0]
  can be raw ops [10, 11, 12, 13, 14, 15]
[2, 1, 3, 3] ([9, 1, 0, 1]) -> [2, 0, 3, 3]
  can be raw ops [3, 4, 5, 10, 12, 13, 14, 15]
[0, 3, 1, 1] ([8, 2, 3, 2]) -> [0, 3, 2, 1]
  can be raw ops [0, 9]
[2, 3, 1, 1] ([5, 3, 1, 3]) -> [2, 3, 1, 1]
  can be raw ops [3, 4, 5, 7, 8, 13, 14]
[2, 1, 3, 3] ([6, 1, 2, 2]) -> [2, 1, 0, 3]
  can be raw ops [5, 10, 11, 12, 13, 14, 15]
[2, 1, 3, 1] ([9, 1, 0, 3]) -> [2, 1, 3, 0]
  can be raw ops [3, 4, 5, 10, 12, 13, 14, 15]
[2, 0, 1, 2] ([0, 2, 1, 3]) -> [2, 0, 1, 1]
  can be raw ops [0, 3, 5, 6, 7, 8, 10, 12, 14]
[2, 3, 0, 1] ([15, 3, 3, 0]) -> [0, 3, 0, 1]
  can be raw ops [11, 12, 13, 14]
[2, 1, 2, 3] ([9, 1, 0, 1]) -> [2, 0, 2, 3]
  can be raw ops [3, 4, 5, 10, 12, 13, 14, 15]
[2, 1, 0, 0] ([9, 1, 0, 3]) -> [2, 1, 0, 0]
  can be raw ops [3, 4, 5, 10, 12, 13, 14, 15]
[1, 3, 2, 1] ([1, 0, 2, 0]) -> [0, 3, 2, 1]
  can be raw ops [4, 5, 9, 10, 11, 12, 13, 14, 15]
[1, 1, 1, 2] ([8, 2, 0, 0]) -> [2, 1, 1, 2]
  can be raw ops [0, 9]
[2, 1, 1, 2] ([11, 0, 3, 1]) -> [2, 1, 1, 2]
  can be raw ops [15]
[0, 1, 2, 0] ([4, 1, 2, 0]) -> [0, 1, 2, 0]
  can be raw ops [4, 5, 10, 11, 12, 13, 14, 15]
[1, 1, 2, 1] ([14, 3, 2, 1]) -> [1, 1, 2, 1]
  can be raw ops [8, 10]
[0, 1, 1, 2] ([10, 2, 1, 1]) -> [0, 2, 1, 2]
  can be raw ops [0, 1, 9]
[1, 1, 0, 3] ([12, 1, 3, 1]) -> [1, 0, 0, 3]
  can be raw ops [10, 11, 12, 13, 14, 15]
[3, 3, 2, 1] ([5, 3, 1, 1]) -> [3, 1, 2, 1]
  can be raw ops [3, 4, 5, 7, 8, 13, 14]
[2, 2, 3, 3] ([13, 3, 3, 3]) -> [2, 2, 3, 1]
  can be raw ops [13, 14, 15]
[1, 3, 1, 1] ([8, 2, 3, 2]) -> [1, 3, 2, 1]
  can be raw ops [0, 9]
[2, 2, 2, 1] ([14, 3, 2, 0]) -> [1, 2, 2, 1]
  can be raw ops [8, 10]
[0, 1, 3, 2] ([6, 1, 2, 1]) -> [0, 0, 3, 2]
  can be raw ops [5, 10, 11, 12, 13, 14, 15]
[3, 2, 2, 1] ([14, 3, 2, 0]) -> [1, 2, 2, 1]
  can be raw ops [8, 10]
[1, 2, 3, 3] ([3, 2, 3, 3]) -> [1, 2, 3, 1]
  can be raw ops [14, 15]
[0, 2, 2, 1] ([2, 0, 0, 1]) -> [0, 0, 2, 1]
  can be raw ops [0, 1, 2, 3, 4, 5, 6, 7, 8, 9, 10, 11, 12]
[0, 1, 2, 1] ([14, 3, 2, 1]) -> [0, 1, 2, 1]
  can be raw ops [8, 10]
[2, 3, 0, 2] ([11, 0, 3, 1]) -> [2, 1, 0, 2]
  can be raw ops [15]
[3, 1, 3, 1] ([6, 1, 2, 1]) -> [3, 0, 3, 1]
  can be raw ops [5, 10, 11, 12, 13, 14, 15]
[3, 1, 1, 3] ([10, 2, 1, 3]) -> [3, 1, 1, 2]
  can be raw ops [0, 1, 9]
[3, 0, 2, 1] ([14, 3, 2, 0]) -> [1, 0, 2, 1]
  can be raw ops [8, 10]
[0, 0, 1, 1] ([0, 3, 1, 1]) -> [0, 1, 1, 1]
  can be raw ops [0, 3, 5, 6, 7, 8, 10, 12, 14]
[1, 2, 1, 3] ([8, 2, 0, 0]) -> [2, 2, 1, 3]
  can be raw ops [0, 9]
[0, 1, 2, 0] ([0, 1, 0, 2]) -> [0, 1, 1, 0]
  can be raw ops [0, 1, 6, 7, 8, 9, 10, 11, 12]
[3, 1, 2, 3] ([4, 1, 2, 1]) -> [3, 0, 2, 3]
  can be raw ops [4, 5, 10, 11, 12, 13, 14, 15]
[0, 3, 2, 1] ([14, 3, 2, 0]) -> [1, 3, 2, 1]
  can be raw ops [8, 10]
[3, 2, 1, 3] ([13, 3, 3, 3]) -> [3, 2, 1, 1]
  can be raw ops [13, 14, 15]
[1, 1, 3, 1] ([6, 1, 2, 1]) -> [1, 0, 3, 1]
  can be raw ops [5, 10, 11, 12, 13, 14, 15]
[2, 0, 1, 2] ([11, 0, 3, 0]) -> [1, 0, 1, 2]
  can be raw ops [15]
[1, 2, 2, 1] ([14, 3, 2, 2]) -> [1, 2, 1, 1]
  can be raw ops [8, 10]
[1, 3, 2, 1] ([1, 0, 2, 2]) -> [1, 3, 0, 1]
  can be raw ops [4, 5, 9, 10, 11, 12, 13, 14, 15]
[2, 0, 2, 2] ([7, 2, 0, 1]) -> [2, 1, 2, 2]
  can be raw ops [11, 13, 15]
[1, 1, 3, 0] ([6, 1, 2, 2]) -> [1, 1, 0, 0]
  can be raw ops [5, 10, 11, 12, 13, 14, 15]
[1, 2, 1, 0] ([8, 2, 0, 3]) -> [1, 2, 1, 2]
  can be raw ops [0, 9]
[2, 1, 1, 3] ([9, 1, 0, 3]) -> [2, 1, 1, 0]
  can be raw ops [3, 4, 5, 10, 12, 13, 14, 15]
[1, 1, 1, 0] ([10, 2, 1, 1]) -> [1, 2, 1, 0]
  can be raw ops [0, 1, 9]
[2, 1, 0, 2] ([9, 1, 0, 1]) -> [2, 0, 0, 2]
  can be raw ops [3, 4, 5, 10, 12, 13, 14, 15]
[3, 3, 0, 1] ([5, 3, 1, 0]) -> [1, 3, 0, 1]
  can be raw ops [3, 4, 5, 7, 8, 13, 14]
[0, 0, 1, 2] ([0, 2, 1, 3]) -> [0, 0, 1, 1]
  can be raw ops [0, 3, 5, 6, 7, 8, 10, 12, 14]
[1, 1, 1, 1] ([8, 2, 3, 1]) -> [1, 2, 1, 1]
  can be raw ops [0, 9]
[0, 0, 3, 3] ([2, 0, 0, 3]) -> [0, 0, 3, 0]
  can be raw ops [0, 1, 2, 3, 4, 5, 6, 7, 8, 9, 10, 11, 12]
[2, 2, 2, 2] ([3, 0, 2, 2]) -> [2, 2, 1, 2]
  can be raw ops [14, 15]
[0, 1, 3, 1] ([6, 1, 2, 3]) -> [0, 1, 3, 0]
  can be raw ops [5, 10, 11, 12, 13, 14, 15]
[3, 3, 2, 1] ([5, 3, 1, 3]) -> [3, 3, 2, 1]
  can be raw ops [3, 4, 5, 7, 8, 13, 14]
[0, 3, 2, 3] ([13, 0, 0, 0]) -> [1, 3, 2, 3]
  can be raw ops [13, 14, 15]
[0, 3, 1, 1] ([5, 3, 1, 3]) -> [0, 3, 1, 1]
  can be raw ops [3, 4, 5, 7, 8, 13, 14]
[2, 1, 2, 1] ([4, 1, 2, 2]) -> [2, 1, 0, 1]
  can be raw ops [4, 5, 10, 11, 12, 13, 14, 15]
[0, 1, 3, 3] ([6, 1, 2, 1]) -> [0, 0, 3, 3]
  can be raw ops [5, 10, 11, 12, 13, 14, 15]
[0, 1, 3, 3] ([7, 3, 2, 3]) -> [0, 1, 3, 1]
  can be raw ops [11, 13, 15]
[0, 3, 0, 1] ([5, 3, 1, 1]) -> [0, 1, 0, 1]
  can be raw ops [3, 4, 5, 7, 8, 13, 14]
[1, 3, 2, 3] ([1, 0, 2, 0]) -> [0, 3, 2, 3]
  can be raw ops [4, 5, 9, 10, 11, 12, 13, 14, 15]
[1, 2, 2, 3] ([12, 1, 3, 1]) -> [1, 0, 2, 3]
  can be raw ops [10, 11, 12, 13, 14, 15]
[3, 1, 2, 2] ([4, 1, 2, 3]) -> [3, 1, 2, 0]
  can be raw ops [4, 5, 10, 11, 12, 13, 14, 15]
[0, 3, 2, 3] ([13, 0, 0, 3]) -> [0, 3, 2, 1]
  can be raw ops [13, 14, 15]
[0, 3, 2, 2] ([13, 2, 2, 0]) -> [1, 3, 2, 2]
  can be raw ops [13, 14, 15]
[1, 1, 2, 3] ([1, 0, 2, 1]) -> [1, 0, 2, 3]
  can be raw ops [4, 5, 9, 10, 11, 12, 13, 14, 15]
[0, 2, 1, 2] ([15, 3, 3, 0]) -> [0, 2, 1, 2]
  can be raw ops [11, 12, 13, 14]
[0, 1, 3, 3] ([13, 0, 0, 1]) -> [0, 1, 3, 3]
  can be raw ops [13, 14, 15]
[0, 2, 2, 1] ([2, 0, 0, 2]) -> [0, 2, 0, 1]
  can be raw ops [0, 1, 2, 3, 4, 5, 6, 7, 8, 9, 10, 11, 12]
[0, 1, 3, 2] ([2, 0, 0, 1]) -> [0, 0, 3, 2]
  can be raw ops [0, 1, 2, 3, 4, 5, 6, 7, 8, 9, 10, 11, 12]
[1, 3, 2, 1] ([1, 0, 2, 3]) -> [1, 3, 2, 0]
  can be raw ops [4, 5, 9, 10, 11, 12, 13, 14, 15]
[2, 2, 2, 3] ([12, 2, 3, 1]) -> [2, 0, 2, 3]
  can be raw ops [10, 11, 12, 13, 14, 15]
[2, 1, 3, 3] ([7, 3, 2, 1]) -> [2, 1, 3, 3]
  can be raw ops [11, 13, 15]
[1, 1, 3, 2] ([6, 1, 2, 1]) -> [1, 0, 3, 2]
  can be raw ops [5, 10, 11, 12, 13, 14, 15]
[3, 1, 3, 0] ([6, 1, 2, 1]) -> [3, 0, 3, 0]
  can be raw ops [5, 10, 11, 12, 13, 14, 15]
[0, 3, 0, 3] ([2, 0, 0, 1]) -> [0, 0, 0, 3]
  can be raw ops [0, 1, 2, 3, 4, 5, 6, 7, 8, 9, 10, 11, 12]
[1, 0, 1, 3] ([0, 0, 1, 2]) -> [1, 0, 1, 3]
  can be raw ops [0, 3, 5, 6, 7, 8, 12, 13, 14]
[0, 1, 3, 0] ([6, 1, 2, 3]) -> [0, 1, 3, 0]
  can be raw ops [5, 10, 11, 12, 13, 14, 15]
[0, 3, 3, 1] ([5, 3, 1, 3]) -> [0, 3, 3, 1]
  can be raw ops [3, 4, 5, 7, 8, 13, 14]
[0, 0, 2, 1] ([0, 3, 1, 0]) -> [1, 0, 2, 1]
  can be raw ops [0, 3, 5, 6, 7, 8, 10, 12, 14]
[1, 1, 1, 0] ([10, 2, 1, 0]) -> [2, 1, 1, 0]
  can be raw ops [0, 1, 9]
[1, 3, 2, 0] ([1, 0, 2, 0]) -> [0, 3, 2, 0]
  can be raw ops [4, 5, 9, 10, 11, 12, 13, 14, 15]
[2, 1, 0, 3] ([12, 1, 3, 0]) -> [0, 1, 0, 3]
  can be raw ops [10, 11, 12, 13, 14, 15]
[2, 0, 0, 2] ([11, 0, 3, 2]) -> [2, 0, 1, 2]
  can be raw ops [15]
[0, 1, 1, 1] ([15, 3, 3, 1]) -> [0, 0, 1, 1]
  can be raw ops [11, 12, 13, 14]
[1, 1, 2, 0] ([4, 1, 2, 2]) -> [1, 1, 0, 0]
  can be raw ops [4, 5, 10, 11, 12, 13, 14, 15]
[0, 3, 0, 1] ([2, 0, 0, 1]) -> [0, 0, 0, 1]
  can be raw ops [0, 1, 2, 3, 4, 5, 6, 7, 8, 9, 10, 11, 12]
[3, 1, 3, 1] ([6, 1, 2, 0]) -> [0, 1, 3, 1]
  can be raw ops [5, 10, 11, 12, 13, 14, 15]
[0, 2, 2, 2] ([2, 0, 0, 1]) -> [0, 0, 2, 2]
  can be raw ops [0, 1, 2, 3, 4, 5, 6, 7, 8, 9, 10, 11, 12]
[3, 0, 1, 3] ([0, 2, 1, 3]) -> [3, 0, 1, 1]
  can be raw ops [0, 3, 5, 6, 7, 8, 10, 12, 14]
[3, 2, 2, 0] ([7, 2, 1, 2]) -> [3, 2, 1, 0]
  can be raw ops [11, 13, 15]
[2, 1, 1, 3] ([13, 3, 2, 2]) -> [2, 1, 0, 3]
  can be raw ops [13, 14, 15]
[3, 1, 1, 1] ([10, 2, 1, 1]) -> [3, 2, 1, 1]
  can be raw ops [0, 1, 9]
[2, 2, 2, 0] ([3, 0, 2, 2]) -> [2, 2, 1, 0]
  can be raw ops [14, 15]
[1, 3, 1, 0] ([8, 2, 0, 1]) -> [1, 2, 1, 0]
  can be raw ops [0, 9]
[0, 1, 2, 2] ([4, 1, 2, 0]) -> [0, 1, 2, 2]
  can be raw ops [4, 5, 10, 11, 12, 13, 14, 15]
[1, 2, 1, 2] ([8, 2, 0, 1]) -> [1, 2, 1, 2]
  can be raw ops [0, 9]
[2, 0, 3, 2] ([11, 0, 3, 1]) -> [2, 1, 3, 2]
  can be raw ops [15]
[1, 2, 3, 1] ([15, 3, 3, 1]) -> [1, 0, 3, 1]
  can be raw ops [11, 12, 13, 14]
[2, 1, 2, 0] ([4, 1, 2, 1]) -> [2, 0, 2, 0]
  can be raw ops [4, 5, 10, 11, 12, 13, 14, 15]
[3, 1, 3, 3] ([7, 3, 2, 0]) -> [1, 1, 3, 3]
  can be raw ops [11, 13, 15]
[3, 0, 2, 3] ([12, 2, 3, 0]) -> [0, 0, 2, 3]
  can be raw ops [10, 11, 12, 13, 14, 15]
[3, 1, 2, 0] ([4, 1, 2, 2]) -> [3, 1, 0, 0]
  can be raw ops [4, 5, 10, 11, 12, 13, 14, 15]
[3, 3, 2, 1] ([14, 3, 2, 3]) -> [3, 3, 2, 1]
  can be raw ops [8, 10]
[1, 1, 2, 1] ([1, 0, 2, 1]) -> [1, 0, 2, 1]
  can be raw ops [4, 5, 9, 10, 11, 12, 13, 14, 15]
[3, 3, 1, 1] ([8, 2, 3, 1]) -> [3, 2, 1, 1]
  can be raw ops [0, 9]
[2, 3, 2, 2] ([11, 0, 3, 2]) -> [2, 3, 1, 2]
  can be raw ops [15]
[0, 1, 3, 0] ([6, 1, 2, 1]) -> [0, 0, 3, 0]
  can be raw ops [5, 10, 11, 12, 13, 14, 15]
[1, 2, 2, 2] ([1, 0, 2, 1]) -> [1, 0, 2, 2]
  can be raw ops [4, 5, 9, 10, 11, 12, 13, 14, 15]
[0, 2, 2, 1] ([14, 3, 2, 3]) -> [0, 2, 2, 1]
  can be raw ops [8, 10]
[1, 3, 3, 1] ([7, 2, 3, 2]) -> [1, 3, 0, 1]
  can be raw ops [11, 13, 15]
[3, 1, 3, 3] ([3, 2, 3, 3]) -> [3, 1, 3, 1]
  can be raw ops [14, 15]
[0, 0, 2, 2] ([2, 0, 0, 1]) -> [0, 0, 2, 2]
  can be raw ops [0, 1, 2, 3, 4, 5, 6, 7, 8, 9, 10, 11, 12]
[3, 2, 1, 3] ([3, 0, 3, 1]) -> [3, 1, 1, 3]
  can be raw ops [14, 15]
[1, 3, 1, 1] ([8, 2, 3, 1]) -> [1, 2, 1, 1]
  can be raw ops [0, 9]
[1, 0, 1, 1] ([8, 2, 3, 0]) -> [2, 0, 1, 1]
  can be raw ops [0, 9]
[0, 3, 0, 0] ([2, 0, 0, 2]) -> [0, 3, 0, 0]
  can be raw ops [0, 1, 2, 3, 4, 5, 6, 7, 8, 9, 10, 11, 12]
[2, 1, 2, 2] ([9, 1, 0, 3]) -> [2, 1, 2, 0]
  can be raw ops [3, 4, 5, 10, 12, 13, 14, 15]
[2, 1, 3, 0] ([6, 1, 2, 3]) -> [2, 1, 3, 0]
  can be raw ops [5, 10, 11, 12, 13, 14, 15]
[3, 1, 3, 1] ([15, 3, 3, 1]) -> [3, 0, 3, 1]
  can be raw ops [11, 12, 13, 14]
[2, 1, 1, 1] ([8, 2, 3, 0]) -> [2, 1, 1, 1]
  can be raw ops [0, 9]
[1, 3, 1, 0] ([8, 2, 0, 0]) -> [2, 3, 1, 0]
  can be raw ops [0, 9]
[3, 3, 2, 1] ([14, 3, 2, 0]) -> [1, 3, 2, 1]
  can be raw ops [8, 10]
[2, 1, 1, 3] ([9, 1, 0, 2]) -> [2, 1, 0, 3]
  can be raw ops [3, 4, 5, 10, 12, 13, 14, 15]
[3, 1, 0, 3] ([7, 3, 0, 1]) -> [3, 1, 0, 3]
  can be raw ops [11, 13, 15]
[0, 0, 2, 1] ([14, 3, 2, 2]) -> [0, 0, 1, 1]
  can be raw ops [8, 10]
[0, 1, 2, 3] ([0, 1, 0, 1]) -> [0, 1, 2, 3]
  can be raw ops [0, 1, 6, 7, 8, 9, 10, 11, 12]
[3, 3, 2, 3] ([12, 2, 3, 1]) -> [3, 0, 2, 3]
  can be raw ops [10, 11, 12, 13, 14, 15]
[0, 0, 3, 2] ([2, 0, 0, 1]) -> [0, 0, 3, 2]
  can be raw ops [0, 1, 2, 3, 4, 5, 6, 7, 8, 9, 10, 11, 12]
[1, 1, 1, 3] ([10, 2, 1, 0]) -> [2, 1, 1, 3]
  can be raw ops [0, 1, 9]
[1, 2, 2, 2] ([1, 0, 2, 2]) -> [1, 2, 0, 2]
  can be raw ops [4, 5, 9, 10, 11, 12, 13, 14, 15]
[0, 3, 3, 3] ([2, 0, 0, 0]) -> [0, 3, 3, 3]
  can be raw ops [0, 1, 2, 3, 4, 5, 6, 7, 8, 9, 10, 11, 12]
[2, 2, 2, 2] ([11, 0, 3, 2]) -> [2, 2, 1, 2]
  can be raw ops [15]
[3, 3, 2, 1] ([14, 3, 2, 1]) -> [3, 1, 2, 1]
  can be raw ops [8, 10]
[1, 1, 2, 0] ([4, 1, 2, 1]) -> [1, 0, 2, 0]
  can be raw ops [4, 5, 10, 11, 12, 13, 14, 15]
[3, 3, 0, 3] ([3, 0, 3, 2]) -> [3, 3, 1, 3]
  can be raw ops [14, 15]
[2, 3, 0, 1] ([5, 3, 1, 0]) -> [1, 3, 0, 1]
  can be raw ops [3, 4, 5, 7, 8, 13, 14]
[3, 3, 3, 3] ([3, 2, 3, 1]) -> [3, 1, 3, 3]
  can be raw ops [14, 15]
[2, 1, 2, 0] ([4, 1, 2, 3]) -> [2, 1, 2, 0]
  can be raw ops [4, 5, 10, 11, 12, 13, 14, 15]
[1, 2, 3, 3] ([13, 3, 3, 2]) -> [1, 2, 1, 3]
  can be raw ops [13, 14, 15]
[3, 0, 1, 1] ([0, 2, 1, 0]) -> [1, 0, 1, 1]
  can be raw ops [0, 3, 5, 6, 7, 8, 10, 12, 14]
[3, 0, 0, 2] ([15, 3, 3, 3]) -> [3, 0, 0, 0]
  can be raw ops [11, 12, 13, 14]
[2, 0, 3, 2] ([11, 0, 3, 3]) -> [2, 0, 3, 1]
  can be raw ops [15]
[1, 0, 3, 0] ([0, 0, 1, 2]) -> [1, 0, 1, 0]
  can be raw ops [0, 3, 5, 6, 7, 8, 12, 13, 14]
[2, 1, 3, 1] ([6, 1, 2, 0]) -> [0, 1, 3, 1]
  can be raw ops [5, 10, 11, 12, 13, 14, 15]
[3, 0, 0, 1] ([15, 3, 3, 0]) -> [0, 0, 0, 1]
  can be raw ops [11, 12, 13, 14]
[0, 1, 1, 2] ([2, 0, 0, 0]) -> [0, 1, 1, 2]
  can be raw ops [0, 1, 2, 3, 4, 5, 6, 7, 8, 9, 10, 11, 12]
[0, 1, 2, 3] ([4, 1, 2, 0]) -> [0, 1, 2, 3]
  can be raw ops [4, 5, 10, 11, 12, 13, 14, 15]
[2, 1, 0, 3] ([12, 1, 3, 3]) -> [2, 1, 0, 0]
  can be raw ops [10, 11, 12, 13, 14, 15]
[0, 3, 3, 1] ([5, 3, 1, 1]) -> [0, 1, 3, 1]
  can be raw ops [3, 4, 5, 7, 8, 13, 14]
[0, 0, 0, 1] ([2, 0, 0, 2]) -> [0, 0, 0, 1]
  can be raw ops [0, 1, 2, 3, 4, 5, 6, 7, 8, 9, 10, 11, 12]
[0, 0, 3, 3] ([2, 0, 0, 0]) -> [0, 0, 3, 3]
  can be raw ops [0, 1, 2, 3, 4, 5, 6, 7, 8, 9, 10, 11, 12]
[1, 1, 2, 2] ([4, 1, 2, 0]) -> [0, 1, 2, 2]
  can be raw ops [4, 5, 10, 11, 12, 13, 14, 15]
[2, 2, 2, 1] ([14, 3, 2, 2]) -> [2, 2, 1, 1]
  can be raw ops [8, 10]
[1, 2, 2, 0] ([7, 2, 1, 0]) -> [1, 2, 2, 0]
  can be raw ops [11, 13, 15]
[2, 1, 1, 3] ([13, 3, 2, 3]) -> [2, 1, 1, 0]
  can be raw ops [13, 14, 15]
[3, 1, 3, 1] ([6, 1, 2, 2]) -> [3, 1, 0, 1]
  can be raw ops [5, 10, 11, 12, 13, 14, 15]
[3, 0, 1, 3] ([0, 2, 1, 2]) -> [3, 0, 1, 3]
  can be raw ops [0, 3, 5, 6, 7, 8, 10, 12, 14]
[0, 3, 0, 1] ([5, 3, 1, 0]) -> [1, 3, 0, 1]
  can be raw ops [3, 4, 5, 7, 8, 13, 14]
[1, 1, 1, 1] ([10, 2, 1, 1]) -> [1, 2, 1, 1]
  can be raw ops [0, 1, 9]
[0, 2, 2, 3] ([7, 2, 1, 0]) -> [1, 2, 2, 3]
  can be raw ops [11, 13, 15]
[1, 3, 2, 3] ([1, 0, 2, 2]) -> [1, 3, 0, 3]
  can be raw ops [4, 5, 9, 10, 11, 12, 13, 14, 15]
[3, 1, 1, 0] ([10, 2, 1, 3]) -> [3, 1, 1, 2]
  can be raw ops [0, 1, 9]
[3, 1, 3, 3] ([12, 1, 3, 0]) -> [0, 1, 3, 3]
  can be raw ops [10, 11, 12, 13, 14, 15]
[3, 0, 2, 3] ([7, 3, 0, 0]) -> [1, 0, 2, 3]
  can be raw ops [11, 13, 15]
[2, 1, 2, 3] ([4, 1, 2, 1]) -> [2, 0, 2, 3]
  can be raw ops [4, 5, 10, 11, 12, 13, 14, 15]
[3, 0, 3, 3] ([7, 3, 2, 0]) -> [1, 0, 3, 3]
  can be raw ops [11, 13, 15]
[1, 0, 1, 1] ([8, 2, 0, 1]) -> [1, 2, 1, 1]
  can be raw ops [0, 9]
[1, 1, 1, 0] ([8, 2, 0, 1]) -> [1, 2, 1, 0]
  can be raw ops [0, 9]
[1, 0, 2, 3] ([1, 0, 2, 2]) -> [1, 0, 0, 3]
  can be raw ops [4, 5, 9, 10, 11, 12, 13, 14, 15]
[0, 3, 1, 1] ([5, 3, 1, 0]) -> [1, 3, 1, 1]
  can be raw ops [3, 4, 5, 7, 8, 13, 14]
[0, 1, 2, 3] ([4, 1, 2, 3]) -> [0, 1, 2, 0]
  can be raw ops [4, 5, 10, 11, 12, 13, 14, 15]
[2, 0, 2, 2] ([11, 0, 3, 0]) -> [1, 0, 2, 2]
  can be raw ops [15]
[0, 1, 3, 3] ([6, 1, 2, 2]) -> [0, 1, 0, 3]
  can be raw ops [5, 10, 11, 12, 13, 14, 15]
[2, 1, 1, 1] ([10, 2, 1, 1]) -> [2, 2, 1, 1]
  can be raw ops [0, 1, 9]
[3, 3, 0, 1] ([15, 3, 3, 2]) -> [3, 3, 0, 1]
  can be raw ops [11, 12, 13, 14]
[1, 0, 2, 3] ([13, 3, 2, 3]) -> [1, 0, 2, 0]
  can be raw ops [13, 14, 15]
[3, 2, 2, 1] ([14, 3, 2, 3]) -> [3, 2, 2, 1]
  can be raw ops [8, 10]
[1, 3, 1, 1] ([15, 3, 3, 2]) -> [1, 3, 0, 1]
  can be raw ops [11, 12, 13, 14]
[1, 3, 1, 1] ([5, 3, 1, 3]) -> [1, 3, 1, 1]
  can be raw ops [3, 4, 5, 7, 8, 13, 14]
[2, 3, 2, 1] ([14, 3, 2, 3]) -> [2, 3, 2, 1]
  can be raw ops [8, 10]
[3, 2, 1, 1] ([15, 3, 3, 3]) -> [3, 2, 1, 0]
  can be raw ops [11, 12, 13, 14]
[1, 0, 1, 1] ([0, 3, 1, 0]) -> [1, 0, 1, 1]
  can be raw ops [0, 3, 5, 6, 7, 8, 10, 12, 14]
[2, 1, 2, 3] ([4, 1, 2, 3]) -> [2, 1, 2, 0]
  can be raw ops [4, 5, 10, 11, 12, 13, 14, 15]
[2, 3, 1, 3] ([12, 2, 3, 1]) -> [2, 0, 1, 3]
  can be raw ops [10, 11, 12, 13, 14, 15]
[1, 0, 2, 3] ([12, 2, 3, 1]) -> [1, 0, 2, 3]
  can be raw ops [10, 11, 12, 13, 14, 15]
[3, 2, 1, 3] ([12, 1, 3, 0]) -> [0, 2, 1, 3]
  can be raw ops [10, 11, 12, 13, 14, 15]
[1, 0, 2, 0] ([0, 0, 1, 1]) -> [1, 1, 2, 0]
  can be raw ops [0, 3, 5, 6, 7, 8, 12, 13, 14]
[3, 0, 2, 3] ([3, 0, 3, 1]) -> [3, 1, 2, 3]
  can be raw ops [14, 15]
[2, 0, 2, 1] ([14, 3, 2, 3]) -> [2, 0, 2, 1]
  can be raw ops [8, 10]
[2, 1, 1, 1] ([15, 3, 3, 0]) -> [0, 1, 1, 1]
  can be raw ops [11, 12, 13, 14]
[3, 1, 2, 2] ([4, 1, 2, 2]) -> [3, 1, 0, 2]
  can be raw ops [4, 5, 10, 11, 12, 13, 14, 15]
[3, 3, 2, 3] ([12, 2, 3, 0]) -> [0, 3, 2, 3]
  can be raw ops [10, 11, 12, 13, 14, 15]
[1, 2, 2, 3] ([7, 2, 1, 0]) -> [1, 2, 2, 3]
  can be raw ops [11, 13, 15]
[3, 3, 0, 1] ([15, 3, 3, 1]) -> [3, 0, 0, 1]
  can be raw ops [11, 12, 13, 14]
[3, 1, 3, 3] ([6, 1, 2, 2]) -> [3, 1, 0, 3]
  can be raw ops [5, 10, 11, 12, 13, 14, 15]
[0, 1, 1, 2] ([2, 0, 0, 2]) -> [0, 1, 0, 2]
  can be raw ops [0, 1, 2, 3, 4, 5, 6, 7, 8, 9, 10, 11, 12]
[1, 1, 1, 2] ([10, 2, 1, 2]) -> [1, 1, 2, 2]
  can be raw ops [0, 1, 9]
[1, 0, 2, 2] ([1, 0, 2, 0]) -> [0, 0, 2, 2]
  can be raw ops [4, 5, 9, 10, 11, 12, 13, 14, 15]
[0, 3, 2, 0] ([2, 0, 0, 3]) -> [0, 3, 2, 0]
  can be raw ops [0, 1, 2, 3, 4, 5, 6, 7, 8, 9, 10, 11, 12]
[1, 2, 2, 0] ([1, 0, 2, 2]) -> [1, 2, 0, 0]
  can be raw ops [4, 5, 9, 10, 11, 12, 13, 14, 15]
[0, 2, 2, 2] ([7, 2, 1, 2]) -> [0, 2, 1, 2]
  can be raw ops [11, 13, 15]
[0, 3, 0, 1] ([15, 3, 3, 0]) -> [0, 3, 0, 1]
  can be raw ops [11, 12, 13, 14]
[1, 1, 2, 2] ([4, 1, 2, 3]) -> [1, 1, 2, 0]
  can be raw ops [4, 5, 10, 11, 12, 13, 14, 15]
[3, 1, 0, 3] ([7, 3, 0, 3]) -> [3, 1, 0, 1]
  can be raw ops [11, 13, 15]
[3, 0, 2, 3] ([12, 2, 3, 3]) -> [3, 0, 2, 0]
  can be raw ops [10, 11, 12, 13, 14, 15]
[2, 1, 2, 3] ([9, 1, 0, 3]) -> [2, 1, 2, 0]
  can be raw ops [3, 4, 5, 10, 12, 13, 14, 15]
[3, 1, 1, 0] ([10, 2, 1, 1]) -> [3, 2, 1, 0]
  can be raw ops [0, 1, 9]
[3, 1, 1, 1] ([8, 2, 3, 3]) -> [3, 1, 1, 2]
  can be raw ops [0, 9]
[0, 3, 3, 3] ([3, 2, 3, 2]) -> [0, 3, 1, 3]
  can be raw ops [14, 15]
[2, 2, 2, 3] ([12, 2, 3, 2]) -> [2, 2, 0, 3]
  can be raw ops [10, 11, 12, 13, 14, 15]
[1, 1, 2, 1] ([14, 3, 2, 2]) -> [1, 1, 1, 1]
  can be raw ops [8, 10]
[2, 1, 2, 3] ([9, 1, 0, 2]) -> [2, 1, 0, 3]
  can be raw ops [3, 4, 5, 10, 12, 13, 14, 15]
[1, 1, 2, 3] ([13, 3, 2, 1]) -> [1, 0, 2, 3]
  can be raw ops [13, 14, 15]
[0, 3, 2, 1] ([5, 3, 1, 2]) -> [0, 3, 1, 1]
  can be raw ops [3, 4, 5, 7, 8, 13, 14]
[2, 3, 3, 2] ([11, 0, 3, 1]) -> [2, 1, 3, 2]
  can be raw ops [15]
[2, 3, 2, 3] ([3, 0, 2, 0]) -> [1, 3, 2, 3]
  can be raw ops [14, 15]
[3, 3, 0, 3] ([7, 3, 0, 0]) -> [1, 3, 0, 3]
  can be raw ops [11, 13, 15]
[2, 2, 2, 0] ([3, 0, 2, 3]) -> [2, 2, 2, 1]
  can be raw ops [14, 15]
[0, 2, 2, 0] ([13, 0, 0, 3]) -> [0, 2, 2, 1]
  can be raw ops [13, 14, 15]
[1, 2, 2, 1] ([1, 0, 2, 3]) -> [1, 2, 2, 0]
  can be raw ops [4, 5, 9, 10, 11, 12, 13, 14, 15]
[3, 1, 1, 0] ([10, 2, 1, 0]) -> [2, 1, 1, 0]
  can be raw ops [0, 1, 9]
[1, 1, 2, 2] ([1, 0, 2, 0]) -> [0, 1, 2, 2]
  can be raw ops [4, 5, 9, 10, 11, 12, 13, 14, 15]
[3, 3, 0, 2] ([15, 3, 3, 2]) -> [3, 3, 0, 2]
  can be raw ops [11, 12, 13, 14]
[1, 2, 2, 2] ([1, 0, 2, 0]) -> [0, 2, 2, 2]
  can be raw ops [4, 5, 9, 10, 11, 12, 13, 14, 15]
[1, 2, 3, 3] ([13, 3, 1, 0]) -> [0, 2, 3, 3]
  can be raw ops [13, 14, 15]
[2, 3, 2, 1] ([5, 3, 1, 0]) -> [1, 3, 2, 1]
  can be raw ops [3, 4, 5, 7, 8, 13, 14]
[0, 1, 2, 1] ([2, 0, 0, 3]) -> [0, 1, 2, 0]
  can be raw ops [0, 1, 2, 3, 4, 5, 6, 7, 8, 9, 10, 11, 12]
[2, 2, 3, 3] ([7, 3, 2, 1]) -> [2, 1, 3, 3]
  can be raw ops [11, 13, 15]
[2, 2, 2, 3] ([7, 2, 0, 3]) -> [2, 2, 2, 1]
  can be raw ops [11, 13, 15]
[0, 1, 1, 3] ([10, 2, 1, 0]) -> [2, 1, 1, 3]
  can be raw ops [0, 1, 9]
[3, 3, 3, 3] ([3, 0, 3, 1]) -> [3, 1, 3, 3]
  can be raw ops [14, 15]
[1, 3, 1, 1] ([5, 3, 1, 2]) -> [1, 3, 1, 1]
  can be raw ops [3, 4, 5, 7, 8, 13, 14]
[1, 1, 1, 3] ([10, 2, 1, 1]) -> [1, 2, 1, 3]
  can be raw ops [0, 1, 9]
[0, 1, 1, 0] ([10, 2, 1, 3]) -> [0, 1, 1, 2]
  can be raw ops [0, 1, 9]
[3, 3, 2, 1] ([14, 3, 2, 2]) -> [3, 3, 1, 1]
  can be raw ops [8, 10]
[2, 1, 2, 2] ([4, 1, 2, 0]) -> [0, 1, 2, 2]
  can be raw ops [4, 5, 10, 11, 12, 13, 14, 15]
[2, 1, 0, 2] ([9, 1, 0, 2]) -> [2, 1, 0, 2]
  can be raw ops [3, 4, 5, 10, 12, 13, 14, 15]
[2, 1, 1, 1] ([15, 2, 3, 1]) -> [2, 0, 1, 1]
  can be raw ops [11, 12, 13, 14]
[0, 1, 1, 0] ([10, 2, 1, 1]) -> [0, 2, 1, 0]
  can be raw ops [0, 1, 9]
[0, 1, 3, 2] ([0, 1, 0, 1]) -> [0, 1, 3, 2]
  can be raw ops [0, 1, 6, 7, 8, 9, 10, 11, 12]
[0, 1, 1, 1] ([8, 2, 3, 1]) -> [0, 2, 1, 1]
  can be raw ops [0, 9]
[2, 1, 3, 2] ([11, 0, 3, 0]) -> [1, 1, 3, 2]
  can be raw ops [15]
[3, 1, 2, 0] ([4, 1, 2, 3]) -> [3, 1, 2, 0]
  can be raw ops [4, 5, 10, 11, 12, 13, 14, 15]
[0, 1, 2, 1] ([2, 0, 0, 0]) -> [0, 1, 2, 1]
  can be raw ops [0, 1, 2, 3, 4, 5, 6, 7, 8, 9, 10, 11, 12]
[0, 0, 3, 1] ([2, 0, 0, 1]) -> [0, 0, 3, 1]
  can be raw ops [0, 1, 2, 3, 4, 5, 6, 7, 8, 9, 10, 11, 12]
[1, 0, 2, 0] ([0, 0, 1, 0]) -> [1, 0, 2, 0]
  can be raw ops [0, 3, 5, 6, 7, 8, 12, 13, 14]
[1, 0, 2, 1] ([1, 0, 2, 3]) -> [1, 0, 2, 0]
  can be raw ops [4, 5, 9, 10, 11, 12, 13, 14, 15]
[1, 1, 2, 0] ([1, 0, 2, 1]) -> [1, 0, 2, 0]
  can be raw ops [4, 5, 9, 10, 11, 12, 13, 14, 15]
[2, 1, 3, 2] ([9, 1, 0, 1]) -> [2, 0, 3, 2]
  can be raw ops [3, 4, 5, 10, 12, 13, 14, 15]
[3, 1, 2, 0] ([4, 1, 2, 0]) -> [0, 1, 2, 0]
  can be raw ops [4, 5, 10, 11, 12, 13, 14, 15]
[0, 1, 1, 0] ([0, 1, 0, 3]) -> [0, 1, 1, 1]
  can be raw ops [0, 1, 6, 7, 8, 9, 10, 11, 12]
[3, 1, 2, 1] ([14, 3, 2, 1]) -> [3, 1, 2, 1]
  can be raw ops [8, 10]
[2, 1, 0, 2] ([11, 0, 3, 1]) -> [2, 1, 0, 2]
  can be raw ops [15]
[2, 3, 2, 1] ([5, 3, 1, 3]) -> [2, 3, 2, 1]
  can be raw ops [3, 4, 5, 7, 8, 13, 14]
[2, 0, 2, 1] ([14, 3, 2, 0]) -> [1, 0, 2, 1]
  can be raw ops [8, 10]
[2, 1, 3, 2] ([9, 1, 0, 0]) -> [0, 1, 3, 2]
  can be raw ops [3, 4, 5, 10, 12, 13, 14, 15]
[0, 0, 2, 2] ([13, 0, 0, 0]) -> [1, 0, 2, 2]
  can be raw ops [13, 14, 15]
[1, 1, 2, 1] ([1, 0, 2, 3]) -> [1, 1, 2, 0]
  can be raw ops [4, 5, 9, 10, 11, 12, 13, 14, 15]
[1, 0, 2, 1] ([15, 3, 3, 1]) -> [1, 0, 2, 1]
  can be raw ops [11, 12, 13, 14]
[2, 2, 1, 2] ([11, 0, 3, 2]) -> [2, 2, 1, 2]
  can be raw ops [15]
[0, 1, 3, 0] ([6, 1, 2, 2]) -> [0, 1, 0, 0]
  can be raw ops [5, 10, 11, 12, 13, 14, 15]
[2, 1, 3, 2] ([9, 1, 0, 3]) -> [2, 1, 3, 0]
  can be raw ops [3, 4, 5, 10, 12, 13, 14, 15]
[1, 0, 0, 3] ([0, 0, 1, 2]) -> [1, 0, 1, 3]
  can be raw ops [0, 3, 5, 6, 7, 8, 12, 13, 14]
[2, 0, 2, 1] ([14, 3, 2, 2]) -> [2, 0, 1, 1]
  can be raw ops [8, 10]
[2, 2, 0, 2] ([11, 0, 3, 0]) -> [1, 2, 0, 2]
  can be raw ops [15]
[2, 2, 2, 2] ([11, 0, 3, 0]) -> [1, 2, 2, 2]
  can be raw ops [15]
[1, 2, 2, 0] ([7, 2, 1, 3]) -> [1, 2, 2, 1]
  can be raw ops [11, 13, 15]
[3, 3, 2, 3] ([12, 2, 3, 3]) -> [3, 3, 2, 0]
  can be raw ops [10, 11, 12, 13, 14, 15]
[1, 0, 2, 2] ([1, 0, 2, 3]) -> [1, 0, 2, 0]
  can be raw ops [4, 5, 9, 10, 11, 12, 13, 14, 15]
[0, 1, 1, 3] ([10, 2, 1, 2]) -> [0, 1, 2, 3]
  can be raw ops [0, 1, 9]
[1, 1, 2, 1] ([4, 1, 2, 3]) -> [1, 1, 2, 0]
  can be raw ops [4, 5, 10, 11, 12, 13, 14, 15]
[1, 3, 3, 3] ([13, 3, 3, 3]) -> [1, 3, 3, 1]
  can be raw ops [13, 14, 15]
[3, 0, 1, 1] ([8, 2, 3, 3]) -> [3, 0, 1, 2]
  can be raw ops [0, 9]
[2, 2, 0, 3] ([13, 3, 1, 2]) -> [2, 2, 0, 3]
  can be raw ops [13, 14, 15]
[1, 1, 3, 3] ([13, 2, 1, 0]) -> [0, 1, 3, 3]
  can be raw ops [13, 14, 15]
[1, 1, 1, 0] ([10, 2, 1, 3]) -> [1, 1, 1, 2]
  can be raw ops [0, 1, 9]
[0, 2, 1, 3] ([2, 0, 0, 0]) -> [0, 2, 1, 3]
  can be raw ops [0, 1, 2, 3, 4, 5, 6, 7, 8, 9, 10, 11, 12]
[0, 3, 2, 1] ([14, 3, 2, 1]) -> [0, 1, 2, 1]
  can be raw ops [8, 10]
[2, 1, 2, 2] ([11, 0, 3, 3]) -> [2, 1, 2, 1]
  can be raw ops [15]
[1, 0, 1, 0] ([8, 2, 0, 3]) -> [1, 0, 1, 2]
  can be raw ops [0, 9]
[0, 2, 0, 2] ([2, 0, 0, 1]) -> [0, 0, 0, 2]
  can be raw ops [0, 1, 2, 3, 4, 5, 6, 7, 8, 9, 10, 11, 12]
[3, 1, 2, 2] ([4, 1, 2, 1]) -> [3, 0, 2, 2]
  can be raw ops [4, 5, 10, 11, 12, 13, 14, 15]
[2, 0, 1, 1] ([0, 2, 1, 0]) -> [1, 0, 1, 1]
  can be raw ops [0, 3, 5, 6, 7, 8, 10, 12, 14]
[1, 1, 3, 1] ([15, 3, 3, 1]) -> [1, 0, 3, 1]
  can be raw ops [11, 12, 13, 14]
[0, 1, 1, 3] ([0, 1, 0, 1]) -> [0, 1, 1, 3]
  can be raw ops [0, 1, 6, 7, 8, 9, 10, 11, 12]
[1, 0, 1, 3] ([12, 2, 3, 2]) -> [1, 0, 0, 3]
  can be raw ops [10, 11, 12, 13, 14, 15]
[3, 2, 2, 1] ([14, 3, 2, 1]) -> [3, 1, 2, 1]
  can be raw ops [8, 10]
[0, 0, 2, 3] ([13, 2, 2, 1]) -> [0, 1, 2, 3]
  can be raw ops [13, 14, 15]
[0, 1, 1, 0] ([0, 1, 0, 0]) -> [1, 1, 1, 0]
  can be raw ops [0, 1, 6, 7, 8, 9, 10, 11, 12]
[0, 3, 0, 1] ([2, 0, 0, 3]) -> [0, 3, 0, 0]
  can be raw ops [0, 1, 2, 3, 4, 5, 6, 7, 8, 9, 10, 11, 12]
[0, 1, 2, 3] ([4, 1, 2, 2]) -> [0, 1, 0, 3]
  can be raw ops [4, 5, 10, 11, 12, 13, 14, 15]
[0, 2, 1, 3] ([13, 3, 2, 0]) -> [0, 2, 1, 3]
  can be raw ops [13, 14, 15]
[3, 1, 3, 3] ([6, 1, 2, 1]) -> [3, 0, 3, 3]
  can be raw ops [5, 10, 11, 12, 13, 14, 15]
[2, 1, 1, 2] ([9, 1, 0, 2]) -> [2, 1, 0, 2]
  can be raw ops [3, 4, 5, 10, 12, 13, 14, 15]
[0, 0, 2, 1] ([14, 3, 2, 1]) -> [0, 1, 2, 1]
  can be raw ops [8, 10]
[3, 2, 1, 3] ([12, 2, 3, 0]) -> [0, 2, 1, 3]
  can be raw ops [10, 11, 12, 13, 14, 15]
[0, 2, 3, 3] ([7, 3, 2, 3]) -> [0, 2, 3, 1]
  can be raw ops [11, 13, 15]
[0, 1, 1, 3] ([12, 1, 3, 1]) -> [0, 0, 1, 3]
  can be raw ops [10, 11, 12, 13, 14, 15]
[0, 1, 2, 1] ([2, 0, 0, 2]) -> [0, 1, 0, 1]
  can be raw ops [0, 1, 2, 3, 4, 5, 6, 7, 8, 9, 10, 11, 12]
[2, 0, 0, 2] ([11, 0, 3, 1]) -> [2, 1, 0, 2]
  can be raw ops [15]
[1, 3, 2, 3] ([13, 3, 3, 2]) -> [1, 3, 1, 3]
  can be raw ops [13, 14, 15]
[2, 3, 1, 1] ([5, 3, 1, 1]) -> [2, 1, 1, 1]
  can be raw ops [3, 4, 5, 7, 8, 13, 14]
[0, 0, 1, 1] ([0, 3, 1, 0]) -> [1, 0, 1, 1]
  can be raw ops [0, 3, 5, 6, 7, 8, 10, 12, 14]
[1, 2, 1, 3] ([8, 2, 0, 1]) -> [1, 2, 1, 3]
  can be raw ops [0, 9]
[3, 3, 1, 3] ([12, 2, 3, 2]) -> [3, 3, 0, 3]
  can be raw ops [10, 11, 12, 13, 14, 15]
[3, 1, 1, 1] ([8, 2, 3, 0]) -> [2, 1, 1, 1]
  can be raw ops [0, 9]
[1, 3, 3, 1] ([5, 3, 1, 1]) -> [1, 1, 3, 1]
  can be raw ops [3, 4, 5, 7, 8, 13, 14]
[1, 1, 2, 3] ([1, 0, 2, 3]) -> [1, 1, 2, 0]
  can be raw ops [4, 5, 9, 10, 11, 12, 13, 14, 15]
[0, 0, 2, 2] ([2, 0, 0, 2]) -> [0, 0, 0, 2]
  can be raw ops [0, 1, 2, 3, 4, 5, 6, 7, 8, 9, 10, 11, 12]
[0, 1, 2, 1] ([14, 3, 2, 3]) -> [0, 1, 2, 1]
  can be raw ops [8, 10]
[1, 3, 3, 1] ([7, 2, 3, 3]) -> [1, 3, 3, 0]
  can be raw ops [11, 13, 15]
[2, 1, 3, 2] ([15, 3, 3, 2]) -> [2, 1, 0, 2]
  can be raw ops [11, 12, 13, 14]
[0, 3, 3, 3] ([7, 3, 2, 2]) -> [0, 3, 1, 3]
  can be raw ops [11, 13, 15]
[1, 0, 3, 1] ([0, 3, 1, 2]) -> [1, 0, 1, 1]
  can be raw ops [0, 3, 5, 6, 7, 8, 10, 12, 14]
[1, 0, 2, 2] ([1, 0, 2, 1]) -> [1, 0, 2, 2]
  can be raw ops [4, 5, 9, 10, 11, 12, 13, 14, 15]
[0, 1, 1, 3] ([2, 0, 0, 2]) -> [0, 1, 0, 3]
  can be raw ops [0, 1, 2, 3, 4, 5, 6, 7, 8, 9, 10, 11, 12]
[3, 1, 3, 3] ([6, 1, 2, 3]) -> [3, 1, 3, 0]
  can be raw ops [5, 10, 11, 12, 13, 14, 15]
[1, 0, 1, 0] ([8, 2, 0, 1]) -> [1, 2, 1, 0]
  can be raw ops [0, 9]
[1, 2, 3, 3] ([3, 2, 3, 2]) -> [1, 2, 1, 3]
  can be raw ops [14, 15]
[1, 1, 3, 1] ([6, 1, 2, 2]) -> [1, 1, 0, 1]
  can be raw ops [5, 10, 11, 12, 13, 14, 15]
[2, 1, 0, 3] ([9, 1, 0, 3]) -> [2, 1, 0, 0]
  can be raw ops [3, 4, 5, 10, 12, 13, 14, 15]
[3, 3, 0, 1] ([5, 3, 1, 3]) -> [3, 3, 0, 1]
  can be raw ops [3, 4, 5, 7, 8, 13, 14]
[2, 0, 1, 2] ([11, 0, 3, 1]) -> [2, 1, 1, 2]
  can be raw ops [15]
[2, 2, 3, 3] ([7, 3, 2, 0]) -> [1, 2, 3, 3]
  can be raw ops [11, 13, 15]
[1, 3, 2, 1] ([14, 3, 2, 3]) -> [1, 3, 2, 1]
  can be raw ops [8, 10]
[3, 1, 3, 2] ([6, 1, 2, 1]) -> [3, 0, 3, 2]
  can be raw ops [5, 10, 11, 12, 13, 14, 15]
[0, 2, 3, 3] ([12, 1, 3, 0]) -> [0, 2, 3, 3]
  can be raw ops [10, 11, 12, 13, 14, 15]
[0, 2, 2, 1] ([7, 2, 1, 0]) -> [1, 2, 2, 1]
  can be raw ops [11, 13, 15]
[0, 1, 1, 1] ([15, 3, 3, 0]) -> [0, 1, 1, 1]
  can be raw ops [11, 12, 13, 14]
[3, 3, 1, 1] ([5, 3, 1, 2]) -> [3, 3, 1, 1]
  can be raw ops [3, 4, 5, 7, 8, 13, 14]
[2, 3, 2, 0] ([3, 0, 2, 0]) -> [1, 3, 2, 0]
  can be raw ops [14, 15]
[2, 1, 2, 2] ([4, 1, 2, 1]) -> [2, 0, 2, 2]
  can be raw ops [4, 5, 10, 11, 12, 13, 14, 15]
[0, 0, 3, 3] ([3, 2, 3, 1]) -> [0, 1, 3, 3]
  can be raw ops [14, 15]
[3, 1, 1, 2] ([10, 2, 1, 0]) -> [2, 1, 1, 2]
  can be raw ops [0, 1, 9]
[1, 2, 2, 1] ([14, 3, 2, 0]) -> [1, 2, 2, 1]
  can be raw ops [8, 10]
[3, 1, 1, 3] ([13, 3, 2, 3]) -> [3, 1, 1, 0]
  can be raw ops [13, 14, 15]
[1, 2, 0, 1] ([15, 3, 3, 3]) -> [1, 2, 0, 0]
  can be raw ops [11, 12, 13, 14]
[1, 1, 2, 3] ([4, 1, 2, 1]) -> [1, 0, 2, 3]
  can be raw ops [4, 5, 10, 11, 12, 13, 14, 15]
[2, 1, 0, 3] ([9, 1, 0, 1]) -> [2, 0, 0, 3]
  can be raw ops [3, 4, 5, 10, 12, 13, 14, 15]
[2, 1, 0, 1] ([9, 1, 0, 3]) -> [2, 1, 0, 0]
  can be raw ops [3, 4, 5, 10, 12, 13, 14, 15]
[1, 2, 1, 3] ([12, 1, 3, 1]) -> [1, 0, 1, 3]
  can be raw ops [10, 11, 12, 13, 14, 15]
[2, 1, 3, 0] ([6, 1, 2, 2]) -> [2, 1, 0, 0]
  can be raw ops [5, 10, 11, 12, 13, 14, 15]
[1, 3, 1, 2] ([8, 2, 0, 0]) -> [2, 3, 1, 2]
  can be raw ops [0, 9]
[2, 1, 2, 3] ([12, 1, 3, 1]) -> [2, 0, 2, 3]
  can be raw ops [10, 11, 12, 13, 14, 15]
[1, 3, 2, 2] ([1, 0, 2, 0]) -> [0, 3, 2, 2]
  can be raw ops [4, 5, 9, 10, 11, 12, 13, 14, 15]
[0, 3, 2, 3] ([12, 2, 3, 1]) -> [0, 0, 2, 3]
  can be raw ops [10, 11, 12, 13, 14, 15]
[2, 2, 1, 2] ([11, 0, 3, 3]) -> [2, 2, 1, 1]
  can be raw ops [15]
[2, 1, 1, 3] ([12, 1, 3, 0]) -> [0, 1, 1, 3]
  can be raw ops [10, 11, 12, 13, 14, 15]
[2, 0, 2, 1] ([7, 2, 0, 1]) -> [2, 1, 2, 1]
  can be raw ops [11, 13, 15]
[3, 3, 2, 1] ([5, 3, 1, 0]) -> [1, 3, 2, 1]
  can be raw ops [3, 4, 5, 7, 8, 13, 14]
[2, 3, 2, 2] ([13, 2, 2, 3]) -> [2, 3, 2, 1]
  can be raw ops [13, 14, 15]
[2, 3, 3, 1] ([7, 2, 3, 3]) -> [2, 3, 3, 0]
  can be raw ops [11, 13, 15]
[2, 3, 1, 1] ([5, 3, 1, 2]) -> [2, 3, 1, 1]
  can be raw ops [3, 4, 5, 7, 8, 13, 14]
[2, 1, 3, 0] ([9, 1, 0, 1]) -> [2, 0, 3, 0]
  can be raw ops [3, 4, 5, 10, 12, 13, 14, 15]
[2, 1, 2, 2] ([4, 1, 2, 2]) -> [2, 1, 0, 2]
  can be raw ops [4, 5, 10, 11, 12, 13, 14, 15]
[3, 3, 3, 1] ([5, 3, 1, 0]) -> [1, 3, 3, 1]
  can be raw ops [3, 4, 5, 7, 8, 13, 14]
[3, 2, 0, 2] ([15, 3, 3, 3]) -> [3, 2, 0, 0]
  can be raw ops [11, 12, 13, 14]
[3, 3, 2, 3] ([13, 2, 2, 0]) -> [1, 3, 2, 3]
  can be raw ops [13, 14, 15]
[0, 3, 3, 3] ([13, 0, 0, 3]) -> [0, 3, 3, 1]
  can be raw ops [13, 14, 15]
[2, 1, 2, 1] ([4, 1, 2, 0]) -> [0, 1, 2, 1]
  can be raw ops [4, 5, 10, 11, 12, 13, 14, 15]
[0, 3, 0, 1] ([13, 0, 0, 3]) -> [0, 3, 0, 1]
  can be raw ops [13, 14, 15]
[1, 0, 1, 2] ([8, 2, 0, 3]) -> [1, 0, 1, 2]
  can be raw ops [0, 9]
[1, 3, 2, 1] ([14, 3, 2, 1]) -> [1, 1, 2, 1]
  can be raw ops [8, 10]
[0, 2, 3, 1] ([15, 3, 3, 1]) -> [0, 0, 3, 1]
  can be raw ops [11, 12, 13, 14]
[1, 2, 1, 2] ([8, 2, 0, 2]) -> [1, 2, 2, 2]
  can be raw ops [0, 9]
[0, 0, 1, 2] ([2, 0, 0, 1]) -> [0, 0, 1, 2]
  can be raw ops [0, 1, 2, 3, 4, 5, 6, 7, 8, 9, 10, 11, 12]
[2, 1, 3, 2] ([6, 1, 2, 3]) -> [2, 1, 3, 0]
  can be raw ops [5, 10, 11, 12, 13, 14, 15]
[2, 1, 3, 3] ([9, 1, 0, 3]) -> [2, 1, 3, 0]
  can be raw ops [3, 4, 5, 10, 12, 13, 14, 15]
[2, 1, 3, 3] ([9, 1, 0, 2]) -> [2, 1, 0, 3]
  can be raw ops [3, 4, 5, 10, 12, 13, 14, 15]
[2, 1, 1, 2] ([9, 1, 0, 0]) -> [0, 1, 1, 2]
  can be raw ops [3, 4, 5, 10, 12, 13, 14, 15]
[0, 0, 1, 2] ([2, 0, 0, 2]) -> [0, 0, 0, 2]
  can be raw ops [0, 1, 2, 3, 4, 5, 6, 7, 8, 9, 10, 11, 12]
[2, 0, 3, 3] ([7, 3, 2, 1]) -> [2, 1, 3, 3]
  can be raw ops [11, 13, 15]
[0, 3, 1, 2] ([2, 0, 0, 2]) -> [0, 3, 0, 2]
  can be raw ops [0, 1, 2, 3, 4, 5, 6, 7, 8, 9, 10, 11, 12]
[1, 2, 3, 3] ([12, 1, 3, 1]) -> [1, 0, 3, 3]
  can be raw ops [10, 11, 12, 13, 14, 15]
[0, 1, 0, 3] ([12, 1, 3, 2]) -> [0, 1, 0, 3]
  can be raw ops [10, 11, 12, 13, 14, 15]
[1, 0, 1, 2] ([8, 2, 0, 1]) -> [1, 2, 1, 2]
  can be raw ops [0, 9]
[1, 0, 2, 1] ([0, 0, 1, 1]) -> [1, 1, 2, 1]
  can be raw ops [0, 3, 5, 6, 7, 8, 12, 13, 14]
[1, 1, 2, 1] ([4, 1, 2, 2]) -> [1, 1, 0, 1]
  can be raw ops [4, 5, 10, 11, 12, 13, 14, 15]
[1, 3, 0, 1] ([5, 3, 1, 3]) -> [1, 3, 0, 1]
  can be raw ops [3, 4, 5, 7, 8, 13, 14]
[1, 3, 1, 1] ([8, 2, 0, 3]) -> [1, 3, 1, 2]
  can be raw ops [0, 9]
[0, 3, 1, 1] ([5, 3, 1, 2]) -> [0, 3, 1, 1]
  can be raw ops [3, 4, 5, 7, 8, 13, 14]
[2, 2, 0, 2] ([11, 0, 3, 2]) -> [2, 2, 1, 2]
  can be raw ops [15]
[2, 1, 2, 2] ([9, 1, 0, 2]) -> [2, 1, 0, 2]
  can be raw ops [3, 4, 5, 10, 12, 13, 14, 15]
[1, 1, 3, 0] ([6, 1, 2, 1]) -> [1, 0, 3, 0]
  can be raw ops [5, 10, 11, 12, 13, 14, 15]
[0, 3, 0, 1] ([5, 3, 1, 2]) -> [0, 3, 1, 1]
  can be raw ops [3, 4, 5, 7, 8, 13, 14]
[2, 2, 2, 1] ([7, 2, 0, 0]) -> [1, 2, 2, 1]
  can be raw ops [11, 13, 15]
[1, 3, 2, 3] ([1, 0, 2, 1]) -> [1, 0, 2, 3]
  can be raw ops [4, 5, 9, 10, 11, 12, 13, 14, 15]
[0, 1, 1, 1] ([10, 2, 1, 2]) -> [0, 1, 2, 1]
  can be raw ops [0, 1, 9]
[0, 1, 1, 1] ([10, 2, 1, 0]) -> [2, 1, 1, 1]
  can be raw ops [0, 1, 9]
[1, 3, 2, 2] ([1, 0, 2, 2]) -> [1, 3, 0, 2]
  can be raw ops [4, 5, 9, 10, 11, 12, 13, 14, 15]
[3, 3, 0, 3] ([13, 3, 3, 2]) -> [3, 3, 1, 3]
  can be raw ops [13, 14, 15]
[1, 0, 2, 0] ([1, 0, 2, 2]) -> [1, 0, 0, 0]
  can be raw ops [4, 5, 9, 10, 11, 12, 13, 14, 15]
[3, 3, 3, 1] ([5, 3, 1, 3]) -> [3, 3, 3, 1]
  can be raw ops [3, 4, 5, 7, 8, 13, 14]
[2, 1, 3, 0] ([9, 1, 0, 0]) -> [0, 1, 3, 0]
  can be raw ops [3, 4, 5, 10, 12, 13, 14, 15]
[3, 1, 1, 3] ([10, 2, 1, 1]) -> [3, 2, 1, 3]
  can be raw ops [0, 1, 9]
[3, 1, 2, 3] ([12, 2, 3, 1]) -> [3, 0, 2, 3]
  can be raw ops [10, 11, 12, 13, 14, 15]
[2, 1, 3, 2] ([11, 0, 3, 1]) -> [2, 1, 3, 2]
  can be raw ops [15]
[2, 1, 2, 1] ([14, 3, 2, 2]) -> [2, 1, 1, 1]
  can be raw ops [8, 10]
[2, 1, 2, 1] ([9, 1, 0, 0]) -> [0, 1, 2, 1]
  can be raw ops [3, 4, 5, 10, 12, 13, 14, 15]
[2, 3, 3, 1] ([5, 3, 1, 2]) -> [2, 3, 1, 1]
  can be raw ops [3, 4, 5, 7, 8, 13, 14]
[0, 1, 1, 1] ([2, 0, 0, 1]) -> [0, 0, 1, 1]
  can be raw ops [0, 1, 2, 3, 4, 5, 6, 7, 8, 9, 10, 11, 12]
[3, 0, 3, 1] ([0, 3, 1, 2]) -> [3, 0, 1, 1]
  can be raw ops [0, 3, 5, 6, 7, 8, 10, 12, 14]
[3, 1, 2, 1] ([4, 1, 2, 1]) -> [3, 0, 2, 1]
  can be raw ops [4, 5, 10, 11, 12, 13, 14, 15]
[2, 2, 2, 1] ([14, 3, 2, 1]) -> [2, 1, 2, 1]
  can be raw ops [8, 10]
[1, 1, 2, 3] ([12, 1, 3, 0]) -> [0, 1, 2, 3]
  can be raw ops [10, 11, 12, 13, 14, 15]
[3, 3, 1, 3] ([7, 3, 0, 0]) -> [1, 3, 1, 3]
  can be raw ops [11, 13, 15]
[1, 1, 2, 2] ([1, 0, 2, 1]) -> [1, 0, 2, 2]
  can be raw ops [4, 5, 9, 10, 11, 12, 13, 14, 15]
[1, 0, 2, 3] ([0, 0, 1, 3]) -> [1, 0, 2, 1]
  can be raw ops [0, 3, 5, 6, 7, 8, 12, 13, 14]
[1, 0, 2, 1] ([1, 0, 2, 2]) -> [1, 0, 0, 1]
  can be raw ops [4, 5, 9, 10, 11, 12, 13, 14, 15]
[2, 0, 2, 3] ([12, 2, 3, 3]) -> [2, 0, 2, 0]
  can be raw ops [10, 11, 12, 13, 14, 15]
[2, 1, 0, 1] ([9, 1, 0, 0]) -> [0, 1, 0, 1]
  can be raw ops [3, 4, 5, 10, 12, 13, 14, 15]
[0, 3, 3, 1] ([5, 3, 1, 0]) -> [1, 3, 3, 1]
  can be raw ops [3, 4, 5, 7, 8, 13, 14]
[3, 1, 3, 3] ([6, 1, 2, 0]) -> [0, 1, 3, 3]
  can be raw ops [5, 10, 11, 12, 13, 14, 15]
[2, 1, 2, 0] ([9, 1, 0, 0]) -> [0, 1, 2, 0]
  can be raw ops [3, 4, 5, 10, 12, 13, 14, 15]
[2, 3, 3, 1] ([5, 3, 1, 0]) -> [1, 3, 3, 1]
  can be raw ops [3, 4, 5, 7, 8, 13, 14]
[2, 1, 1, 3] ([9, 1, 0, 0]) -> [0, 1, 1, 3]
  can be raw ops [3, 4, 5, 10, 12, 13, 14, 15]
[3, 3, 1, 1] ([5, 3, 1, 0]) -> [1, 3, 1, 1]
  can be raw ops [3, 4, 5, 7, 8, 13, 14]
[1, 0, 1, 3] ([0, 2, 1, 0]) -> [1, 0, 1, 3]
  can be raw ops [0, 3, 5, 6, 7, 8, 10, 12, 14]
[1, 0, 2, 3] ([1, 0, 2, 3]) -> [1, 0, 2, 0]
  can be raw ops [4, 5, 9, 10, 11, 12, 13, 14, 15]
[2, 3, 2, 1] ([14, 3, 2, 0]) -> [1, 3, 2, 1]
  can be raw ops [8, 10]
[3, 1, 3, 1] ([6, 1, 2, 3]) -> [3, 1, 3, 0]
  can be raw ops [5, 10, 11, 12, 13, 14, 15]
[0, 0, 0, 0] ([2, 0, 0, 0]) -> [0, 0, 0, 0]
  can be raw ops [0, 1, 2, 3, 4, 5, 6, 7, 8, 9, 10, 11, 12]
[3, 3, 1, 1] ([5, 3, 1, 3]) -> [3, 3, 1, 1]
  can be raw ops [3, 4, 5, 7, 8, 13, 14]
[3, 1, 3, 2] ([6, 1, 2, 3]) -> [3, 1, 3, 0]
  can be raw ops [5, 10, 11, 12, 13, 14, 15]
[3, 2, 1, 3] ([7, 3, 0, 2]) -> [3, 2, 1, 3]
  can be raw ops [11, 13, 15]
[2, 3, 2, 1] ([14, 3, 2, 1]) -> [2, 1, 2, 1]
  can be raw ops [8, 10]
[1, 1, 2, 2] ([1, 0, 2, 2]) -> [1, 1, 0, 2]
  can be raw ops [4, 5, 9, 10, 11, 12, 13, 14, 15]
[3, 1, 3, 1] ([7, 2, 3, 2]) -> [3, 1, 0, 1]
  can be raw ops [11, 13, 15]
[0, 0, 1, 1] ([0, 2, 1, 0]) -> [1, 0, 1, 1]
  can be raw ops [0, 3, 5, 6, 7, 8, 10, 12, 14]
[2, 1, 2, 3] ([4, 1, 2, 2]) -> [2, 1, 0, 3]
  can be raw ops [4, 5, 10, 11, 12, 13, 14, 15]
[3, 1, 3, 0] ([6, 1, 2, 0]) -> [0, 1, 3, 0]
  can be raw ops [5, 10, 11, 12, 13, 14, 15]
[2, 3, 2, 2] ([3, 0, 2, 2]) -> [2, 3, 1, 2]
  can be raw ops [14, 15]
[1, 2, 2, 0] ([1, 0, 2, 3]) -> [1, 2, 2, 0]
  can be raw ops [4, 5, 9, 10, 11, 12, 13, 14, 15]
[1, 1, 2, 2] ([1, 0, 2, 3]) -> [1, 1, 2, 0]
  can be raw ops [4, 5, 9, 10, 11, 12, 13, 14, 15]
[1, 1, 1, 3] ([10, 2, 1, 3]) -> [1, 1, 1, 2]
  can be raw ops [0, 1, 9]
[0, 1, 1, 0] ([10, 2, 1, 0]) -> [2, 1, 1, 0]
  can be raw ops [0, 1, 9]
[2, 2, 3, 3] ([3, 2, 3, 0]) -> [1, 2, 3, 3]
  can be raw ops [14, 15]
[0, 3, 3, 3] ([3, 2, 3, 1]) -> [0, 1, 3, 3]
  can be raw ops [14, 15]
[1, 3, 3, 1] ([5, 3, 1, 2]) -> [1, 3, 1, 1]
  can be raw ops [3, 4, 5, 7, 8, 13, 14]
[3, 1, 1, 0] ([10, 2, 1, 2]) -> [3, 1, 2, 0]
  can be raw ops [0, 1, 9]
[0, 0, 0, 0] ([13, 0, 0, 2]) -> [0, 0, 1, 0]
  can be raw ops [13, 14, 15]
[2, 3, 0, 1] ([5, 3, 1, 3]) -> [2, 3, 0, 1]
  can be raw ops [3, 4, 5, 7, 8, 13, 14]
[3, 0, 2, 1] ([14, 3, 2, 2]) -> [3, 0, 1, 1]
  can be raw ops [8, 10]
[2, 1, 2, 1] ([4, 1, 2, 1]) -> [2, 0, 2, 1]
  can be raw ops [4, 5, 10, 11, 12, 13, 14, 15]
[1, 2, 2, 1] ([14, 3, 2, 3]) -> [1, 2, 2, 1]
  can be raw ops [8, 10]
[1, 3, 3, 3] ([13, 3, 3, 2]) -> [1, 3, 1, 3]
  can be raw ops [13, 14, 15]
[1, 0, 2, 1] ([14, 3, 2, 0]) -> [1, 0, 2, 1]
  can be raw ops [8, 10]
[0, 1, 1, 3] ([12, 2, 3, 3]) -> [0, 1, 1, 0]
  can be raw ops [10, 11, 12, 13, 14, 15]
[2, 3, 3, 1] ([5, 3, 1, 3]) -> [2, 3, 3, 1]
  can be raw ops [3, 4, 5, 7, 8, 13, 14]
[0, 3, 3, 2] ([13, 0, 0, 0]) -> [1, 3, 3, 2]
  can be raw ops [13, 14, 15]
[0, 1, 3, 3] ([7, 3, 2, 1]) -> [0, 1, 3, 3]
  can be raw ops [11, 13, 15]
[2, 1, 3, 3] ([7, 3, 2, 3]) -> [2, 1, 3, 1]
  can be raw ops [11, 13, 15]
[1, 1, 1, 3] ([8, 2, 0, 2]) -> [1, 1, 2, 3]
  can be raw ops [0, 9]
[0, 1, 1, 2] ([10, 2, 1, 3]) -> [0, 1, 1, 2]
  can be raw ops [0, 1, 9]
[2, 1, 3, 2] ([6, 1, 2, 0]) -> [0, 1, 3, 2]
  can be raw ops [5, 10, 11, 12, 13, 14, 15]
[0, 0, 1, 2] ([15, 3, 3, 2]) -> [0, 0, 0, 2]
  can be raw ops [11, 12, 13, 14]
[3, 1, 3, 2] ([6, 1, 2, 2]) -> [3, 1, 0, 2]
  can be raw ops [5, 10, 11, 12, 13, 14, 15]
[2, 0, 3, 2] ([11, 0, 3, 0]) -> [1, 0, 3, 2]
  can be raw ops [15]
[1, 3, 2, 3] ([12, 2, 3, 0]) -> [0, 3, 2, 3]
  can be raw ops [10, 11, 12, 13, 14, 15]
[0, 3, 1, 2] ([13, 0, 0, 2]) -> [0, 3, 1, 2]
  can be raw ops [13, 14, 15]
[1, 2, 1, 1] ([8, 2, 3, 2]) -> [1, 2, 2, 1]
  can be raw ops [0, 9]
[2, 0, 2, 2] ([11, 0, 3, 2]) -> [2, 0, 1, 2]
  can be raw ops [15]
[1, 3, 0, 1] ([5, 3, 1, 2]) -> [1, 3, 1, 1]
  can be raw ops [3, 4, 5, 7, 8, 13, 14]
[3, 2, 3, 3] ([7, 3, 2, 2]) -> [3, 2, 1, 3]
  can be raw ops [11, 13, 15]
[3, 2, 0, 3] ([12, 1, 3, 1]) -> [3, 0, 0, 3]
  can be raw ops [10, 11, 12, 13, 14, 15]
[0, 3, 1, 0] ([2, 0, 0, 1]) -> [0, 0, 1, 0]
  can be raw ops [0, 1, 2, 3, 4, 5, 6, 7, 8, 9, 10, 11, 12]
[2, 1, 3, 3] ([12, 1, 3, 3]) -> [2, 1, 3, 0]
  can be raw ops [10, 11, 12, 13, 14, 15]
[2, 1, 1, 1] ([9, 1, 0, 3]) -> [2, 1, 1, 0]
  can be raw ops [3, 4, 5, 10, 12, 13, 14, 15]
[0, 1, 3, 2] ([15, 3, 3, 1]) -> [0, 0, 3, 2]
  can be raw ops [11, 12, 13, 14]
[1, 1, 2, 1] ([14, 3, 2, 0]) -> [1, 1, 2, 1]
  can be raw ops [8, 10]
[0, 1, 0, 3] ([12, 1, 3, 1]) -> [0, 0, 0, 3]
  can be raw ops [10, 11, 12, 13, 14, 15]
[2, 1, 2, 0] ([9, 1, 0, 1]) -> [2, 0, 2, 0]
  can be raw ops [3, 4, 5, 10, 12, 13, 14, 15]
[3, 3, 2, 3] ([7, 3, 0, 3]) -> [3, 3, 2, 1]
  can be raw ops [11, 13, 15]
[1, 2, 1, 3] ([8, 2, 0, 3]) -> [1, 2, 1, 2]
  can be raw ops [0, 9]
[0, 0, 1, 2] ([0, 2, 1, 0]) -> [1, 0, 1, 2]
  can be raw ops [0, 3, 5, 6, 7, 8, 10, 12, 14]
[1, 0, 1, 0] ([0, 0, 1, 3]) -> [1, 0, 1, 1]
  can be raw ops [0, 3, 5, 6, 7, 8, 12, 13, 14]
[0, 1, 1, 1] ([10, 2, 1, 3]) -> [0, 1, 1, 2]
  can be raw ops [0, 1, 9]
[1, 1, 1, 3] ([12, 1, 3, 0]) -> [0, 1, 1, 3]
  can be raw ops [10, 11, 12, 13, 14, 15]
[1, 0, 2, 0] ([1, 0, 2, 3]) -> [1, 0, 2, 0]
  can be raw ops [4, 5, 9, 10, 11, 12, 13, 14, 15]
[0, 1, 3, 1] ([6, 1, 2, 2]) -> [0, 1, 0, 1]
  can be raw ops [5, 10, 11, 12, 13, 14, 15]
[3, 1, 2, 1] ([4, 1, 2, 0]) -> [0, 1, 2, 1]
  can be raw ops [4, 5, 10, 11, 12, 13, 14, 15]
[1, 3, 1, 3] ([8, 2, 0, 3]) -> [1, 3, 1, 2]
  can be raw ops [0, 9]
[0, 3, 0, 0] ([13, 0, 0, 3]) -> [0, 3, 0, 1]
  can be raw ops [13, 14, 15]
[1, 3, 2, 0] ([1, 0, 2, 2]) -> [1, 3, 0, 0]
  can be raw ops [4, 5, 9, 10, 11, 12, 13, 14, 15]
[0, 3, 0, 1] ([5, 3, 1, 3]) -> [0, 3, 0, 1]
  can be raw ops [3, 4, 5, 7, 8, 13, 14]
[3, 0, 0, 3] ([3, 0, 3, 1]) -> [3, 1, 0, 3]
  can be raw ops [14, 15]
[2, 2, 3, 2] ([11, 0, 3, 3]) -> [2, 2, 3, 1]
  can be raw ops [15]
[1, 1, 3, 3] ([6, 1, 2, 1]) -> [1, 0, 3, 3]
  can be raw ops [5, 10, 11, 12, 13, 14, 15]
[2, 2, 1, 2] ([11, 0, 3, 1]) -> [2, 1, 1, 2]
  can be raw ops [15]
[3, 1, 3, 0] ([6, 1, 2, 2]) -> [3, 1, 0, 0]
  can be raw ops [5, 10, 11, 12, 13, 14, 15]
[0, 1, 3, 2] ([6, 1, 2, 2]) -> [0, 1, 0, 2]
  can be raw ops [5, 10, 11, 12, 13, 14, 15]
[2, 3, 0, 1] ([5, 3, 1, 2]) -> [2, 3, 1, 1]
  can be raw ops [3, 4, 5, 7, 8, 13, 14]
[1, 2, 2, 3] ([1, 0, 2, 2]) -> [1, 2, 0, 3]
  can be raw ops [4, 5, 9, 10, 11, 12, 13, 14, 15]
[3, 2, 0, 3] ([7, 3, 0, 3]) -> [3, 2, 0, 1]
  can be raw ops [11, 13, 15]
[3, 0, 2, 3] ([3, 0, 3, 2]) -> [3, 0, 1, 3]
  can be raw ops [14, 15]
[2, 2, 3, 2] ([11, 0, 3, 0]) -> [1, 2, 3, 2]
  can be raw ops [15]
[2, 2, 3, 1] ([7, 2, 3, 2]) -> [2, 2, 0, 1]
  can be raw ops [11, 13, 15]
[1, 0, 2, 0] ([1, 0, 2, 1]) -> [1, 0, 2, 0]
  can be raw ops [4, 5, 9, 10, 11, 12, 13, 14, 15]
[0, 1, 1, 3] ([10, 2, 1, 3]) -> [0, 1, 1, 2]
  can be raw ops [0, 1, 9]
[0, 0, 1, 2] ([15, 3, 3, 3]) -> [0, 0, 1, 0]
  can be raw ops [11, 12, 13, 14]
[3, 3, 2, 0] ([13, 2, 2, 1]) -> [3, 1, 2, 0]
  can be raw ops [13, 14, 15]
[0, 1, 3, 2] ([2, 0, 0, 2]) -> [0, 1, 0, 2]
  can be raw ops [0, 1, 2, 3, 4, 5, 6, 7, 8, 9, 10, 11, 12]
[0, 2, 2, 1] ([14, 3, 2, 1]) -> [0, 1, 2, 1]
  can be raw ops [8, 10]
[1, 1, 3, 2] ([15, 3, 3, 0]) -> [0, 1, 3, 2]
  can be raw ops [11, 12, 13, 14]
[2, 1, 1, 2] ([9, 1, 0, 3]) -> [2, 1, 1, 0]
  can be raw ops [3, 4, 5, 10, 12, 13, 14, 15]
[3, 0, 1, 0] ([0, 2, 1, 1]) -> [3, 1, 1, 0]
  can be raw ops [0, 3, 5, 6, 7, 8, 10, 12, 14]
[1, 2, 2, 3] ([1, 0, 2, 1]) -> [1, 0, 2, 3]
  can be raw ops [4, 5, 9, 10, 11, 12, 13, 14, 15]
[2, 0, 2, 2] ([3, 0, 2, 0]) -> [1, 0, 2, 2]
  can be raw ops [14, 15]
[2, 1, 3, 2] ([6, 1, 2, 2]) -> [2, 1, 0, 2]
  can be raw ops [5, 10, 11, 12, 13, 14, 15]
[3, 3, 0, 1] ([5, 3, 1, 1]) -> [3, 1, 0, 1]
  can be raw ops [3, 4, 5, 7, 8, 13, 14]
[0, 0, 0, 3] ([2, 0, 0, 1]) -> [0, 0, 0, 3]
  can be raw ops [0, 1, 2, 3, 4, 5, 6, 7, 8, 9, 10, 11, 12]
[0, 0, 1, 1] ([13, 0, 0, 3]) -> [0, 0, 1, 1]
  can be raw ops [13, 14, 15]
[3, 1, 3, 3] ([7, 3, 2, 2]) -> [3, 1, 1, 3]
  can be raw ops [11, 13, 15]
[1, 0, 2, 1] ([14, 3, 2, 2]) -> [1, 0, 1, 1]
  can be raw ops [8, 10]
[0, 2, 3, 3] ([7, 3, 2, 2]) -> [0, 2, 1, 3]
  can be raw ops [11, 13, 15]
[0, 3, 2, 2] ([2, 0, 0, 3]) -> [0, 3, 2, 0]
  can be raw ops [0, 1, 2, 3, 4, 5, 6, 7, 8, 9, 10, 11, 12]
[0, 0, 1, 1] ([8, 2, 3, 2]) -> [0, 0, 2, 1]
  can be raw ops [0, 9]
[2, 3, 1, 2] ([11, 0, 3, 2]) -> [2, 3, 1, 2]
  can be raw ops [15]
[0, 3, 2, 1] ([5, 3, 1, 3]) -> [0, 3, 2, 1]
  can be raw ops [3, 4, 5, 7, 8, 13, 14]
[1, 3, 2, 1] ([1, 0, 2, 1]) -> [1, 0, 2, 1]
  can be raw ops [4, 5, 9, 10, 11, 12, 13, 14, 15]
[3, 1, 2, 1] ([4, 1, 2, 2]) -> [3, 1, 0, 1]
  can be raw ops [4, 5, 10, 11, 12, 13, 14, 15]
[3, 2, 2, 3] ([3, 0, 3, 2]) -> [3, 2, 1, 3]
  can be raw ops [14, 15]
[1, 0, 1, 0] ([8, 2, 0, 0]) -> [2, 0, 1, 0]
  can be raw ops [0, 9]
[3, 2, 2, 3] ([3, 0, 3, 1]) -> [3, 1, 2, 3]
  can be raw ops [14, 15]
[1, 1, 2, 0] ([1, 0, 2, 3]) -> [1, 1, 2, 0]
  can be raw ops [4, 5, 9, 10, 11, 12, 13, 14, 15]
[1, 3, 0, 1] ([5, 3, 1, 0]) -> [1, 3, 0, 1]
  can be raw ops [3, 4, 5, 7, 8, 13, 14]
[3, 1, 2, 2] ([4, 1, 2, 0]) -> [0, 1, 2, 2]
  can be raw ops [4, 5, 10, 11, 12, 13, 14, 15]
[0, 3, 1, 1] ([13, 0, 0, 1]) -> [0, 1, 1, 1]
  can be raw ops [13, 14, 15]
[2, 3, 0, 1] ([5, 3, 1, 1]) -> [2, 1, 0, 1]
  can be raw ops [3, 4, 5, 7, 8, 13, 14]
[2, 0, 0, 2] ([11, 0, 3, 0]) -> [1, 0, 0, 2]
  can be raw ops [15]
[2, 2, 3, 3] ([12, 1, 3, 0]) -> [0, 2, 3, 3]
  can be raw ops [10, 11, 12, 13, 14, 15]
[2, 2, 2, 0] ([3, 0, 2, 0]) -> [1, 2, 2, 0]
  can be raw ops [14, 15]
[0, 3, 2, 1] ([5, 3, 1, 0]) -> [1, 3, 2, 1]
  can be raw ops [3, 4, 5, 7, 8, 13, 14]
[1, 1, 2, 2] ([4, 1, 2, 1]) -> [1, 0, 2, 2]
  can be raw ops [4, 5, 10, 11, 12, 13, 14, 15]
[2, 1, 0, 3] ([9, 1, 0, 2]) -> [2, 1, 0, 3]
  can be raw ops [3, 4, 5, 10, 12, 13, 14, 15]
[3, 0, 3, 3] ([13, 3, 3, 1]) -> [3, 1, 3, 3]
  can be raw ops [13, 14, 15]
[1, 2, 3, 3] ([12, 1, 3, 0]) -> [0, 2, 3, 3]
  can be raw ops [10, 11, 12, 13, 14, 15]
[3, 1, 3, 3] ([3, 0, 3, 1]) -> [3, 1, 3, 3]
  can be raw ops [14, 15]
[1, 1, 2, 3] ([13, 3, 3, 3]) -> [1, 1, 2, 1]
  can be raw ops [13, 14, 15]
[0, 3, 1, 1] ([8, 2, 3, 3]) -> [0, 3, 1, 2]
  can be raw ops [0, 9]
[3, 1, 1, 3] ([12, 1, 3, 2]) -> [3, 1, 0, 3]
  can be raw ops [10, 11, 12, 13, 14, 15]
[2, 1, 3, 0] ([6, 1, 2, 0]) -> [0, 1, 3, 0]
  can be raw ops [5, 10, 11, 12, 13, 14, 15]
[1, 0, 2, 2] ([1, 0, 2, 2]) -> [1, 0, 0, 2]
  can be raw ops [4, 5, 9, 10, 11, 12, 13, 14, 15]
[2, 2, 1, 3] ([12, 1, 3, 2]) -> [2, 2, 0, 3]
  can be raw ops [10, 11, 12, 13, 14, 15]
[2, 0, 1, 2] ([11, 0, 3, 2]) -> [2, 0, 1, 2]
  can be raw ops [15]
[0, 2, 2, 1] ([2, 0, 0, 3]) -> [0, 2, 2, 0]
  can be raw ops [0, 1, 2, 3, 4, 5, 6, 7, 8, 9, 10, 11, 12]
[2, 3, 1, 1] ([5, 3, 1, 0]) -> [1, 3, 1, 1]
  can be raw ops [3, 4, 5, 7, 8, 13, 14]
[0, 2, 1, 1] ([8, 2, 3, 3]) -> [0, 2, 1, 2]
  can be raw ops [0, 9]
[3, 1, 2, 1] ([14, 3, 2, 2]) -> [3, 1, 1, 1]
  can be raw ops [8, 10]
[1, 2, 1, 3] ([13, 3, 2, 3]) -> [1, 2, 1, 0]
  can be raw ops [13, 14, 15]
[2, 3, 1, 2] ([11, 0, 3, 1]) -> [2, 1, 1, 2]
  can be raw ops [15]
[3, 1, 1, 2] ([10, 2, 1, 3]) -> [3, 1, 1, 2]
  can be raw ops [0, 1, 9]
[2, 1, 2, 2] ([11, 0, 3, 1]) -> [2, 1, 2, 2]
  can be raw ops [15]
[1, 1, 3, 1] ([6, 1, 2, 0]) -> [0, 1, 3, 1]
  can be raw ops [5, 10, 11, 12, 13, 14, 15]
[0, 2, 0, 0] ([2, 0, 0, 3]) -> [0, 2, 0, 0]
  can be raw ops [0, 1, 2, 3, 4, 5, 6, 7, 8, 9, 10, 11, 12]
[2, 3, 2, 1] ([3, 0, 2, 1]) -> [2, 1, 2, 1]
  can be raw ops [14, 15]
[3, 1, 1, 3] ([12, 1, 3, 1]) -> [3, 0, 1, 3]
  can be raw ops [10, 11, 12, 13, 14, 15]
[0, 1, 0, 3] ([13, 3, 1, 1]) -> [0, 0, 0, 3]
  can be raw ops [13, 14, 15]
[0, 3, 1, 2] ([2, 0, 0, 0]) -> [0, 3, 1, 2]
  can be raw ops [0, 1, 2, 3, 4, 5, 6, 7, 8, 9, 10, 11, 12]
[2, 2, 2, 0] ([7, 2, 1, 3]) -> [2, 2, 2, 1]
  can be raw ops [11, 13, 15]
[2, 1, 1, 1] ([9, 1, 0, 1]) -> [2, 0, 1, 1]
  can be raw ops [3, 4, 5, 10, 12, 13, 14, 15]
[1, 1, 3, 3] ([6, 1, 2, 2]) -> [1, 1, 0, 3]
  can be raw ops [5, 10, 11, 12, 13, 14, 15]
[3, 2, 1, 1] ([8, 2, 3, 3]) -> [3, 2, 1, 2]
  can be raw ops [0, 9]
[0, 2, 2, 1] ([14, 3, 2, 0]) -> [1, 2, 2, 1]
  can be raw ops [8, 10]
[3, 3, 3, 1] ([15, 3, 3, 1]) -> [3, 0, 3, 1]
  can be raw ops [11, 12, 13, 14]
[2, 3, 0, 2] ([11, 0, 3, 0]) -> [1, 3, 0, 2]
  can be raw ops [15]
[2, 2, 2, 2] ([7, 2, 0, 1]) -> [2, 1, 2, 2]
  can be raw ops [11, 13, 15]
[1, 1, 1, 1] ([8, 2, 0, 0]) -> [2, 1, 1, 1]
  can be raw ops [0, 9]
[2, 1, 1, 1] ([9, 1, 0, 0]) -> [0, 1, 1, 1]
  can be raw ops [3, 4, 5, 10, 12, 13, 14, 15]
[2, 2, 3, 3] ([7, 3, 2, 2]) -> [2, 2, 1, 3]
  can be raw ops [11, 13, 15]
[2, 1, 3, 3] ([6, 1, 2, 3]) -> [2, 1, 3, 0]
  can be raw ops [5, 10, 11, 12, 13, 14, 15]
[0, 3, 0, 3] ([13, 3, 3, 1]) -> [0, 1, 0, 3]
  can be raw ops [13, 14, 15]
[2, 1, 3, 1] ([9, 1, 0, 0]) -> [0, 1, 3, 1]
  can be raw ops [3, 4, 5, 10, 12, 13, 14, 15]
[0, 1, 2, 2] ([2, 0, 0, 2]) -> [0, 1, 0, 2]
  can be raw ops [0, 1, 2, 3, 4, 5, 6, 7, 8, 9, 10, 11, 12]
[2, 3, 1, 3] ([12, 2, 3, 0]) -> [0, 3, 1, 3]
  can be raw ops [10, 11, 12, 13, 14, 15]
[2, 1, 1, 0] ([9, 1, 0, 2]) -> [2, 1, 0, 0]
  can be raw ops [3, 4, 5, 10, 12, 13, 14, 15]
[0, 1, 0, 3] ([13, 0, 0, 3]) -> [0, 1, 0, 1]
  can be raw ops [13, 14, 15]
[0, 1, 2, 3] ([13, 3, 2, 2]) -> [0, 1, 0, 3]
  can be raw ops [13, 14, 15]
[3, 0, 3, 3] ([3, 0, 3, 1]) -> [3, 1, 3, 3]
  can be raw ops [14, 15]
[2, 1, 2, 1] ([9, 1, 0, 1]) -> [2, 0, 2, 1]
  can be raw ops [3, 4, 5, 10, 12, 13, 14, 15]
[1, 1, 1, 2] ([10, 2, 1, 3]) -> [1, 1, 1, 2]
  can be raw ops [0, 1, 9]
[0, 0, 2, 1] ([14, 3, 2, 0]) -> [1, 0, 2, 1]
  can be raw ops [8, 10]
[3, 3, 3, 1] ([5, 3, 1, 1]) -> [3, 1, 3, 1]
  can be raw ops [3, 4, 5, 7, 8, 13, 14]
[3, 0, 2, 0] ([13, 2, 2, 2]) -> [3, 0, 1, 0]
  can be raw ops [13, 14, 15]
[2, 0, 2, 1] ([0, 3, 1, 0]) -> [1, 0, 2, 1]
  can be raw ops [0, 3, 5, 6, 7, 8, 10, 12, 14]
[1, 0, 2, 3] ([1, 0, 2, 0]) -> [0, 0, 2, 3]
  can be raw ops [4, 5, 9, 10, 11, 12, 13, 14, 15]
[0, 0, 2, 3] ([12, 2, 3, 1]) -> [0, 0, 2, 3]
  can be raw ops [10, 11, 12, 13, 14, 15]
[3, 1, 3, 3] ([7, 3, 0, 0]) -> [1, 1, 3, 3]
  can be raw ops [11, 13, 15]
[3, 0, 0, 3] ([3, 0, 3, 3]) -> [3, 0, 0, 1]
  can be raw ops [14, 15]
[2, 3, 1, 2] ([11, 0, 3, 0]) -> [1, 3, 1, 2]
  can be raw ops [15]
[3, 1, 3, 3] ([7, 3, 2, 3]) -> [3, 1, 3, 1]
  can be raw ops [11, 13, 15]
[2, 0, 0, 2] ([11, 0, 3, 3]) -> [2, 0, 0, 1]
  can be raw ops [15]
[3, 3, 0, 1] ([5, 3, 1, 2]) -> [3, 3, 1, 1]
  can be raw ops [3, 4, 5, 7, 8, 13, 14]
[2, 1, 2, 1] ([14, 3, 2, 1]) -> [2, 1, 2, 1]
  can be raw ops [8, 10]
[2, 0, 3, 2] ([15, 3, 3, 2]) -> [2, 0, 0, 2]
  can be raw ops [11, 12, 13, 14]
[1, 1, 3, 3] ([3, 2, 3, 0]) -> [1, 1, 3, 3]
  can be raw ops [14, 15]
[3, 0, 0, 3] ([7, 3, 0, 3]) -> [3, 0, 0, 1]
  can be raw ops [11, 13, 15]
[2, 1, 3, 0] ([9, 1, 0, 2]) -> [2, 1, 0, 0]
  can be raw ops [3, 4, 5, 10, 12, 13, 14, 15]
[0, 3, 3, 0] ([2, 0, 0, 0]) -> [0, 3, 3, 0]
  can be raw ops [0, 1, 2, 3, 4, 5, 6, 7, 8, 9, 10, 11, 12]
[1, 0, 1, 1] ([0, 2, 1, 1]) -> [1, 1, 1, 1]
  can be raw ops [0, 3, 5, 6, 7, 8, 10, 12, 14]
[1, 1, 2, 1] ([4, 1, 2, 0]) -> [0, 1, 2, 1]
  can be raw ops [4, 5, 10, 11, 12, 13, 14, 15]
[0, 0, 2, 3] ([2, 0, 0, 2]) -> [0, 0, 0, 3]
  can be raw ops [0, 1, 2, 3, 4, 5, 6, 7, 8, 9, 10, 11, 12]
[1, 1, 1, 3] ([13, 3, 1, 1]) -> [1, 0, 1, 3]
  can be raw ops [13, 14, 15]
[2, 1, 1, 2] ([10, 2, 1, 2]) -> [2, 1, 2, 2]
  can be raw ops [0, 1, 9]
[0, 2, 1, 1] ([2, 0, 0, 1]) -> [0, 0, 1, 1]
  can be raw ops [0, 1, 2, 3, 4, 5, 6, 7, 8, 9, 10, 11, 12]
[2, 1, 2, 3] ([4, 1, 2, 0]) -> [0, 1, 2, 3]
  can be raw ops [4, 5, 10, 11, 12, 13, 14, 15]
[3, 2, 1, 1] ([15, 2, 3, 1]) -> [3, 0, 1, 1]
  can be raw ops [11, 12, 13, 14]
[3, 0, 3, 3] ([3, 0, 3, 0]) -> [1, 0, 3, 3]
  can be raw ops [14, 15]
[1, 2, 2, 1] ([1, 0, 2, 2]) -> [1, 2, 0, 1]
  can be raw ops [4, 5, 9, 10, 11, 12, 13, 14, 15]
[3, 3, 2, 3] ([3, 0, 3, 2]) -> [3, 3, 1, 3]
  can be raw ops [14, 15]
[2, 1, 0, 1] ([9, 1, 0, 2]) -> [2, 1, 0, 1]
  can be raw ops [3, 4, 5, 10, 12, 13, 14, 15]
[2, 1, 0, 1] ([9, 1, 0, 1]) -> [2, 0, 0, 1]
  can be raw ops [3, 4, 5, 10, 12, 13, 14, 15]
[1, 2, 2, 1] ([1, 0, 2, 0]) -> [0, 2, 2, 1]
  can be raw ops [4, 5, 9, 10, 11, 12, 13, 14, 15]
[3, 1, 3, 2] ([6, 1, 2, 0]) -> [0, 1, 3, 2]
  can be raw ops [5, 10, 11, 12, 13, 14, 15]
[0, 2, 2, 1] ([14, 3, 2, 2]) -> [0, 2, 1, 1]
  can be raw ops [8, 10]
[1, 2, 2, 3] ([1, 0, 2, 3]) -> [1, 2, 2, 0]
  can be raw ops [4, 5, 9, 10, 11, 12, 13, 14, 15]
[0, 1, 1, 2] ([0, 1, 0, 3]) -> [0, 1, 1, 1]
  can be raw ops [0, 1, 6, 7, 8, 9, 10, 11, 12]
[1, 3, 1, 1] ([5, 3, 1, 1]) -> [1, 1, 1, 1]
  can be raw ops [3, 4, 5, 7, 8, 13, 14]
[2, 1, 3, 1] ([15, 3, 3, 2]) -> [2, 1, 0, 1]
  can be raw ops [11, 12, 13, 14]
[2, 1, 1, 3] ([10, 2, 1, 3]) -> [2, 1, 1, 2]
  can be raw ops [0, 1, 9]
[0, 1, 1, 0] ([2, 0, 0, 3]) -> [0, 1, 1, 0]
  can be raw ops [0, 1, 2, 3, 4, 5, 6, 7, 8, 9, 10, 11, 12]
[1, 1, 3, 2] ([6, 1, 2, 3]) -> [1, 1, 3, 0]
  can be raw ops [5, 10, 11, 12, 13, 14, 15]
[2, 1, 1, 2] ([10, 2, 1, 3]) -> [2, 1, 1, 2]
  can be raw ops [0, 1, 9]
[1, 2, 1, 3] ([13, 3, 3, 3]) -> [1, 2, 1, 1]
  can be raw ops [13, 14, 15]
[1, 0, 1, 3] ([8, 2, 0, 1]) -> [1, 2, 1, 3]
  can be raw ops [0, 9]
[3, 3, 2, 2] ([13, 2, 2, 2]) -> [3, 3, 1, 2]
  can be raw ops [13, 14, 15]
[3, 1, 2, 0] ([13, 2, 2, 0]) -> [1, 1, 2, 0]
  can be raw ops [13, 14, 15]
[0, 1, 3, 2] ([6, 1, 2, 3]) -> [0, 1, 3, 0]
  can be raw ops [5, 10, 11, 12, 13, 14, 15]
[1, 0, 2, 3] ([0, 0, 1, 2]) -> [1, 0, 1, 3]
  can be raw ops [0, 3, 5, 6, 7, 8, 12, 13, 14]
[0, 2, 0, 2] ([15, 3, 3, 3]) -> [0, 2, 0, 0]
  can be raw ops [11, 12, 13, 14]
[2, 1, 2, 2] ([3, 0, 2, 3]) -> [2, 1, 2, 1]
  can be raw ops [14, 15]
[2, 1, 3, 2] ([11, 0, 3, 3]) -> [2, 1, 3, 1]
  can be raw ops [15]
[2, 2, 2, 2] ([7, 2, 0, 3]) -> [2, 2, 2, 1]
  can be raw ops [11, 13, 15]
[2, 1, 0, 0] ([9, 1, 0, 2]) -> [2, 1, 0, 0]
  can be raw ops [3, 4, 5, 10, 12, 13, 14, 15]
[1, 1, 3, 2] ([15, 3, 3, 1]) -> [1, 0, 3, 2]
  can be raw ops [11, 12, 13, 14]
[3, 0, 1, 2] ([15, 3, 3, 2]) -> [3, 0, 0, 2]
  can be raw ops [11, 12, 13, 14]
[0, 2, 1, 3] ([12, 2, 3, 0]) -> [0, 2, 1, 3]
  can be raw ops [10, 11, 12, 13, 14, 15]
[3, 2, 2, 1] ([7, 2, 1, 1]) -> [3, 1, 2, 1]
  can be raw ops [11, 13, 15]
[0, 2, 0, 1] ([2, 0, 0, 3]) -> [0, 2, 0, 0]
  can be raw ops [0, 1, 2, 3, 4, 5, 6, 7, 8, 9, 10, 11, 12]
[0, 0, 2, 1] ([14, 3, 2, 3]) -> [0, 0, 2, 1]
  can be raw ops [8, 10]
[2, 0, 0, 1] ([0, 3, 1, 2]) -> [2, 0, 1, 1]
  can be raw ops [0, 3, 5, 6, 7, 8, 10, 12, 14]
[3, 1, 1, 1] ([8, 2, 3, 1]) -> [3, 2, 1, 1]
  can be raw ops [0, 9]
[1, 2, 2, 1] ([14, 3, 2, 1]) -> [1, 1, 2, 1]
  can be raw ops [8, 10]
[0, 1, 2, 2] ([4, 1, 2, 2]) -> [0, 1, 0, 2]
  can be raw ops [4, 5, 10, 11, 12, 13, 14, 15]
[2, 2, 0, 2] ([11, 0, 3, 1]) -> [2, 1, 0, 2]
  can be raw ops [15]
[0, 1, 0, 2] ([15, 3, 3, 3]) -> [0, 1, 0, 0]
  can be raw ops [11, 12, 13, 14]
[0, 0, 0, 1] ([13, 0, 0, 0]) -> [1, 0, 0, 1]
  can be raw ops [13, 14, 15]
[2, 0, 1, 1] ([0, 2, 1, 1]) -> [2, 1, 1, 1]
  can be raw ops [0, 3, 5, 6, 7, 8, 10, 12, 14]
[1, 0, 2, 3] ([0, 0, 1, 0]) -> [1, 0, 2, 3]
  can be raw ops [0, 3, 5, 6, 7, 8, 12, 13, 14]
[2, 1, 1, 1] ([15, 2, 3, 2]) -> [2, 1, 0, 1]
  can be raw ops [11, 12, 13, 14]
[0, 0, 1, 1] ([15, 2, 3, 3]) -> [0, 0, 1, 0]
  can be raw ops [11, 12, 13, 14]
[1, 1, 3, 3] ([13, 3, 1, 2]) -> [1, 1, 0, 3]
  can be raw ops [13, 14, 15]
[0, 0, 0, 3] ([2, 0, 0, 2]) -> [0, 0, 0, 3]
  can be raw ops [0, 1, 2, 3, 4, 5, 6, 7, 8, 9, 10, 11, 12]
[1, 0, 1, 3] ([8, 2, 0, 0]) -> [2, 0, 1, 3]
  can be raw ops [0, 9]
[3, 0, 0, 3] ([3, 0, 3, 0]) -> [1, 0, 0, 3]
  can be raw ops [14, 15]
[0, 1, 3, 3] ([6, 1, 2, 3]) -> [0, 1, 3, 0]
  can be raw ops [5, 10, 11, 12, 13, 14, 15]
[1, 1, 1, 2] ([10, 2, 1, 1]) -> [1, 2, 1, 2]
  can be raw ops [0, 1, 9]
[1, 2, 2, 1] ([13, 2, 2, 0]) -> [1, 2, 2, 1]
  can be raw ops [13, 14, 15]
[2, 1, 0, 3] ([9, 1, 0, 0]) -> [0, 1, 0, 3]
  can be raw ops [3, 4, 5, 10, 12, 13, 14, 15]
[3, 3, 2, 1] ([5, 3, 1, 2]) -> [3, 3, 1, 1]
  can be raw ops [3, 4, 5, 7, 8, 13, 14]
[3, 3, 3, 1] ([5, 3, 1, 2]) -> [3, 3, 1, 1]
  can be raw ops [3, 4, 5, 7, 8, 13, 14]
[2, 1, 0, 0] ([9, 1, 0, 0]) -> [0, 1, 0, 0]
  can be raw ops [3, 4, 5, 10, 12, 13, 14, 15]
[0, 0, 2, 0] ([13, 0, 0, 2]) -> [0, 0, 1, 0]
  can be raw ops [13, 14, 15]
[2, 1, 3, 2] ([6, 1, 2, 1]) -> [2, 0, 3, 2]
  can be raw ops [5, 10, 11, 12, 13, 14, 15]
[2, 1, 3, 2] ([11, 0, 3, 2]) -> [2, 1, 1, 2]
  can be raw ops [15]
[0, 1, 2, 0] ([13, 2, 2, 2]) -> [0, 1, 1, 0]
  can be raw ops [13, 14, 15]
[0, 1, 0, 1] ([15, 3, 3, 2]) -> [0, 1, 0, 1]
  can be raw ops [11, 12, 13, 14]
[2, 2, 3, 1] ([7, 2, 3, 3]) -> [2, 2, 3, 0]
  can be raw ops [11, 13, 15]
[0, 3, 3, 1] ([5, 3, 1, 2]) -> [0, 3, 1, 1]
  can be raw ops [3, 4, 5, 7, 8, 13, 14]
[0, 1, 0, 0] ([0, 1, 0, 2]) -> [0, 1, 1, 0]
  can be raw ops [0, 1, 6, 7, 8, 9, 10, 11, 12]
[1, 0, 2, 2] ([0, 0, 1, 0]) -> [1, 0, 2, 2]
  can be raw ops [0, 3, 5, 6, 7, 8, 12, 13, 14]
[1, 1, 1, 1] ([10, 2, 1, 2]) -> [1, 1, 2, 1]
  can be raw ops [0, 1, 9]
[0, 1, 3, 3] ([0, 1, 0, 3]) -> [0, 1, 3, 1]
  can be raw ops [0, 1, 6, 7, 8, 9, 10, 11, 12]
[2, 3, 1, 1] ([8, 2, 3, 3]) -> [2, 3, 1, 2]
  can be raw ops [0, 9]
[0, 0, 2, 1] ([2, 0, 0, 2]) -> [0, 0, 0, 1]
  can be raw ops [0, 1, 2, 3, 4, 5, 6, 7, 8, 9, 10, 11, 12]
[2, 1, 3, 0] ([9, 1, 0, 3]) -> [2, 1, 3, 0]
  can be raw ops [3, 4, 5, 10, 12, 13, 14, 15]
[1, 3, 3, 1] ([5, 3, 1, 0]) -> [1, 3, 3, 1]
  can be raw ops [3, 4, 5, 7, 8, 13, 14]
[2, 1, 1, 1] ([10, 2, 1, 0]) -> [2, 1, 1, 1]
  can be raw ops [0, 1, 9]
[1, 3, 1, 3] ([8, 2, 0, 0]) -> [2, 3, 1, 3]
  can be raw ops [0, 9]
[1, 1, 1, 0] ([8, 2, 0, 3]) -> [1, 1, 1, 2]
  can be raw ops [0, 9]
[1, 0, 3, 3] ([3, 2, 3, 2]) -> [1, 0, 1, 3]
  can be raw ops [14, 15]
[2, 1, 3, 3] ([12, 1, 3, 1]) -> [2, 0, 3, 3]
  can be raw ops [10, 11, 12, 13, 14, 15]
[2, 2, 2, 0] ([7, 2, 0, 3]) -> [2, 2, 2, 1]
  can be raw ops [11, 13, 15]
[0, 0, 1, 1] ([8, 2, 3, 1]) -> [0, 2, 1, 1]
  can be raw ops [0, 9]
588 of 776 samples
[[0, 1, 2, 3, 4, 5, 6, 7, 8, 9, 10, 11, 12, 13, 14, 15], [0, 1, 2, 3, 4, 5, 6, 7, 8, 9, 10, 11, 12, 13, 14, 15], [0, 1, 2, 3, 4, 5, 6, 7, 8, 9, 10, 11, 12, 13, 14, 15], [0, 1, 2, 3, 4, 5, 6, 7, 8, 9, 10, 11, 12, 13, 14, 15], [0, 1, 2, 3, 4, 5, 6, 7, 8, 9, 10, 11, 12, 13, 14, 15], [0, 1, 2, 3, 4, 5, 6, 7, 8, 9, 10, 11, 12, 13, 14, 15], [0, 1, 2, 3, 4, 5, 6, 7, 8, 9, 10, 11, 12, 13, 14, 15], [0, 1, 2, 3, 4, 5, 6, 7, 8, 9, 10, 11, 12, 13, 14, 15], [0, 1, 2, 3, 4, 5, 6, 7, 8, 9, 10, 11, 12, 13, 14, 15], [0, 1, 2, 3, 4, 5, 6, 7, 8, 9, 10, 11, 12, 13, 14, 15], [0, 1, 2, 3, 4, 5, 6, 7, 8, 9, 10, 11, 12, 13, 14, 15], [0, 1, 2, 3, 4, 5, 6, 7, 8, 9, 10, 11, 12, 13, 14, 15], [0, 1, 2, 3, 4, 5, 6, 7, 8, 9, 10, 11, 12, 13, 14, 15], [0, 1, 2, 3, 4, 5, 6, 7, 8, 9, 10, 11, 12, 13, 14, 15], [0, 1, 2, 3, 4, 5, 6, 7, 8, 9, 10, 11, 12, 13, 14, 15], [0, 1, 2, 3, 4, 5, 6, 7, 8, 9, 10, 11, 12, 13, 14, 15]]
