[2, 0, 2, 2] ([3, 0, 2, 1]) -> [2, 1, 2, 2]
  can be raw ops [14, 15]
[3, 0, 3, 3] ([3, 2, 3, 2]) -> [3, 0, 1, 3]
  can be raw ops [14, 15]
[2, 0, 1, 0] ([0, 2, 1, 3]) -> [2, 0, 1, 1]
  can be raw ops [0, 3, 5, 6, 7, 8, 10, 12, 14]
[3, 0, 2, 1] ([0, 3, 1, 0]) -> [1, 0, 2, 1]
  can be raw ops [0, 3, 5, 6, 7, 8, 10, 12, 14]
[1, 1, 2, 3] ([4, 1, 2, 0]) -> [0, 1, 2, 3]
  can be raw ops [4, 5, 10, 11, 12, 13, 14, 15]
[2, 1, 2, 3] ([9, 1, 0, 0]) -> [0, 1, 2, 3]
  can be raw ops [3, 4, 5, 10, 12, 13, 14, 15]
[2, 1, 2, 3] ([12, 1, 3, 3]) -> [2, 1, 2, 0]
  can be raw ops [10, 11, 12, 13, 14, 15]
[2, 2, 1, 3] ([12, 2, 3, 1]) -> [2, 0, 1, 3]
  can be raw ops [10, 11, 12, 13, 14, 15]
[1, 3, 3, 1] ([5, 3, 1, 3]) -> [1, 3, 3, 1]
  can be raw ops [3, 4, 5, 7, 8, 13, 14]
[1, 1, 3, 2] ([15, 3, 3, 3]) -> [1, 1, 3, 0]
  can be raw ops [11, 12, 13, 14]
[2, 1, 1, 3] ([9, 1, 0, 1]) -> [2, 0, 1, 3]
  can be raw ops [3, 4, 5, 10, 12, 13, 14, 15]
[0, 3, 1, 1] ([5, 3, 1, 1]) -> [0, 1, 1, 1]
  can be raw ops [3, 4, 5, 7, 8, 13, 14]
[2, 3, 2, 1] ([3, 0, 2, 2]) -> [2, 3, 1, 1]
  can be raw ops [14, 15]
[0, 2, 2, 1] ([7, 2, 1, 3]) -> [0, 2, 2, 1]
  can be raw ops [11, 13, 15]
[2, 2, 1, 3] ([13, 3, 1, 1]) -> [2, 0, 1, 3]
  can be raw ops [13, 14, 15]
[0, 0, 1, 2] ([0, 2, 1, 2]) -> [0, 0, 1, 2]
  can be raw ops [0, 3, 5, 6, 7, 8, 10, 12, 14]
[0, 1, 2, 1] ([4, 1, 2, 1]) -> [0, 0, 2, 1]
  can be raw ops [4, 5, 10, 11, 12, 13, 14, 15]
[3, 1, 1, 2] ([10, 2, 1, 1]) -> [3, 2, 1, 2]
  can be raw ops [0, 1, 9]
[2, 2, 0, 2] ([11, 0, 3, 3]) -> [2, 2, 0, 1]
  can be raw ops [15]
[1, 1, 2, 0] ([1, 0, 2, 0]) -> [0, 1, 2, 0]
  can be raw ops [4, 5, 9, 10, 11, 12, 13, 14]
[2, 1, 2, 2] ([9, 1, 0, 0]) -> [0, 1, 2, 2]
  can be raw ops [3, 4, 5, 10, 12, 13, 14]
[2, 1, 2, 1] ([9, 1, 0, 2]) -> [2, 1, 0, 1]
  can be raw ops [3, 4, 5, 10, 12, 13, 14]
[2, 1, 2, 2] ([9, 1, 0, 1]) -> [2, 0, 2, 2]
  can be raw ops [3, 4, 5, 10, 12, 13, 14]
[0, 1, 3, 3] ([12, 1, 3, 2]) -> [0, 1, 0, 3]
  can be raw ops [10, 11, 12, 13, 14]
[2, 1, 2, 0] ([4, 1, 2, 0]) -> [0, 1, 2, 0]
  can be raw ops [4, 5, 10, 11, 12, 13, 14]
[0, 1, 3, 3] ([3, 2, 3, 3]) -> [0, 1, 3, 1]
  can be raw ops [14]
[3, 0, 3, 3] ([3, 2, 3, 0]) -> [1, 0, 3, 3]
  can be raw ops [14]
[0, 3, 3, 3] ([13, 3, 3, 1]) -> [0, 1, 3, 3]
  can be raw ops [13]
[0, 3, 2, 1] ([14, 3, 2, 2]) -> [0, 3, 1, 1]
  can be raw ops [8, 10]
[0, 2, 0, 3] ([13, 0, 0, 3]) -> [0, 2, 0, 1]
  can be raw ops [13]
[1, 3, 2, 1] ([5, 3, 1, 1]) -> [1, 1, 2, 1]
  can be raw ops [3, 4, 5, 7, 8]
[2, 2, 1, 1] ([8, 2, 3, 2]) -> [2, 2, 2, 1]
  can be raw ops [0, 9]
[1, 0, 2, 3] ([1, 0, 2, 1]) -> [1, 0, 2, 3]
  can be raw ops [4, 5, 9, 10, 11, 12]
[0, 2, 3, 3] ([3, 2, 3, 3]) -> [0, 2, 3, 1]
  can be raw ops [14]
[1, 2, 1, 2] ([8, 2, 0, 3]) -> [1, 2, 1, 2]
  can be raw ops [0, 9]
[3, 2, 2, 3] ([3, 0, 3, 3]) -> [3, 2, 2, 1]
  can be raw ops [14]
[2, 1, 3, 1] ([9, 1, 0, 1]) -> [2, 0, 3, 1]
  can be raw ops [3, 4, 5, 10, 12]
[2, 0, 2, 1] ([14, 3, 2, 1]) -> [2, 1, 2, 1]
  can be raw ops [8, 10]
[0, 1, 0, 0] ([2, 0, 0, 0]) -> [0, 1, 0, 0]
  can be raw ops [0, 1, 2, 3, 4, 5, 6, 7, 8, 9, 10, 11, 12]
[1, 0, 1, 1] ([15, 2, 3, 0]) -> [0, 0, 1, 1]
  can be raw ops [11, 12]
[2, 0, 1, 1] ([8, 2, 3, 1]) -> [2, 2, 1, 1]
  can be raw ops [0, 9]
[1, 3, 2, 0] ([1, 0, 2, 1]) -> [1, 0, 2, 0]
  can be raw ops [4, 5, 9, 10, 11, 12]
[0, 0, 1, 0] ([0, 2, 1, 3]) -> [0, 0, 1, 1]
  can be raw ops [0, 3, 5, 6, 7, 8, 10, 12]
[1, 3, 2, 0] ([1, 0, 2, 3]) -> [1, 3, 2, 0]
  can be raw ops [4, 5, 9, 10, 11, 12]
[2, 1, 1, 0] ([9, 1, 0, 3]) -> [2, 1, 1, 0]
  can be raw ops [3, 4, 5, 10, 12]
[1, 1, 2, 1] ([1, 0, 2, 0]) -> [0, 1, 2, 1]
  can be raw ops [4, 5, 9, 10, 11, 12]
[3, 1, 1, 1] ([10, 2, 1, 2]) -> [3, 1, 2, 1]
  can be raw ops [0, 1, 9]
[1, 1, 2, 1] ([1, 0, 2, 2]) -> [1, 1, 0, 1]
  can be raw ops [4, 5, 9, 10, 11, 12]
[0, 3, 2, 1] ([14, 3, 2, 3]) -> [0, 3, 2, 1]
  can be raw ops [8, 10]
[1, 3, 2, 1] ([14, 3, 2, 0]) -> [1, 3, 2, 1]
  can be raw ops [8, 10]
[2, 0, 2, 2] ([13, 2, 2, 3]) -> [2, 0, 2, 1]
  can be raw ops [13]
[2, 3, 3, 2] ([11, 0, 3, 0]) -> [1, 3, 3, 2]
  can be raw ops [15]
[2, 2, 2, 3] ([3, 0, 2, 0]) -> [1, 2, 2, 3]
  can be raw ops [14]
[2, 2, 2, 2] ([11, 0, 3, 1]) -> [2, 1, 2, 2]
  can be raw ops [15]
[1, 1, 2, 0] ([4, 1, 2, 3]) -> [1, 1, 2, 0]
  can be raw ops [4, 5, 10, 11, 12]
[1, 2, 2, 0] ([1, 0, 2, 0]) -> [0, 2, 2, 0]
  can be raw ops [4, 5, 9, 10, 11, 12]
[0, 1, 0, 0] ([0, 1, 0, 0]) -> [1, 1, 0, 0]
  can be raw ops [0, 6, 7, 8, 10, 12]
[0, 2, 0, 2] ([15, 3, 3, 2]) -> [0, 2, 0, 2]
  can be raw ops [11, 12]
[2, 1, 2, 3] ([7, 2, 0, 0]) -> [1, 1, 2, 3]
  can be raw ops [11]
[0, 0, 0, 3] ([2, 0, 0, 0]) -> [0, 0, 0, 3]
  can be raw ops [0, 1, 2, 3, 4, 5, 6, 7, 8, 9, 10, 12]
[1, 3, 1, 1] ([8, 2, 0, 1]) -> [1, 2, 1, 1]
  can be raw ops [0, 9]
[2, 1, 1, 1] ([8, 2, 3, 2]) -> [2, 1, 2, 1]
  can be raw ops [0, 9]
[3, 1, 3, 3] ([3, 0, 3, 0]) -> [1, 1, 3, 3]
  can be raw ops [14]
[2, 0, 1, 2] ([11, 0, 3, 3]) -> [2, 0, 1, 1]
  can be raw ops [15]
[1, 0, 0, 0] ([0, 0, 1, 0]) -> [1, 0, 0, 0]
  can be raw ops [0, 6, 7, 8, 12]
[0, 3, 2, 1] ([5, 3, 1, 1]) -> [0, 1, 2, 1]
  can be raw ops [3, 4, 5, 7, 8]
[0, 1, 2, 1] ([14, 3, 2, 0]) -> [1, 1, 2, 1]
  can be raw ops [8, 10]
[1, 2, 1, 1] ([8, 2, 0, 2]) -> [1, 2, 2, 1]
  can be raw ops [0, 9]
[0, 3, 1, 3] ([12, 2, 3, 1]) -> [0, 0, 1, 3]
  can be raw ops [10, 12]
[2, 1, 1, 0] ([10, 2, 1, 2]) -> [2, 1, 2, 0]
  can be raw ops [0, 1, 9]
[1, 3, 1, 0] ([8, 2, 0, 3]) -> [1, 3, 1, 2]
  can be raw ops [0, 9]
[1, 3, 1, 2] ([15, 3, 3, 0]) -> [0, 3, 1, 2]
  can be raw ops [12]
[0, 0, 1, 3] ([2, 0, 0, 1]) -> [0, 0, 1, 3]
  can be raw ops [0, 1, 2, 3, 4, 5, 6, 7, 8, 9, 10]
[2, 1, 0, 2] ([15, 3, 3, 3]) -> [2, 1, 0, 0]
  can be raw ops [12]
[2, 1, 0, 0] ([9, 1, 0, 1]) -> [2, 0, 0, 0]
  can be raw ops [3, 4, 5, 10]
[1, 0, 3, 0] ([0, 0, 1, 0]) -> [1, 0, 3, 0]
  can be raw ops [0, 6, 7, 8]
[3, 0, 3, 1] ([15, 3, 3, 0]) -> [0, 0, 3, 1]
  can be raw ops [12]
[3, 1, 0, 3] ([7, 3, 0, 0]) -> [1, 1, 0, 3]
  can be raw ops [11]
[2, 3, 2, 1] ([7, 2, 0, 0]) -> [1, 3, 2, 1]
  can be raw ops [11]
[2, 2, 2, 2] ([11, 0, 3, 3]) -> [2, 2, 2, 1]
  can be raw ops [15]
[0, 0, 2, 2] ([2, 0, 0, 0]) -> [0, 0, 2, 2]
  can be raw ops [0, 1, 2, 3, 4, 5, 6, 7, 8, 9, 10]
[2, 3, 2, 2] ([11, 0, 3, 1]) -> [2, 1, 2, 2]
  can be raw ops [15]
[0, 1, 3, 2] ([6, 1, 2, 0]) -> [0, 1, 3, 2]
  can be raw ops [5, 10]
[2, 1, 1, 1] ([9, 1, 0, 2]) -> [2, 1, 0, 1]
  can be raw ops [3, 4, 5, 10]
[2, 1, 1, 2] ([10, 2, 1, 1]) -> [2, 2, 1, 2]
  can be raw ops [0, 1, 9]
[1, 1, 1, 1] ([10, 2, 1, 0]) -> [2, 1, 1, 1]
  can be raw ops [0, 1, 9]
[1, 0, 2, 0] ([1, 0, 2, 0]) -> [0, 0, 2, 0]
  can be raw ops [4, 5, 9, 10]
[2, 1, 1, 2] ([11, 0, 3, 0]) -> [1, 1, 1, 2]
  can be raw ops [15]
[2, 0, 1, 3] ([12, 2, 3, 0]) -> [0, 0, 1, 3]
  can be raw ops [10]
[1, 1, 2, 3] ([4, 1, 2, 2]) -> [1, 1, 0, 3]
  can be raw ops [4, 5]
[3, 2, 0, 3] ([12, 1, 3, 0]) -> [0, 2, 0, 3]
  can be raw ops [10]
[2, 0, 1, 3] ([13, 3, 3, 2]) -> [2, 0, 1, 3]
  can be raw ops [13]
[1, 3, 2, 3] ([12, 2, 3, 3]) -> [1, 3, 2, 0]
  can be raw ops [10]
[2, 1, 3, 3] ([9, 1, 0, 1]) -> [2, 0, 3, 3]
  can be raw ops [3, 4, 5]
[0, 3, 1, 1] ([8, 2, 3, 2]) -> [0, 3, 2, 1]
  can be raw ops [0, 9]
[2, 3, 1, 1] ([5, 3, 1, 3]) -> [2, 3, 1, 1]
  can be raw ops [3, 4, 5, 7, 8]
[2, 1, 3, 3] ([6, 1, 2, 2]) -> [2, 1, 0, 3]
  can be raw ops [5]
[2, 1, 3, 1] ([9, 1, 0, 3]) -> [2, 1, 3, 0]
  can be raw ops [3, 4]
[2, 0, 1, 2] ([0, 2, 1, 3]) -> [2, 0, 1, 1]
  can be raw ops [0, 6, 7, 8]
[2, 3, 0, 1] ([15, 3, 3, 0]) -> [0, 3, 0, 1]
  can be raw ops [12]
[2, 1, 2, 3] ([9, 1, 0, 1]) -> [2, 0, 2, 3]
  can be raw ops [3, 4]
[2, 1, 0, 0] ([9, 1, 0, 3]) -> [2, 1, 0, 0]
  can be raw ops [3, 4]
[1, 3, 2, 1] ([1, 0, 2, 0]) -> [0, 3, 2, 1]
  can be raw ops [4, 9]
[1, 1, 1, 2] ([8, 2, 0, 0]) -> [2, 1, 1, 2]
  can be raw ops [0, 9]
[2, 1, 1, 2] ([11, 0, 3, 1]) -> [2, 1, 1, 2]
  can be raw ops [15]
[0, 1, 2, 0] ([4, 1, 2, 0]) -> [0, 1, 2, 0]
  can be raw ops [4]
[1, 1, 2, 1] ([14, 3, 2, 1]) -> [1, 1, 2, 1]
  can be raw ops [8]
[0, 1, 1, 2] ([10, 2, 1, 1]) -> [0, 2, 1, 2]
  can be raw ops [0, 1, 9]
[1, 1, 0, 3] ([12, 1, 3, 1]) -> [1, 0, 0, 3]
  can be raw ops [10]
[3, 3, 2, 1] ([5, 3, 1, 1]) -> [3, 1, 2, 1]
  can be raw ops [3, 7]
[2, 2, 3, 3] ([13, 3, 3, 3]) -> [2, 2, 3, 1]
  can be raw ops [13]
[1, 3, 1, 1] ([8, 2, 3, 2]) -> [1, 3, 2, 1]
  can be raw ops [0, 9]
[2, 2, 2, 1] ([14, 3, 2, 0]) -> [1, 2, 2, 1]
  can be raw ops [8]
[0, 1, 3, 2] ([6, 1, 2, 1]) -> [0, 0, 3, 2]
  can be raw ops [5]
[3, 2, 2, 1] ([14, 3, 2, 0]) -> [1, 2, 2, 1]
  can be raw ops [8]
[1, 2, 3, 3] ([3, 2, 3, 3]) -> [1, 2, 3, 1]
  can be raw ops [14]
[0, 2, 2, 1] ([2, 0, 0, 1]) -> [0, 0, 2, 1]
  can be raw ops [0, 1, 2, 3, 6, 7, 9]
[0, 1, 2, 1] ([14, 3, 2, 1]) -> [0, 1, 2, 1]
  can be raw ops [8]
[2, 3, 0, 2] ([11, 0, 3, 1]) -> [2, 1, 0, 2]
  can be raw ops [15]
[3, 1, 3, 1] ([6, 1, 2, 1]) -> [3, 0, 3, 1]
  can be raw ops [5]
[3, 1, 1, 3] ([10, 2, 1, 3]) -> [3, 1, 1, 2]
  can be raw ops [0, 1, 9]
[3, 0, 2, 1] ([14, 3, 2, 0]) -> [1, 0, 2, 1]
  can be raw ops [8]
[0, 0, 1, 1] ([0, 3, 1, 1]) -> [0, 1, 1, 1]
  can be raw ops [0, 6, 7]
[1, 2, 1, 3] ([8, 2, 0, 0]) -> [2, 2, 1, 3]
  can be raw ops [0, 9]
[0, 1, 2, 0] ([0, 1, 0, 2]) -> [0, 1, 1, 0]
  can be raw ops [0, 6, 7]
[3, 1, 2, 3] ([4, 1, 2, 1]) -> [3, 0, 2, 3]
  can be raw ops [4]
[0, 3, 2, 1] ([14, 3, 2, 0]) -> [1, 3, 2, 1]
  can be raw ops [8]
[3, 2, 1, 3] ([13, 3, 3, 3]) -> [3, 2, 1, 1]
  can be raw ops [13]
[1, 1, 3, 1] ([6, 1, 2, 1]) -> [1, 0, 3, 1]
  can be raw ops [5]
[2, 0, 1, 2] ([11, 0, 3, 0]) -> [1, 0, 1, 2]
  can be raw ops [15]
[1, 2, 2, 1] ([14, 3, 2, 2]) -> [1, 2, 1, 1]
  can be raw ops [8]
[1, 3, 2, 1] ([1, 0, 2, 2]) -> [1, 3, 0, 1]
  can be raw ops [9]
[2, 0, 2, 2] ([7, 2, 0, 1]) -> [2, 1, 2, 2]
  can be raw ops [11]
[1, 1, 3, 0] ([6, 1, 2, 2]) -> [1, 1, 0, 0]
  can be raw ops [5]
[1, 2, 1, 0] ([8, 2, 0, 3]) -> [1, 2, 1, 2]
  can be raw ops [0]
[2, 1, 1, 3] ([9, 1, 0, 3]) -> [2, 1, 1, 0]
  can be raw ops [3]
[1, 1, 1, 0] ([10, 2, 1, 1]) -> [1, 2, 1, 0]
  can be raw ops [1]
[2, 1, 0, 2] ([9, 1, 0, 1]) -> [2, 0, 0, 2]
  can be raw ops [3]
[3, 3, 0, 1] ([5, 3, 1, 0]) -> [1, 3, 0, 1]
  can be raw ops [7]
[0, 0, 1, 2] ([0, 2, 1, 3]) -> [0, 0, 1, 1]
  can be raw ops [6]
[1, 1, 1, 1] ([8, 2, 3, 1]) -> [1, 2, 1, 1]
  can be raw ops [0]
[0, 0, 3, 3] ([2, 0, 0, 3]) -> [0, 0, 3, 0]
  can be raw ops [2]
[2, 2, 2, 2] ([3, 0, 2, 2]) -> [2, 2, 1, 2]
  can be raw ops [14]
[0, 1, 3, 1] ([6, 1, 2, 3]) -> [0, 1, 3, 0]
  can be raw ops [5]
[3, 3, 2, 1] ([5, 3, 1, 3]) -> [3, 3, 2, 1]
  can be raw ops [7]
[0, 3, 2, 3] ([13, 0, 0, 0]) -> [1, 3, 2, 3]
  can be raw ops [13]
[0, 3, 1, 1] ([5, 3, 1, 3]) -> [0, 3, 1, 1]
  can be raw ops [7]
[2, 1, 2, 1] ([4, 1, 2, 2]) -> [2, 1, 0, 1]
  can be raw ops [4]
[0, 1, 3, 3] ([6, 1, 2, 1]) -> [0, 0, 3, 3]
  can be raw ops [5]
[0, 1, 3, 3] ([7, 3, 2, 3]) -> [0, 1, 3, 1]
  can be raw ops [11]
[0, 3, 0, 1] ([5, 3, 1, 1]) -> [0, 1, 0, 1]
  can be raw ops [7]
[1, 3, 2, 3] ([1, 0, 2, 0]) -> [0, 3, 2, 3]
  can be raw ops [9]
[1, 2, 2, 3] ([12, 1, 3, 1]) -> [1, 0, 2, 3]
  can be raw ops [10]
[3, 1, 2, 2] ([4, 1, 2, 3]) -> [3, 1, 2, 0]
  can be raw ops [4]
[0, 3, 2, 3] ([13, 0, 0, 3]) -> [0, 3, 2, 1]
  can be raw ops [13]
[0, 3, 2, 2] ([13, 2, 2, 0]) -> [1, 3, 2, 2]
  can be raw ops [13]
[1, 1, 2, 3] ([1, 0, 2, 1]) -> [1, 0, 2, 3]
  can be raw ops [9]
[0, 2, 1, 2] ([15, 3, 3, 0]) -> [0, 2, 1, 2]
  can be raw ops [12]
[0, 1, 3, 3] ([13, 0, 0, 1]) -> [0, 1, 3, 3]
  can be raw ops [13]
[0, 2, 2, 1] ([2, 0, 0, 2]) -> [0, 2, 0, 1]
  can be raw ops [2]
[0, 1, 3, 2] ([2, 0, 0, 1]) -> [0, 0, 3, 2]
  can be raw ops [2]
[1, 3, 2, 1] ([1, 0, 2, 3]) -> [1, 3, 2, 0]
  can be raw ops [9]
[2, 2, 2, 3] ([12, 2, 3, 1]) -> [2, 0, 2, 3]
  can be raw ops [10]
[2, 1, 3, 3] ([7, 3, 2, 1]) -> [2, 1, 3, 3]
  can be raw ops [11]
[1, 1, 3, 2] ([6, 1, 2, 1]) -> [1, 0, 3, 2]
  can be raw ops [5]
[3, 1, 3, 0] ([6, 1, 2, 1]) -> [3, 0, 3, 0]
  can be raw ops [5]
[0, 3, 0, 3] ([2, 0, 0, 1]) -> [0, 0, 0, 3]
  can be raw ops [2]
[1, 0, 1, 3] ([0, 0, 1, 2]) -> [1, 0, 1, 3]
  can be raw ops [6]
[0, 1, 3, 0] ([6, 1, 2, 3]) -> [0, 1, 3, 0]
  can be raw ops [5]
[0, 3, 3, 1] ([5, 3, 1, 3]) -> [0, 3, 3, 1]
  can be raw ops [7]
[0, 0, 2, 1] ([0, 3, 1, 0]) -> [1, 0, 2, 1]
  can be raw ops [6]
[1, 1, 1, 0] ([10, 2, 1, 0]) -> [2, 1, 1, 0]
  can be raw ops [1]
[1, 3, 2, 0] ([1, 0, 2, 0]) -> [0, 3, 2, 0]
  can be raw ops [9]
[2, 1, 0, 3] ([12, 1, 3, 0]) -> [0, 1, 0, 3]
  can be raw ops [10]
[2, 0, 0, 2] ([11, 0, 3, 2]) -> [2, 0, 1, 2]
  can be raw ops [15]
[0, 1, 1, 1] ([15, 3, 3, 1]) -> [0, 0, 1, 1]
  can be raw ops [12]
[1, 1, 2, 0] ([4, 1, 2, 2]) -> [1, 1, 0, 0]
  can be raw ops [4]
[0, 3, 0, 1] ([2, 0, 0, 1]) -> [0, 0, 0, 1]
  can be raw ops [2]
[3, 1, 3, 1] ([6, 1, 2, 0]) -> [0, 1, 3, 1]
  can be raw ops [5]
[0, 2, 2, 2] ([2, 0, 0, 1]) -> [0, 0, 2, 2]
  can be raw ops [2]
[3, 0, 1, 3] ([0, 2, 1, 3]) -> [3, 0, 1, 1]
  can be raw ops [6]
[3, 2, 2, 0] ([7, 2, 1, 2]) -> [3, 2, 1, 0]
  can be raw ops [11]
[2, 1, 1, 3] ([13, 3, 2, 2]) -> [2, 1, 0, 3]
  can be raw ops [13]
[3, 1, 1, 1] ([10, 2, 1, 1]) -> [3, 2, 1, 1]
  can be raw ops [1]
[2, 2, 2, 0] ([3, 0, 2, 2]) -> [2, 2, 1, 0]
  can be raw ops [14]
[1, 3, 1, 0] ([8, 2, 0, 1]) -> [1, 2, 1, 0]
  can be raw ops [0]
[0, 1, 2, 2] ([4, 1, 2, 0]) -> [0, 1, 2, 2]
  can be raw ops [4]
[1, 2, 1, 2] ([8, 2, 0, 1]) -> [1, 2, 1, 2]
  can be raw ops [0]
[2, 0, 3, 2] ([11, 0, 3, 1]) -> [2, 1, 3, 2]
  can be raw ops [15]
[1, 2, 3, 1] ([15, 3, 3, 1]) -> [1, 0, 3, 1]
  can be raw ops [12]
[2, 1, 2, 0] ([4, 1, 2, 1]) -> [2, 0, 2, 0]
  can be raw ops [4]
[3, 1, 3, 3] ([7, 3, 2, 0]) -> [1, 1, 3, 3]
  can be raw ops [11]
[3, 0, 2, 3] ([12, 2, 3, 0]) -> [0, 0, 2, 3]
  can be raw ops [10]
[3, 1, 2, 0] ([4, 1, 2, 2]) -> [3, 1, 0, 0]
  can be raw ops [4]
[3, 3, 2, 1] ([14, 3, 2, 3]) -> [3, 3, 2, 1]
  can be raw ops [8]
[1, 1, 2, 1] ([1, 0, 2, 1]) -> [1, 0, 2, 1]
  can be raw ops [9]
[3, 3, 1, 1] ([8, 2, 3, 1]) -> [3, 2, 1, 1]
  can be raw ops [0]
[2, 3, 2, 2] ([11, 0, 3, 2]) -> [2, 3, 1, 2]
  can be raw ops [15]
[0, 1, 3, 0] ([6, 1, 2, 1]) -> [0, 0, 3, 0]
  can be raw ops [5]
[1, 2, 2, 2] ([1, 0, 2, 1]) -> [1, 0, 2, 2]
  can be raw ops [9]
[0, 2, 2, 1] ([14, 3, 2, 3]) -> [0, 2, 2, 1]
  can be raw ops [8]
[1, 3, 3, 1] ([7, 2, 3, 2]) -> [1, 3, 0, 1]
  can be raw ops [11]
[3, 1, 3, 3] ([3, 2, 3, 3]) -> [3, 1, 3, 1]
  can be raw ops [14]
[0, 0, 2, 2] ([2, 0, 0, 1]) -> [0, 0, 2, 2]
  can be raw ops [2]
[3, 2, 1, 3] ([3, 0, 3, 1]) -> [3, 1, 1, 3]
  can be raw ops [14]
[1, 3, 1, 1] ([8, 2, 3, 1]) -> [1, 2, 1, 1]
  can be raw ops [0]
[1, 0, 1, 1] ([8, 2, 3, 0]) -> [2, 0, 1, 1]
  can be raw ops [0]
[0, 3, 0, 0] ([2, 0, 0, 2]) -> [0, 3, 0, 0]
  can be raw ops [2]
[2, 1, 2, 2] ([9, 1, 0, 3]) -> [2, 1, 2, 0]
  can be raw ops [3]
[2, 1, 3, 0] ([6, 1, 2, 3]) -> [2, 1, 3, 0]
  can be raw ops [5]
[3, 1, 3, 1] ([15, 3, 3, 1]) -> [3, 0, 3, 1]
  can be raw ops [12]
[2, 1, 1, 1] ([8, 2, 3, 0]) -> [2, 1, 1, 1]
  can be raw ops [0]
[1, 3, 1, 0] ([8, 2, 0, 0]) -> [2, 3, 1, 0]
  can be raw ops [0]
[3, 3, 2, 1] ([14, 3, 2, 0]) -> [1, 3, 2, 1]
  can be raw ops [8]
[2, 1, 1, 3] ([9, 1, 0, 2]) -> [2, 1, 0, 3]
  can be raw ops [3]
[3, 1, 0, 3] ([7, 3, 0, 1]) -> [3, 1, 0, 3]
  can be raw ops [11]
[0, 0, 2, 1] ([14, 3, 2, 2]) -> [0, 0, 1, 1]
  can be raw ops [8]
[0, 1, 2, 3] ([0, 1, 0, 1]) -> [0, 1, 2, 3]
  can be raw ops [6]
[3, 3, 2, 3] ([12, 2, 3, 1]) -> [3, 0, 2, 3]
  can be raw ops [10]
[0, 0, 3, 2] ([2, 0, 0, 1]) -> [0, 0, 3, 2]
  can be raw ops [2]
[1, 1, 1, 3] ([10, 2, 1, 0]) -> [2, 1, 1, 3]
  can be raw ops [1]
[1, 2, 2, 2] ([1, 0, 2, 2]) -> [1, 2, 0, 2]
  can be raw ops [9]
[0, 3, 3, 3] ([2, 0, 0, 0]) -> [0, 3, 3, 3]
  can be raw ops [2]
[2, 2, 2, 2] ([11, 0, 3, 2]) -> [2, 2, 1, 2]
  can be raw ops [15]
[3, 3, 2, 1] ([14, 3, 2, 1]) -> [3, 1, 2, 1]
  can be raw ops [8]
[1, 1, 2, 0] ([4, 1, 2, 1]) -> [1, 0, 2, 0]
  can be raw ops [4]
[3, 3, 0, 3] ([3, 0, 3, 2]) -> [3, 3, 1, 3]
  can be raw ops [14]
[2, 3, 0, 1] ([5, 3, 1, 0]) -> [1, 3, 0, 1]
  can be raw ops [7]
[3, 3, 3, 3] ([3, 2, 3, 1]) -> [3, 1, 3, 3]
  can be raw ops [14]
[2, 1, 2, 0] ([4, 1, 2, 3]) -> [2, 1, 2, 0]
  can be raw ops [4]
[1, 2, 3, 3] ([13, 3, 3, 2]) -> [1, 2, 1, 3]
  can be raw ops [13]
[3, 0, 1, 1] ([0, 2, 1, 0]) -> [1, 0, 1, 1]
  can be raw ops [6]
[3, 0, 0, 2] ([15, 3, 3, 3]) -> [3, 0, 0, 0]
  can be raw ops [12]
[2, 0, 3, 2] ([11, 0, 3, 3]) -> [2, 0, 3, 1]
  can be raw ops [15]
[1, 0, 3, 0] ([0, 0, 1, 2]) -> [1, 0, 1, 0]
  can be raw ops [6]
[2, 1, 3, 1] ([6, 1, 2, 0]) -> [0, 1, 3, 1]
  can be raw ops [5]
[3, 0, 0, 1] ([15, 3, 3, 0]) -> [0, 0, 0, 1]
  can be raw ops [12]
[0, 1, 1, 2] ([2, 0, 0, 0]) -> [0, 1, 1, 2]
  can be raw ops [2]
[0, 1, 2, 3] ([4, 1, 2, 0]) -> [0, 1, 2, 3]
  can be raw ops [4]
[2, 1, 0, 3] ([12, 1, 3, 3]) -> [2, 1, 0, 0]
  can be raw ops [10]
[0, 3, 3, 1] ([5, 3, 1, 1]) -> [0, 1, 3, 1]
  can be raw ops [7]
[0, 0, 0, 1] ([2, 0, 0, 2]) -> [0, 0, 0, 1]
  can be raw ops [2]
[0, 0, 3, 3] ([2, 0, 0, 0]) -> [0, 0, 3, 3]
  can be raw ops [2]
[1, 1, 2, 2] ([4, 1, 2, 0]) -> [0, 1, 2, 2]
  can be raw ops [4]
[2, 2, 2, 1] ([14, 3, 2, 2]) -> [2, 2, 1, 1]
  can be raw ops [8]
[1, 2, 2, 0] ([7, 2, 1, 0]) -> [1, 2, 2, 0]
  can be raw ops [11]
[2, 1, 1, 3] ([13, 3, 2, 3]) -> [2, 1, 1, 0]
  can be raw ops [13]
[3, 1, 3, 1] ([6, 1, 2, 2]) -> [3, 1, 0, 1]
  can be raw ops [5]
[3, 0, 1, 3] ([0, 2, 1, 2]) -> [3, 0, 1, 3]
  can be raw ops [6]
[0, 3, 0, 1] ([5, 3, 1, 0]) -> [1, 3, 0, 1]
  can be raw ops [7]
[1, 1, 1, 1] ([10, 2, 1, 1]) -> [1, 2, 1, 1]
  can be raw ops [1]
[0, 2, 2, 3] ([7, 2, 1, 0]) -> [1, 2, 2, 3]
  can be raw ops [11]
[1, 3, 2, 3] ([1, 0, 2, 2]) -> [1, 3, 0, 3]
  can be raw ops [9]
[3, 1, 1, 0] ([10, 2, 1, 3]) -> [3, 1, 1, 2]
  can be raw ops [1]
[3, 1, 3, 3] ([12, 1, 3, 0]) -> [0, 1, 3, 3]
  can be raw ops [10]
[3, 0, 2, 3] ([7, 3, 0, 0]) -> [1, 0, 2, 3]
  can be raw ops [11]
[2, 1, 2, 3] ([4, 1, 2, 1]) -> [2, 0, 2, 3]
  can be raw ops [4]
[3, 0, 3, 3] ([7, 3, 2, 0]) -> [1, 0, 3, 3]
  can be raw ops [11]
[1, 0, 1, 1] ([8, 2, 0, 1]) -> [1, 2, 1, 1]
  can be raw ops [0]
[1, 1, 1, 0] ([8, 2, 0, 1]) -> [1, 2, 1, 0]
  can be raw ops [0]
[1, 0, 2, 3] ([1, 0, 2, 2]) -> [1, 0, 0, 3]
  can be raw ops [9]
[0, 3, 1, 1] ([5, 3, 1, 0]) -> [1, 3, 1, 1]
  can be raw ops [7]
[0, 1, 2, 3] ([4, 1, 2, 3]) -> [0, 1, 2, 0]
  can be raw ops [4]
[2, 0, 2, 2] ([11, 0, 3, 0]) -> [1, 0, 2, 2]
  can be raw ops [15]
[0, 1, 3, 3] ([6, 1, 2, 2]) -> [0, 1, 0, 3]
  can be raw ops [5]
[2, 1, 1, 1] ([10, 2, 1, 1]) -> [2, 2, 1, 1]
  can be raw ops [1]
[3, 3, 0, 1] ([15, 3, 3, 2]) -> [3, 3, 0, 1]
  can be raw ops [12]
[1, 0, 2, 3] ([13, 3, 2, 3]) -> [1, 0, 2, 0]
  can be raw ops [13]
[3, 2, 2, 1] ([14, 3, 2, 3]) -> [3, 2, 2, 1]
  can be raw ops [8]
[1, 3, 1, 1] ([15, 3, 3, 2]) -> [1, 3, 0, 1]
  can be raw ops [12]
[1, 3, 1, 1] ([5, 3, 1, 3]) -> [1, 3, 1, 1]
  can be raw ops [7]
[2, 3, 2, 1] ([14, 3, 2, 3]) -> [2, 3, 2, 1]
  can be raw ops [8]
[3, 2, 1, 1] ([15, 3, 3, 3]) -> [3, 2, 1, 0]
  can be raw ops [12]
[1, 0, 1, 1] ([0, 3, 1, 0]) -> [1, 0, 1, 1]
  can be raw ops [6]
[2, 1, 2, 3] ([4, 1, 2, 3]) -> [2, 1, 2, 0]
  can be raw ops [4]
[2, 3, 1, 3] ([12, 2, 3, 1]) -> [2, 0, 1, 3]
  can be raw ops [10]
[1, 0, 2, 3] ([12, 2, 3, 1]) -> [1, 0, 2, 3]
  can be raw ops [10]
[3, 2, 1, 3] ([12, 1, 3, 0]) -> [0, 2, 1, 3]
  can be raw ops [10]
[1, 0, 2, 0] ([0, 0, 1, 1]) -> [1, 1, 2, 0]
  can be raw ops [6]
[3, 0, 2, 3] ([3, 0, 3, 1]) -> [3, 1, 2, 3]
  can be raw ops [14]
[2, 0, 2, 1] ([14, 3, 2, 3]) -> [2, 0, 2, 1]
  can be raw ops [8]
[2, 1, 1, 1] ([15, 3, 3, 0]) -> [0, 1, 1, 1]
  can be raw ops [12]
[3, 1, 2, 2] ([4, 1, 2, 2]) -> [3, 1, 0, 2]
  can be raw ops [4]
[3, 3, 2, 3] ([12, 2, 3, 0]) -> [0, 3, 2, 3]
  can be raw ops [10]
[1, 2, 2, 3] ([7, 2, 1, 0]) -> [1, 2, 2, 3]
  can be raw ops [11]
[3, 3, 0, 1] ([15, 3, 3, 1]) -> [3, 0, 0, 1]
  can be raw ops [12]
[3, 1, 3, 3] ([6, 1, 2, 2]) -> [3, 1, 0, 3]
  can be raw ops [5]
[0, 1, 1, 2] ([2, 0, 0, 2]) -> [0, 1, 0, 2]
  can be raw ops [2]
[1, 1, 1, 2] ([10, 2, 1, 2]) -> [1, 1, 2, 2]
  can be raw ops [1]
[1, 0, 2, 2] ([1, 0, 2, 0]) -> [0, 0, 2, 2]
  can be raw ops [9]
[0, 3, 2, 0] ([2, 0, 0, 3]) -> [0, 3, 2, 0]
  can be raw ops [2]
[1, 2, 2, 0] ([1, 0, 2, 2]) -> [1, 2, 0, 0]
  can be raw ops [9]
[0, 2, 2, 2] ([7, 2, 1, 2]) -> [0, 2, 1, 2]
  can be raw ops [11]
[0, 3, 0, 1] ([15, 3, 3, 0]) -> [0, 3, 0, 1]
  can be raw ops [12]
[1, 1, 2, 2] ([4, 1, 2, 3]) -> [1, 1, 2, 0]
  can be raw ops [4]
[3, 1, 0, 3] ([7, 3, 0, 3]) -> [3, 1, 0, 1]
  can be raw ops [11]
[3, 0, 2, 3] ([12, 2, 3, 3]) -> [3, 0, 2, 0]
  can be raw ops [10]
[2, 1, 2, 3] ([9, 1, 0, 3]) -> [2, 1, 2, 0]
  can be raw ops [3]
[3, 1, 1, 0] ([10, 2, 1, 1]) -> [3, 2, 1, 0]
  can be raw ops [1]
[3, 1, 1, 1] ([8, 2, 3, 3]) -> [3, 1, 1, 2]
  can be raw ops [0]
[0, 3, 3, 3] ([3, 2, 3, 2]) -> [0, 3, 1, 3]
  can be raw ops [14]
[2, 2, 2, 3] ([12, 2, 3, 2]) -> [2, 2, 0, 3]
  can be raw ops [10]
[1, 1, 2, 1] ([14, 3, 2, 2]) -> [1, 1, 1, 1]
  can be raw ops [8]
[2, 1, 2, 3] ([9, 1, 0, 2]) -> [2, 1, 0, 3]
  can be raw ops [3]
[1, 1, 2, 3] ([13, 3, 2, 1]) -> [1, 0, 2, 3]
  can be raw ops [13]
[0, 3, 2, 1] ([5, 3, 1, 2]) -> [0, 3, 1, 1]
  can be raw ops [7]
[2, 3, 3, 2] ([11, 0, 3, 1]) -> [2, 1, 3, 2]
  can be raw ops [15]
[2, 3, 2, 3] ([3, 0, 2, 0]) -> [1, 3, 2, 3]
  can be raw ops [14]
[3, 3, 0, 3] ([7, 3, 0, 0]) -> [1, 3, 0, 3]
  can be raw ops [11]
[2, 2, 2, 0] ([3, 0, 2, 3]) -> [2, 2, 2, 1]
  can be raw ops [14]
[0, 2, 2, 0] ([13, 0, 0, 3]) -> [0, 2, 2, 1]
  can be raw ops [13]
[1, 2, 2, 1] ([1, 0, 2, 3]) -> [1, 2, 2, 0]
  can be raw ops [9]
[3, 1, 1, 0] ([10, 2, 1, 0]) -> [2, 1, 1, 0]
  can be raw ops [1]
[1, 1, 2, 2] ([1, 0, 2, 0]) -> [0, 1, 2, 2]
  can be raw ops [9]
[3, 3, 0, 2] ([15, 3, 3, 2]) -> [3, 3, 0, 2]
  can be raw ops [12]
[1, 2, 2, 2] ([1, 0, 2, 0]) -> [0, 2, 2, 2]
  can be raw ops [9]
[1, 2, 3, 3] ([13, 3, 1, 0]) -> [0, 2, 3, 3]
  can be raw ops [13]
[2, 3, 2, 1] ([5, 3, 1, 0]) -> [1, 3, 2, 1]
  can be raw ops [7]
[0, 1, 2, 1] ([2, 0, 0, 3]) -> [0, 1, 2, 0]
  can be raw ops [2]
[2, 2, 3, 3] ([7, 3, 2, 1]) -> [2, 1, 3, 3]
  can be raw ops [11]
[2, 2, 2, 3] ([7, 2, 0, 3]) -> [2, 2, 2, 1]
  can be raw ops [11]
[0, 1, 1, 3] ([10, 2, 1, 0]) -> [2, 1, 1, 3]
  can be raw ops [1]
[3, 3, 3, 3] ([3, 0, 3, 1]) -> [3, 1, 3, 3]
  can be raw ops [14]
[1, 3, 1, 1] ([5, 3, 1, 2]) -> [1, 3, 1, 1]
  can be raw ops [7]
[1, 1, 1, 3] ([10, 2, 1, 1]) -> [1, 2, 1, 3]
  can be raw ops [1]
[0, 1, 1, 0] ([10, 2, 1, 3]) -> [0, 1, 1, 2]
  can be raw ops [1]
[3, 3, 2, 1] ([14, 3, 2, 2]) -> [3, 3, 1, 1]
  can be raw ops [8]
[2, 1, 2, 2] ([4, 1, 2, 0]) -> [0, 1, 2, 2]
  can be raw ops [4]
[2, 1, 0, 2] ([9, 1, 0, 2]) -> [2, 1, 0, 2]
  can be raw ops [3]
[2, 1, 1, 1] ([15, 2, 3, 1]) -> [2, 0, 1, 1]
  can be raw ops [12]
[0, 1, 1, 0] ([10, 2, 1, 1]) -> [0, 2, 1, 0]
  can be raw ops [1]
[0, 1, 3, 2] ([0, 1, 0, 1]) -> [0, 1, 3, 2]
  can be raw ops [6]
[0, 1, 1, 1] ([8, 2, 3, 1]) -> [0, 2, 1, 1]
  can be raw ops [0]
[2, 1, 3, 2] ([11, 0, 3, 0]) -> [1, 1, 3, 2]
  can be raw ops [15]
[3, 1, 2, 0] ([4, 1, 2, 3]) -> [3, 1, 2, 0]
  can be raw ops [4]
[0, 1, 2, 1] ([2, 0, 0, 0]) -> [0, 1, 2, 1]
  can be raw ops [2]
[0, 0, 3, 1] ([2, 0, 0, 1]) -> [0, 0, 3, 1]
  can be raw ops [2]
[1, 0, 2, 0] ([0, 0, 1, 0]) -> [1, 0, 2, 0]
  can be raw ops [6]
[1, 0, 2, 1] ([1, 0, 2, 3]) -> [1, 0, 2, 0]
  can be raw ops [9]
[1, 1, 2, 0] ([1, 0, 2, 1]) -> [1, 0, 2, 0]
  can be raw ops [9]
[2, 1, 3, 2] ([9, 1, 0, 1]) -> [2, 0, 3, 2]
  can be raw ops [3]
[3, 1, 2, 0] ([4, 1, 2, 0]) -> [0, 1, 2, 0]
  can be raw ops [4]
[0, 1, 1, 0] ([0, 1, 0, 3]) -> [0, 1, 1, 1]
  can be raw ops [6]
[3, 1, 2, 1] ([14, 3, 2, 1]) -> [3, 1, 2, 1]
  can be raw ops [8]
[2, 1, 0, 2] ([11, 0, 3, 1]) -> [2, 1, 0, 2]
  can be raw ops [15]
[2, 3, 2, 1] ([5, 3, 1, 3]) -> [2, 3, 2, 1]
  can be raw ops [7]
[2, 0, 2, 1] ([14, 3, 2, 0]) -> [1, 0, 2, 1]
  can be raw ops [8]
[2, 1, 3, 2] ([9, 1, 0, 0]) -> [0, 1, 3, 2]
  can be raw ops [3]
[0, 0, 2, 2] ([13, 0, 0, 0]) -> [1, 0, 2, 2]
  can be raw ops [13]
[1, 1, 2, 1] ([1, 0, 2, 3]) -> [1, 1, 2, 0]
  can be raw ops [9]
[1, 0, 2, 1] ([15, 3, 3, 1]) -> [1, 0, 2, 1]
  can be raw ops [12]
[2, 2, 1, 2] ([11, 0, 3, 2]) -> [2, 2, 1, 2]
  can be raw ops [15]
[0, 1, 3, 0] ([6, 1, 2, 2]) -> [0, 1, 0, 0]
  can be raw ops [5]
[2, 1, 3, 2] ([9, 1, 0, 3]) -> [2, 1, 3, 0]
  can be raw ops [3]
[1, 0, 0, 3] ([0, 0, 1, 2]) -> [1, 0, 1, 3]
  can be raw ops [6]
[2, 0, 2, 1] ([14, 3, 2, 2]) -> [2, 0, 1, 1]
  can be raw ops [8]
[2, 2, 0, 2] ([11, 0, 3, 0]) -> [1, 2, 0, 2]
  can be raw ops [15]
[2, 2, 2, 2] ([11, 0, 3, 0]) -> [1, 2, 2, 2]
  can be raw ops [15]
[1, 2, 2, 0] ([7, 2, 1, 3]) -> [1, 2, 2, 1]
  can be raw ops [11]
[3, 3, 2, 3] ([12, 2, 3, 3]) -> [3, 3, 2, 0]
  can be raw ops [10]
[1, 0, 2, 2] ([1, 0, 2, 3]) -> [1, 0, 2, 0]
  can be raw ops [9]
[0, 1, 1, 3] ([10, 2, 1, 2]) -> [0, 1, 2, 3]
  can be raw ops [1]
[1, 1, 2, 1] ([4, 1, 2, 3]) -> [1, 1, 2, 0]
  can be raw ops [4]
[1, 3, 3, 3] ([13, 3, 3, 3]) -> [1, 3, 3, 1]
  can be raw ops [13]
[3, 0, 1, 1] ([8, 2, 3, 3]) -> [3, 0, 1, 2]
  can be raw ops [0]
[2, 2, 0, 3] ([13, 3, 1, 2]) -> [2, 2, 0, 3]
  can be raw ops [13]
[1, 1, 3, 3] ([13, 2, 1, 0]) -> [0, 1, 3, 3]
  can be raw ops [13]
[1, 1, 1, 0] ([10, 2, 1, 3]) -> [1, 1, 1, 2]
  can be raw ops [1]
[0, 2, 1, 3] ([2, 0, 0, 0]) -> [0, 2, 1, 3]
  can be raw ops [2]
[0, 3, 2, 1] ([14, 3, 2, 1]) -> [0, 1, 2, 1]
  can be raw ops [8]
[2, 1, 2, 2] ([11, 0, 3, 3]) -> [2, 1, 2, 1]
  can be raw ops [15]
[1, 0, 1, 0] ([8, 2, 0, 3]) -> [1, 0, 1, 2]
  can be raw ops [0]
[0, 2, 0, 2] ([2, 0, 0, 1]) -> [0, 0, 0, 2]
  can be raw ops [2]
[3, 1, 2, 2] ([4, 1, 2, 1]) -> [3, 0, 2, 2]
  can be raw ops [4]
[2, 0, 1, 1] ([0, 2, 1, 0]) -> [1, 0, 1, 1]
  can be raw ops [6]
[1, 1, 3, 1] ([15, 3, 3, 1]) -> [1, 0, 3, 1]
  can be raw ops [12]
[0, 1, 1, 3] ([0, 1, 0, 1]) -> [0, 1, 1, 3]
  can be raw ops [6]
[1, 0, 1, 3] ([12, 2, 3, 2]) -> [1, 0, 0, 3]
  can be raw ops [10]
[3, 2, 2, 1] ([14, 3, 2, 1]) -> [3, 1, 2, 1]
  can be raw ops [8]
[0, 0, 2, 3] ([13, 2, 2, 1]) -> [0, 1, 2, 3]
  can be raw ops [13]
[0, 1, 1, 0] ([0, 1, 0, 0]) -> [1, 1, 1, 0]
  can be raw ops [6]
[0, 3, 0, 1] ([2, 0, 0, 3]) -> [0, 3, 0, 0]
  can be raw ops [2]
[0, 1, 2, 3] ([4, 1, 2, 2]) -> [0, 1, 0, 3]
  can be raw ops [4]
[0, 2, 1, 3] ([13, 3, 2, 0]) -> [0, 2, 1, 3]
  can be raw ops [13]
[3, 1, 3, 3] ([6, 1, 2, 1]) -> [3, 0, 3, 3]
  can be raw ops [5]
[2, 1, 1, 2] ([9, 1, 0, 2]) -> [2, 1, 0, 2]
  can be raw ops [3]
[0, 0, 2, 1] ([14, 3, 2, 1]) -> [0, 1, 2, 1]
  can be raw ops [8]
[3, 2, 1, 3] ([12, 2, 3, 0]) -> [0, 2, 1, 3]
  can be raw ops [10]
[0, 2, 3, 3] ([7, 3, 2, 3]) -> [0, 2, 3, 1]
  can be raw ops [11]
[0, 1, 1, 3] ([12, 1, 3, 1]) -> [0, 0, 1, 3]
  can be raw ops [10]
[0, 1, 2, 1] ([2, 0, 0, 2]) -> [0, 1, 0, 1]
  can be raw ops [2]
[2, 0, 0, 2] ([11, 0, 3, 1]) -> [2, 1, 0, 2]
  can be raw ops [15]
[1, 3, 2, 3] ([13, 3, 3, 2]) -> [1, 3, 1, 3]
  can be raw ops [13]
[2, 3, 1, 1] ([5, 3, 1, 1]) -> [2, 1, 1, 1]
  can be raw ops [7]
[0, 0, 1, 1] ([0, 3, 1, 0]) -> [1, 0, 1, 1]
  can be raw ops [6]
[1, 2, 1, 3] ([8, 2, 0, 1]) -> [1, 2, 1, 3]
  can be raw ops [0]
[3, 3, 1, 3] ([12, 2, 3, 2]) -> [3, 3, 0, 3]
  can be raw ops [10]
[3, 1, 1, 1] ([8, 2, 3, 0]) -> [2, 1, 1, 1]
  can be raw ops [0]
[1, 3, 3, 1] ([5, 3, 1, 1]) -> [1, 1, 3, 1]
  can be raw ops [7]
[1, 1, 2, 3] ([1, 0, 2, 3]) -> [1, 1, 2, 0]
  can be raw ops [9]
[0, 0, 2, 2] ([2, 0, 0, 2]) -> [0, 0, 0, 2]
  can be raw ops [2]
[0, 1, 2, 1] ([14, 3, 2, 3]) -> [0, 1, 2, 1]
  can be raw ops [8]
[1, 3, 3, 1] ([7, 2, 3, 3]) -> [1, 3, 3, 0]
  can be raw ops [11]
[2, 1, 3, 2] ([15, 3, 3, 2]) -> [2, 1, 0, 2]
  can be raw ops [12]
[0, 3, 3, 3] ([7, 3, 2, 2]) -> [0, 3, 1, 3]
  can be raw ops [11]
[1, 0, 3, 1] ([0, 3, 1, 2]) -> [1, 0, 1, 1]
  can be raw ops [6]
[1, 0, 2, 2] ([1, 0, 2, 1]) -> [1, 0, 2, 2]
  can be raw ops [9]
[0, 1, 1, 3] ([2, 0, 0, 2]) -> [0, 1, 0, 3]
  can be raw ops [2]
[3, 1, 3, 3] ([6, 1, 2, 3]) -> [3, 1, 3, 0]
  can be raw ops [5]
[1, 0, 1, 0] ([8, 2, 0, 1]) -> [1, 2, 1, 0]
  can be raw ops [0]
[1, 2, 3, 3] ([3, 2, 3, 2]) -> [1, 2, 1, 3]
  can be raw ops [14]
[1, 1, 3, 1] ([6, 1, 2, 2]) -> [1, 1, 0, 1]
  can be raw ops [5]
[2, 1, 0, 3] ([9, 1, 0, 3]) -> [2, 1, 0, 0]
  can be raw ops [3]
[3, 3, 0, 1] ([5, 3, 1, 3]) -> [3, 3, 0, 1]
  can be raw ops [7]
[2, 0, 1, 2] ([11, 0, 3, 1]) -> [2, 1, 1, 2]
  can be raw ops [15]
[2, 2, 3, 3] ([7, 3, 2, 0]) -> [1, 2, 3, 3]
  can be raw ops [11]
[1, 3, 2, 1] ([14, 3, 2, 3]) -> [1, 3, 2, 1]
  can be raw ops [8]
[3, 1, 3, 2] ([6, 1, 2, 1]) -> [3, 0, 3, 2]
  can be raw ops [5]
[0, 2, 3, 3] ([12, 1, 3, 0]) -> [0, 2, 3, 3]
  can be raw ops [10]
[0, 2, 2, 1] ([7, 2, 1, 0]) -> [1, 2, 2, 1]
  can be raw ops [11]
[0, 1, 1, 1] ([15, 3, 3, 0]) -> [0, 1, 1, 1]
  can be raw ops [12]
[3, 3, 1, 1] ([5, 3, 1, 2]) -> [3, 3, 1, 1]
  can be raw ops [7]
[2, 3, 2, 0] ([3, 0, 2, 0]) -> [1, 3, 2, 0]
  can be raw ops [14]
[2, 1, 2, 2] ([4, 1, 2, 1]) -> [2, 0, 2, 2]
  can be raw ops [4]
[0, 0, 3, 3] ([3, 2, 3, 1]) -> [0, 1, 3, 3]
  can be raw ops [14]
[3, 1, 1, 2] ([10, 2, 1, 0]) -> [2, 1, 1, 2]
  can be raw ops [1]
[1, 2, 2, 1] ([14, 3, 2, 0]) -> [1, 2, 2, 1]
  can be raw ops [8]
[3, 1, 1, 3] ([13, 3, 2, 3]) -> [3, 1, 1, 0]
  can be raw ops [13]
[1, 2, 0, 1] ([15, 3, 3, 3]) -> [1, 2, 0, 0]
  can be raw ops [12]
[1, 1, 2, 3] ([4, 1, 2, 1]) -> [1, 0, 2, 3]
  can be raw ops [4]
[2, 1, 0, 3] ([9, 1, 0, 1]) -> [2, 0, 0, 3]
  can be raw ops [3]
[2, 1, 0, 1] ([9, 1, 0, 3]) -> [2, 1, 0, 0]
  can be raw ops [3]
[1, 2, 1, 3] ([12, 1, 3, 1]) -> [1, 0, 1, 3]
  can be raw ops [10]
[2, 1, 3, 0] ([6, 1, 2, 2]) -> [2, 1, 0, 0]
  can be raw ops [5]
[1, 3, 1, 2] ([8, 2, 0, 0]) -> [2, 3, 1, 2]
  can be raw ops [0]
[2, 1, 2, 3] ([12, 1, 3, 1]) -> [2, 0, 2, 3]
  can be raw ops [10]
[1, 3, 2, 2] ([1, 0, 2, 0]) -> [0, 3, 2, 2]
  can be raw ops [9]
[0, 3, 2, 3] ([12, 2, 3, 1]) -> [0, 0, 2, 3]
  can be raw ops [10]
[2, 2, 1, 2] ([11, 0, 3, 3]) -> [2, 2, 1, 1]
  can be raw ops [15]
[2, 1, 1, 3] ([12, 1, 3, 0]) -> [0, 1, 1, 3]
  can be raw ops [10]
[2, 0, 2, 1] ([7, 2, 0, 1]) -> [2, 1, 2, 1]
  can be raw ops [11]
[3, 3, 2, 1] ([5, 3, 1, 0]) -> [1, 3, 2, 1]
  can be raw ops [7]
[2, 3, 2, 2] ([13, 2, 2, 3]) -> [2, 3, 2, 1]
  can be raw ops [13]
[2, 3, 3, 1] ([7, 2, 3, 3]) -> [2, 3, 3, 0]
  can be raw ops [11]
[2, 3, 1, 1] ([5, 3, 1, 2]) -> [2, 3, 1, 1]
  can be raw ops [7]
[2, 1, 3, 0] ([9, 1, 0, 1]) -> [2, 0, 3, 0]
  can be raw ops [3]
[2, 1, 2, 2] ([4, 1, 2, 2]) -> [2, 1, 0, 2]
  can be raw ops [4]
[3, 3, 3, 1] ([5, 3, 1, 0]) -> [1, 3, 3, 1]
  can be raw ops [7]
[3, 2, 0, 2] ([15, 3, 3, 3]) -> [3, 2, 0, 0]
  can be raw ops [12]
[3, 3, 2, 3] ([13, 2, 2, 0]) -> [1, 3, 2, 3]
  can be raw ops [13]
[0, 3, 3, 3] ([13, 0, 0, 3]) -> [0, 3, 3, 1]
  can be raw ops [13]
[2, 1, 2, 1] ([4, 1, 2, 0]) -> [0, 1, 2, 1]
  can be raw ops [4]
[0, 3, 0, 1] ([13, 0, 0, 3]) -> [0, 3, 0, 1]
  can be raw ops [13]
[1, 0, 1, 2] ([8, 2, 0, 3]) -> [1, 0, 1, 2]
  can be raw ops [0]
[1, 3, 2, 1] ([14, 3, 2, 1]) -> [1, 1, 2, 1]
  can be raw ops [8]
[0, 2, 3, 1] ([15, 3, 3, 1]) -> [0, 0, 3, 1]
  can be raw ops [12]
[1, 2, 1, 2] ([8, 2, 0, 2]) -> [1, 2, 2, 2]
  can be raw ops [0]
[0, 0, 1, 2] ([2, 0, 0, 1]) -> [0, 0, 1, 2]
  can be raw ops [2]
[2, 1, 3, 2] ([6, 1, 2, 3]) -> [2, 1, 3, 0]
  can be raw ops [5]
[2, 1, 3, 3] ([9, 1, 0, 3]) -> [2, 1, 3, 0]
  can be raw ops [3]
[2, 1, 3, 3] ([9, 1, 0, 2]) -> [2, 1, 0, 3]
  can be raw ops [3]
[2, 1, 1, 2] ([9, 1, 0, 0]) -> [0, 1, 1, 2]
  can be raw ops [3]
[0, 0, 1, 2] ([2, 0, 0, 2]) -> [0, 0, 0, 2]
  can be raw ops [2]
[2, 0, 3, 3] ([7, 3, 2, 1]) -> [2, 1, 3, 3]
  can be raw ops [11]
[0, 3, 1, 2] ([2, 0, 0, 2]) -> [0, 3, 0, 2]
  can be raw ops [2]
[1, 2, 3, 3] ([12, 1, 3, 1]) -> [1, 0, 3, 3]
  can be raw ops [10]
[0, 1, 0, 3] ([12, 1, 3, 2]) -> [0, 1, 0, 3]
  can be raw ops [10]
[1, 0, 1, 2] ([8, 2, 0, 1]) -> [1, 2, 1, 2]
  can be raw ops [0]
[1, 0, 2, 1] ([0, 0, 1, 1]) -> [1, 1, 2, 1]
  can be raw ops [6]
[1, 1, 2, 1] ([4, 1, 2, 2]) -> [1, 1, 0, 1]
  can be raw ops [4]
[1, 3, 0, 1] ([5, 3, 1, 3]) -> [1, 3, 0, 1]
  can be raw ops [7]
[1, 3, 1, 1] ([8, 2, 0, 3]) -> [1, 3, 1, 2]
  can be raw ops [0]
[0, 3, 1, 1] ([5, 3, 1, 2]) -> [0, 3, 1, 1]
  can be raw ops [7]
[2, 2, 0, 2] ([11, 0, 3, 2]) -> [2, 2, 1, 2]
  can be raw ops [15]
[2, 1, 2, 2] ([9, 1, 0, 2]) -> [2, 1, 0, 2]
  can be raw ops [3]
[1, 1, 3, 0] ([6, 1, 2, 1]) -> [1, 0, 3, 0]
  can be raw ops [5]
[0, 3, 0, 1] ([5, 3, 1, 2]) -> [0, 3, 1, 1]
  can be raw ops [7]
[2, 2, 2, 1] ([7, 2, 0, 0]) -> [1, 2, 2, 1]
  can be raw ops [11]
[1, 3, 2, 3] ([1, 0, 2, 1]) -> [1, 0, 2, 3]
  can be raw ops [9]
[0, 1, 1, 1] ([10, 2, 1, 2]) -> [0, 1, 2, 1]
  can be raw ops [1]
[0, 1, 1, 1] ([10, 2, 1, 0]) -> [2, 1, 1, 1]
  can be raw ops [1]
[1, 3, 2, 2] ([1, 0, 2, 2]) -> [1, 3, 0, 2]
  can be raw ops [9]
[3, 3, 0, 3] ([13, 3, 3, 2]) -> [3, 3, 1, 3]
  can be raw ops [13]
[1, 0, 2, 0] ([1, 0, 2, 2]) -> [1, 0, 0, 0]
  can be raw ops [9]
[3, 3, 3, 1] ([5, 3, 1, 3]) -> [3, 3, 3, 1]
  can be raw ops [7]
[2, 1, 3, 0] ([9, 1, 0, 0]) -> [0, 1, 3, 0]
  can be raw ops [3]
[3, 1, 1, 3] ([10, 2, 1, 1]) -> [3, 2, 1, 3]
  can be raw ops [1]
[3, 1, 2, 3] ([12, 2, 3, 1]) -> [3, 0, 2, 3]
  can be raw ops [10]
[2, 1, 3, 2] ([11, 0, 3, 1]) -> [2, 1, 3, 2]
  can be raw ops [15]
[2, 1, 2, 1] ([14, 3, 2, 2]) -> [2, 1, 1, 1]
  can be raw ops [8]
[2, 1, 2, 1] ([9, 1, 0, 0]) -> [0, 1, 2, 1]
  can be raw ops [3]
[2, 3, 3, 1] ([5, 3, 1, 2]) -> [2, 3, 1, 1]
  can be raw ops [7]
[0, 1, 1, 1] ([2, 0, 0, 1]) -> [0, 0, 1, 1]
  can be raw ops [2]
[3, 0, 3, 1] ([0, 3, 1, 2]) -> [3, 0, 1, 1]
  can be raw ops [6]
[3, 1, 2, 1] ([4, 1, 2, 1]) -> [3, 0, 2, 1]
  can be raw ops [4]
[2, 2, 2, 1] ([14, 3, 2, 1]) -> [2, 1, 2, 1]
  can be raw ops [8]
[1, 1, 2, 3] ([12, 1, 3, 0]) -> [0, 1, 2, 3]
  can be raw ops [10]
[3, 3, 1, 3] ([7, 3, 0, 0]) -> [1, 3, 1, 3]
  can be raw ops [11]
[1, 1, 2, 2] ([1, 0, 2, 1]) -> [1, 0, 2, 2]
  can be raw ops [9]
[1, 0, 2, 3] ([0, 0, 1, 3]) -> [1, 0, 2, 1]
  can be raw ops [6]
[1, 0, 2, 1] ([1, 0, 2, 2]) -> [1, 0, 0, 1]
  can be raw ops [9]
[2, 0, 2, 3] ([12, 2, 3, 3]) -> [2, 0, 2, 0]
  can be raw ops [10]
[2, 1, 0, 1] ([9, 1, 0, 0]) -> [0, 1, 0, 1]
  can be raw ops [3]
[0, 3, 3, 1] ([5, 3, 1, 0]) -> [1, 3, 3, 1]
  can be raw ops [7]
[3, 1, 3, 3] ([6, 1, 2, 0]) -> [0, 1, 3, 3]
  can be raw ops [5]
[2, 1, 2, 0] ([9, 1, 0, 0]) -> [0, 1, 2, 0]
  can be raw ops [3]
[2, 3, 3, 1] ([5, 3, 1, 0]) -> [1, 3, 3, 1]
  can be raw ops [7]
[2, 1, 1, 3] ([9, 1, 0, 0]) -> [0, 1, 1, 3]
  can be raw ops [3]
[3, 3, 1, 1] ([5, 3, 1, 0]) -> [1, 3, 1, 1]
  can be raw ops [7]
[1, 0, 1, 3] ([0, 2, 1, 0]) -> [1, 0, 1, 3]
  can be raw ops [6]
[1, 0, 2, 3] ([1, 0, 2, 3]) -> [1, 0, 2, 0]
  can be raw ops [9]
[2, 3, 2, 1] ([14, 3, 2, 0]) -> [1, 3, 2, 1]
  can be raw ops [8]
[3, 1, 3, 1] ([6, 1, 2, 3]) -> [3, 1, 3, 0]
  can be raw ops [5]
[0, 0, 0, 0] ([2, 0, 0, 0]) -> [0, 0, 0, 0]
  can be raw ops [2]
[3, 3, 1, 1] ([5, 3, 1, 3]) -> [3, 3, 1, 1]
  can be raw ops [7]
[3, 1, 3, 2] ([6, 1, 2, 3]) -> [3, 1, 3, 0]
  can be raw ops [5]
[3, 2, 1, 3] ([7, 3, 0, 2]) -> [3, 2, 1, 3]
  can be raw ops [11]
[2, 3, 2, 1] ([14, 3, 2, 1]) -> [2, 1, 2, 1]
  can be raw ops [8]
[1, 1, 2, 2] ([1, 0, 2, 2]) -> [1, 1, 0, 2]
  can be raw ops [9]
[3, 1, 3, 1] ([7, 2, 3, 2]) -> [3, 1, 0, 1]
  can be raw ops [11]
[0, 0, 1, 1] ([0, 2, 1, 0]) -> [1, 0, 1, 1]
  can be raw ops [6]
[2, 1, 2, 3] ([4, 1, 2, 2]) -> [2, 1, 0, 3]
  can be raw ops [4]
[3, 1, 3, 0] ([6, 1, 2, 0]) -> [0, 1, 3, 0]
  can be raw ops [5]
[2, 3, 2, 2] ([3, 0, 2, 2]) -> [2, 3, 1, 2]
  can be raw ops [14]
[1, 2, 2, 0] ([1, 0, 2, 3]) -> [1, 2, 2, 0]
  can be raw ops [9]
[1, 1, 2, 2] ([1, 0, 2, 3]) -> [1, 1, 2, 0]
  can be raw ops [9]
[1, 1, 1, 3] ([10, 2, 1, 3]) -> [1, 1, 1, 2]
  can be raw ops [1]
[0, 1, 1, 0] ([10, 2, 1, 0]) -> [2, 1, 1, 0]
  can be raw ops [1]
[2, 2, 3, 3] ([3, 2, 3, 0]) -> [1, 2, 3, 3]
  can be raw ops [14]
[0, 3, 3, 3] ([3, 2, 3, 1]) -> [0, 1, 3, 3]
  can be raw ops [14]
[1, 3, 3, 1] ([5, 3, 1, 2]) -> [1, 3, 1, 1]
  can be raw ops [7]
[3, 1, 1, 0] ([10, 2, 1, 2]) -> [3, 1, 2, 0]
  can be raw ops [1]
[0, 0, 0, 0] ([13, 0, 0, 2]) -> [0, 0, 1, 0]
  can be raw ops [13]
[2, 3, 0, 1] ([5, 3, 1, 3]) -> [2, 3, 0, 1]
  can be raw ops [7]
[3, 0, 2, 1] ([14, 3, 2, 2]) -> [3, 0, 1, 1]
  can be raw ops [8]
[2, 1, 2, 1] ([4, 1, 2, 1]) -> [2, 0, 2, 1]
  can be raw ops [4]
[1, 2, 2, 1] ([14, 3, 2, 3]) -> [1, 2, 2, 1]
  can be raw ops [8]
[1, 3, 3, 3] ([13, 3, 3, 2]) -> [1, 3, 1, 3]
  can be raw ops [13]
[1, 0, 2, 1] ([14, 3, 2, 0]) -> [1, 0, 2, 1]
  can be raw ops [8]
[0, 1, 1, 3] ([12, 2, 3, 3]) -> [0, 1, 1, 0]
  can be raw ops [10]
[2, 3, 3, 1] ([5, 3, 1, 3]) -> [2, 3, 3, 1]
  can be raw ops [7]
[0, 3, 3, 2] ([13, 0, 0, 0]) -> [1, 3, 3, 2]
  can be raw ops [13]
[0, 1, 3, 3] ([7, 3, 2, 1]) -> [0, 1, 3, 3]
  can be raw ops [11]
[2, 1, 3, 3] ([7, 3, 2, 3]) -> [2, 1, 3, 1]
  can be raw ops [11]
[1, 1, 1, 3] ([8, 2, 0, 2]) -> [1, 1, 2, 3]
  can be raw ops [0]
[0, 1, 1, 2] ([10, 2, 1, 3]) -> [0, 1, 1, 2]
  can be raw ops [1]
[2, 1, 3, 2] ([6, 1, 2, 0]) -> [0, 1, 3, 2]
  can be raw ops [5]
[0, 0, 1, 2] ([15, 3, 3, 2]) -> [0, 0, 0, 2]
  can be raw ops [12]
[3, 1, 3, 2] ([6, 1, 2, 2]) -> [3, 1, 0, 2]
  can be raw ops [5]
[2, 0, 3, 2] ([11, 0, 3, 0]) -> [1, 0, 3, 2]
  can be raw ops [15]
[1, 3, 2, 3] ([12, 2, 3, 0]) -> [0, 3, 2, 3]
  can be raw ops [10]
[0, 3, 1, 2] ([13, 0, 0, 2]) -> [0, 3, 1, 2]
  can be raw ops [13]
[1, 2, 1, 1] ([8, 2, 3, 2]) -> [1, 2, 2, 1]
  can be raw ops [0]
[2, 0, 2, 2] ([11, 0, 3, 2]) -> [2, 0, 1, 2]
  can be raw ops [15]
[1, 3, 0, 1] ([5, 3, 1, 2]) -> [1, 3, 1, 1]
  can be raw ops [7]
[3, 2, 3, 3] ([7, 3, 2, 2]) -> [3, 2, 1, 3]
  can be raw ops [11]
[3, 2, 0, 3] ([12, 1, 3, 1]) -> [3, 0, 0, 3]
  can be raw ops [10]
[0, 3, 1, 0] ([2, 0, 0, 1]) -> [0, 0, 1, 0]
  can be raw ops [2]
[2, 1, 3, 3] ([12, 1, 3, 3]) -> [2, 1, 3, 0]
  can be raw ops [10]
[2, 1, 1, 1] ([9, 1, 0, 3]) -> [2, 1, 1, 0]
  can be raw ops [3]
[0, 1, 3, 2] ([15, 3, 3, 1]) -> [0, 0, 3, 2]
  can be raw ops [12]
[1, 1, 2, 1] ([14, 3, 2, 0]) -> [1, 1, 2, 1]
  can be raw ops [8]
[0, 1, 0, 3] ([12, 1, 3, 1]) -> [0, 0, 0, 3]
  can be raw ops [10]
[2, 1, 2, 0] ([9, 1, 0, 1]) -> [2, 0, 2, 0]
  can be raw ops [3]
[3, 3, 2, 3] ([7, 3, 0, 3]) -> [3, 3, 2, 1]
  can be raw ops [11]
[1, 2, 1, 3] ([8, 2, 0, 3]) -> [1, 2, 1, 2]
  can be raw ops [0]
[0, 0, 1, 2] ([0, 2, 1, 0]) -> [1, 0, 1, 2]
  can be raw ops [6]
[1, 0, 1, 0] ([0, 0, 1, 3]) -> [1, 0, 1, 1]
  can be raw ops [6]
[0, 1, 1, 1] ([10, 2, 1, 3]) -> [0, 1, 1, 2]
  can be raw ops [1]
[1, 1, 1, 3] ([12, 1, 3, 0]) -> [0, 1, 1, 3]
  can be raw ops [10]
[1, 0, 2, 0] ([1, 0, 2, 3]) -> [1, 0, 2, 0]
  can be raw ops [9]
[0, 1, 3, 1] ([6, 1, 2, 2]) -> [0, 1, 0, 1]
  can be raw ops [5]
[3, 1, 2, 1] ([4, 1, 2, 0]) -> [0, 1, 2, 1]
  can be raw ops [4]
[1, 3, 1, 3] ([8, 2, 0, 3]) -> [1, 3, 1, 2]
  can be raw ops [0]
[0, 3, 0, 0] ([13, 0, 0, 3]) -> [0, 3, 0, 1]
  can be raw ops [13]
[1, 3, 2, 0] ([1, 0, 2, 2]) -> [1, 3, 0, 0]
  can be raw ops [9]
[0, 3, 0, 1] ([5, 3, 1, 3]) -> [0, 3, 0, 1]
  can be raw ops [7]
[3, 0, 0, 3] ([3, 0, 3, 1]) -> [3, 1, 0, 3]
  can be raw ops [14]
[2, 2, 3, 2] ([11, 0, 3, 3]) -> [2, 2, 3, 1]
  can be raw ops [15]
[1, 1, 3, 3] ([6, 1, 2, 1]) -> [1, 0, 3, 3]
  can be raw ops [5]
[2, 2, 1, 2] ([11, 0, 3, 1]) -> [2, 1, 1, 2]
  can be raw ops [15]
[3, 1, 3, 0] ([6, 1, 2, 2]) -> [3, 1, 0, 0]
  can be raw ops [5]
[0, 1, 3, 2] ([6, 1, 2, 2]) -> [0, 1, 0, 2]
  can be raw ops [5]
[2, 3, 0, 1] ([5, 3, 1, 2]) -> [2, 3, 1, 1]
  can be raw ops [7]
[1, 2, 2, 3] ([1, 0, 2, 2]) -> [1, 2, 0, 3]
  can be raw ops [9]
[3, 2, 0, 3] ([7, 3, 0, 3]) -> [3, 2, 0, 1]
  can be raw ops [11]
[3, 0, 2, 3] ([3, 0, 3, 2]) -> [3, 0, 1, 3]
  can be raw ops [14]
[2, 2, 3, 2] ([11, 0, 3, 0]) -> [1, 2, 3, 2]
  can be raw ops [15]
[2, 2, 3, 1] ([7, 2, 3, 2]) -> [2, 2, 0, 1]
  can be raw ops [11]
[1, 0, 2, 0] ([1, 0, 2, 1]) -> [1, 0, 2, 0]
  can be raw ops [9]
[0, 1, 1, 3] ([10, 2, 1, 3]) -> [0, 1, 1, 2]
  can be raw ops [1]
[0, 0, 1, 2] ([15, 3, 3, 3]) -> [0, 0, 1, 0]
  can be raw ops [12]
[3, 3, 2, 0] ([13, 2, 2, 1]) -> [3, 1, 2, 0]
  can be raw ops [13]
[0, 1, 3, 2] ([2, 0, 0, 2]) -> [0, 1, 0, 2]
  can be raw ops [2]
[0, 2, 2, 1] ([14, 3, 2, 1]) -> [0, 1, 2, 1]
  can be raw ops [8]
[1, 1, 3, 2] ([15, 3, 3, 0]) -> [0, 1, 3, 2]
  can be raw ops [12]
[2, 1, 1, 2] ([9, 1, 0, 3]) -> [2, 1, 1, 0]
  can be raw ops [3]
[3, 0, 1, 0] ([0, 2, 1, 1]) -> [3, 1, 1, 0]
  can be raw ops [6]
[1, 2, 2, 3] ([1, 0, 2, 1]) -> [1, 0, 2, 3]
  can be raw ops [9]
[2, 0, 2, 2] ([3, 0, 2, 0]) -> [1, 0, 2, 2]
  can be raw ops [14]
[2, 1, 3, 2] ([6, 1, 2, 2]) -> [2, 1, 0, 2]
  can be raw ops [5]
[3, 3, 0, 1] ([5, 3, 1, 1]) -> [3, 1, 0, 1]
  can be raw ops [7]
[0, 0, 0, 3] ([2, 0, 0, 1]) -> [0, 0, 0, 3]
  can be raw ops [2]
[0, 0, 1, 1] ([13, 0, 0, 3]) -> [0, 0, 1, 1]
  can be raw ops [13]
[3, 1, 3, 3] ([7, 3, 2, 2]) -> [3, 1, 1, 3]
  can be raw ops [11]
[1, 0, 2, 1] ([14, 3, 2, 2]) -> [1, 0, 1, 1]
  can be raw ops [8]
[0, 2, 3, 3] ([7, 3, 2, 2]) -> [0, 2, 1, 3]
  can be raw ops [11]
[0, 3, 2, 2] ([2, 0, 0, 3]) -> [0, 3, 2, 0]
  can be raw ops [2]
[0, 0, 1, 1] ([8, 2, 3, 2]) -> [0, 0, 2, 1]
  can be raw ops [0]
[2, 3, 1, 2] ([11, 0, 3, 2]) -> [2, 3, 1, 2]
  can be raw ops [15]
[0, 3, 2, 1] ([5, 3, 1, 3]) -> [0, 3, 2, 1]
  can be raw ops [7]
[1, 3, 2, 1] ([1, 0, 2, 1]) -> [1, 0, 2, 1]
  can be raw ops [9]
[3, 1, 2, 1] ([4, 1, 2, 2]) -> [3, 1, 0, 1]
  can be raw ops [4]
[3, 2, 2, 3] ([3, 0, 3, 2]) -> [3, 2, 1, 3]
  can be raw ops [14]
[1, 0, 1, 0] ([8, 2, 0, 0]) -> [2, 0, 1, 0]
  can be raw ops [0]
[3, 2, 2, 3] ([3, 0, 3, 1]) -> [3, 1, 2, 3]
  can be raw ops [14]
[1, 1, 2, 0] ([1, 0, 2, 3]) -> [1, 1, 2, 0]
  can be raw ops [9]
[1, 3, 0, 1] ([5, 3, 1, 0]) -> [1, 3, 0, 1]
  can be raw ops [7]
[3, 1, 2, 2] ([4, 1, 2, 0]) -> [0, 1, 2, 2]
  can be raw ops [4]
[0, 3, 1, 1] ([13, 0, 0, 1]) -> [0, 1, 1, 1]
  can be raw ops [13]
[2, 3, 0, 1] ([5, 3, 1, 1]) -> [2, 1, 0, 1]
  can be raw ops [7]
[2, 0, 0, 2] ([11, 0, 3, 0]) -> [1, 0, 0, 2]
  can be raw ops [15]
[2, 2, 3, 3] ([12, 1, 3, 0]) -> [0, 2, 3, 3]
  can be raw ops [10]
[2, 2, 2, 0] ([3, 0, 2, 0]) -> [1, 2, 2, 0]
  can be raw ops [14]
[0, 3, 2, 1] ([5, 3, 1, 0]) -> [1, 3, 2, 1]
  can be raw ops [7]
[1, 1, 2, 2] ([4, 1, 2, 1]) -> [1, 0, 2, 2]
  can be raw ops [4]
[2, 1, 0, 3] ([9, 1, 0, 2]) -> [2, 1, 0, 3]
  can be raw ops [3]
[3, 0, 3, 3] ([13, 3, 3, 1]) -> [3, 1, 3, 3]
  can be raw ops [13]
[1, 2, 3, 3] ([12, 1, 3, 0]) -> [0, 2, 3, 3]
  can be raw ops [10]
[3, 1, 3, 3] ([3, 0, 3, 1]) -> [3, 1, 3, 3]
  can be raw ops [14]
[1, 1, 2, 3] ([13, 3, 3, 3]) -> [1, 1, 2, 1]
  can be raw ops [13]
[0, 3, 1, 1] ([8, 2, 3, 3]) -> [0, 3, 1, 2]
  can be raw ops [0]
[3, 1, 1, 3] ([12, 1, 3, 2]) -> [3, 1, 0, 3]
  can be raw ops [10]
[2, 1, 3, 0] ([6, 1, 2, 0]) -> [0, 1, 3, 0]
  can be raw ops [5]
[1, 0, 2, 2] ([1, 0, 2, 2]) -> [1, 0, 0, 2]
  can be raw ops [9]
[2, 2, 1, 3] ([12, 1, 3, 2]) -> [2, 2, 0, 3]
  can be raw ops [10]
[2, 0, 1, 2] ([11, 0, 3, 2]) -> [2, 0, 1, 2]
  can be raw ops [15]
[0, 2, 2, 1] ([2, 0, 0, 3]) -> [0, 2, 2, 0]
  can be raw ops [2]
[2, 3, 1, 1] ([5, 3, 1, 0]) -> [1, 3, 1, 1]
  can be raw ops [7]
[0, 2, 1, 1] ([8, 2, 3, 3]) -> [0, 2, 1, 2]
  can be raw ops [0]
[3, 1, 2, 1] ([14, 3, 2, 2]) -> [3, 1, 1, 1]
  can be raw ops [8]
[1, 2, 1, 3] ([13, 3, 2, 3]) -> [1, 2, 1, 0]
  can be raw ops [13]
[2, 3, 1, 2] ([11, 0, 3, 1]) -> [2, 1, 1, 2]
  can be raw ops [15]
[3, 1, 1, 2] ([10, 2, 1, 3]) -> [3, 1, 1, 2]
  can be raw ops [1]
[2, 1, 2, 2] ([11, 0, 3, 1]) -> [2, 1, 2, 2]
  can be raw ops [15]
[1, 1, 3, 1] ([6, 1, 2, 0]) -> [0, 1, 3, 1]
  can be raw ops [5]
[0, 2, 0, 0] ([2, 0, 0, 3]) -> [0, 2, 0, 0]
  can be raw ops [2]
[2, 3, 2, 1] ([3, 0, 2, 1]) -> [2, 1, 2, 1]
  can be raw ops [14]
[3, 1, 1, 3] ([12, 1, 3, 1]) -> [3, 0, 1, 3]
  can be raw ops [10]
[0, 1, 0, 3] ([13, 3, 1, 1]) -> [0, 0, 0, 3]
  can be raw ops [13]
[0, 3, 1, 2] ([2, 0, 0, 0]) -> [0, 3, 1, 2]
  can be raw ops [2]
[2, 2, 2, 0] ([7, 2, 1, 3]) -> [2, 2, 2, 1]
  can be raw ops [11]
[2, 1, 1, 1] ([9, 1, 0, 1]) -> [2, 0, 1, 1]
  can be raw ops [3]
[1, 1, 3, 3] ([6, 1, 2, 2]) -> [1, 1, 0, 3]
  can be raw ops [5]
[3, 2, 1, 1] ([8, 2, 3, 3]) -> [3, 2, 1, 2]
  can be raw ops [0]
[0, 2, 2, 1] ([14, 3, 2, 0]) -> [1, 2, 2, 1]
  can be raw ops [8]
[3, 3, 3, 1] ([15, 3, 3, 1]) -> [3, 0, 3, 1]
  can be raw ops [12]
[2, 3, 0, 2] ([11, 0, 3, 0]) -> [1, 3, 0, 2]
  can be raw ops [15]
[2, 2, 2, 2] ([7, 2, 0, 1]) -> [2, 1, 2, 2]
  can be raw ops [11]
[1, 1, 1, 1] ([8, 2, 0, 0]) -> [2, 1, 1, 1]
  can be raw ops [0]
[2, 1, 1, 1] ([9, 1, 0, 0]) -> [0, 1, 1, 1]
  can be raw ops [3]
[2, 2, 3, 3] ([7, 3, 2, 2]) -> [2, 2, 1, 3]
  can be raw ops [11]
[2, 1, 3, 3] ([6, 1, 2, 3]) -> [2, 1, 3, 0]
  can be raw ops [5]
[0, 3, 0, 3] ([13, 3, 3, 1]) -> [0, 1, 0, 3]
  can be raw ops [13]
[2, 1, 3, 1] ([9, 1, 0, 0]) -> [0, 1, 3, 1]
  can be raw ops [3]
[0, 1, 2, 2] ([2, 0, 0, 2]) -> [0, 1, 0, 2]
  can be raw ops [2]
[2, 3, 1, 3] ([12, 2, 3, 0]) -> [0, 3, 1, 3]
  can be raw ops [10]
[2, 1, 1, 0] ([9, 1, 0, 2]) -> [2, 1, 0, 0]
  can be raw ops [3]
[0, 1, 0, 3] ([13, 0, 0, 3]) -> [0, 1, 0, 1]
  can be raw ops [13]
[0, 1, 2, 3] ([13, 3, 2, 2]) -> [0, 1, 0, 3]
  can be raw ops [13]
[3, 0, 3, 3] ([3, 0, 3, 1]) -> [3, 1, 3, 3]
  can be raw ops [14]
[2, 1, 2, 1] ([9, 1, 0, 1]) -> [2, 0, 2, 1]
  can be raw ops [3]
[1, 1, 1, 2] ([10, 2, 1, 3]) -> [1, 1, 1, 2]
  can be raw ops [1]
[0, 0, 2, 1] ([14, 3, 2, 0]) -> [1, 0, 2, 1]
  can be raw ops [8]
[3, 3, 3, 1] ([5, 3, 1, 1]) -> [3, 1, 3, 1]
  can be raw ops [7]
[3, 0, 2, 0] ([13, 2, 2, 2]) -> [3, 0, 1, 0]
  can be raw ops [13]
[2, 0, 2, 1] ([0, 3, 1, 0]) -> [1, 0, 2, 1]
  can be raw ops [6]
[1, 0, 2, 3] ([1, 0, 2, 0]) -> [0, 0, 2, 3]
  can be raw ops [9]
[0, 0, 2, 3] ([12, 2, 3, 1]) -> [0, 0, 2, 3]
  can be raw ops [10]
[3, 1, 3, 3] ([7, 3, 0, 0]) -> [1, 1, 3, 3]
  can be raw ops [11]
[3, 0, 0, 3] ([3, 0, 3, 3]) -> [3, 0, 0, 1]
  can be raw ops [14]
[2, 3, 1, 2] ([11, 0, 3, 0]) -> [1, 3, 1, 2]
  can be raw ops [15]
[3, 1, 3, 3] ([7, 3, 2, 3]) -> [3, 1, 3, 1]
  can be raw ops [11]
[2, 0, 0, 2] ([11, 0, 3, 3]) -> [2, 0, 0, 1]
  can be raw ops [15]
[3, 3, 0, 1] ([5, 3, 1, 2]) -> [3, 3, 1, 1]
  can be raw ops [7]
[2, 1, 2, 1] ([14, 3, 2, 1]) -> [2, 1, 2, 1]
  can be raw ops [8]
[2, 0, 3, 2] ([15, 3, 3, 2]) -> [2, 0, 0, 2]
  can be raw ops [12]
[1, 1, 3, 3] ([3, 2, 3, 0]) -> [1, 1, 3, 3]
  can be raw ops [14]
[3, 0, 0, 3] ([7, 3, 0, 3]) -> [3, 0, 0, 1]
  can be raw ops [11]
[2, 1, 3, 0] ([9, 1, 0, 2]) -> [2, 1, 0, 0]
  can be raw ops [3]
[0, 3, 3, 0] ([2, 0, 0, 0]) -> [0, 3, 3, 0]
  can be raw ops [2]
[1, 0, 1, 1] ([0, 2, 1, 1]) -> [1, 1, 1, 1]
  can be raw ops [6]
[1, 1, 2, 1] ([4, 1, 2, 0]) -> [0, 1, 2, 1]
  can be raw ops [4]
[0, 0, 2, 3] ([2, 0, 0, 2]) -> [0, 0, 0, 3]
  can be raw ops [2]
[1, 1, 1, 3] ([13, 3, 1, 1]) -> [1, 0, 1, 3]
  can be raw ops [13]
[2, 1, 1, 2] ([10, 2, 1, 2]) -> [2, 1, 2, 2]
  can be raw ops [1]
[0, 2, 1, 1] ([2, 0, 0, 1]) -> [0, 0, 1, 1]
  can be raw ops [2]
[2, 1, 2, 3] ([4, 1, 2, 0]) -> [0, 1, 2, 3]
  can be raw ops [4]
[3, 2, 1, 1] ([15, 2, 3, 1]) -> [3, 0, 1, 1]
  can be raw ops [12]
[3, 0, 3, 3] ([3, 0, 3, 0]) -> [1, 0, 3, 3]
  can be raw ops [14]
[1, 2, 2, 1] ([1, 0, 2, 2]) -> [1, 2, 0, 1]
  can be raw ops [9]
[3, 3, 2, 3] ([3, 0, 3, 2]) -> [3, 3, 1, 3]
  can be raw ops [14]
[2, 1, 0, 1] ([9, 1, 0, 2]) -> [2, 1, 0, 1]
  can be raw ops [3]
[2, 1, 0, 1] ([9, 1, 0, 1]) -> [2, 0, 0, 1]
  can be raw ops [3]
[1, 2, 2, 1] ([1, 0, 2, 0]) -> [0, 2, 2, 1]
  can be raw ops [9]
[3, 1, 3, 2] ([6, 1, 2, 0]) -> [0, 1, 3, 2]
  can be raw ops [5]
[0, 2, 2, 1] ([14, 3, 2, 2]) -> [0, 2, 1, 1]
  can be raw ops [8]
[1, 2, 2, 3] ([1, 0, 2, 3]) -> [1, 2, 2, 0]
  can be raw ops [9]
[0, 1, 1, 2] ([0, 1, 0, 3]) -> [0, 1, 1, 1]
  can be raw ops [6]
[1, 3, 1, 1] ([5, 3, 1, 1]) -> [1, 1, 1, 1]
  can be raw ops [7]
[2, 1, 3, 1] ([15, 3, 3, 2]) -> [2, 1, 0, 1]
  can be raw ops [12]
[2, 1, 1, 3] ([10, 2, 1, 3]) -> [2, 1, 1, 2]
  can be raw ops [1]
[0, 1, 1, 0] ([2, 0, 0, 3]) -> [0, 1, 1, 0]
  can be raw ops [2]
[1, 1, 3, 2] ([6, 1, 2, 3]) -> [1, 1, 3, 0]
  can be raw ops [5]
[2, 1, 1, 2] ([10, 2, 1, 3]) -> [2, 1, 1, 2]
  can be raw ops [1]
[1, 2, 1, 3] ([13, 3, 3, 3]) -> [1, 2, 1, 1]
  can be raw ops [13]
[1, 0, 1, 3] ([8, 2, 0, 1]) -> [1, 2, 1, 3]
  can be raw ops [0]
[3, 3, 2, 2] ([13, 2, 2, 2]) -> [3, 3, 1, 2]
  can be raw ops [13]
[3, 1, 2, 0] ([13, 2, 2, 0]) -> [1, 1, 2, 0]
  can be raw ops [13]
[0, 1, 3, 2] ([6, 1, 2, 3]) -> [0, 1, 3, 0]
  can be raw ops [5]
[1, 0, 2, 3] ([0, 0, 1, 2]) -> [1, 0, 1, 3]
  can be raw ops [6]
[0, 2, 0, 2] ([15, 3, 3, 3]) -> [0, 2, 0, 0]
  can be raw ops [12]
[2, 1, 2, 2] ([3, 0, 2, 3]) -> [2, 1, 2, 1]
  can be raw ops [14]
[2, 1, 3, 2] ([11, 0, 3, 3]) -> [2, 1, 3, 1]
  can be raw ops [15]
[2, 2, 2, 2] ([7, 2, 0, 3]) -> [2, 2, 2, 1]
  can be raw ops [11]
[2, 1, 0, 0] ([9, 1, 0, 2]) -> [2, 1, 0, 0]
  can be raw ops [3]
[1, 1, 3, 2] ([15, 3, 3, 1]) -> [1, 0, 3, 2]
  can be raw ops [12]
[3, 0, 1, 2] ([15, 3, 3, 2]) -> [3, 0, 0, 2]
  can be raw ops [12]
[0, 2, 1, 3] ([12, 2, 3, 0]) -> [0, 2, 1, 3]
  can be raw ops [10]
[3, 2, 2, 1] ([7, 2, 1, 1]) -> [3, 1, 2, 1]
  can be raw ops [11]
[0, 2, 0, 1] ([2, 0, 0, 3]) -> [0, 2, 0, 0]
  can be raw ops [2]
[0, 0, 2, 1] ([14, 3, 2, 3]) -> [0, 0, 2, 1]
  can be raw ops [8]
[2, 0, 0, 1] ([0, 3, 1, 2]) -> [2, 0, 1, 1]
  can be raw ops [6]
[3, 1, 1, 1] ([8, 2, 3, 1]) -> [3, 2, 1, 1]
  can be raw ops [0]
[1, 2, 2, 1] ([14, 3, 2, 1]) -> [1, 1, 2, 1]
  can be raw ops [8]
[0, 1, 2, 2] ([4, 1, 2, 2]) -> [0, 1, 0, 2]
  can be raw ops [4]
[2, 2, 0, 2] ([11, 0, 3, 1]) -> [2, 1, 0, 2]
  can be raw ops [15]
[0, 1, 0, 2] ([15, 3, 3, 3]) -> [0, 1, 0, 0]
  can be raw ops [12]
[0, 0, 0, 1] ([13, 0, 0, 0]) -> [1, 0, 0, 1]
  can be raw ops [13]
[2, 0, 1, 1] ([0, 2, 1, 1]) -> [2, 1, 1, 1]
  can be raw ops [6]
[1, 0, 2, 3] ([0, 0, 1, 0]) -> [1, 0, 2, 3]
  can be raw ops [6]
[2, 1, 1, 1] ([15, 2, 3, 2]) -> [2, 1, 0, 1]
  can be raw ops [12]
[0, 0, 1, 1] ([15, 2, 3, 3]) -> [0, 0, 1, 0]
  can be raw ops [12]
[1, 1, 3, 3] ([13, 3, 1, 2]) -> [1, 1, 0, 3]
  can be raw ops [13]
[0, 0, 0, 3] ([2, 0, 0, 2]) -> [0, 0, 0, 3]
  can be raw ops [2]
[1, 0, 1, 3] ([8, 2, 0, 0]) -> [2, 0, 1, 3]
  can be raw ops [0]
[3, 0, 0, 3] ([3, 0, 3, 0]) -> [1, 0, 0, 3]
  can be raw ops [14]
[0, 1, 3, 3] ([6, 1, 2, 3]) -> [0, 1, 3, 0]
  can be raw ops [5]
[1, 1, 1, 2] ([10, 2, 1, 1]) -> [1, 2, 1, 2]
  can be raw ops [1]
[1, 2, 2, 1] ([13, 2, 2, 0]) -> [1, 2, 2, 1]
  can be raw ops [13]
[2, 1, 0, 3] ([9, 1, 0, 0]) -> [0, 1, 0, 3]
  can be raw ops [3]
[3, 3, 2, 1] ([5, 3, 1, 2]) -> [3, 3, 1, 1]
  can be raw ops [7]
[3, 3, 3, 1] ([5, 3, 1, 2]) -> [3, 3, 1, 1]
  can be raw ops [7]
[2, 1, 0, 0] ([9, 1, 0, 0]) -> [0, 1, 0, 0]
  can be raw ops [3]
[0, 0, 2, 0] ([13, 0, 0, 2]) -> [0, 0, 1, 0]
  can be raw ops [13]
[2, 1, 3, 2] ([6, 1, 2, 1]) -> [2, 0, 3, 2]
  can be raw ops [5]
[2, 1, 3, 2] ([11, 0, 3, 2]) -> [2, 1, 1, 2]
  can be raw ops [15]
[0, 1, 2, 0] ([13, 2, 2, 2]) -> [0, 1, 1, 0]
  can be raw ops [13]
[0, 1, 0, 1] ([15, 3, 3, 2]) -> [0, 1, 0, 1]
  can be raw ops [12]
[2, 2, 3, 1] ([7, 2, 3, 3]) -> [2, 2, 3, 0]
  can be raw ops [11]
[0, 3, 3, 1] ([5, 3, 1, 2]) -> [0, 3, 1, 1]
  can be raw ops [7]
[0, 1, 0, 0] ([0, 1, 0, 2]) -> [0, 1, 1, 0]
  can be raw ops [6]
[1, 0, 2, 2] ([0, 0, 1, 0]) -> [1, 0, 2, 2]
  can be raw ops [6]
[1, 1, 1, 1] ([10, 2, 1, 2]) -> [1, 1, 2, 1]
  can be raw ops [1]
[0, 1, 3, 3] ([0, 1, 0, 3]) -> [0, 1, 3, 1]
  can be raw ops [6]
[2, 3, 1, 1] ([8, 2, 3, 3]) -> [2, 3, 1, 2]
  can be raw ops [0]
[0, 0, 2, 1] ([2, 0, 0, 2]) -> [0, 0, 0, 1]
  can be raw ops [2]
[2, 1, 3, 0] ([9, 1, 0, 3]) -> [2, 1, 3, 0]
  can be raw ops [3]
[1, 3, 3, 1] ([5, 3, 1, 0]) -> [1, 3, 3, 1]
  can be raw ops [7]
[2, 1, 1, 1] ([10, 2, 1, 0]) -> [2, 1, 1, 1]
  can be raw ops [1]
[1, 3, 1, 3] ([8, 2, 0, 0]) -> [2, 3, 1, 3]
  can be raw ops [0]
[1, 1, 1, 0] ([8, 2, 0, 3]) -> [1, 1, 1, 2]
  can be raw ops [0]
[1, 0, 3, 3] ([3, 2, 3, 2]) -> [1, 0, 1, 3]
  can be raw ops [14]
[2, 1, 3, 3] ([12, 1, 3, 1]) -> [2, 0, 3, 3]
  can be raw ops [10]
[2, 2, 2, 0] ([7, 2, 0, 3]) -> [2, 2, 2, 1]
  can be raw ops [11]
[0, 0, 1, 1] ([8, 2, 3, 1]) -> [0, 2, 1, 1]
  can be raw ops [0]
55 of 776 samples
[[6], [9], [2], [14], [4], [7], [5], [11], [0], [3], [1], [15], [10], [13], [8], [12]]
r0 == 627
