['2,0.>#2', '9,3.v#3']
/->-\        
|   |  /----\
| /-+--+-\  |
| | |  | v  |
\-+-/  \-+--/
  \------/   

/-->\        
|   |  /----\
| /-+--+-\  |
| | |  | |  |
\-+-/  \->--/
  \------/   

/---v        
|   |  /----\
| /-+--+-\  |
| | |  | |  |
\-+-/  \-+>-/
  \------/   

/---\        
|   v  /----\
| /-+--+-\  |
| | |  | |  |
\-+-/  \-+->/
  \------/   

/---\        
|   |  /----\
| /->--+-\  |
| | |  | |  |
\-+-/  \-+--^
  \------/   

/---\        
|   |  /----\
| /-+>-+-\  |
| | |  | |  ^
\-+-/  \-+--/
  \------/   

/---\        
|   |  /----\
| /-+->+-\  ^
| | |  | |  |
\-+-/  \-+--/
  \------/   

/---\        
|   |  /----<
| /-+-->-\  |
| | |  | |  |
\-+-/  \-+--/
  \------/   

/---\        
|   |  /---<\
| /-+--+>\  |
| | |  | |  |
\-+-/  \-+--/
  \------/   

/---\        
|   |  /--<-\
| /-+--+-v  |
| | |  | |  |
\-+-/  \-+--/
  \------/   

/---\        
|   |  /-<--\
| /-+--+-\  |
| | |  | v  |
\-+-/  \-+--/
  \------/   

/---\        
|   |  /<---\
| /-+--+-\  |
| | |  | |  |
\-+-/  \-<--/
  \------/   

/---\        
|   |  v----\
| /-+--+-\  |
| | |  | |  |
\-+-/  \<+--/
  \------/   

/---\        
|   |  /----\
| /-+--v-\  |
| | |  | |  |
\-+-/  ^-+--/
  \------/   

Drop car: 7,3.v#3
Drop car: 7,3.^#2
/---\        
|   |  /----\
| /-+--+-\  |
| | |  X |  |
\-+-/  ^-+--/
  \------/   

Crash: 7,3
