['1,0.>#2', '3,0.<#3', '3,2.<#4', '6,3.v#5', '1,4.>#6', '3,4.<#7', '6,5.^#8', '3,6.<#9', '5,6.>#10']
/>-<\  
|   |  
| /<+-\
| | | v
\>+</ |
  |   ^
  \<->/

Drop car: 2,0.>#2
Drop car: 2,0.<#3
Drop car: 2,4.^#6
Drop car: 2,4.v#7
Drop car: 6,4.v#5
Drop car: 6,4.^#8
/-><\  
|   |  
| v-+-\
| | | |
\-^v/ X
  |   ^
  ^---^

Crash: 6,4
Drop car: 6,4.^#8
Drop car: 6,5.^#10
/-><\  
|   |  
| /-+-\
| v | |
\-^v/ v
  ^   X
  \---^

Crash: 6,5
Drop car: 2,4.^#6
Drop car: 2,4.>#4
Drop car: 2,4.^#6
Drop car: 2,4.<#9
/-><\  
|   |  
| /-+-\
| > | |
\-Xv/ v
  <   ^
  \---^

Crash: 2,4
