gen:0, x:494
   0 ......+.......
   1 ............#.
   2 .#..#.......#.
   3 .#..#..#......
   4 .#..#..#......
   5 .#.....#......
   6 .#.....#......
   7 .#######......
   8 ..............
   9 ..............
  10 ....#.....#...
  11 ....#.....#...
  12 ....#.....#...
  13 ....#######...
0 tiles are wet
gen:5, x:494
   0 ......+.......
   1 ......|.....#.
   2 .#..#.|.....#.
   3 .#..#.|#......
   4 .#..#.|#......
   5 .#....|#......
   6 .#~~~~~#......
   7 .#######......
   8 ..............
   9 ..............
  10 ....#.....#...
  11 ....#.....#...
  12 ....#.....#...
  13 ....#######...
10 tiles are wet
gen:10, x:494
   0 ......+.......
   1 ......|.....#.
   2 .#..#.|.....#.
   3 .#..#.|#......
   4 .#..#.|#......
   5 .#~~~~~#......
   6 .#~~~~~#......
   7 .#######......
   8 ..............
   9 ..............
  10 ....#.....#...
  11 ....#.....#...
  12 ....#.....#...
  13 ....#######...
14 tiles are wet
gen:14, x:494
   0 ......+.......
   1 ......|.....#.
   2 .#..#.|.....#.
   3 .#..#~~#......
   4 .#..#~~#......
   5 .#~~~~~#......
   6 .#~~~~~#......
   7 .#######......
   8 ..............
   9 ..............
  10 ....#.....#...
  11 ....#.....#...
  12 ....#.....#...
  13 ....#######...
16 tiles are wet
gen:28, x:494
   0 ......+.......
   1 ......|.....#.
   2 .#..#||||...#.
   3 .#..#~~#|.....
   4 .#..#~~#|.....
   5 .#~~~~~#|.....
   6 .#~~~~~#|.....
   7 .#######|.....
   8 ........|.....
   9 ........|.....
  10 ....#~~~|~#...
  11 ....#~~~~~#...
  12 ....#~~~~~#...
  13 ....#######...
41 tiles are wet
gen:29, x:494
   0 ......+.......
   1 ......|.....#.
   2 .#..#||||...#.
   3 .#..#~~#|.....
   4 .#..#~~#|.....
   5 .#~~~~~#|.....
   6 .#~~~~~#|.....
   7 .#######|.....
   8 ........|.....
   9 ........|.....
  10 ....#~~~~~#...
  11 ....#~~~~~#...
  12 ....#~~~~~#...
  13 ....#######...
41 tiles are wet
gen:30, x:494
   0 ......+.......
   1 ......|.....#.
   2 .#..#||||...#.
   3 .#..#~~#|.....
   4 .#..#~~#|.....
   5 .#~~~~~#|.....
   6 .#~~~~~#|.....
   7 .#######|.....
   8 ........|.....
   9 ...|||||||||..
  10 ...|#~~~~~#|..
  11 ...|#~~~~~#|..
  12 ...|#~~~~~#|..
  13 ...|#######|..
57 tiles are wet
