#ip=r2
ip=0 [0, 0, 0, 0, 0, 0] addi 2 16 2 [0, 0, 16, 0, 0, 0]
ip=17 [0, 0, 17, 0, 0, 0] addi 5 2 5 [0, 0, 17, 0, 0, 2]
ip=18 [0, 0, 18, 0, 0, 2] mulr 5 5 5 [0, 0, 18, 0, 0, 4]
ip=19 [0, 0, 19, 0, 0, 4] mulr 2 5 5 [0, 0, 19, 0, 0, 76]
ip=20 [0, 0, 20, 0, 0, 76] muli 5 11 5 [0, 0, 20, 0, 0, 836]
ip=21 [0, 0, 21, 0, 0, 836] addi 3 4 3 [0, 0, 21, 4, 0, 836]
ip=22 [0, 0, 22, 4, 0, 836] mulr 3 2 3 [0, 0, 22, 88, 0, 836]
ip=23 [0, 0, 23, 88, 0, 836] addi 3 7 3 [0, 0, 23, 95, 0, 836]
ip=24 [0, 0, 24, 95, 0, 836] addr 5 3 5 [0, 0, 24, 95, 0, 931]
ip=25 [0, 0, 25, 95, 0, 931] addr 2 0 2 [0, 0, 25, 95, 0, 931]
ip=26 [0, 0, 26, 95, 0, 931] seti 0 1 2 [0, 0, 0, 95, 0, 931]
ip=1 [0, 0, 1, 95, 0, 931] seti 1 4 1 [0, 1, 1, 95, 0, 931]
ip=2 [0, 1, 2, 95, 0, 931] seti 1 2 4 [0, 1, 2, 95, 1, 931]
ip=3 [0, 1, 3, 95, 1, 931] mulr 1 4 3 [0, 1, 3, 1, 1, 931]
ip=4 [0, 1, 4, 1, 1, 931] eqrr 3 5 3 [0, 1, 4, 0, 1, 931]
ip=5 [0, 1, 5, 0, 1, 931] addr 3 2 2 [0, 1, 5, 0, 1, 931]
ip=6 [0, 1, 6, 0, 1, 931] addi 2 1 2 [0, 1, 7, 0, 1, 931]
ip=8 [0, 1, 8, 0, 1, 931] addi 4 1 4 [0, 1, 8, 0, 2, 931]
ip=9 [0, 1, 9, 0, 2, 931] gtrr 4 5 3 [0, 1, 9, 0, 2, 931]
ip=10 [0, 1, 10, 0, 2, 931] addr 2 3 2 [0, 1, 10, 0, 2, 931]
ip=11 [0, 1, 11, 0, 2, 931] seti 2 7 2 [0, 1, 2, 0, 2, 931]
ip=3 [0, 1, 3, 0, 2, 931] mulr 1 4 3 [0, 1, 3, 2, 2, 931]
ip=4 [0, 1, 4, 2, 2, 931] eqrr 3 5 3 [0, 1, 4, 0, 2, 931]
ip=5 [0, 1, 5, 0, 2, 931] addr 3 2 2 [0, 1, 5, 0, 2, 931]
ip=6 [0, 1, 6, 0, 2, 931] addi 2 1 2 [0, 1, 7, 0, 2, 931]
ip=8 [0, 1, 8, 0, 2, 931] addi 4 1 4 [0, 1, 8, 0, 3, 931]
ip=9 [0, 1, 9, 0, 3, 931] gtrr 4 5 3 [0, 1, 9, 0, 3, 931]
ip=10 [0, 1, 10, 0, 3, 931] addr 2 3 2 [0, 1, 10, 0, 3, 931]
ip=11 [0, 1, 11, 0, 3, 931] seti 2 7 2 [0, 1, 2, 0, 3, 931]
... ~6937817 lines deleted
ip=13 [1140, 932, 13, 1, 932, 931] gtrr 1 5 3 [1140, 932, 13, 1, 932, 931]
ip=14 [1140, 932, 14, 1, 932, 931] addr 3 2 2 [1140, 932, 15, 1, 932, 931]
ip=16 [1140, 932, 16, 1, 932, 931] mulr 2 2 2 [1140, 932, 256, 1, 932, 931]
Halt: ip=257
r0=1140
