Node(1, nc:7 [2,219,465,661,864,1082,1285], nm:11 [4, 6, 4, 5, 9, 9, 6, 8, 3, 1, 3]
Node(1, nc:7 [2,219,465,661,864,1082,1285], nm:11 [4, 6, 4, 5, 9, 9, 6, 8, 3, 1, 3]
  Node(2, nc:6 [3,39,75,111,147,183], nm:3 [7, 8, 2]
    Node(3, nc:5 [4,11,18,25,32], nm:5 [3, 3, 6, 1, 5]
      Node(4, nc:3 [5,7,9], nm:5 [1, 4, 4, 1, 4]
        Node(5, nc:1 [6], nm:8 [1, 3, 1, 2, 2, 1, 1, 3]
          Node(6, nc:0 [], nm:8 [9, 9, 2, 3, 4, 3, 3, 1]
        Node(7, nc:1 [8], nm:9 [1, 2, 1, 1, 3, 3, 3, 1, 1]
          Node(8, nc:0 [], nm:9 [4, 9, 6, 4, 7, 7, 4, 1, 1]
        Node(9, nc:1 [10], nm:6 [1, 1, 2, 3, 1, 2]
          Node(10, nc:0 [], nm:8 [3, 5, 3, 6, 4, 1, 1, 8]
      Node(11, nc:3 [12,14,16], nm:5 [3, 4, 1, 4, 5]
        Node(12, nc:1 [13], nm:5 [1, 3, 2, 2, 3]
          Node(13, nc:0 [], nm:8 [4, 1, 7, 2, 4, 7, 8, 7]
        Node(14, nc:1 [15], nm:9 [2, 1, 1, 2, 3, 2, 1, 1, 1]
          Node(15, nc:0 [], nm:7 [1, 1, 4, 5, 5, 4, 6]
        Node(16, nc:1 [17], nm:9 [3, 1, 2, 3, 3, 3, 1, 1, 2]
          Node(17, nc:0 [], nm:10 [9, 7, 8, 1, 1, 7, 8, 9, 9, 1]
      Node(18, nc:3 [19,21,23], nm:4 [4, 1, 1, 4]
        Node(19, nc:1 [20], nm:7 [3, 3, 1, 1, 2, 2, 1]
          Node(20, nc:0 [], nm:8 [4, 5, 7, 2, 2, 1, 8, 8]
        Node(21, nc:1 [22], nm:9 [3, 1, 2, 3, 3, 1, 3, 2, 3]
          Node(22, nc:0 [], nm:11 [2, 3, 9, 3, 5, 3, 1, 3, 4, 4, 6]
        Node(23, nc:1 [24], nm:9 [1, 1, 2, 2, 3, 2, 1, 3, 1]
          Node(24, nc:0 [], nm:7 [8, 1, 1, 6, 3, 5, 8]
      Node(25, nc:3 [26,28,30], nm:6 [1, 3, 4, 2, 4, 3]
        Node(26, nc:1 [27], nm:8 [1, 1, 2, 2, 1, 2, 2, 1]
          Node(27, nc:0 [], nm:8 [6, 8, 9, 5, 1, 1, 9, 2]
        Node(28, nc:1 [29], nm:8 [3, 1, 3, 3, 1, 3, 1, 1]
          Node(29, nc:0 [], nm:10 [1, 3, 6, 1, 4, 2, 3, 4, 7, 6]
        Node(30, nc:1 [31], nm:7 [3, 3, 1, 3, 2, 1, 1]
          Node(31, nc:0 [], nm:8 [7, 7, 1, 6, 8, 5, 3, 7]
      Node(32, nc:3 [33,35,37], nm:7 [1, 2, 5, 2, 1, 1, 2]
        Node(33, nc:1 [34], nm:6 [1, 1, 1, 2, 1, 2]
          Node(34, nc:0 [], nm:10 [6, 2, 4, 1, 8, 7, 7, 5, 1, 2]
        Node(35, nc:1 [36], nm:5 [1, 1, 1, 1, 3]
          Node(36, nc:0 [], nm:8 [7, 7, 1, 5, 4, 6, 4, 1]
        Node(37, nc:1 [38], nm:5 [1, 1, 2, 1, 3]
          Node(38, nc:0 [], nm:7 [1, 1, 8, 7, 4, 8, 9]
    Node(39, nc:5 [40,47,54,61,68], nm:3 [2, 5, 3]
      Node(40, nc:3 [41,43,45], nm:7 [2, 5, 4, 5, 1, 2, 1]
        Node(41, nc:1 [42], nm:7 [3, 3, 2, 1, 1, 3, 3]
          Node(42, nc:0 [], nm:10 [2, 9, 9, 7, 1, 8, 6, 8, 7, 5]
        Node(43, nc:1 [44], nm:8 [3, 1, 2, 1, 1, 2, 3, 2]
          Node(44, nc:0 [], nm:7 [8, 8, 8, 1, 3, 2, 7]
        Node(45, nc:1 [46], nm:8 [1, 1, 2, 1, 2, 1, 1, 2]
          Node(46, nc:0 [], nm:9 [1, 2, 1, 4, 7, 7, 6, 2, 1]
      Node(47, nc:3 [48,50,52], nm:4 [3, 3, 4, 1]
        Node(48, nc:1 [49], nm:6 [1, 2, 1, 3, 1, 3]
          Node(49, nc:0 [], nm:6 [2, 3, 4, 1, 7, 7]
        Node(50, nc:1 [51], nm:7 [1, 2, 2, 3, 3, 2, 3]
          Node(51, nc:0 [], nm:6 [5, 1, 1, 4, 1, 4]
        Node(52, nc:1 [53], nm:6 [2, 1, 3, 2, 2, 1]
          Node(53, nc:0 [], nm:8 [3, 4, 1, 9, 6, 3, 5, 2]
      Node(54, nc:3 [55,57,59], nm:7 [2, 4, 5, 4, 3, 5, 2]
        Node(55, nc:1 [56], nm:8 [3, 1, 3, 2, 1, 2, 1, 2]
          Node(56, nc:0 [], nm:7 [8, 7, 3, 1, 6, 4, 6]
        Node(57, nc:1 [58], nm:8 [1, 1, 1, 2, 2, 3, 1, 1]
          Node(58, nc:0 [], nm:10 [7, 1, 2, 7, 9, 8, 2, 8, 9, 8]
        Node(59, nc:1 [60], nm:6 [1, 1, 1, 3, 1, 2]
          Node(60, nc:0 [], nm:8 [4, 1, 8, 3, 5, 1, 8, 2]
      Node(61, nc:3 [62,64,66], nm:6 [4, 3, 1, 3, 4, 2]
        Node(62, nc:1 [63], nm:5 [3, 1, 2, 2, 3]
          Node(63, nc:0 [], nm:6 [6, 8, 5, 1, 9, 5]
        Node(64, nc:1 [65], nm:6 [2, 3, 1, 1, 2, 3]
          Node(65, nc:0 [], nm:11 [7, 4, 6, 5, 9, 2, 9, 9, 9, 6, 1]
        Node(66, nc:1 [67], nm:8 [2, 1, 1, 1, 3, 3, 3, 2]
          Node(67, nc:0 [], nm:8 [8, 6, 9, 5, 4, 6, 1, 3]
      Node(68, nc:3 [69,71,73], nm:4 [4, 2, 3, 1]
        Node(69, nc:1 [70], nm:8 [2, 1, 2, 2, 2, 2, 2, 1]
          Node(70, nc:0 [], nm:8 [9, 6, 6, 9, 1, 2, 3, 9]
        Node(71, nc:1 [72], nm:9 [1, 2, 1, 1, 2, 1, 2, 2, 1]
          Node(72, nc:0 [], nm:11 [5, 4, 3, 1, 1, 6, 6, 4, 8, 5, 3]
        Node(73, nc:1 [74], nm:5 [1, 1, 2, 1, 2]
          Node(74, nc:0 [], nm:11 [8, 8, 4, 6, 7, 8, 7, 5, 2, 9, 1]
    Node(75, nc:5 [76,83,90,97,104], nm:3 [4, 3, 7]
      Node(76, nc:3 [77,79,81], nm:7 [3, 1, 1, 3, 5, 4, 5]
        Node(77, nc:1 [78], nm:7 [1, 1, 1, 3, 1, 3, 3]
          Node(78, nc:0 [], nm:11 [6, 4, 3, 6, 1, 9, 2, 1, 3, 4, 2]
        Node(79, nc:1 [80], nm:7 [1, 3, 1, 2, 1, 3, 2]
          Node(80, nc:0 [], nm:8 [2, 2, 8, 5, 1, 1, 6, 3]
        Node(81, nc:1 [82], nm:7 [3, 1, 3, 1, 3, 3, 2]
          Node(82, nc:0 [], nm:6 [1, 4, 3, 8, 3, 6]
      Node(83, nc:3 [84,86,88], nm:4 [3, 2, 3, 2]
        Node(84, nc:1 [85], nm:7 [2, 2, 3, 1, 3, 3, 2]
          Node(85, nc:0 [], nm:11 [9, 1, 7, 9, 7, 9, 6, 1, 9, 1, 8]
        Node(86, nc:1 [87], nm:5 [1, 1, 3, 1, 1]
          Node(87, nc:0 [], nm:9 [1, 2, 2, 1, 3, 2, 5, 9, 7]
        Node(88, nc:1 [89], nm:5 [1, 1, 3, 1, 1]
          Node(89, nc:0 [], nm:9 [3, 8, 4, 6, 9, 7, 5, 1, 1]
      Node(90, nc:3 [91,93,95], nm:4 [5, 2, 5, 3]
        Node(91, nc:1 [92], nm:9 [2, 1, 3, 1, 2, 2, 2, 1, 2]
          Node(92, nc:0 [], nm:9 [1, 9, 1, 8, 2, 2, 4, 1, 7]
        Node(93, nc:1 [94], nm:7 [1, 1, 3, 3, 3, 1, 2]
          Node(94, nc:0 [], nm:7 [1, 1, 5, 6, 1, 8, 2]
        Node(95, nc:1 [96], nm:8 [1, 3, 1, 3, 3, 2, 1, 3]
          Node(96, nc:0 [], nm:10 [1, 7, 1, 2, 5, 4, 3, 9, 6, 2]
      Node(97, nc:3 [98,100,102], nm:5 [5, 3, 3, 1, 2]
        Node(98, nc:1 [99], nm:8 [2, 1, 1, 3, 3, 1, 3, 3]
          Node(99, nc:0 [], nm:9 [4, 1, 7, 3, 2, 1, 5, 5, 4]
        Node(100, nc:1 [101], nm:7 [2, 1, 1, 1, 1, 1, 3]
          Node(101, nc:0 [], nm:11 [7, 9, 5, 1, 1, 9, 3, 8, 6, 9, 4]
        Node(102, nc:1 [103], nm:6 [2, 1, 3, 2, 1, 1]
          Node(103, nc:0 [], nm:7 [1, 1, 4, 5, 6, 3, 3]
      Node(104, nc:3 [105,107,109], nm:5 [3, 3, 4, 1, 1]
        Node(105, nc:1 [106], nm:8 [2, 3, 1, 2, 1, 3, 1, 1]
          Node(106, nc:0 [], nm:10 [8, 7, 3, 6, 1, 5, 9, 2, 3, 4]
        Node(107, nc:1 [108], nm:5 [1, 2, 1, 3, 2]
          Node(108, nc:0 [], nm:9 [6, 1, 5, 1, 7, 1, 7, 9, 5]
        Node(109, nc:1 [110], nm:8 [3, 3, 3, 2, 2, 3, 1, 1]
          Node(110, nc:0 [], nm:6 [2, 9, 4, 1, 4, 5]
    Node(111, nc:5 [112,119,126,133,140], nm:5 [1, 3, 5, 7, 1]
      Node(112, nc:3 [113,115,117], nm:4 [2, 3, 5, 2]
        Node(113, nc:1 [114], nm:7 [1, 2, 3, 1, 1, 1, 1]
          Node(114, nc:0 [], nm:7 [5, 5, 6, 2, 8, 1, 8]
        Node(115, nc:1 [116], nm:6 [1, 1, 1, 3, 2, 2]
          Node(116, nc:0 [], nm:11 [7, 5, 4, 1, 1, 3, 3, 5, 3, 3, 4]
        Node(117, nc:1 [118], nm:6 [1, 2, 2, 2, 1, 1]
          Node(118, nc:0 [], nm:6 [8, 1, 8, 1, 6, 5]
      Node(119, nc:3 [120,122,124], nm:6 [2, 2, 1, 2, 1, 1]
        Node(120, nc:1 [121], nm:9 [3, 2, 2, 3, 1, 1, 2, 2, 2]
          Node(121, nc:0 [], nm:6 [4, 1, 1, 1, 9, 2]
        Node(122, nc:1 [123], nm:6 [2, 1, 2, 2, 1, 3]
          Node(123, nc:0 [], nm:7 [4, 1, 7, 1, 4, 2, 5]
        Node(124, nc:1 [125], nm:5 [2, 1, 1, 1, 1]
          Node(125, nc:0 [], nm:8 [3, 5, 1, 2, 1, 3, 1, 7]
      Node(126, nc:3 [127,129,131], nm:4 [3, 1, 2, 1]
        Node(127, nc:1 [128], nm:5 [3, 3, 1, 3, 2]
          Node(128, nc:0 [], nm:7 [5, 1, 2, 7, 4, 6, 6]
        Node(129, nc:1 [130], nm:5 [1, 2, 1, 3, 1]
          Node(130, nc:0 [], nm:7 [1, 1, 2, 8, 8, 6, 6]
        Node(131, nc:1 [132], nm:5 [2, 3, 2, 3, 1]
          Node(132, nc:0 [], nm:11 [7, 2, 1, 3, 8, 5, 4, 9, 7, 7, 8]
      Node(133, nc:3 [134,136,138], nm:5 [5, 1, 1, 2, 1]
        Node(134, nc:1 [135], nm:6 [3, 1, 1, 3, 3, 3]
          Node(135, nc:0 [], nm:10 [8, 3, 1, 4, 7, 8, 8, 8, 9, 8]
        Node(136, nc:1 [137], nm:6 [3, 3, 2, 1, 2, 1]
          Node(137, nc:0 [], nm:8 [3, 2, 9, 5, 1, 6, 1, 8]
        Node(138, nc:1 [139], nm:5 [1, 2, 1, 2, 3]
          Node(139, nc:0 [], nm:11 [6, 6, 7, 7, 1, 4, 1, 1, 7, 1, 1]
      Node(140, nc:3 [141,143,145], nm:6 [3, 5, 1, 2, 5, 2]
        Node(141, nc:1 [142], nm:8 [3, 1, 2, 2, 2, 2, 3, 1]
          Node(142, nc:0 [], nm:11 [2, 1, 6, 6, 1, 6, 2, 8, 4, 9, 4]
        Node(143, nc:1 [144], nm:6 [3, 2, 3, 1, 2, 1]
          Node(144, nc:0 [], nm:11 [9, 7, 5, 4, 6, 1, 4, 6, 5, 4, 6]
        Node(145, nc:1 [146], nm:8 [2, 3, 1, 2, 3, 2, 3, 3]
          Node(146, nc:0 [], nm:9 [3, 7, 7, 3, 1, 8, 8, 8, 8]
    Node(147, nc:5 [148,155,162,169,176], nm:4 [5, 2, 3, 5]
      Node(148, nc:3 [149,151,153], nm:5 [1, 3, 3, 4, 3]
        Node(149, nc:1 [150], nm:7 [3, 1, 3, 2, 1, 3, 3]
          Node(150, nc:0 [], nm:10 [1, 6, 8, 9, 7, 7, 1, 9, 6, 6]
        Node(151, nc:1 [152], nm:6 [1, 1, 3, 1, 2, 3]
          Node(152, nc:0 [], nm:8 [6, 9, 2, 3, 4, 6, 1, 2]
        Node(153, nc:1 [154], nm:9 [1, 1, 1, 2, 3, 2, 1, 1, 1]
          Node(154, nc:0 [], nm:11 [8, 6, 5, 2, 6, 5, 4, 7, 3, 1, 3]
      Node(155, nc:3 [156,158,160], nm:4 [1, 1, 5, 3]
        Node(156, nc:1 [157], nm:7 [1, 3, 3, 1, 2, 1, 2]
          Node(157, nc:0 [], nm:11 [8, 1, 5, 7, 1, 1, 3, 7, 6, 7, 2]
        Node(158, nc:1 [159], nm:7 [2, 3, 2, 1, 3, 1, 3]
          Node(159, nc:0 [], nm:8 [1, 1, 1, 8, 4, 5, 8, 7]
        Node(160, nc:1 [161], nm:6 [2, 1, 3, 3, 2, 3]
          Node(161, nc:0 [], nm:6 [1, 6, 5, 7, 6, 1]
      Node(162, nc:3 [163,165,167], nm:4 [5, 4, 1, 5]
        Node(163, nc:1 [164], nm:5 [1, 1, 1, 1, 3]
          Node(164, nc:0 [], nm:8 [2, 1, 5, 1, 8, 5, 8, 7]
        Node(165, nc:1 [166], nm:8 [2, 3, 1, 2, 3, 3, 2, 2]
          Node(166, nc:0 [], nm:7 [8, 4, 4, 4, 1, 7, 3]
        Node(167, nc:1 [168], nm:5 [1, 2, 3, 3, 3]
          Node(168, nc:0 [], nm:6 [5, 1, 4, 6, 3, 9]
      Node(169, nc:3 [170,172,174], nm:5 [4, 2, 4, 2, 3]
        Node(170, nc:1 [171], nm:7 [3, 3, 1, 2, 3, 2, 2]
          Node(171, nc:0 [], nm:10 [7, 5, 9, 2, 4, 4, 9, 1, 5, 1]
        Node(172, nc:1 [173], nm:6 [2, 1, 1, 2, 2, 1]
          Node(173, nc:0 [], nm:11 [1, 2, 1, 5, 5, 6, 1, 1, 6, 3, 8]
        Node(174, nc:1 [175], nm:9 [1, 3, 1, 3, 3, 1, 3, 1, 2]
          Node(175, nc:0 [], nm:10 [5, 1, 1, 7, 1, 7, 4, 1, 9, 8]
      Node(176, nc:3 [177,179,181], nm:6 [4, 1, 2, 4, 2, 2]
        Node(177, nc:1 [178], nm:9 [1, 1, 3, 3, 2, 1, 2, 2, 1]
          Node(178, nc:0 [], nm:7 [1, 5, 1, 6, 1, 8, 7]
        Node(179, nc:1 [180], nm:6 [1, 2, 2, 1, 1, 1]
          Node(180, nc:0 [], nm:11 [9, 1, 9, 1, 6, 3, 8, 7, 6, 7, 1]
        Node(181, nc:1 [182], nm:8 [1, 3, 1, 1, 3, 1, 3, 3]
          Node(182, nc:0 [], nm:9 [1, 7, 8, 2, 8, 7, 4, 1, 6]
    Node(183, nc:5 [184,191,198,205,212], nm:4 [1, 4, 2, 1]
      Node(184, nc:3 [185,187,189], nm:5 [2, 4, 1, 4, 1]
        Node(185, nc:1 [186], nm:9 [2, 3, 1, 1, 3, 1, 3, 1, 3]
          Node(186, nc:0 [], nm:8 [5, 7, 9, 2, 1, 7, 7, 7]
        Node(187, nc:1 [188], nm:8 [1, 3, 2, 1, 1, 1, 1, 1]
          Node(188, nc:0 [], nm:11 [6, 5, 1, 1, 8, 8, 8, 3, 9, 6, 6]
        Node(189, nc:1 [190], nm:5 [1, 2, 1, 1, 2]
          Node(190, nc:0 [], nm:11 [5, 1, 9, 5, 1, 6, 9, 2, 1, 9, 1]
      Node(191, nc:3 [192,194,196], nm:4 [5, 3, 4, 4]
        Node(192, nc:1 [193], nm:6 [1, 1, 2, 1, 3, 1]
          Node(193, nc:0 [], nm:7 [8, 5, 5, 4, 8, 1, 1]
        Node(194, nc:1 [195], nm:8 [2, 1, 3, 3, 3, 2, 3, 1]
          Node(195, nc:0 [], nm:9 [1, 7, 9, 1, 2, 4, 1, 5, 3]
        Node(196, nc:1 [197], nm:5 [1, 2, 3, 3, 3]
          Node(197, nc:0 [], nm:11 [6, 9, 8, 3, 2, 6, 3, 8, 3, 3, 1]
      Node(198, nc:3 [199,201,203], nm:4 [2, 1, 2, 1]
        Node(199, nc:1 [200], nm:6 [1, 2, 1, 3, 2, 1]
          Node(200, nc:0 [], nm:9 [1, 6, 5, 9, 9, 8, 5, 1, 5]
        Node(201, nc:1 [202], nm:8 [2, 2, 1, 3, 1, 2, 1, 2]
          Node(202, nc:0 [], nm:6 [7, 2, 1, 6, 5, 1]
        Node(203, nc:1 [204], nm:6 [2, 1, 2, 1, 1, 1]
          Node(204, nc:0 [], nm:6 [1, 8, 9, 7, 8, 3]
      Node(205, nc:3 [206,208,210], nm:5 [3, 2, 1, 2, 3]
        Node(206, nc:1 [207], nm:7 [1, 1, 1, 2, 2, 3, 2]
          Node(207, nc:0 [], nm:7 [6, 1, 1, 8, 7, 9, 2]
        Node(208, nc:1 [209], nm:8 [1, 2, 2, 1, 3, 1, 2, 3]
          Node(209, nc:0 [], nm:10 [8, 9, 5, 2, 3, 7, 3, 7, 1, 9]
        Node(210, nc:1 [211], nm:5 [1, 3, 3, 3, 1]
          Node(211, nc:0 [], nm:6 [4, 1, 9, 8, 1, 9]
      Node(212, nc:3 [213,215,217], nm:4 [1, 1, 3, 5]
        Node(213, nc:1 [214], nm:6 [2, 3, 2, 2, 1, 2]
          Node(214, nc:0 [], nm:10 [8, 7, 9, 5, 1, 4, 8, 1, 1, 7]
        Node(215, nc:1 [216], nm:9 [3, 2, 2, 1, 3, 2, 3, 1, 1]
          Node(216, nc:0 [], nm:6 [8, 5, 1, 8, 2, 1]
        Node(217, nc:1 [218], nm:5 [3, 2, 2, 1, 3]
          Node(218, nc:0 [], nm:10 [4, 3, 7, 2, 4, 7, 1, 5, 1, 6]
  Node(219, nc:7 [220,256,292,328,364,400,429], nm:2 [4, 7]
    Node(220, nc:5 [221,228,235,242,249], nm:3 [4, 3, 1]
      Node(221, nc:3 [222,224,226], nm:5 [2, 3, 1, 1, 1]
        Node(222, nc:1 [223], nm:7 [2, 1, 2, 3, 1, 1, 3]
          Node(223, nc:0 [], nm:7 [8, 3, 1, 8, 1, 3, 6]
        Node(224, nc:1 [225], nm:6 [1, 3, 3, 3, 3, 1]
          Node(225, nc:0 [], nm:9 [8, 1, 7, 4, 1, 1, 1, 3, 2]
        Node(226, nc:1 [227], nm:9 [3, 1, 3, 1, 1, 3, 2, 1, 3]
          Node(227, nc:0 [], nm:9 [2, 1, 5, 3, 4, 6, 1, 8, 3]
      Node(228, nc:3 [229,231,233], nm:7 [3, 2, 3, 3, 3, 3, 3]
        Node(229, nc:1 [230], nm:8 [3, 2, 3, 3, 1, 2, 3, 3]
          Node(230, nc:0 [], nm:10 [2, 4, 8, 4, 1, 7, 6, 8, 6, 5]
        Node(231, nc:1 [232], nm:5 [3, 3, 3, 1, 1]
          Node(232, nc:0 [], nm:7 [6, 1, 8, 8, 5, 3, 3]
        Node(233, nc:1 [234], nm:5 [3, 1, 1, 3, 2]
          Node(234, nc:0 [], nm:10 [4, 5, 3, 6, 1, 2, 7, 4, 6, 4]
      Node(235, nc:3 [236,238,240], nm:5 [2, 4, 1, 2, 3]
        Node(236, nc:1 [237], nm:9 [3, 1, 1, 2, 1, 1, 1, 2, 2]
          Node(237, nc:0 [], nm:10 [1, 8, 3, 2, 7, 3, 1, 1, 3, 5]
        Node(238, nc:1 [239], nm:5 [1, 3, 2, 1, 1]
          Node(239, nc:0 [], nm:11 [8, 4, 1, 4, 3, 5, 9, 8, 2, 5, 1]
        Node(240, nc:1 [241], nm:5 [1, 2, 2, 3, 2]
          Node(241, nc:0 [], nm:7 [4, 9, 5, 4, 4, 1, 9]
      Node(242, nc:3 [243,245,247], nm:4 [1, 4, 5, 3]
        Node(243, nc:1 [244], nm:8 [1, 1, 2, 2, 2, 2, 1, 3]
          Node(244, nc:0 [], nm:10 [3, 4, 9, 7, 1, 1, 4, 4, 3, 1]
        Node(245, nc:1 [246], nm:6 [3, 3, 1, 3, 2, 2]
          Node(246, nc:0 [], nm:11 [7, 8, 3, 1, 2, 9, 4, 3, 1, 7, 7]
        Node(247, nc:1 [248], nm:9 [3, 2, 3, 1, 1, 3, 1, 3, 3]
          Node(248, nc:0 [], nm:8 [1, 4, 2, 3, 7, 5, 8, 4]
      Node(249, nc:3 [250,252,254], nm:4 [4, 5, 3, 5]
        Node(250, nc:1 [251], nm:6 [1, 3, 3, 1, 2, 1]
          Node(251, nc:0 [], nm:10 [1, 8, 4, 5, 6, 3, 9, 7, 5, 4]
        Node(252, nc:1 [253], nm:7 [3, 2, 2, 1, 2, 3, 3]
          Node(253, nc:0 [], nm:9 [3, 7, 8, 8, 6, 7, 7, 1, 4]
        Node(254, nc:1 [255], nm:5 [1, 3, 1, 3, 3]
          Node(255, nc:0 [], nm:11 [7, 8, 1, 8, 1, 1, 5, 9, 6, 1, 2]
    Node(256, nc:5 [257,264,271,278,285], nm:5 [5, 2, 5, 6, 2]
      Node(257, nc:3 [258,260,262], nm:7 [3, 1, 3, 3, 4, 2, 1]
        Node(258, nc:1 [259], nm:6 [1, 3, 3, 1, 1, 2]
          Node(259, nc:0 [], nm:9 [1, 4, 2, 1, 8, 1, 4, 6, 1]
        Node(260, nc:1 [261], nm:8 [3, 1, 3, 1, 2, 1, 3, 3]
          Node(261, nc:0 [], nm:9 [5, 6, 2, 9, 4, 1, 6, 1, 3]
        Node(262, nc:1 [263], nm:6 [1, 3, 3, 2, 1, 3]
          Node(263, nc:0 [], nm:9 [5, 1, 6, 9, 3, 2, 9, 4, 3]
      Node(264, nc:3 [265,267,269], nm:7 [2, 5, 2, 1, 5, 1, 3]
        Node(265, nc:1 [266], nm:9 [1, 3, 2, 2, 3, 1, 1, 1, 1]
          Node(266, nc:0 [], nm:7 [3, 1, 3, 9, 4, 6, 2]
        Node(267, nc:1 [268], nm:9 [3, 3, 3, 1, 1, 3, 3, 1, 1]
          Node(268, nc:0 [], nm:7 [1, 6, 2, 3, 7, 3, 2]
        Node(269, nc:1 [270], nm:7 [2, 2, 2, 3, 1, 1, 3]
          Node(270, nc:0 [], nm:11 [9, 8, 8, 6, 7, 8, 8, 1, 3, 7, 8]
      Node(271, nc:3 [272,274,276], nm:4 [3, 2, 1, 5]
        Node(272, nc:1 [273], nm:8 [3, 2, 2, 3, 3, 1, 1, 1]
          Node(273, nc:0 [], nm:9 [8, 1, 8, 3, 1, 8, 7, 2, 1]
        Node(274, nc:1 [275], nm:8 [3, 1, 3, 1, 3, 1, 2, 3]
          Node(275, nc:0 [], nm:6 [3, 3, 7, 7, 3, 1]
        Node(276, nc:1 [277], nm:5 [2, 3, 1, 1, 3]
          Node(277, nc:0 [], nm:11 [2, 5, 6, 1, 2, 5, 7, 4, 1, 8, 2]
      Node(278, nc:3 [279,281,283], nm:5 [3, 1, 3, 4, 1]
        Node(279, nc:1 [280], nm:8 [3, 2, 1, 3, 3, 2, 2, 2]
          Node(280, nc:0 [], nm:10 [1, 8, 3, 2, 2, 6, 4, 6, 8, 4]
        Node(281, nc:1 [282], nm:5 [2, 2, 1, 2, 2]
          Node(282, nc:0 [], nm:11 [3, 6, 4, 8, 3, 3, 7, 9, 7, 1, 4]
        Node(283, nc:1 [284], nm:9 [2, 1, 2, 3, 2, 1, 1, 3, 1]
          Node(284, nc:0 [], nm:8 [6, 9, 3, 3, 3, 1, 2, 5]
      Node(285, nc:3 [286,288,290], nm:7 [1, 4, 3, 3, 1, 1, 3]
        Node(286, nc:1 [287], nm:9 [2, 2, 1, 1, 3, 2, 1, 2, 2]
          Node(287, nc:0 [], nm:9 [3, 4, 3, 5, 2, 1, 8, 6, 5]
        Node(288, nc:1 [289], nm:5 [1, 1, 1, 1, 2]
          Node(289, nc:0 [], nm:8 [1, 9, 2, 4, 4, 3, 7, 2]
        Node(290, nc:1 [291], nm:5 [1, 3, 3, 2, 3]
          Node(291, nc:0 [], nm:11 [5, 5, 2, 9, 7, 5, 6, 3, 8, 1, 8]
    Node(292, nc:5 [293,300,307,314,321], nm:3 [2, 3, 5]
      Node(293, nc:3 [294,296,298], nm:7 [1, 4, 1, 2, 2, 1, 2]
        Node(294, nc:1 [295], nm:8 [1, 2, 1, 2, 1, 2, 2, 3]
          Node(295, nc:0 [], nm:7 [2, 3, 9, 3, 2, 1, 5]
        Node(296, nc:1 [297], nm:6 [2, 1, 2, 1, 3, 1]
          Node(297, nc:0 [], nm:6 [1, 1, 4, 7, 5, 6]
        Node(298, nc:1 [299], nm:5 [3, 2, 1, 1, 3]
          Node(299, nc:0 [], nm:6 [2, 2, 7, 2, 2, 1]
      Node(300, nc:3 [301,303,305], nm:5 [5, 5, 2, 1, 3]
        Node(301, nc:1 [302], nm:6 [3, 1, 1, 1, 1, 1]
          Node(302, nc:0 [], nm:11 [5, 1, 2, 8, 5, 2, 8, 4, 3, 9, 1]
        Node(303, nc:1 [304], nm:6 [2, 3, 3, 1, 3, 1]
          Node(304, nc:0 [], nm:6 [5, 1, 6, 4, 8, 1]
        Node(305, nc:1 [306], nm:6 [3, 3, 3, 2, 1, 1]
          Node(306, nc:0 [], nm:8 [7, 4, 8, 4, 1, 9, 7, 5]
      Node(307, nc:3 [308,310,312], nm:5 [3, 5, 1, 2, 5]
        Node(308, nc:1 [309], nm:7 [2, 1, 2, 3, 3, 2, 1]
          Node(309, nc:0 [], nm:8 [9, 1, 7, 8, 7, 3, 8, 3]
        Node(310, nc:1 [311], nm:5 [1, 1, 2, 2, 2]
          Node(311, nc:0 [], nm:9 [1, 1, 7, 9, 2, 6, 1, 7, 6]
        Node(312, nc:1 [313], nm:9 [2, 3, 2, 2, 3, 2, 1, 3, 3]
          Node(313, nc:0 [], nm:11 [3, 9, 6, 8, 8, 1, 1, 1, 6, 4, 1]
      Node(314, nc:3 [315,317,319], nm:4 [3, 3, 1, 1]
        Node(315, nc:1 [316], nm:9 [3, 2, 2, 1, 3, 2, 3, 3, 1]
          Node(316, nc:0 [], nm:8 [7, 1, 8, 8, 6, 6, 9, 3]
        Node(317, nc:1 [318], nm:6 [1, 3, 1, 3, 2, 2]
          Node(318, nc:0 [], nm:6 [2, 4, 7, 9, 3, 1]
        Node(319, nc:1 [320], nm:7 [1, 2, 1, 3, 1, 1, 1]
          Node(320, nc:0 [], nm:6 [2, 5, 7, 9, 1, 7]
      Node(321, nc:3 [322,324,326], nm:4 [1, 3, 3, 1]
        Node(322, nc:1 [323], nm:7 [2, 2, 3, 1, 2, 3, 1]
          Node(323, nc:0 [], nm:10 [7, 8, 5, 6, 1, 7, 9, 3, 7, 1]
        Node(324, nc:1 [325], nm:9 [1, 3, 1, 2, 2, 2, 2, 3, 3]
          Node(325, nc:0 [], nm:9 [4, 6, 6, 1, 5, 5, 7, 1, 1]
        Node(326, nc:1 [327], nm:6 [1, 1, 3, 3, 1, 1]
          Node(327, nc:0 [], nm:8 [8, 3, 1, 5, 2, 1, 4, 2]
    Node(328, nc:5 [329,336,343,350,357], nm:5 [1, 7, 6, 4, 2]
      Node(329, nc:3 [330,332,334], nm:6 [4, 1, 2, 1, 3, 2]
        Node(330, nc:1 [331], nm:6 [2, 3, 1, 3, 3, 2]
          Node(331, nc:0 [], nm:11 [7, 5, 5, 6, 1, 7, 1, 4, 3, 5, 4]
        Node(332, nc:1 [333], nm:6 [1, 2, 3, 1, 1, 1]
          Node(333, nc:0 [], nm:8 [3, 5, 2, 9, 4, 8, 1, 9]
        Node(334, nc:1 [335], nm:8 [1, 2, 2, 2, 3, 3, 1, 1]
          Node(335, nc:0 [], nm:6 [7, 7, 9, 1, 5, 2]
      Node(336, nc:3 [337,339,341], nm:6 [3, 2, 2, 3, 3, 4]
        Node(337, nc:1 [338], nm:7 [2, 3, 3, 3, 3, 1, 1]
          Node(338, nc:0 [], nm:11 [6, 4, 7, 6, 8, 6, 8, 6, 4, 1, 4]
        Node(339, nc:1 [340], nm:7 [2, 1, 2, 3, 1, 1, 1]
          Node(340, nc:0 [], nm:6 [1, 2, 2, 1, 6, 3]
        Node(341, nc:1 [342], nm:5 [1, 1, 1, 3, 1]
          Node(342, nc:0 [], nm:8 [2, 1, 3, 1, 1, 7, 4, 5]
      Node(343, nc:3 [344,346,348], nm:7 [1, 3, 4, 3, 3, 5, 4]
        Node(344, nc:1 [345], nm:8 [2, 2, 1, 2, 1, 3, 3, 1]
          Node(345, nc:0 [], nm:9 [9, 2, 1, 1, 8, 8, 9, 4, 8]
        Node(346, nc:1 [347], nm:6 [3, 3, 1, 3, 2, 3]
          Node(347, nc:0 [], nm:8 [9, 3, 1, 9, 7, 4, 1, 9]
        Node(348, nc:1 [349], nm:8 [2, 1, 1, 1, 2, 3, 3, 3]
          Node(349, nc:0 [], nm:9 [5, 5, 1, 7, 7, 3, 7, 1, 7]
      Node(350, nc:3 [351,353,355], nm:5 [3, 4, 2, 2, 3]
        Node(351, nc:1 [352], nm:8 [1, 2, 1, 2, 2, 2, 3, 3]
          Node(352, nc:0 [], nm:7 [5, 1, 8, 3, 6, 7, 5]
        Node(353, nc:1 [354], nm:9 [3, 3, 2, 1, 3, 1, 1, 1, 3]
          Node(354, nc:0 [], nm:8 [6, 7, 9, 1, 5, 4, 1, 1]
        Node(355, nc:1 [356], nm:9 [2, 1, 3, 1, 3, 2, 1, 1, 1]
          Node(356, nc:0 [], nm:6 [7, 9, 1, 1, 2, 2]
      Node(357, nc:3 [358,360,362], nm:4 [3, 1, 4, 2]
        Node(358, nc:1 [359], nm:5 [2, 1, 2, 1, 2]
          Node(359, nc:0 [], nm:9 [2, 3, 6, 7, 1, 4, 8, 1, 8]
        Node(360, nc:1 [361], nm:9 [1, 1, 3, 1, 2, 2, 3, 1, 1]
          Node(361, nc:0 [], nm:9 [1, 6, 5, 5, 9, 2, 1, 2, 7]
        Node(362, nc:1 [363], nm:5 [1, 3, 1, 1, 2]
          Node(363, nc:0 [], nm:9 [2, 1, 1, 9, 4, 1, 5, 3, 5]
    Node(364, nc:5 [365,372,379,386,393], nm:3 [1, 2, 4]
      Node(365, nc:3 [366,368,370], nm:5 [2, 3, 5, 3, 5]
        Node(366, nc:1 [367], nm:6 [2, 1, 3, 3, 2, 1]
          Node(367, nc:0 [], nm:7 [4, 9, 4, 3, 1, 8, 3]
        Node(368, nc:1 [369], nm:7 [1, 2, 1, 2, 3, 1, 2]
          Node(369, nc:0 [], nm:9 [7, 4, 9, 1, 7, 1, 4, 5, 2]
        Node(370, nc:1 [371], nm:5 [3, 2, 3, 2, 1]
          Node(371, nc:0 [], nm:7 [1, 8, 9, 3, 9, 2, 1]
      Node(372, nc:3 [373,375,377], nm:6 [4, 4, 3, 5, 3, 3]
        Node(373, nc:1 [374], nm:8 [2, 3, 2, 1, 2, 3, 3, 3]
          Node(374, nc:0 [], nm:9 [3, 2, 9, 2, 1, 9, 4, 5, 8]
        Node(375, nc:1 [376], nm:8 [1, 1, 2, 3, 3, 2, 1, 1]
          Node(376, nc:0 [], nm:9 [9, 9, 7, 6, 1, 2, 3, 9, 8]
        Node(377, nc:1 [378], nm:9 [3, 1, 3, 3, 2, 3, 2, 1, 1]
          Node(378, nc:0 [], nm:8 [6, 3, 5, 5, 7, 9, 1, 9]
      Node(379, nc:3 [380,382,384], nm:6 [2, 2, 5, 4, 1, 5]
        Node(380, nc:1 [381], nm:8 [1, 2, 3, 3, 1, 3, 3, 3]
          Node(381, nc:0 [], nm:6 [5, 1, 3, 9, 7, 1]
        Node(382, nc:1 [383], nm:9 [2, 1, 1, 3, 2, 1, 3, 1, 3]
          Node(383, nc:0 [], nm:9 [5, 3, 2, 1, 1, 7, 6, 2, 9]
        Node(384, nc:1 [385], nm:8 [2, 1, 2, 3, 2, 3, 2, 2]
          Node(385, nc:0 [], nm:9 [1, 9, 4, 3, 4, 7, 2, 2, 5]
      Node(386, nc:3 [387,389,391], nm:7 [5, 1, 3, 3, 5, 4, 1]
        Node(387, nc:1 [388], nm:6 [2, 1, 1, 1, 2, 2]
          Node(388, nc:0 [], nm:8 [2, 1, 3, 7, 9, 2, 1, 7]
        Node(389, nc:1 [390], nm:8 [3, 3, 3, 1, 2, 1, 3, 1]
          Node(390, nc:0 [], nm:10 [4, 1, 1, 6, 7, 7, 8, 1, 9, 8]
        Node(391, nc:1 [392], nm:5 [3, 1, 1, 1, 1]
          Node(392, nc:0 [], nm:8 [6, 1, 9, 9, 3, 8, 1, 3]
      Node(393, nc:3 [394,396,398], nm:6 [1, 3, 3, 3, 3, 2]
        Node(394, nc:1 [395], nm:8 [3, 1, 1, 1, 3, 1, 2, 1]
          Node(395, nc:0 [], nm:9 [2, 6, 9, 1, 4, 6, 1, 7, 7]
        Node(396, nc:1 [397], nm:6 [2, 3, 1, 3, 3, 1]
          Node(397, nc:0 [], nm:9 [6, 2, 9, 3, 1, 7, 3, 8, 4]
        Node(398, nc:1 [399], nm:5 [1, 2, 2, 1, 1]
          Node(399, nc:0 [], nm:7 [1, 7, 7, 7, 1, 5, 6]
    Node(400, nc:4 [401,408,415,422], nm:5 [3, 3, 5, 6, 4]
      Node(401, nc:3 [402,404,406], nm:6 [3, 3, 3, 2, 4, 2]
        Node(402, nc:1 [403], nm:9 [3, 1, 1, 2, 3, 1, 3, 2, 1]
          Node(403, nc:0 [], nm:9 [3, 2, 8, 7, 1, 8, 4, 6, 3]
        Node(404, nc:1 [405], nm:5 [2, 3, 2, 2, 1]
          Node(405, nc:0 [], nm:11 [1, 5, 8, 1, 1, 1, 8, 2, 3, 9, 3]
        Node(406, nc:1 [407], nm:8 [1, 1, 1, 3, 1, 2, 2, 2]
          Node(407, nc:0 [], nm:10 [1, 1, 2, 8, 7, 1, 9, 9, 9, 7]
      Node(408, nc:3 [409,411,413], nm:4 [5, 4, 1, 2]
        Node(409, nc:1 [410], nm:5 [1, 2, 2, 3, 2]
          Node(410, nc:0 [], nm:10 [1, 6, 5, 2, 2, 6, 9, 6, 9, 2]
        Node(411, nc:1 [412], nm:7 [3, 1, 1, 2, 1, 1, 3]
          Node(412, nc:0 [], nm:11 [1, 4, 9, 7, 5, 2, 3, 4, 4, 5, 1]
        Node(413, nc:1 [414], nm:9 [1, 1, 3, 1, 3, 2, 2, 2, 2]
          Node(414, nc:0 [], nm:6 [4, 5, 5, 9, 1, 4]
      Node(415, nc:3 [416,418,420], nm:4 [4, 1, 4, 2]
        Node(416, nc:1 [417], nm:8 [2, 1, 2, 1, 2, 1, 1, 3]
          Node(417, nc:0 [], nm:8 [7, 3, 6, 1, 5, 5, 1, 6]
        Node(418, nc:1 [419], nm:5 [1, 1, 1, 1, 3]
          Node(419, nc:0 [], nm:9 [9, 9, 3, 9, 7, 7, 9, 7, 1]
        Node(420, nc:1 [421], nm:8 [3, 2, 3, 1, 3, 1, 1, 3]
          Node(421, nc:0 [], nm:9 [5, 1, 1, 8, 2, 8, 1, 9, 9]
      Node(422, nc:3 [423,425,427], nm:6 [3, 1, 5, 4, 4, 1]
        Node(423, nc:1 [424], nm:8 [2, 3, 1, 1, 1, 1, 3, 3]
          Node(424, nc:0 [], nm:9 [3, 2, 4, 2, 2, 1, 1, 6, 8]
        Node(425, nc:1 [426], nm:8 [3, 1, 3, 2, 1, 2, 1, 2]
          Node(426, nc:0 [], nm:11 [3, 5, 3, 1, 6, 8, 9, 6, 7, 3, 5]
        Node(427, nc:1 [428], nm:5 [2, 2, 1, 3, 2]
          Node(428, nc:0 [], nm:6 [6, 3, 1, 6, 6, 5]
    Node(429, nc:5 [430,437,444,451,458], nm:3 [4, 5, 1]
      Node(430, nc:3 [431,433,435], nm:4 [4, 1, 2, 4]
        Node(431, nc:1 [432], nm:5 [3, 1, 1, 1, 1]
          Node(432, nc:0 [], nm:10 [2, 6, 5, 9, 7, 9, 2, 1, 3, 3]
        Node(433, nc:1 [434], nm:6 [2, 2, 1, 1, 3, 1]
          Node(434, nc:0 [], nm:11 [8, 1, 9, 8, 7, 9, 6, 8, 4, 7, 5]
        Node(435, nc:1 [436], nm:9 [3, 3, 2, 1, 1, 1, 2, 3, 3]
          Node(436, nc:0 [], nm:6 [1, 1, 9, 2, 2, 1]
      Node(437, nc:3 [438,440,442], nm:7 [4, 1, 1, 3, 1, 2, 3]
        Node(438, nc:1 [439], nm:7 [1, 2, 2, 2, 3, 3, 1]
          Node(439, nc:0 [], nm:7 [9, 1, 1, 1, 1, 3, 1]
        Node(440, nc:1 [441], nm:8 [1, 1, 2, 1, 1, 2, 2, 3]
          Node(441, nc:0 [], nm:10 [3, 1, 1, 7, 9, 8, 1, 1, 2, 8]
        Node(442, nc:1 [443], nm:7 [1, 3, 3, 2, 2, 1, 1]
          Node(443, nc:0 [], nm:8 [2, 6, 6, 4, 1, 7, 7, 1]
      Node(444, nc:3 [445,447,449], nm:5 [5, 5, 2, 2, 2]
        Node(445, nc:1 [446], nm:6 [1, 3, 3, 2, 1, 2]
          Node(446, nc:0 [], nm:10 [1, 8, 5, 9, 3, 6, 1, 3, 5, 6]
        Node(447, nc:1 [448], nm:7 [2, 1, 3, 3, 3, 3, 3]
          Node(448, nc:0 [], nm:11 [6, 8, 2, 9, 4, 7, 2, 3, 8, 5, 1]
        Node(449, nc:1 [450], nm:5 [3, 2, 2, 1, 3]
          Node(450, nc:0 [], nm:7 [5, 6, 7, 1, 8, 9, 1]
      Node(451, nc:3 [452,454,456], nm:5 [5, 4, 4, 5, 3]
        Node(452, nc:1 [453], nm:5 [1, 3, 2, 2, 3]
          Node(453, nc:0 [], nm:8 [3, 5, 8, 5, 1, 3, 1, 8]
        Node(454, nc:1 [455], nm:5 [1, 1, 1, 1, 2]
          Node(455, nc:0 [], nm:10 [4, 7, 1, 1, 2, 3, 7, 9, 8, 8]
        Node(456, nc:1 [457], nm:8 [3, 1, 1, 1, 1, 3, 2, 2]
          Node(457, nc:0 [], nm:9 [2, 7, 3, 2, 7, 2, 1, 9, 6]
      Node(458, nc:3 [459,461,463], nm:7 [1, 2, 3, 1, 2, 3, 2]
        Node(459, nc:1 [460], nm:5 [3, 2, 1, 2, 3]
          Node(460, nc:0 [], nm:9 [4, 9, 9, 4, 7, 1, 6, 8, 1]
        Node(461, nc:1 [462], nm:9 [1, 3, 1, 1, 2, 3, 2, 2, 3]
          Node(462, nc:0 [], nm:8 [3, 7, 9, 3, 4, 1, 8, 3]
        Node(463, nc:1 [464], nm:8 [1, 2, 2, 1, 1, 1, 3, 2]
          Node(464, nc:0 [], nm:11 [4, 2, 1, 8, 6, 4, 5, 6, 5, 7, 2]
  Node(465, nc:6 [466,502,531,567,596,625], nm:3 [3, 2, 6]
    Node(466, nc:5 [467,474,481,488,495], nm:4 [2, 3, 4, 6]
      Node(467, nc:3 [468,470,472], nm:7 [2, 1, 1, 4, 2, 2, 3]
        Node(468, nc:1 [469], nm:9 [2, 3, 1, 1, 1, 1, 3, 3, 3]
          Node(469, nc:0 [], nm:10 [2, 5, 5, 1, 2, 5, 1, 1, 5, 6]
        Node(470, nc:1 [471], nm:9 [3, 1, 2, 3, 1, 3, 1, 2, 1]
          Node(471, nc:0 [], nm:10 [1, 2, 3, 1, 6, 1, 2, 4, 4, 6]
        Node(472, nc:1 [473], nm:8 [2, 3, 1, 1, 3, 1, 3, 1]
          Node(473, nc:0 [], nm:10 [2, 9, 5, 1, 9, 9, 4, 7, 1, 7]
      Node(474, nc:3 [475,477,479], nm:6 [3, 2, 1, 2, 4, 3]
        Node(475, nc:1 [476], nm:5 [1, 2, 3, 2, 1]
          Node(476, nc:0 [], nm:10 [6, 6, 4, 5, 1, 6, 2, 8, 7, 1]
        Node(477, nc:1 [478], nm:9 [2, 3, 3, 2, 3, 1, 2, 2, 2]
          Node(478, nc:0 [], nm:11 [2, 4, 1, 8, 9, 4, 3, 4, 1, 6, 8]
        Node(479, nc:1 [480], nm:5 [3, 2, 1, 2, 2]
          Node(480, nc:0 [], nm:6 [4, 1, 1, 5, 8, 6]
      Node(481, nc:3 [482,484,486], nm:5 [2, 5, 3, 1, 2]
        Node(482, nc:1 [483], nm:7 [3, 1, 1, 2, 1, 1, 3]
          Node(483, nc:0 [], nm:10 [6, 2, 3, 8, 7, 1, 1, 3, 8, 8]
        Node(484, nc:1 [485], nm:5 [2, 1, 1, 3, 2]
          Node(485, nc:0 [], nm:11 [6, 9, 7, 5, 4, 8, 7, 7, 1, 1, 6]
        Node(486, nc:1 [487], nm:9 [3, 1, 2, 2, 1, 1, 1, 1, 3]
          Node(487, nc:0 [], nm:10 [5, 9, 4, 8, 4, 7, 7, 9, 1, 3]
      Node(488, nc:3 [489,491,493], nm:4 [3, 3, 3, 2]
        Node(489, nc:1 [490], nm:5 [3, 1, 2, 1, 1]
          Node(490, nc:0 [], nm:8 [4, 2, 6, 6, 1, 9, 7, 3]
        Node(491, nc:1 [492], nm:5 [1, 1, 3, 3, 2]
          Node(492, nc:0 [], nm:11 [4, 4, 9, 7, 1, 1, 1, 3, 7, 7, 9]
        Node(493, nc:1 [494], nm:5 [1, 1, 1, 2, 2]
          Node(494, nc:0 [], nm:10 [3, 3, 1, 3, 1, 1, 2, 7, 6, 9]
      Node(495, nc:3 [496,498,500], nm:6 [2, 1, 2, 1, 4, 2]
        Node(496, nc:1 [497], nm:9 [1, 2, 3, 2, 3, 3, 2, 3, 2]
          Node(497, nc:0 [], nm:8 [5, 9, 9, 2, 3, 1, 5, 3]
        Node(498, nc:1 [499], nm:5 [1, 1, 1, 1, 2]
          Node(499, nc:0 [], nm:8 [6, 2, 1, 2, 1, 8, 5, 4]
        Node(500, nc:1 [501], nm:9 [2, 1, 2, 1, 2, 3, 2, 1, 2]
          Node(501, nc:0 [], nm:7 [2, 2, 1, 9, 8, 6, 8]
    Node(502, nc:4 [503,510,517,524], nm:3 [2, 2, 4]
      Node(503, nc:3 [504,506,508], nm:6 [4, 5, 3, 2, 3, 2]
        Node(504, nc:1 [505], nm:7 [3, 1, 2, 3, 1, 3, 1]
          Node(505, nc:0 [], nm:9 [5, 4, 4, 1, 3, 5, 1, 1, 1]
        Node(506, nc:1 [507], nm:9 [2, 1, 2, 1, 1, 3, 3, 3, 2]
          Node(507, nc:0 [], nm:6 [4, 9, 1, 4, 4, 1]
        Node(508, nc:1 [509], nm:5 [3, 3, 1, 3, 2]
          Node(509, nc:0 [], nm:6 [6, 9, 1, 9, 1, 8]
      Node(510, nc:3 [511,513,515], nm:7 [5, 2, 1, 2, 3, 4, 2]
        Node(511, nc:1 [512], nm:5 [1, 3, 1, 1, 2]
          Node(512, nc:0 [], nm:7 [6, 8, 6, 4, 6, 1, 5]
        Node(513, nc:1 [514], nm:9 [3, 1, 1, 3, 1, 2, 3, 2, 3]
          Node(514, nc:0 [], nm:9 [5, 1, 4, 3, 1, 8, 3, 6, 1]
        Node(515, nc:1 [516], nm:6 [3, 3, 2, 1, 1, 3]
          Node(516, nc:0 [], nm:7 [1, 6, 1, 4, 8, 2, 3]
      Node(517, nc:3 [518,520,522], nm:5 [1, 1, 5, 3, 5]
        Node(518, nc:1 [519], nm:5 [1, 1, 2, 1, 3]
          Node(519, nc:0 [], nm:11 [3, 3, 2, 3, 5, 6, 4, 3, 9, 9, 1]
        Node(520, nc:1 [521], nm:5 [1, 3, 2, 1, 1]
          Node(521, nc:0 [], nm:8 [3, 1, 1, 4, 6, 9, 1, 1]
        Node(522, nc:1 [523], nm:6 [3, 1, 2, 2, 3, 2]
          Node(523, nc:0 [], nm:11 [8, 9, 9, 4, 7, 6, 4, 2, 1, 7, 8]
      Node(524, nc:3 [525,527,529], nm:7 [4, 2, 5, 2, 2, 2, 1]
        Node(525, nc:1 [526], nm:9 [1, 3, 2, 2, 1, 1, 3, 1, 3]
          Node(526, nc:0 [], nm:7 [9, 8, 1, 9, 5, 1, 5]
        Node(527, nc:1 [528], nm:6 [1, 1, 1, 1, 2, 1]
          Node(528, nc:0 [], nm:9 [3, 7, 3, 6, 6, 7, 1, 7, 8]
        Node(529, nc:1 [530], nm:9 [1, 2, 3, 1, 3, 3, 2, 3, 3]
          Node(530, nc:0 [], nm:6 [2, 1, 7, 6, 3, 9]
    Node(531, nc:5 [532,539,546,553,560], nm:3 [3, 6, 1]
      Node(532, nc:3 [533,535,537], nm:5 [1, 3, 4, 3, 2]
        Node(533, nc:1 [534], nm:8 [1, 1, 3, 1, 3, 2, 3, 1]
          Node(534, nc:0 [], nm:9 [6, 1, 1, 6, 1, 3, 6, 4, 3]
        Node(535, nc:1 [536], nm:9 [1, 2, 1, 3, 3, 2, 3, 2, 1]
          Node(536, nc:0 [], nm:10 [8, 7, 6, 7, 1, 9, 5, 2, 1, 4]
        Node(537, nc:1 [538], nm:9 [2, 2, 1, 1, 3, 2, 2, 1, 3]
          Node(538, nc:0 [], nm:6 [4, 6, 1, 8, 2, 6]
      Node(539, nc:3 [540,542,544], nm:4 [3, 1, 4, 3]
        Node(540, nc:1 [541], nm:7 [2, 3, 2, 1, 1, 3, 1]
          Node(541, nc:0 [], nm:6 [1, 2, 9, 5, 2, 1]
        Node(542, nc:1 [543], nm:9 [1, 1, 2, 3, 1, 2, 1, 1, 1]
          Node(543, nc:0 [], nm:10 [4, 8, 7, 2, 7, 1, 1, 6, 6, 3]
        Node(544, nc:1 [545], nm:8 [1, 1, 2, 3, 3, 2, 1, 1]
          Node(545, nc:0 [], nm:10 [6, 6, 6, 9, 3, 8, 3, 2, 1, 9]
      Node(546, nc:3 [547,549,551], nm:6 [5, 4, 2, 1, 1, 4]
        Node(547, nc:1 [548], nm:9 [1, 3, 2, 1, 3, 2, 2, 1, 1]
          Node(548, nc:0 [], nm:6 [8, 2, 2, 8, 1, 2]
        Node(549, nc:1 [550], nm:5 [3, 1, 1, 3, 1]
          Node(550, nc:0 [], nm:7 [9, 1, 9, 8, 9, 3, 9]
        Node(551, nc:1 [552], nm:9 [1, 2, 2, 1, 2, 1, 2, 2, 3]
          Node(552, nc:0 [], nm:6 [9, 8, 3, 1, 3, 4]
      Node(553, nc:3 [554,556,558], nm:5 [3, 5, 1, 2, 2]
        Node(554, nc:1 [555], nm:8 [2, 1, 2, 3, 2, 1, 3, 1]
          Node(555, nc:0 [], nm:7 [6, 1, 3, 4, 8, 1, 1]
        Node(556, nc:1 [557], nm:5 [2, 3, 1, 3, 1]
          Node(557, nc:0 [], nm:9 [6, 5, 5, 3, 4, 1, 4, 2, 2]
        Node(558, nc:1 [559], nm:5 [2, 1, 3, 2, 3]
          Node(559, nc:0 [], nm:10 [1, 3, 8, 9, 2, 1, 6, 3, 2, 5]
      Node(560, nc:3 [561,563,565], nm:5 [4, 2, 4, 3, 5]
        Node(561, nc:1 [562], nm:6 [2, 1, 2, 2, 3, 1]
          Node(562, nc:0 [], nm:6 [3, 1, 3, 2, 5, 3]
        Node(563, nc:1 [564], nm:7 [1, 3, 1, 3, 1, 3, 2]
          Node(564, nc:0 [], nm:10 [7, 7, 3, 1, 4, 1, 2, 2, 4, 6]
        Node(565, nc:1 [566], nm:8 [2, 1, 1, 3, 1, 1, 3, 2]
          Node(566, nc:0 [], nm:6 [3, 3, 7, 7, 1, 4]
    Node(567, nc:4 [568,575,582,589], nm:4 [1, 4, 2, 5]
      Node(568, nc:3 [569,571,573], nm:5 [1, 5, 3, 5, 1]
        Node(569, nc:1 [570], nm:9 [1, 2, 1, 1, 3, 2, 1, 1, 1]
          Node(570, nc:0 [], nm:9 [9, 4, 9, 7, 1, 5, 4, 2, 9]
        Node(571, nc:1 [572], nm:8 [3, 1, 1, 2, 3, 2, 1, 3]
          Node(572, nc:0 [], nm:9 [1, 8, 4, 9, 8, 3, 8, 5, 1]
        Node(573, nc:1 [574], nm:8 [2, 2, 1, 1, 3, 2, 2, 1]
          Node(574, nc:0 [], nm:10 [2, 6, 1, 7, 8, 9, 9, 7, 4, 4]
      Node(575, nc:3 [576,578,580], nm:5 [5, 3, 5, 4, 3]
        Node(576, nc:1 [577], nm:8 [1, 2, 1, 1, 2, 2, 2, 3]
          Node(577, nc:0 [], nm:7 [1, 5, 8, 9, 9, 8, 4]
        Node(578, nc:1 [579], nm:5 [2, 1, 1, 2, 2]
          Node(579, nc:0 [], nm:6 [5, 5, 8, 6, 5, 1]
        Node(580, nc:1 [581], nm:6 [2, 1, 3, 2, 2, 3]
          Node(581, nc:0 [], nm:8 [7, 9, 1, 4, 3, 1, 1, 9]
      Node(582, nc:3 [583,585,587], nm:6 [1, 4, 2, 3, 5, 5]
        Node(583, nc:1 [584], nm:9 [3, 3, 3, 1, 2, 1, 2, 1, 1]
          Node(584, nc:0 [], nm:6 [7, 1, 6, 3, 9, 3]
        Node(585, nc:1 [586], nm:9 [1, 1, 3, 1, 3, 3, 3, 3, 3]
          Node(586, nc:0 [], nm:7 [1, 1, 8, 6, 3, 2, 8]
        Node(587, nc:1 [588], nm:7 [2, 1, 3, 1, 3, 1, 3]
          Node(588, nc:0 [], nm:7 [1, 1, 9, 9, 1, 5, 1]
      Node(589, nc:3 [590,592,594], nm:4 [2, 3, 1, 2]
        Node(590, nc:1 [591], nm:5 [1, 1, 2, 3, 1]
          Node(591, nc:0 [], nm:7 [5, 1, 9, 1, 1, 4, 7]
        Node(592, nc:1 [593], nm:5 [2, 1, 1, 3, 3]
          Node(593, nc:0 [], nm:7 [9, 3, 1, 7, 5, 4, 7]
        Node(594, nc:1 [595], nm:7 [1, 1, 1, 1, 1, 1, 1]
          Node(595, nc:0 [], nm:8 [6, 3, 7, 4, 2, 7, 1, 6]
    Node(596, nc:4 [597,604,611,618], nm:5 [2, 1, 3, 2, 6]
      Node(597, nc:3 [598,600,602], nm:5 [1, 4, 5, 3, 5]
        Node(598, nc:1 [599], nm:8 [1, 1, 3, 2, 1, 1, 1, 1]
          Node(599, nc:0 [], nm:6 [2, 7, 1, 1, 7, 4]
        Node(600, nc:1 [601], nm:5 [1, 2, 3, 1, 1]
          Node(601, nc:0 [], nm:6 [4, 3, 1, 1, 4, 3]
        Node(602, nc:1 [603], nm:5 [3, 2, 3, 3, 1]
          Node(603, nc:0 [], nm:9 [5, 9, 1, 5, 5, 1, 6, 4, 1]
      Node(604, nc:3 [605,607,609], nm:5 [1, 4, 2, 1, 1]
        Node(605, nc:1 [606], nm:6 [1, 1, 3, 2, 2, 3]
          Node(606, nc:0 [], nm:7 [4, 3, 4, 8, 1, 6, 1]
        Node(607, nc:1 [608], nm:5 [2, 1, 1, 2, 3]
          Node(608, nc:0 [], nm:8 [1, 3, 7, 8, 5, 9, 1, 5]
        Node(609, nc:1 [610], nm:6 [3, 3, 1, 1, 1, 2]
          Node(610, nc:0 [], nm:6 [9, 7, 1, 4, 4, 7]
      Node(611, nc:3 [612,614,616], nm:4 [2, 4, 3, 1]
        Node(612, nc:1 [613], nm:8 [2, 1, 3, 2, 2, 1, 3, 3]
          Node(613, nc:0 [], nm:7 [6, 1, 7, 1, 7, 9, 5]
        Node(614, nc:1 [615], nm:6 [1, 2, 1, 1, 1, 2]
          Node(615, nc:0 [], nm:8 [3, 7, 2, 9, 1, 2, 5, 2]
        Node(616, nc:1 [617], nm:5 [1, 2, 3, 3, 3]
          Node(617, nc:0 [], nm:7 [1, 1, 4, 2, 5, 2, 4]
      Node(618, nc:3 [619,621,623], nm:5 [5, 2, 1, 2, 1]
        Node(619, nc:1 [620], nm:6 [1, 1, 1, 2, 2, 2]
          Node(620, nc:0 [], nm:11 [8, 8, 1, 7, 2, 8, 1, 9, 6, 6, 9]
        Node(621, nc:1 [622], nm:8 [2, 1, 3, 2, 1, 3, 2, 3]
          Node(622, nc:0 [], nm:9 [1, 3, 8, 7, 8, 3, 7, 6, 7]
        Node(623, nc:1 [624], nm:6 [3, 3, 3, 3, 1, 2]
          Node(624, nc:0 [], nm:10 [1, 1, 6, 1, 8, 9, 1, 3, 8, 5]
    Node(625, nc:5 [626,633,640,647,654], nm:4 [1, 6, 6, 2]
      Node(626, nc:3 [627,629,631], nm:6 [2, 3, 2, 3, 2, 5]
        Node(627, nc:1 [628], nm:8 [3, 3, 2, 2, 3, 3, 1, 1]
          Node(628, nc:0 [], nm:11 [8, 7, 1, 4, 4, 5, 6, 9, 5, 7, 8]
        Node(629, nc:1 [630], nm:7 [2, 1, 2, 1, 3, 3, 2]
          Node(630, nc:0 [], nm:7 [1, 9, 8, 1, 8, 7, 7]
        Node(631, nc:1 [632], nm:6 [1, 3, 3, 2, 1, 2]
          Node(632, nc:0 [], nm:8 [6, 5, 3, 1, 8, 5, 6, 2]
      Node(633, nc:3 [634,636,638], nm:5 [2, 5, 3, 4, 5]
        Node(634, nc:1 [635], nm:7 [3, 2, 1, 2, 2, 1, 1]
          Node(635, nc:0 [], nm:9 [3, 4, 9, 5, 6, 1, 2, 3, 7]
        Node(636, nc:1 [637], nm:7 [3, 1, 2, 3, 1, 3, 3]
          Node(637, nc:0 [], nm:6 [3, 2, 8, 6, 1, 9]
        Node(638, nc:1 [639], nm:7 [2, 1, 2, 3, 1, 2, 2]
          Node(639, nc:0 [], nm:8 [8, 9, 1, 3, 1, 3, 3, 3]
      Node(640, nc:3 [641,643,645], nm:7 [5, 3, 4, 1, 3, 1, 1]
        Node(641, nc:1 [642], nm:9 [1, 3, 1, 2, 2, 2, 3, 3, 1]
          Node(642, nc:0 [], nm:7 [5, 4, 9, 1, 1, 3, 9]
        Node(643, nc:1 [644], nm:8 [3, 3, 2, 1, 1, 2, 3, 3]
          Node(644, nc:0 [], nm:11 [3, 1, 4, 6, 1, 4, 2, 6, 6, 3, 1]
        Node(645, nc:1 [646], nm:7 [3, 3, 1, 3, 2, 1, 3]
          Node(646, nc:0 [], nm:6 [6, 6, 6, 5, 8, 1]
      Node(647, nc:3 [648,650,652], nm:5 [4, 2, 1, 1, 2]
        Node(648, nc:1 [649], nm:8 [1, 2, 2, 1, 1, 3, 1, 2]
          Node(649, nc:0 [], nm:9 [3, 7, 2, 9, 2, 6, 3, 1, 2]
        Node(650, nc:1 [651], nm:9 [1, 1, 2, 2, 2, 1, 2, 1, 3]
          Node(651, nc:0 [], nm:8 [2, 7, 6, 1, 4, 5, 1, 3]
        Node(652, nc:1 [653], nm:7 [3, 1, 2, 2, 3, 1, 1]
          Node(653, nc:0 [], nm:10 [2, 3, 7, 3, 3, 8, 3, 1, 1, 1]
      Node(654, nc:3 [655,657,659], nm:4 [4, 3, 5, 2]
        Node(655, nc:1 [656], nm:5 [2, 2, 1, 2, 2]
          Node(656, nc:0 [], nm:6 [2, 4, 5, 1, 5, 1]
        Node(657, nc:1 [658], nm:7 [2, 1, 1, 3, 3, 1, 1]
          Node(658, nc:0 [], nm:10 [1, 3, 1, 9, 1, 7, 8, 4, 7, 8]
        Node(659, nc:1 [660], nm:9 [1, 3, 1, 1, 2, 3, 1, 1, 2]
          Node(660, nc:0 [], nm:6 [5, 1, 1, 8, 4, 1]
  Node(661, nc:6 [662,698,727,763,799,828], nm:2 [4, 7]
    Node(662, nc:5 [663,670,677,684,691], nm:5 [4, 5, 4, 7, 6]
      Node(663, nc:3 [664,666,668], nm:5 [3, 3, 3, 1, 2]
        Node(664, nc:1 [665], nm:5 [2, 1, 3, 2, 3]
          Node(665, nc:0 [], nm:11 [1, 2, 9, 5, 6, 8, 2, 2, 7, 6, 2]
        Node(666, nc:1 [667], nm:6 [1, 1, 1, 2, 2, 3]
          Node(667, nc:0 [], nm:9 [4, 3, 8, 6, 4, 1, 9, 3, 3]
        Node(668, nc:1 [669], nm:6 [3, 1, 3, 3, 2, 2]
          Node(669, nc:0 [], nm:11 [4, 8, 6, 2, 9, 9, 4, 1, 4, 7, 8]
      Node(670, nc:3 [671,673,675], nm:5 [3, 2, 3, 3, 4]
        Node(671, nc:1 [672], nm:8 [1, 2, 2, 1, 3, 3, 2, 1]
          Node(672, nc:0 [], nm:8 [8, 5, 6, 1, 4, 8, 2, 5]
        Node(673, nc:1 [674], nm:7 [2, 3, 2, 3, 1, 3, 3]
          Node(674, nc:0 [], nm:6 [1, 2, 1, 4, 3, 6]
        Node(675, nc:1 [676], nm:6 [1, 3, 2, 3, 1, 1]
          Node(676, nc:0 [], nm:11 [4, 7, 1, 6, 5, 1, 7, 9, 9, 5, 5]
      Node(677, nc:3 [678,680,682], nm:5 [2, 3, 3, 3, 4]
        Node(678, nc:1 [679], nm:7 [3, 1, 3, 2, 1, 1, 1]
          Node(679, nc:0 [], nm:11 [2, 5, 7, 2, 2, 8, 3, 7, 5, 1, 7]
        Node(680, nc:1 [681], nm:5 [3, 1, 3, 1, 1]
          Node(681, nc:0 [], nm:8 [8, 1, 4, 9, 9, 8, 2, 9]
        Node(682, nc:1 [683], nm:6 [3, 3, 3, 2, 2, 1]
          Node(683, nc:0 [], nm:8 [7, 4, 1, 8, 7, 6, 7, 7]
      Node(684, nc:3 [685,687,689], nm:6 [3, 4, 5, 5, 3, 1]
        Node(685, nc:1 [686], nm:5 [1, 3, 2, 3, 1]
          Node(686, nc:0 [], nm:8 [5, 6, 1, 5, 9, 7, 8, 5]
        Node(687, nc:1 [688], nm:9 [3, 1, 1, 2, 3, 3, 1, 1, 1]
          Node(688, nc:0 [], nm:10 [1, 8, 2, 6, 7, 1, 2, 3, 8, 1]
        Node(689, nc:1 [690], nm:7 [2, 3, 1, 2, 1, 3, 2]
          Node(690, nc:0 [], nm:8 [8, 2, 2, 7, 1, 3, 5, 1]
      Node(691, nc:3 [692,694,696], nm:5 [2, 1, 2, 2, 5]
        Node(692, nc:1 [693], nm:5 [1, 2, 2, 3, 2]
          Node(693, nc:0 [], nm:9 [1, 5, 8, 1, 3, 7, 5, 1, 9]
        Node(694, nc:1 [695], nm:7 [3, 3, 1, 3, 3, 1, 1]
          Node(695, nc:0 [], nm:7 [4, 6, 1, 9, 1, 3, 7]
        Node(696, nc:1 [697], nm:5 [3, 1, 1, 1, 1]
          Node(697, nc:0 [], nm:6 [8, 1, 1, 7, 1, 7]
    Node(698, nc:4 [699,706,713,720], nm:5 [6, 1, 5, 4, 3]
      Node(699, nc:3 [700,702,704], nm:6 [5, 1, 5, 1, 5, 1]
        Node(700, nc:1 [701], nm:5 [2, 2, 1, 1, 2]
          Node(701, nc:0 [], nm:7 [1, 1, 6, 8, 3, 1, 4]
        Node(702, nc:1 [703], nm:8 [2, 3, 3, 3, 2, 1, 3, 1]
          Node(703, nc:0 [], nm:9 [4, 5, 2, 7, 1, 1, 1, 1, 6]
        Node(704, nc:1 [705], nm:9 [3, 2, 1, 3, 2, 2, 1, 2, 3]
          Node(705, nc:0 [], nm:10 [4, 8, 1, 3, 2, 5, 4, 4, 1, 8]
      Node(706, nc:3 [707,709,711], nm:5 [5, 4, 4, 2, 3]
        Node(707, nc:1 [708], nm:7 [2, 3, 2, 3, 1, 3, 1]
          Node(708, nc:0 [], nm:8 [4, 9, 8, 8, 1, 4, 8, 6]
        Node(709, nc:1 [710], nm:9 [1, 1, 2, 1, 2, 2, 1, 1, 1]
          Node(710, nc:0 [], nm:8 [5, 6, 9, 5, 9, 3, 3, 1]
        Node(711, nc:1 [712], nm:7 [3, 2, 3, 2, 1, 3, 3]
          Node(712, nc:0 [], nm:6 [8, 4, 3, 1, 9, 7]
      Node(713, nc:3 [714,716,718], nm:6 [5, 3, 2, 2, 2, 3]
        Node(714, nc:1 [715], nm:8 [1, 1, 2, 2, 1, 2, 1, 2]
          Node(715, nc:0 [], nm:6 [6, 7, 1, 2, 3, 6]
        Node(716, nc:1 [717], nm:5 [1, 3, 3, 1, 2]
          Node(717, nc:0 [], nm:8 [4, 7, 2, 5, 4, 1, 9, 1]
        Node(718, nc:1 [719], nm:6 [2, 1, 3, 1, 1, 3]
          Node(719, nc:0 [], nm:11 [3, 4, 4, 1, 8, 9, 3, 4, 9, 4, 4]
      Node(720, nc:3 [721,723,725], nm:5 [2, 1, 3, 5, 1]
        Node(721, nc:1 [722], nm:6 [1, 1, 1, 2, 3, 2]
          Node(722, nc:0 [], nm:9 [9, 9, 7, 6, 7, 8, 8, 1, 1]
        Node(723, nc:1 [724], nm:5 [2, 2, 3, 1, 1]
          Node(724, nc:0 [], nm:9 [1, 5, 6, 6, 6, 9, 7, 9, 1]
        Node(725, nc:1 [726], nm:7 [3, 3, 2, 1, 1, 2, 1]
          Node(726, nc:0 [], nm:9 [3, 3, 1, 5, 2, 9, 7, 3, 4]
    Node(727, nc:5 [728,735,742,749,756], nm:3 [2, 4, 4]
      Node(728, nc:3 [729,731,733], nm:4 [3, 4, 5, 1]
        Node(729, nc:1 [730], nm:7 [3, 1, 3, 2, 1, 1, 1]
          Node(730, nc:0 [], nm:9 [1, 1, 4, 5, 2, 3, 9, 2, 3]
        Node(731, nc:1 [732], nm:8 [2, 1, 2, 1, 2, 3, 2, 3]
          Node(732, nc:0 [], nm:7 [1, 1, 1, 3, 2, 4, 9]
        Node(733, nc:1 [734], nm:9 [3, 3, 1, 3, 1, 2, 1, 2, 1]
          Node(734, nc:0 [], nm:7 [5, 1, 2, 5, 8, 9, 9]
      Node(735, nc:3 [736,738,740], nm:4 [2, 2, 5, 2]
        Node(736, nc:1 [737], nm:7 [1, 3, 1, 1, 3, 1, 1]
          Node(737, nc:0 [], nm:11 [3, 2, 2, 3, 5, 7, 1, 4, 2, 6, 9]
        Node(738, nc:1 [739], nm:5 [2, 1, 3, 3, 1]
          Node(739, nc:0 [], nm:7 [6, 4, 8, 2, 9, 3, 1]
        Node(740, nc:1 [741], nm:7 [2, 1, 1, 1, 1, 2, 1]
          Node(741, nc:0 [], nm:11 [3, 9, 6, 9, 9, 5, 9, 7, 1, 3, 4]
      Node(742, nc:3 [743,745,747], nm:6 [2, 5, 4, 4, 1, 3]
        Node(743, nc:1 [744], nm:5 [1, 3, 2, 1, 3]
          Node(744, nc:0 [], nm:11 [4, 9, 6, 8, 8, 1, 9, 1, 8, 8, 3]
        Node(745, nc:1 [746], nm:6 [3, 1, 1, 1, 1, 3]
          Node(746, nc:0 [], nm:8 [9, 9, 5, 8, 9, 1, 3, 1]
        Node(747, nc:1 [748], nm:9 [2, 2, 2, 1, 2, 1, 1, 1, 1]
          Node(748, nc:0 [], nm:6 [8, 4, 2, 6, 1, 3]
      Node(749, nc:3 [750,752,754], nm:6 [3, 1, 5, 1, 1, 4]
        Node(750, nc:1 [751], nm:8 [2, 1, 2, 3, 1, 1, 3, 3]
          Node(751, nc:0 [], nm:6 [9, 1, 5, 2, 4, 9]
        Node(752, nc:1 [753], nm:6 [2, 1, 1, 1, 2, 2]
          Node(753, nc:0 [], nm:10 [1, 2, 5, 6, 8, 9, 2, 1, 3, 4]
        Node(754, nc:1 [755], nm:7 [2, 3, 1, 2, 1, 1, 3]
          Node(755, nc:0 [], nm:11 [4, 6, 4, 6, 9, 1, 8, 6, 9, 5, 9]
      Node(756, nc:3 [757,759,761], nm:6 [1, 3, 2, 1, 2, 2]
        Node(757, nc:1 [758], nm:8 [2, 3, 3, 1, 2, 2, 2, 1]
          Node(758, nc:0 [], nm:8 [3, 6, 1, 7, 5, 9, 5, 2]
        Node(759, nc:1 [760], nm:9 [1, 2, 2, 2, 3, 1, 1, 3, 3]
          Node(760, nc:0 [], nm:10 [8, 5, 9, 4, 1, 9, 1, 8, 9, 8]
        Node(761, nc:1 [762], nm:8 [3, 1, 1, 3, 2, 3, 1, 1]
          Node(762, nc:0 [], nm:6 [1, 4, 8, 7, 1, 1]
    Node(763, nc:5 [764,771,778,785,792], nm:3 [2, 1, 5]
      Node(764, nc:3 [765,767,769], nm:6 [1, 2, 1, 3, 3, 4]
        Node(765, nc:1 [766], nm:6 [1, 2, 1, 3, 1, 3]
          Node(766, nc:0 [], nm:9 [1, 2, 9, 4, 6, 6, 8, 5, 5]
        Node(767, nc:1 [768], nm:8 [3, 2, 1, 3, 1, 2, 1, 1]
          Node(768, nc:0 [], nm:8 [8, 9, 4, 1, 6, 7, 3, 6]
        Node(769, nc:1 [770], nm:5 [3, 3, 3, 1, 3]
          Node(770, nc:0 [], nm:8 [1, 6, 9, 6, 1, 1, 1, 1]
      Node(771, nc:3 [772,774,776], nm:6 [1, 4, 3, 3, 3, 1]
        Node(772, nc:1 [773], nm:5 [2, 1, 1, 3, 1]
          Node(773, nc:0 [], nm:10 [7, 5, 5, 6, 8, 1, 4, 1, 8, 9]
        Node(774, nc:1 [775], nm:5 [1, 1, 1, 1, 3]
          Node(775, nc:0 [], nm:6 [7, 1, 3, 8, 4, 8]
        Node(776, nc:1 [777], nm:5 [3, 1, 1, 2, 3]
          Node(777, nc:0 [], nm:10 [5, 8, 4, 1, 4, 2, 7, 1, 6, 3]
      Node(778, nc:3 [779,781,783], nm:4 [2, 2, 5, 5]
        Node(779, nc:1 [780], nm:8 [1, 2, 1, 1, 2, 3, 2, 1]
          Node(780, nc:0 [], nm:10 [3, 3, 8, 8, 4, 1, 4, 5, 5, 1]
        Node(781, nc:1 [782], nm:8 [1, 2, 2, 2, 2, 2, 3, 1]
          Node(782, nc:0 [], nm:10 [9, 6, 6, 7, 6, 1, 9, 8, 2, 4]
        Node(783, nc:1 [784], nm:8 [3, 2, 1, 2, 1, 1, 2, 3]
          Node(784, nc:0 [], nm:6 [1, 5, 9, 2, 1, 4]
      Node(785, nc:3 [786,788,790], nm:5 [3, 3, 4, 5, 4]
        Node(786, nc:1 [787], nm:5 [1, 2, 1, 1, 1]
          Node(787, nc:0 [], nm:9 [2, 6, 5, 7, 6, 1, 7, 7, 3]
        Node(788, nc:1 [789], nm:7 [3, 3, 1, 1, 1, 2, 3]
          Node(789, nc:0 [], nm:7 [6, 1, 1, 3, 1, 1, 4]
        Node(790, nc:1 [791], nm:7 [1, 1, 1, 1, 2, 3, 1]
          Node(791, nc:0 [], nm:10 [7, 2, 6, 9, 1, 7, 1, 4, 5, 4]
      Node(792, nc:3 [793,795,797], nm:7 [1, 3, 5, 5, 2, 5, 2]
        Node(793, nc:1 [794], nm:7 [1, 1, 1, 1, 2, 2, 2]
          Node(794, nc:0 [], nm:9 [5, 9, 2, 6, 9, 2, 5, 1, 5]
        Node(795, nc:1 [796], nm:9 [1, 1, 2, 3, 2, 3, 3, 1, 3]
          Node(796, nc:0 [], nm:6 [8, 7, 3, 9, 1, 9]
        Node(797, nc:1 [798], nm:8 [2, 3, 1, 2, 1, 1, 1, 3]
          Node(798, nc:0 [], nm:11 [1, 1, 9, 3, 8, 9, 7, 7, 7, 5, 6]
    Node(799, nc:4 [800,807,814,821], nm:3 [5, 6, 1]
      Node(800, nc:3 [801,803,805], nm:4 [3, 4, 2, 2]
        Node(801, nc:1 [802], nm:6 [1, 2, 2, 2, 3, 2]
          Node(802, nc:0 [], nm:6 [5, 1, 7, 8, 9, 6]
        Node(803, nc:1 [804], nm:5 [2, 2, 1, 1, 2]
          Node(804, nc:0 [], nm:7 [2, 3, 1, 6, 3, 1, 1]
        Node(805, nc:1 [806], nm:8 [2, 1, 1, 2, 2, 3, 3, 1]
          Node(806, nc:0 [], nm:11 [8, 9, 8, 5, 6, 5, 1, 1, 8, 8, 5]
      Node(807, nc:3 [808,810,812], nm:7 [2, 2, 3, 3, 1, 2, 1]
        Node(808, nc:1 [809], nm:5 [1, 3, 1, 2, 1]
          Node(809, nc:0 [], nm:11 [6, 8, 3, 3, 4, 6, 8, 2, 7, 1, 9]
        Node(810, nc:1 [811], nm:9 [3, 1, 1, 3, 2, 2, 1, 1, 1]
          Node(811, nc:0 [], nm:11 [6, 5, 7, 1, 1, 7, 1, 4, 5, 6, 7]
        Node(812, nc:1 [813], nm:5 [3, 2, 1, 1, 2]
          Node(813, nc:0 [], nm:6 [6, 2, 1, 9, 6, 9]
      Node(814, nc:3 [815,817,819], nm:6 [5, 1, 5, 3, 2, 3]
        Node(815, nc:1 [816], nm:6 [1, 2, 1, 3, 3, 3]
          Node(816, nc:0 [], nm:6 [7, 2, 2, 1, 5, 9]
        Node(817, nc:1 [818], nm:7 [3, 1, 1, 1, 2, 2, 3]
          Node(818, nc:0 [], nm:9 [6, 2, 4, 3, 6, 9, 4, 1, 5]
        Node(819, nc:1 [820], nm:5 [2, 3, 1, 3, 1]
          Node(820, nc:0 [], nm:7 [4, 4, 7, 4, 1, 1, 9]
      Node(821, nc:3 [822,824,826], nm:7 [5, 2, 2, 4, 3, 1, 5]
        Node(822, nc:1 [823], nm:6 [1, 2, 1, 1, 1, 3]
          Node(823, nc:0 [], nm:6 [1, 2, 9, 4, 4, 3]
        Node(824, nc:1 [825], nm:5 [3, 3, 2, 1, 1]
          Node(825, nc:0 [], nm:7 [1, 7, 6, 1, 9, 6, 6]
        Node(826, nc:1 [827], nm:5 [1, 2, 1, 1, 3]
          Node(827, nc:0 [], nm:10 [9, 1, 5, 8, 6, 4, 8, 1, 1, 1]
    Node(828, nc:5 [829,836,843,850,857], nm:4 [2, 6, 3, 1]
      Node(829, nc:3 [830,832,834], nm:6 [5, 2, 2, 2, 3, 1]
        Node(830, nc:1 [831], nm:8 [1, 1, 1, 1, 1, 2, 3, 2]
          Node(831, nc:0 [], nm:6 [2, 8, 2, 3, 4, 1]
        Node(832, nc:1 [833], nm:7 [1, 2, 1, 2, 3, 3, 3]
          Node(833, nc:0 [], nm:11 [1, 4, 5, 1, 1, 7, 5, 3, 6, 5, 4]
        Node(834, nc:1 [835], nm:8 [1, 1, 3, 1, 3, 1, 2, 2]
          Node(835, nc:0 [], nm:10 [5, 6, 1, 1, 6, 8, 1, 9, 7, 3]
      Node(836, nc:3 [837,839,841], nm:4 [1, 4, 3, 3]
        Node(837, nc:1 [838], nm:6 [1, 1, 2, 1, 3, 2]
          Node(838, nc:0 [], nm:9 [2, 8, 3, 5, 4, 2, 6, 5, 1]
        Node(839, nc:1 [840], nm:9 [2, 3, 1, 3, 2, 3, 1, 2, 3]
          Node(840, nc:0 [], nm:11 [7, 9, 9, 8, 8, 6, 6, 6, 2, 1, 5]
        Node(841, nc:1 [842], nm:7 [1, 2, 2, 2, 3, 2, 1]
          Node(842, nc:0 [], nm:10 [7, 1, 5, 1, 5, 1, 7, 6, 1, 9]
      Node(843, nc:3 [844,846,848], nm:5 [4, 2, 1, 1, 2]
        Node(844, nc:1 [845], nm:5 [2, 2, 1, 3, 2]
          Node(845, nc:0 [], nm:6 [2, 6, 1, 8, 6, 8]
        Node(846, nc:1 [847], nm:7 [3, 3, 2, 1, 3, 2, 1]
          Node(847, nc:0 [], nm:7 [1, 9, 8, 5, 8, 2, 7]
        Node(848, nc:1 [849], nm:5 [2, 2, 1, 1, 1]
          Node(849, nc:0 [], nm:10 [5, 5, 4, 1, 1, 3, 8, 4, 4, 8]
      Node(850, nc:3 [851,853,855], nm:6 [5, 3, 1, 3, 5, 2]
        Node(851, nc:1 [852], nm:5 [2, 1, 3, 2, 1]
          Node(852, nc:0 [], nm:9 [3, 9, 1, 3, 7, 2, 2, 8, 3]
        Node(853, nc:1 [854], nm:5 [2, 2, 3, 1, 1]
          Node(854, nc:0 [], nm:11 [1, 5, 9, 1, 4, 1, 5, 1, 4, 1, 8]
        Node(855, nc:1 [856], nm:6 [2, 2, 1, 1, 3, 3]
          Node(856, nc:0 [], nm:7 [9, 5, 8, 1, 1, 5, 3]
      Node(857, nc:3 [858,860,862], nm:7 [2, 5, 3, 2, 5, 2, 3]
        Node(858, nc:1 [859], nm:5 [2, 2, 2, 1, 1]
          Node(859, nc:0 [], nm:9 [1, 9, 7, 9, 8, 9, 8, 6, 3]
        Node(860, nc:1 [861], nm:5 [2, 2, 2, 2, 1]
          Node(861, nc:0 [], nm:10 [1, 6, 6, 3, 4, 7, 2, 3, 9, 3]
        Node(862, nc:1 [863], nm:8 [1, 1, 3, 1, 3, 1, 2, 2]
          Node(863, nc:0 [], nm:11 [4, 6, 5, 5, 1, 6, 2, 1, 3, 8, 9]
  Node(864, nc:7 [865,901,930,959,988,1017,1053], nm:2 [9, 6]
    Node(865, nc:5 [866,873,880,887,894], nm:3 [1, 4, 1]
      Node(866, nc:3 [867,869,871], nm:4 [2, 3, 5, 4]
        Node(867, nc:1 [868], nm:7 [2, 3, 1, 2, 3, 2, 1]
          Node(868, nc:0 [], nm:9 [9, 8, 6, 1, 9, 1, 1, 5, 2]
        Node(869, nc:1 [870], nm:7 [1, 2, 1, 1, 2, 3, 2]
          Node(870, nc:0 [], nm:7 [2, 5, 9, 1, 3, 1, 1]
        Node(871, nc:1 [872], nm:9 [2, 2, 1, 3, 2, 1, 1, 3, 1]
          Node(872, nc:0 [], nm:7 [9, 5, 2, 1, 7, 4, 4]
      Node(873, nc:3 [874,876,878], nm:7 [5, 3, 1, 1, 1, 3, 3]
        Node(874, nc:1 [875], nm:8 [3, 2, 3, 3, 1, 3, 3, 2]
          Node(875, nc:0 [], nm:10 [3, 4, 1, 9, 9, 1, 5, 7, 9, 7]
        Node(876, nc:1 [877], nm:5 [1, 1, 1, 1, 2]
          Node(877, nc:0 [], nm:11 [2, 7, 3, 1, 3, 3, 6, 9, 9, 1, 8]
        Node(878, nc:1 [879], nm:5 [3, 1, 1, 2, 1]
          Node(879, nc:0 [], nm:8 [5, 7, 1, 5, 9, 2, 3, 5]
      Node(880, nc:3 [881,883,885], nm:5 [2, 3, 2, 5, 1]
        Node(881, nc:1 [882], nm:7 [3, 1, 1, 2, 3, 1, 1]
          Node(882, nc:0 [], nm:9 [7, 1, 2, 4, 1, 9, 4, 1, 6]
        Node(883, nc:1 [884], nm:5 [1, 2, 3, 1, 1]
          Node(884, nc:0 [], nm:7 [1, 4, 9, 7, 2, 2, 9]
        Node(885, nc:1 [886], nm:6 [1, 2, 3, 2, 2, 1]
          Node(886, nc:0 [], nm:6 [3, 8, 3, 1, 5, 2]
      Node(887, nc:3 [888,890,892], nm:5 [1, 3, 4, 1, 3]
        Node(888, nc:1 [889], nm:6 [3, 1, 3, 1, 2, 3]
          Node(889, nc:0 [], nm:7 [1, 2, 7, 7, 5, 6, 7]
        Node(890, nc:1 [891], nm:7 [1, 2, 1, 1, 2, 3, 1]
          Node(891, nc:0 [], nm:11 [1, 4, 1, 2, 8, 5, 4, 1, 5, 6, 3]
        Node(892, nc:1 [893], nm:6 [1, 3, 2, 1, 1, 3]
          Node(893, nc:0 [], nm:7 [1, 3, 6, 4, 7, 2, 6]
      Node(894, nc:3 [895,897,899], nm:5 [2, 5, 2, 2, 5]
        Node(895, nc:1 [896], nm:6 [1, 1, 3, 1, 2, 1]
          Node(896, nc:0 [], nm:8 [5, 1, 9, 1, 1, 8, 2, 3]
        Node(897, nc:1 [898], nm:5 [1, 3, 1, 2, 2]
          Node(898, nc:0 [], nm:6 [1, 9, 1, 1, 5, 7]
        Node(899, nc:1 [900], nm:7 [2, 1, 1, 2, 1, 1, 2]
          Node(900, nc:0 [], nm:7 [2, 6, 1, 5, 1, 9, 5]
    Node(901, nc:4 [902,909,916,923], nm:4 [3, 3, 3, 4]
      Node(902, nc:3 [903,905,907], nm:4 [2, 5, 3, 2]
        Node(903, nc:1 [904], nm:7 [3, 1, 1, 2, 3, 3, 3]
          Node(904, nc:0 [], nm:9 [5, 1, 5, 5, 2, 2, 4, 7, 9]
        Node(905, nc:1 [906], nm:6 [1, 2, 1, 1, 3, 3]
          Node(906, nc:0 [], nm:7 [9, 5, 1, 3, 9, 9, 7]
        Node(907, nc:1 [908], nm:9 [1, 1, 3, 3, 3, 3, 1, 2, 3]
          Node(908, nc:0 [], nm:8 [1, 6, 1, 1, 4, 4, 1, 5]
      Node(909, nc:3 [910,912,914], nm:5 [4, 5, 3, 5, 5]
        Node(910, nc:1 [911], nm:6 [2, 2, 3, 2, 1, 3]
          Node(911, nc:0 [], nm:11 [8, 9, 4, 1, 1, 8, 6, 2, 9, 7, 3]
        Node(912, nc:1 [913], nm:7 [1, 2, 2, 3, 1, 1, 2]
          Node(913, nc:0 [], nm:9 [1, 5, 8, 5, 9, 1, 4, 1, 6]
        Node(914, nc:1 [915], nm:6 [3, 2, 1, 1, 2, 1]
          Node(915, nc:0 [], nm:6 [6, 9, 3, 8, 1, 2]
      Node(916, nc:3 [917,919,921], nm:7 [4, 3, 1, 3, 5, 5, 1]
        Node(917, nc:1 [918], nm:8 [2, 1, 2, 1, 1, 2, 2, 2]
          Node(918, nc:0 [], nm:6 [1, 4, 2, 3, 7, 4]
        Node(919, nc:1 [920], nm:9 [1, 1, 3, 1, 1, 1, 1, 1, 2]
          Node(920, nc:0 [], nm:7 [1, 1, 1, 6, 8, 1, 2]
        Node(921, nc:1 [922], nm:5 [3, 1, 2, 3, 2]
          Node(922, nc:0 [], nm:8 [5, 1, 3, 5, 8, 1, 7, 8]
      Node(923, nc:3 [924,926,928], nm:5 [5, 3, 3, 2, 1]
        Node(924, nc:1 [925], nm:5 [3, 1, 3, 2, 2]
          Node(925, nc:0 [], nm:7 [4, 8, 7, 1, 5, 1, 1]
        Node(926, nc:1 [927], nm:7 [3, 1, 3, 3, 1, 3, 2]
          Node(927, nc:0 [], nm:7 [8, 1, 1, 4, 7, 1, 8]
        Node(928, nc:1 [929], nm:6 [2, 1, 1, 1, 1, 2]
          Node(929, nc:0 [], nm:11 [7, 8, 4, 2, 8, 8, 6, 7, 6, 1, 1]
    Node(930, nc:4 [931,938,945,952], nm:5 [3, 5, 2, 1, 2]
      Node(931, nc:3 [932,934,936], nm:5 [4, 3, 3, 3, 2]
        Node(932, nc:1 [933], nm:5 [3, 1, 1, 1, 1]
          Node(933, nc:0 [], nm:10 [4, 7, 3, 6, 4, 1, 5, 6, 4, 5]
        Node(934, nc:1 [935], nm:6 [2, 2, 1, 1, 2, 2]
          Node(935, nc:0 [], nm:7 [2, 7, 7, 4, 4, 9, 1]
        Node(936, nc:1 [937], nm:9 [3, 2, 3, 1, 1, 2, 1, 3, 3]
          Node(937, nc:0 [], nm:8 [2, 7, 1, 3, 9, 9, 1, 2]
      Node(938, nc:3 [939,941,943], nm:4 [1, 5, 2, 3]
        Node(939, nc:1 [940], nm:5 [1, 3, 3, 2, 2]
          Node(940, nc:0 [], nm:10 [5, 1, 1, 6, 3, 9, 5, 5, 7, 3]
        Node(941, nc:1 [942], nm:6 [1, 3, 1, 1, 2, 2]
          Node(942, nc:0 [], nm:7 [2, 4, 9, 2, 1, 4, 7]
        Node(943, nc:1 [944], nm:6 [3, 2, 1, 1, 1, 3]
          Node(944, nc:0 [], nm:11 [8, 2, 9, 6, 7, 6, 1, 1, 3, 6, 5]
      Node(945, nc:3 [946,948,950], nm:6 [5, 2, 4, 4, 5, 2]
        Node(946, nc:1 [947], nm:7 [2, 2, 2, 1, 1, 1, 1]
          Node(947, nc:0 [], nm:9 [3, 7, 4, 1, 8, 6, 5, 3, 4]
        Node(948, nc:1 [949], nm:8 [1, 2, 2, 1, 3, 2, 1, 3]
          Node(949, nc:0 [], nm:8 [9, 2, 4, 1, 3, 8, 4, 9]
        Node(950, nc:1 [951], nm:6 [1, 1, 1, 1, 3, 3]
          Node(951, nc:0 [], nm:11 [4, 1, 1, 6, 5, 5, 7, 1, 8, 3, 6]
      Node(952, nc:3 [953,955,957], nm:5 [2, 3, 4, 4, 3]
        Node(953, nc:1 [954], nm:6 [2, 2, 1, 1, 1, 1]
          Node(954, nc:0 [], nm:11 [4, 7, 6, 1, 2, 6, 6, 2, 7, 8, 3]
        Node(955, nc:1 [956], nm:8 [2, 3, 3, 2, 2, 1, 2, 2]
          Node(956, nc:0 [], nm:7 [1, 4, 5, 8, 2, 3, 4]
        Node(957, nc:1 [958], nm:6 [3, 1, 2, 1, 1, 1]
          Node(958, nc:0 [], nm:11 [4, 1, 9, 6, 3, 3, 1, 9, 3, 6, 4]
    Node(959, nc:4 [960,967,974,981], nm:4 [2, 5, 4, 5]
      Node(960, nc:3 [961,963,965], nm:7 [1, 4, 1, 5, 1, 3, 1]
        Node(961, nc:1 [962], nm:6 [2, 2, 3, 3, 3, 1]
          Node(962, nc:0 [], nm:11 [5, 5, 3, 1, 6, 6, 7, 3, 8, 1, 8]
        Node(963, nc:1 [964], nm:5 [2, 3, 1, 3, 2]
          Node(964, nc:0 [], nm:6 [9, 1, 1, 5, 4, 1]
        Node(965, nc:1 [966], nm:7 [2, 3, 2, 2, 1, 1, 2]
          Node(966, nc:0 [], nm:10 [5, 1, 5, 3, 2, 7, 6, 7, 7, 7]
      Node(967, nc:3 [968,970,972], nm:7 [2, 3, 1, 3, 4, 3, 4]
        Node(968, nc:1 [969], nm:5 [1, 1, 2, 1, 2]
          Node(969, nc:0 [], nm:11 [2, 5, 7, 8, 4, 7, 9, 1, 5, 3, 9]
        Node(970, nc:1 [971], nm:7 [3, 2, 1, 1, 1, 1, 1]
          Node(971, nc:0 [], nm:11 [8, 1, 1, 9, 5, 1, 2, 7, 5, 1, 2]
        Node(972, nc:1 [973], nm:8 [1, 3, 2, 3, 3, 1, 3, 1]
          Node(973, nc:0 [], nm:7 [5, 9, 4, 3, 7, 8, 1]
      Node(974, nc:3 [975,977,979], nm:6 [1, 4, 3, 5, 3, 5]
        Node(975, nc:1 [976], nm:6 [2, 1, 1, 3, 3, 1]
          Node(976, nc:0 [], nm:6 [6, 2, 4, 6, 1, 3]
        Node(977, nc:1 [978], nm:5 [1, 1, 2, 3, 1]
          Node(978, nc:0 [], nm:9 [6, 8, 7, 7, 1, 7, 1, 2, 5]
        Node(979, nc:1 [980], nm:8 [2, 2, 2, 2, 1, 2, 2, 1]
          Node(980, nc:0 [], nm:7 [4, 5, 6, 1, 3, 6, 8]
      Node(981, nc:3 [982,984,986], nm:7 [1, 3, 2, 4, 5, 4, 1]
        Node(982, nc:1 [983], nm:8 [3, 2, 2, 3, 2, 1, 3, 1]
          Node(983, nc:0 [], nm:9 [9, 2, 1, 4, 1, 9, 9, 7, 5]
        Node(984, nc:1 [985], nm:7 [2, 1, 3, 2, 2, 3, 2]
          Node(985, nc:0 [], nm:10 [8, 1, 1, 3, 7, 5, 1, 7, 9, 4]
        Node(986, nc:1 [987], nm:7 [2, 2, 1, 1, 3, 2, 1]
          Node(987, nc:0 [], nm:11 [9, 1, 4, 7, 3, 2, 3, 8, 8, 8, 1]
    Node(988, nc:4 [989,996,1003,1010], nm:4 [3, 4, 3, 1]
      Node(989, nc:3 [990,992,994], nm:6 [3, 5, 3, 5, 5, 4]
        Node(990, nc:1 [991], nm:9 [1, 2, 3, 3, 2, 1, 1, 1, 3]
          Node(991, nc:0 [], nm:11 [5, 3, 7, 6, 3, 1, 3, 8, 5, 5, 4]
        Node(992, nc:1 [993], nm:8 [1, 1, 1, 3, 3, 2, 1, 3]
          Node(993, nc:0 [], nm:10 [4, 5, 7, 7, 8, 9, 6, 1, 7, 3]
        Node(994, nc:1 [995], nm:6 [3, 3, 2, 1, 3, 3]
          Node(995, nc:0 [], nm:6 [1, 6, 6, 6, 7, 3]
      Node(996, nc:3 [997,999,1001], nm:6 [4, 3, 3, 1, 2, 5]
        Node(997, nc:1 [998], nm:5 [3, 2, 1, 3, 2]
          Node(998, nc:0 [], nm:7 [3, 8, 5, 7, 2, 1, 1]
        Node(999, nc:1 [1000], nm:7 [1, 1, 2, 1, 2, 1, 1]
          Node(1000, nc:0 [], nm:10 [3, 9, 5, 1, 3, 9, 5, 8, 6, 6]
        Node(1001, nc:1 [1002], nm:9 [2, 2, 3, 1, 3, 3, 3, 2, 1]
          Node(1002, nc:0 [], nm:7 [2, 1, 3, 2, 4, 8, 7]
      Node(1003, nc:3 [1004,1006,1008], nm:7 [3, 1, 5, 1, 3, 1, 3]
        Node(1004, nc:1 [1005], nm:7 [3, 3, 2, 2, 1, 1, 2]
          Node(1005, nc:0 [], nm:8 [6, 7, 2, 1, 4, 7, 8, 4]
        Node(1006, nc:1 [1007], nm:9 [3, 2, 3, 1, 3, 3, 2, 2, 1]
          Node(1007, nc:0 [], nm:6 [9, 4, 7, 1, 6, 1]
        Node(1008, nc:1 [1009], nm:7 [3, 3, 1, 1, 3, 2, 3]
          Node(1009, nc:0 [], nm:6 [6, 2, 1, 9, 2, 9]
      Node(1010, nc:3 [1011,1013,1015], nm:6 [2, 4, 1, 1, 2, 2]
        Node(1011, nc:1 [1012], nm:7 [1, 2, 1, 1, 3, 1, 1]
          Node(1012, nc:0 [], nm:7 [7, 5, 8, 3, 5, 1, 2]
        Node(1013, nc:1 [1014], nm:9 [1, 1, 1, 1, 2, 2, 3, 2, 3]
          Node(1014, nc:0 [], nm:6 [5, 1, 1, 8, 4, 8]
        Node(1015, nc:1 [1016], nm:9 [3, 3, 1, 2, 2, 2, 1, 3, 1]
          Node(1016, nc:0 [], nm:11 [9, 9, 5, 5, 1, 4, 1, 1, 6, 7, 2]
    Node(1017, nc:5 [1018,1025,1032,1039,1046], nm:3 [7, 1, 2]
      Node(1018, nc:3 [1019,1021,1023], nm:6 [5, 3, 4, 5, 3, 1]
        Node(1019, nc:1 [1020], nm:9 [1, 1, 2, 3, 1, 3, 3, 2, 3]
          Node(1020, nc:0 [], nm:11 [6, 4, 6, 9, 4, 1, 5, 6, 2, 6, 4]
        Node(1021, nc:1 [1022], nm:7 [2, 2, 1, 3, 1, 1, 3]
          Node(1022, nc:0 [], nm:9 [6, 7, 1, 6, 8, 2, 5, 9, 2]
        Node(1023, nc:1 [1024], nm:8 [2, 3, 1, 1, 1, 1, 1, 3]
          Node(1024, nc:0 [], nm:7 [1, 3, 3, 4, 5, 7, 1]
      Node(1025, nc:3 [1026,1028,1030], nm:7 [3, 3, 4, 3, 1, 3, 4]
        Node(1026, nc:1 [1027], nm:9 [1, 2, 1, 1, 1, 2, 3, 1, 1]
          Node(1027, nc:0 [], nm:9 [6, 5, 7, 1, 3, 1, 7, 1, 6]
        Node(1028, nc:1 [1029], nm:5 [1, 3, 2, 1, 2]
          Node(1029, nc:0 [], nm:9 [4, 7, 4, 3, 2, 1, 6, 4, 5]
        Node(1030, nc:1 [1031], nm:5 [1, 3, 1, 1, 1]
          Node(1031, nc:0 [], nm:7 [2, 8, 2, 8, 1, 5, 2]
      Node(1032, nc:3 [1033,1035,1037], nm:6 [2, 1, 5, 3, 4, 2]
        Node(1033, nc:1 [1034], nm:7 [1, 2, 2, 3, 1, 2, 1]
          Node(1034, nc:0 [], nm:7 [1, 9, 8, 8, 7, 5, 4]
        Node(1035, nc:1 [1036], nm:7 [1, 3, 3, 1, 1, 2, 1]
          Node(1036, nc:0 [], nm:6 [8, 1, 3, 4, 6, 1]
        Node(1037, nc:1 [1038], nm:5 [1, 2, 3, 2, 1]
          Node(1038, nc:0 [], nm:9 [4, 1, 1, 7, 3, 4, 1, 6, 5]
      Node(1039, nc:3 [1040,1042,1044], nm:4 [3, 2, 1, 1]
        Node(1040, nc:1 [1041], nm:7 [2, 2, 1, 1, 2, 1, 2]
          Node(1041, nc:0 [], nm:10 [8, 2, 1, 7, 8, 9, 2, 1, 6, 9]
        Node(1042, nc:1 [1043], nm:7 [2, 2, 1, 1, 2, 1, 1]
          Node(1043, nc:0 [], nm:6 [1, 6, 3, 6, 8, 1]
        Node(1044, nc:1 [1045], nm:6 [2, 3, 1, 2, 1, 3]
          Node(1045, nc:0 [], nm:10 [9, 1, 1, 1, 7, 4, 9, 6, 2, 5]
      Node(1046, nc:3 [1047,1049,1051], nm:6 [1, 2, 5, 2, 2, 2]
        Node(1047, nc:1 [1048], nm:7 [2, 1, 2, 2, 3, 1, 1]
          Node(1048, nc:0 [], nm:7 [1, 5, 5, 3, 6, 3, 9]
        Node(1049, nc:1 [1050], nm:7 [2, 3, 2, 2, 1, 1, 3]
          Node(1050, nc:0 [], nm:10 [4, 6, 8, 3, 1, 8, 9, 3, 1, 4]
        Node(1051, nc:1 [1052], nm:8 [3, 1, 1, 1, 1, 3, 3, 3]
          Node(1052, nc:0 [], nm:10 [9, 6, 8, 5, 4, 1, 2, 3, 1, 4]
    Node(1053, nc:4 [1054,1061,1068,1075], nm:5 [3, 3, 3, 3, 2]
      Node(1054, nc:3 [1055,1057,1059], nm:7 [1, 3, 3, 5, 3, 5, 5]
        Node(1055, nc:1 [1056], nm:6 [3, 3, 2, 2, 2, 1]
          Node(1056, nc:0 [], nm:6 [9, 9, 9, 1, 3, 9]
        Node(1057, nc:1 [1058], nm:6 [3, 1, 3, 1, 2, 1]
          Node(1058, nc:0 [], nm:11 [9, 7, 9, 9, 7, 9, 1, 1, 1, 1, 1]
        Node(1059, nc:1 [1060], nm:7 [2, 3, 1, 3, 3, 1, 1]
          Node(1060, nc:0 [], nm:6 [3, 7, 9, 5, 4, 1]
      Node(1061, nc:3 [1062,1064,1066], nm:5 [2, 2, 4, 1, 3]
        Node(1062, nc:1 [1063], nm:8 [3, 2, 1, 1, 3, 2, 3, 1]
          Node(1063, nc:0 [], nm:11 [1, 2, 5, 7, 1, 3, 6, 6, 2, 3, 8]
        Node(1064, nc:1 [1065], nm:5 [3, 3, 2, 1, 1]
          Node(1065, nc:0 [], nm:11 [1, 5, 3, 3, 8, 2, 5, 1, 6, 7, 3]
        Node(1066, nc:1 [1067], nm:8 [1, 3, 3, 1, 1, 1, 3, 3]
          Node(1067, nc:0 [], nm:10 [1, 8, 2, 9, 7, 9, 1, 1, 2, 7]
      Node(1068, nc:3 [1069,1071,1073], nm:4 [3, 1, 3, 3]
        Node(1069, nc:1 [1070], nm:9 [1, 1, 2, 3, 2, 3, 1, 3, 3]
          Node(1070, nc:0 [], nm:9 [1, 9, 3, 9, 1, 5, 3, 8, 6]
        Node(1071, nc:1 [1072], nm:9 [1, 2, 1, 1, 1, 2, 1, 2, 1]
          Node(1072, nc:0 [], nm:7 [7, 2, 2, 2, 6, 1, 6]
        Node(1073, nc:1 [1074], nm:9 [3, 1, 2, 3, 2, 1, 3, 2, 2]
          Node(1074, nc:0 [], nm:6 [6, 1, 8, 3, 4, 2]
      Node(1075, nc:3 [1076,1078,1080], nm:7 [3, 4, 2, 3, 4, 4, 4]
        Node(1076, nc:1 [1077], nm:5 [3, 1, 3, 3, 1]
          Node(1077, nc:0 [], nm:10 [3, 3, 3, 3, 3, 1, 6, 7, 9, 4]
        Node(1078, nc:1 [1079], nm:8 [2, 3, 2, 2, 1, 1, 3, 3]
          Node(1079, nc:0 [], nm:6 [5, 6, 1, 1, 3, 1]
        Node(1080, nc:1 [1081], nm:6 [1, 2, 2, 3, 1, 1]
          Node(1081, nc:0 [], nm:8 [1, 2, 7, 2, 1, 9, 3, 1]
  Node(1082, nc:6 [1083,1119,1148,1177,1213,1249], nm:3 [6, 4, 2]
    Node(1083, nc:5 [1084,1091,1098,1105,1112], nm:5 [2, 1, 5, 2, 5]
      Node(1084, nc:3 [1085,1087,1089], nm:6 [4, 3, 1, 3, 3, 4]
        Node(1085, nc:1 [1086], nm:9 [2, 2, 2, 3, 1, 2, 1, 3, 3]
          Node(1086, nc:0 [], nm:10 [8, 4, 3, 1, 2, 4, 3, 3, 8, 3]
        Node(1087, nc:1 [1088], nm:5 [3, 1, 2, 2, 1]
          Node(1088, nc:0 [], nm:6 [1, 7, 9, 2, 9, 1]
        Node(1089, nc:1 [1090], nm:9 [1, 3, 2, 2, 2, 3, 1, 2, 2]
          Node(1090, nc:0 [], nm:10 [4, 1, 2, 8, 2, 5, 5, 2, 7, 9]
      Node(1091, nc:3 [1092,1094,1096], nm:7 [2, 4, 1, 2, 4, 4, 2]
        Node(1092, nc:1 [1093], nm:9 [1, 2, 1, 1, 2, 3, 3, 1, 2]
          Node(1093, nc:0 [], nm:8 [2, 3, 7, 7, 1, 3, 9, 5]
        Node(1094, nc:1 [1095], nm:5 [3, 1, 3, 2, 1]
          Node(1095, nc:0 [], nm:9 [7, 1, 6, 1, 5, 2, 2, 1, 3]
        Node(1096, nc:1 [1097], nm:9 [1, 1, 1, 2, 3, 1, 3, 2, 1]
          Node(1097, nc:0 [], nm:8 [1, 4, 5, 9, 1, 1, 3, 1]
      Node(1098, nc:3 [1099,1101,1103], nm:5 [4, 4, 5, 2, 3]
        Node(1099, nc:1 [1100], nm:9 [1, 3, 3, 3, 3, 1, 2, 3, 1]
          Node(1100, nc:0 [], nm:11 [8, 1, 5, 5, 4, 8, 1, 2, 6, 1, 9]
        Node(1101, nc:1 [1102], nm:9 [3, 1, 2, 1, 3, 2, 3, 1, 1]
          Node(1102, nc:0 [], nm:7 [9, 7, 2, 4, 5, 1, 4]
        Node(1103, nc:1 [1104], nm:5 [1, 2, 1, 1, 2]
          Node(1104, nc:0 [], nm:9 [1, 2, 4, 2, 5, 1, 9, 7, 5]
      Node(1105, nc:3 [1106,1108,1110], nm:5 [1, 2, 5, 2, 2]
        Node(1106, nc:1 [1107], nm:6 [1, 2, 1, 2, 1, 2]
          Node(1107, nc:0 [], nm:8 [2, 4, 1, 1, 8, 2, 6, 8]
        Node(1108, nc:1 [1109], nm:7 [1, 2, 3, 3, 2, 1, 2]
          Node(1109, nc:0 [], nm:9 [8, 1, 5, 8, 1, 4, 5, 4, 5]
        Node(1110, nc:1 [1111], nm:8 [3, 1, 1, 3, 3, 2, 1, 3]
          Node(1111, nc:0 [], nm:10 [5, 9, 1, 3, 1, 1, 6, 9, 8, 4]
      Node(1112, nc:3 [1113,1115,1117], nm:4 [2, 2, 1, 3]
        Node(1113, nc:1 [1114], nm:9 [1, 1, 1, 2, 1, 1, 3, 2, 1]
          Node(1114, nc:0 [], nm:11 [4, 4, 2, 1, 8, 1, 7, 5, 8, 2, 7]
        Node(1115, nc:1 [1116], nm:5 [3, 1, 1, 1, 2]
          Node(1116, nc:0 [], nm:11 [8, 2, 9, 1, 5, 2, 9, 2, 8, 1, 7]
        Node(1117, nc:1 [1118], nm:9 [3, 1, 2, 2, 1, 1, 2, 2, 2]
          Node(1118, nc:0 [], nm:11 [9, 3, 3, 3, 1, 6, 2, 7, 4, 8, 3]
    Node(1119, nc:4 [1120,1127,1134,1141], nm:3 [6, 2, 6]
      Node(1120, nc:3 [1121,1123,1125], nm:7 [3, 2, 5, 2, 1, 1, 4]
        Node(1121, nc:1 [1122], nm:5 [1, 2, 2, 1, 1]
          Node(1122, nc:0 [], nm:6 [5, 2, 1, 2, 1, 7]
        Node(1123, nc:1 [1124], nm:5 [3, 3, 1, 1, 1]
          Node(1124, nc:0 [], nm:8 [8, 3, 5, 9, 1, 1, 9, 1]
        Node(1125, nc:1 [1126], nm:9 [2, 3, 3, 1, 3, 3, 3, 1, 2]
          Node(1126, nc:0 [], nm:6 [1, 4, 1, 9, 3, 3]
      Node(1127, nc:3 [1128,1130,1132], nm:6 [1, 3, 2, 4, 2, 5]
        Node(1128, nc:1 [1129], nm:7 [2, 1, 1, 3, 2, 3, 3]
          Node(1129, nc:0 [], nm:9 [2, 1, 4, 7, 7, 5, 1, 2, 1]
        Node(1130, nc:1 [1131], nm:8 [1, 1, 3, 1, 1, 1, 3, 1]
          Node(1131, nc:0 [], nm:7 [1, 4, 8, 8, 1, 2, 3]
        Node(1132, nc:1 [1133], nm:8 [1, 1, 3, 1, 1, 3, 3, 2]
          Node(1133, nc:0 [], nm:9 [1, 4, 6, 3, 9, 9, 3, 3, 7]
      Node(1134, nc:3 [1135,1137,1139], nm:6 [1, 2, 5, 2, 5, 1]
        Node(1135, nc:1 [1136], nm:8 [3, 3, 1, 3, 2, 2, 2, 1]
          Node(1136, nc:0 [], nm:11 [6, 9, 1, 3, 3, 2, 1, 7, 1, 8, 2]
        Node(1137, nc:1 [1138], nm:6 [3, 1, 1, 2, 2, 2]
          Node(1138, nc:0 [], nm:10 [5, 4, 6, 4, 6, 9, 2, 2, 1, 2]
        Node(1139, nc:1 [1140], nm:6 [1, 1, 1, 1, 3, 1]
          Node(1140, nc:0 [], nm:9 [1, 5, 2, 2, 8, 2, 6, 4, 1]
      Node(1141, nc:3 [1142,1144,1146], nm:6 [1, 1, 4, 4, 1, 3]
        Node(1142, nc:1 [1143], nm:9 [2, 1, 1, 1, 2, 3, 1, 3, 2]
          Node(1143, nc:0 [], nm:8 [3, 9, 9, 2, 1, 6, 2, 7]
        Node(1144, nc:1 [1145], nm:6 [1, 1, 3, 3, 1, 2]
          Node(1145, nc:0 [], nm:10 [2, 9, 9, 6, 9, 5, 8, 1, 6, 8]
        Node(1146, nc:1 [1147], nm:7 [1, 1, 3, 3, 3, 2, 2]
          Node(1147, nc:0 [], nm:11 [4, 2, 2, 8, 1, 1, 3, 7, 1, 8, 7]
    Node(1148, nc:4 [1149,1156,1163,1170], nm:5 [5, 3, 3, 4, 2]
      Node(1149, nc:3 [1150,1152,1154], nm:6 [2, 4, 4, 5, 2, 4]
        Node(1150, nc:1 [1151], nm:7 [3, 1, 3, 2, 1, 3, 2]
          Node(1151, nc:0 [], nm:9 [5, 6, 7, 1, 5, 6, 3, 2, 6]
        Node(1152, nc:1 [1153], nm:8 [2, 2, 3, 1, 2, 3, 1, 1]
          Node(1153, nc:0 [], nm:10 [4, 3, 4, 3, 8, 2, 2, 4, 1, 1]
        Node(1154, nc:1 [1155], nm:6 [3, 3, 2, 3, 1, 2]
          Node(1155, nc:0 [], nm:6 [7, 4, 1, 9, 3, 6]
      Node(1156, nc:3 [1157,1159,1161], nm:6 [5, 3, 5, 4, 4, 3]
        Node(1157, nc:1 [1158], nm:8 [2, 2, 2, 1, 2, 3, 3, 3]
          Node(1158, nc:0 [], nm:11 [8, 8, 7, 2, 3, 5, 1, 7, 3, 1, 3]
        Node(1159, nc:1 [1160], nm:8 [2, 1, 2, 3, 2, 2, 3, 1]
          Node(1160, nc:0 [], nm:7 [4, 6, 9, 3, 6, 1, 2]
        Node(1161, nc:1 [1162], nm:9 [1, 1, 1, 3, 3, 1, 3, 3, 1]
          Node(1162, nc:0 [], nm:9 [6, 8, 1, 3, 1, 1, 5, 5, 3]
      Node(1163, nc:3 [1164,1166,1168], nm:5 [2, 4, 5, 2, 3]
        Node(1164, nc:1 [1165], nm:8 [1, 3, 1, 2, 2, 3, 3, 2]
          Node(1165, nc:0 [], nm:10 [2, 6, 6, 5, 1, 3, 4, 6, 6, 6]
        Node(1166, nc:1 [1167], nm:5 [1, 1, 1, 3, 3]
          Node(1167, nc:0 [], nm:8 [2, 6, 6, 5, 1, 9, 4, 7]
        Node(1168, nc:1 [1169], nm:8 [2, 3, 2, 2, 1, 2, 3, 1]
          Node(1169, nc:0 [], nm:9 [1, 5, 2, 4, 3, 3, 1, 5, 2]
      Node(1170, nc:3 [1171,1173,1175], nm:7 [2, 5, 1, 3, 4, 1, 3]
        Node(1171, nc:1 [1172], nm:9 [1, 3, 1, 2, 2, 2, 1, 3, 1]
          Node(1172, nc:0 [], nm:8 [8, 1, 5, 4, 1, 3, 5, 8]
        Node(1173, nc:1 [1174], nm:9 [2, 1, 2, 3, 1, 1, 2, 2, 3]
          Node(1174, nc:0 [], nm:8 [6, 4, 4, 3, 1, 9, 1, 7]
        Node(1175, nc:1 [1176], nm:5 [2, 3, 1, 2, 3]
          Node(1176, nc:0 [], nm:6 [4, 3, 1, 7, 1, 3]
    Node(1177, nc:5 [1178,1185,1192,1199,1206], nm:5 [1, 7, 6, 5, 6]
      Node(1178, nc:3 [1179,1181,1183], nm:7 [3, 2, 4, 5, 3, 1, 5]
        Node(1179, nc:1 [1180], nm:8 [1, 3, 1, 3, 1, 1, 3, 2]
          Node(1180, nc:0 [], nm:9 [3, 8, 3, 3, 8, 7, 2, 3, 1]
        Node(1181, nc:1 [1182], nm:6 [3, 3, 2, 1, 2, 1]
          Node(1182, nc:0 [], nm:7 [3, 1, 3, 5, 9, 4, 2]
        Node(1183, nc:1 [1184], nm:6 [2, 1, 1, 3, 2, 1]
          Node(1184, nc:0 [], nm:6 [3, 2, 8, 1, 3, 5]
      Node(1185, nc:3 [1186,1188,1190], nm:4 [4, 5, 1, 4]
        Node(1186, nc:1 [1187], nm:7 [2, 1, 3, 2, 1, 3, 3]
          Node(1187, nc:0 [], nm:6 [2, 1, 3, 9, 6, 8]
        Node(1188, nc:1 [1189], nm:9 [1, 1, 2, 1, 2, 3, 1, 1, 3]
          Node(1189, nc:0 [], nm:6 [9, 9, 8, 6, 1, 6]
        Node(1190, nc:1 [1191], nm:6 [1, 3, 1, 1, 1, 3]
          Node(1191, nc:0 [], nm:9 [5, 4, 1, 2, 7, 2, 1, 2, 1]
      Node(1192, nc:3 [1193,1195,1197], nm:5 [3, 5, 3, 5, 2]
        Node(1193, nc:1 [1194], nm:9 [2, 1, 1, 1, 1, 3, 2, 3, 1]
          Node(1194, nc:0 [], nm:7 [3, 4, 3, 8, 1, 1, 5]
        Node(1195, nc:1 [1196], nm:9 [3, 3, 1, 2, 1, 3, 1, 1, 1]
          Node(1196, nc:0 [], nm:7 [4, 4, 1, 8, 3, 1, 2]
        Node(1197, nc:1 [1198], nm:7 [3, 3, 1, 2, 3, 2, 2]
          Node(1198, nc:0 [], nm:11 [5, 4, 5, 4, 7, 2, 8, 1, 1, 2, 4]
      Node(1199, nc:3 [1200,1202,1204], nm:4 [3, 1, 2, 5]
        Node(1200, nc:1 [1201], nm:6 [1, 2, 2, 1, 2, 3]
          Node(1201, nc:0 [], nm:6 [3, 1, 2, 6, 9, 1]
        Node(1202, nc:1 [1203], nm:5 [2, 2, 1, 3, 2]
          Node(1203, nc:0 [], nm:9 [8, 2, 6, 7, 8, 3, 1, 7, 1]
        Node(1204, nc:1 [1205], nm:5 [1, 1, 1, 3, 2]
          Node(1205, nc:0 [], nm:10 [3, 1, 1, 8, 4, 5, 1, 4, 5, 2]
      Node(1206, nc:3 [1207,1209,1211], nm:5 [2, 1, 1, 1, 4]
        Node(1207, nc:1 [1208], nm:5 [1, 1, 3, 1, 1]
          Node(1208, nc:0 [], nm:11 [4, 6, 1, 8, 8, 1, 6, 5, 3, 8, 2]
        Node(1209, nc:1 [1210], nm:5 [3, 3, 1, 1, 1]
          Node(1210, nc:0 [], nm:10 [1, 5, 1, 1, 5, 1, 1, 7, 7, 9]
        Node(1211, nc:1 [1212], nm:6 [2, 3, 2, 3, 1, 3]
          Node(1212, nc:0 [], nm:7 [9, 4, 6, 1, 9, 8, 9]
    Node(1213, nc:5 [1214,1221,1228,1235,1242], nm:5 [3, 1, 1, 5, 3]
      Node(1214, nc:3 [1215,1217,1219], nm:7 [3, 3, 2, 3, 5, 1, 4]
        Node(1215, nc:1 [1216], nm:8 [1, 3, 2, 3, 2, 2, 3, 2]
          Node(1216, nc:0 [], nm:7 [1, 9, 6, 1, 4, 6, 7]
        Node(1217, nc:1 [1218], nm:7 [1, 1, 2, 3, 3, 2, 1]
          Node(1218, nc:0 [], nm:6 [9, 6, 5, 6, 1, 1]
        Node(1219, nc:1 [1220], nm:6 [3, 3, 3, 1, 2, 3]
          Node(1220, nc:0 [], nm:11 [1, 7, 1, 9, 8, 4, 2, 4, 3, 9, 9]
      Node(1221, nc:3 [1222,1224,1226], nm:4 [3, 1, 3, 4]
        Node(1222, nc:1 [1223], nm:7 [1, 2, 2, 2, 1, 2, 3]
          Node(1223, nc:0 [], nm:8 [9, 1, 7, 2, 5, 8, 9, 5]
        Node(1224, nc:1 [1225], nm:9 [3, 2, 3, 1, 3, 1, 2, 1, 3]
          Node(1225, nc:0 [], nm:9 [6, 1, 9, 4, 7, 2, 5, 4, 2]
        Node(1226, nc:1 [1227], nm:5 [1, 3, 2, 1, 2]
          Node(1227, nc:0 [], nm:10 [4, 7, 7, 4, 2, 1, 4, 1, 9, 9]
      Node(1228, nc:3 [1229,1231,1233], nm:5 [3, 2, 3, 4, 2]
        Node(1229, nc:1 [1230], nm:8 [1, 1, 1, 1, 1, 1, 2, 3]
          Node(1230, nc:0 [], nm:8 [4, 1, 7, 6, 2, 8, 9, 3]
        Node(1231, nc:1 [1232], nm:6 [1, 2, 1, 1, 1, 1]
          Node(1232, nc:0 [], nm:8 [8, 2, 9, 9, 4, 1, 1, 1]
        Node(1233, nc:1 [1234], nm:8 [1, 3, 2, 3, 1, 2, 1, 1]
          Node(1234, nc:0 [], nm:6 [4, 7, 1, 8, 1, 8]
      Node(1235, nc:3 [1236,1238,1240], nm:4 [1, 3, 1, 4]
        Node(1236, nc:1 [1237], nm:6 [1, 1, 3, 2, 1, 1]
          Node(1237, nc:0 [], nm:10 [7, 1, 4, 2, 3, 1, 1, 8, 4, 4]
        Node(1238, nc:1 [1239], nm:8 [3, 1, 1, 3, 3, 2, 3, 1]
          Node(1239, nc:0 [], nm:10 [7, 9, 4, 7, 7, 1, 8, 8, 1, 2]
        Node(1240, nc:1 [1241], nm:5 [2, 3, 3, 1, 1]
          Node(1241, nc:0 [], nm:9 [4, 1, 9, 1, 6, 9, 9, 2, 6]
      Node(1242, nc:3 [1243,1245,1247], nm:5 [5, 2, 1, 2, 3]
        Node(1243, nc:1 [1244], nm:7 [1, 1, 1, 3, 1, 1, 1]
          Node(1244, nc:0 [], nm:9 [9, 3, 8, 3, 8, 1, 1, 1, 6]
        Node(1245, nc:1 [1246], nm:7 [2, 1, 3, 2, 3, 1, 1]
          Node(1246, nc:0 [], nm:11 [3, 6, 5, 3, 1, 4, 6, 9, 9, 6, 1]
        Node(1247, nc:1 [1248], nm:9 [2, 2, 1, 3, 1, 3, 2, 2, 3]
          Node(1248, nc:0 [], nm:6 [1, 3, 3, 9, 6, 1]
    Node(1249, nc:5 [1250,1257,1264,1271,1278], nm:5 [5, 5, 2, 5, 6]
      Node(1250, nc:3 [1251,1253,1255], nm:4 [2, 2, 3, 4]
        Node(1251, nc:1 [1252], nm:5 [3, 2, 1, 3, 3]
          Node(1252, nc:0 [], nm:11 [7, 1, 8, 3, 8, 4, 1, 4, 3, 1, 1]
        Node(1253, nc:1 [1254], nm:8 [1, 2, 2, 1, 1, 1, 2, 3]
          Node(1254, nc:0 [], nm:10 [4, 5, 4, 9, 1, 6, 4, 5, 1, 1]
        Node(1255, nc:1 [1256], nm:5 [3, 1, 1, 1, 1]
          Node(1256, nc:0 [], nm:10 [3, 1, 4, 9, 3, 7, 6, 7, 1, 3]
      Node(1257, nc:3 [1258,1260,1262], nm:5 [3, 4, 4, 4, 4]
        Node(1258, nc:1 [1259], nm:6 [1, 2, 1, 2, 1, 1]
          Node(1259, nc:0 [], nm:10 [1, 4, 4, 4, 7, 4, 8, 5, 1, 9]
        Node(1260, nc:1 [1261], nm:9 [1, 3, 2, 1, 3, 2, 1, 3, 3]
          Node(1261, nc:0 [], nm:11 [4, 3, 4, 1, 5, 6, 1, 1, 5, 1, 7]
        Node(1262, nc:1 [1263], nm:6 [1, 2, 1, 1, 1, 3]
          Node(1263, nc:0 [], nm:8 [1, 3, 3, 5, 6, 1, 4, 3]
      Node(1264, nc:3 [1265,1267,1269], nm:6 [4, 1, 5, 4, 5, 3]
        Node(1265, nc:1 [1266], nm:9 [3, 1, 2, 1, 2, 1, 2, 2, 2]
          Node(1266, nc:0 [], nm:10 [1, 4, 2, 5, 2, 6, 8, 3, 3, 8]
        Node(1267, nc:1 [1268], nm:9 [2, 3, 1, 2, 3, 2, 3, 1, 3]
          Node(1268, nc:0 [], nm:7 [1, 1, 9, 3, 3, 1, 2]
        Node(1269, nc:1 [1270], nm:9 [1, 2, 1, 1, 3, 2, 2, 2, 1]
          Node(1270, nc:0 [], nm:8 [3, 3, 5, 1, 5, 7, 3, 8]
      Node(1271, nc:3 [1272,1274,1276], nm:5 [4, 3, 4, 2, 2]
        Node(1272, nc:1 [1273], nm:5 [1, 1, 3, 2, 1]
          Node(1273, nc:0 [], nm:6 [9, 1, 6, 5, 1, 7]
        Node(1274, nc:1 [1275], nm:9 [1, 2, 1, 1, 2, 2, 3, 3, 2]
          Node(1275, nc:0 [], nm:11 [1, 9, 8, 5, 3, 7, 2, 3, 4, 6, 4]
        Node(1276, nc:1 [1277], nm:7 [1, 1, 1, 1, 1, 3, 3]
          Node(1277, nc:0 [], nm:7 [1, 9, 7, 6, 1, 3, 6]
      Node(1278, nc:3 [1279,1281,1283], nm:4 [5, 4, 2, 1]
        Node(1279, nc:1 [1280], nm:9 [2, 1, 2, 3, 3, 2, 3, 1, 2]
          Node(1280, nc:0 [], nm:10 [3, 5, 2, 3, 6, 7, 8, 9, 1, 7]
        Node(1281, nc:1 [1282], nm:8 [1, 1, 3, 2, 1, 1, 3, 2]
          Node(1282, nc:0 [], nm:8 [4, 1, 2, 4, 5, 1, 2, 5]
        Node(1283, nc:1 [1284], nm:8 [3, 1, 1, 3, 3, 1, 2, 2]
          Node(1284, nc:0 [], nm:6 [1, 3, 3, 5, 1, 1]
  Node(1285, nc:7 [1286,1315,1344,1373,1409,1445,1474], nm:2 [6, 4]
    Node(1286, nc:4 [1287,1294,1301,1308], nm:5 [2, 5, 4, 1, 3]
      Node(1287, nc:3 [1288,1290,1292], nm:7 [4, 1, 2, 2, 1, 1, 1]
        Node(1288, nc:1 [1289], nm:6 [1, 1, 2, 2, 1, 3]
          Node(1289, nc:0 [], nm:8 [1, 1, 4, 1, 1, 9, 2, 8]
        Node(1290, nc:1 [1291], nm:6 [2, 3, 1, 2, 1, 1]
          Node(1291, nc:0 [], nm:7 [1, 7, 7, 6, 8, 5, 9]
        Node(1292, nc:1 [1293], nm:6 [1, 1, 2, 1, 3, 1]
          Node(1293, nc:0 [], nm:8 [2, 6, 5, 4, 1, 4, 2, 1]
      Node(1294, nc:3 [1295,1297,1299], nm:6 [3, 1, 1, 3, 4, 2]
        Node(1295, nc:1 [1296], nm:8 [3, 2, 1, 1, 2, 2, 1, 1]
          Node(1296, nc:0 [], nm:9 [1, 9, 5, 7, 6, 4, 3, 2, 1]
        Node(1297, nc:1 [1298], nm:9 [1, 3, 1, 3, 3, 1, 2, 1, 3]
          Node(1298, nc:0 [], nm:6 [6, 5, 3, 9, 1, 1]
        Node(1299, nc:1 [1300], nm:6 [2, 1, 1, 1, 3, 2]
          Node(1300, nc:0 [], nm:10 [6, 8, 1, 9, 5, 8, 4, 4, 2, 1]
      Node(1301, nc:3 [1302,1304,1306], nm:5 [3, 2, 1, 4, 1]
        Node(1302, nc:1 [1303], nm:8 [3, 2, 1, 2, 2, 1, 3, 3]
          Node(1303, nc:0 [], nm:11 [5, 2, 8, 1, 5, 4, 8, 1, 3, 1, 3]
        Node(1304, nc:1 [1305], nm:6 [2, 2, 1, 1, 1, 3]
          Node(1305, nc:0 [], nm:6 [1, 2, 7, 6, 1, 6]
        Node(1306, nc:1 [1307], nm:9 [1, 3, 3, 2, 3, 2, 1, 3, 1]
          Node(1307, nc:0 [], nm:9 [4, 8, 5, 3, 1, 8, 6, 1, 7]
      Node(1308, nc:3 [1309,1311,1313], nm:5 [2, 4, 5, 1, 4]
        Node(1309, nc:1 [1310], nm:7 [1, 1, 3, 1, 3, 3, 1]
          Node(1310, nc:0 [], nm:10 [7, 5, 6, 5, 4, 2, 1, 9, 9, 5]
        Node(1311, nc:1 [1312], nm:9 [1, 1, 2, 1, 2, 3, 2, 1, 3]
          Node(1312, nc:0 [], nm:7 [3, 5, 6, 9, 1, 4, 1]
        Node(1313, nc:1 [1314], nm:8 [1, 2, 2, 1, 2, 2, 2, 1]
          Node(1314, nc:0 [], nm:6 [7, 5, 1, 1, 9, 9]
    Node(1315, nc:4 [1316,1323,1330,1337], nm:3 [3, 4, 4]
      Node(1316, nc:3 [1317,1319,1321], nm:5 [3, 3, 5, 5, 5]
        Node(1317, nc:1 [1318], nm:7 [1, 1, 3, 2, 2, 3, 3]
          Node(1318, nc:0 [], nm:6 [1, 4, 7, 8, 2, 2]
        Node(1319, nc:1 [1320], nm:6 [1, 1, 3, 2, 3, 1]
          Node(1320, nc:0 [], nm:8 [1, 6, 5, 3, 6, 4, 1, 8]
        Node(1321, nc:1 [1322], nm:7 [3, 1, 3, 1, 1, 2, 2]
          Node(1322, nc:0 [], nm:10 [3, 1, 7, 5, 6, 1, 1, 2, 2, 6]
      Node(1323, nc:3 [1324,1326,1328], nm:7 [4, 5, 2, 5, 4, 2, 2]
        Node(1324, nc:1 [1325], nm:7 [1, 2, 2, 1, 2, 3, 2]
          Node(1325, nc:0 [], nm:11 [2, 1, 7, 5, 6, 1, 1, 3, 2, 3, 5]
        Node(1326, nc:1 [1327], nm:5 [3, 1, 1, 3, 2]
          Node(1327, nc:0 [], nm:10 [5, 8, 5, 9, 3, 6, 1, 3, 5, 1]
        Node(1328, nc:1 [1329], nm:8 [1, 2, 1, 2, 3, 1, 2, 2]
          Node(1329, nc:0 [], nm:8 [1, 9, 5, 2, 4, 7, 1, 5]
      Node(1330, nc:3 [1331,1333,1335], nm:4 [1, 5, 2, 3]
        Node(1331, nc:1 [1332], nm:9 [2, 1, 1, 3, 1, 3, 1, 1, 2]
          Node(1332, nc:0 [], nm:11 [2, 1, 1, 9, 8, 1, 1, 1, 9, 1, 1]
        Node(1333, nc:1 [1334], nm:9 [3, 3, 3, 1, 1, 3, 2, 3, 1]
          Node(1334, nc:0 [], nm:8 [9, 8, 2, 1, 2, 6, 5, 2]
        Node(1335, nc:1 [1336], nm:5 [3, 1, 1, 3, 1]
          Node(1336, nc:0 [], nm:10 [9, 4, 9, 2, 6, 1, 7, 6, 9, 8]
      Node(1337, nc:3 [1338,1340,1342], nm:4 [3, 5, 1, 1]
        Node(1338, nc:1 [1339], nm:8 [1, 3, 3, 1, 3, 1, 3, 1]
          Node(1339, nc:0 [], nm:8 [8, 7, 3, 7, 1, 3, 1, 7]
        Node(1340, nc:1 [1341], nm:7 [2, 2, 3, 1, 2, 1, 1]
          Node(1341, nc:0 [], nm:11 [3, 5, 9, 8, 1, 3, 1, 1, 8, 3, 6]
        Node(1342, nc:1 [1343], nm:5 [2, 1, 1, 2, 3]
          Node(1343, nc:0 [], nm:10 [9, 2, 3, 8, 3, 3, 1, 4, 3, 1]
    Node(1344, nc:4 [1345,1352,1359,1366], nm:3 [3, 1, 1]
      Node(1345, nc:3 [1346,1348,1350], nm:4 [3, 2, 4, 3]
        Node(1346, nc:1 [1347], nm:8 [3, 3, 1, 3, 1, 3, 2, 2]
          Node(1347, nc:0 [], nm:9 [6, 1, 9, 2, 2, 7, 2, 5, 9]
        Node(1348, nc:1 [1349], nm:6 [3, 3, 3, 2, 2, 1]
          Node(1349, nc:0 [], nm:11 [7, 1, 6, 2, 5, 4, 6, 3, 5, 3, 3]
        Node(1350, nc:1 [1351], nm:7 [1, 2, 2, 3, 2, 3, 2]
          Node(1351, nc:0 [], nm:9 [7, 3, 8, 2, 1, 7, 2, 7, 6]
      Node(1352, nc:3 [1353,1355,1357], nm:6 [2, 2, 2, 5, 2, 1]
        Node(1353, nc:1 [1354], nm:8 [1, 2, 1, 2, 2, 2, 2, 1]
          Node(1354, nc:0 [], nm:11 [9, 1, 8, 4, 7, 9, 5, 4, 6, 2, 4]
        Node(1355, nc:1 [1356], nm:5 [3, 1, 3, 2, 2]
          Node(1356, nc:0 [], nm:9 [6, 7, 6, 9, 2, 2, 1, 6, 9]
        Node(1357, nc:1 [1358], nm:9 [3, 1, 2, 1, 1, 2, 1, 2, 1]
          Node(1358, nc:0 [], nm:8 [3, 1, 5, 5, 1, 6, 4, 9]
      Node(1359, nc:3 [1360,1362,1364], nm:5 [1, 2, 1, 4, 5]
        Node(1360, nc:1 [1361], nm:5 [1, 2, 3, 3, 1]
          Node(1361, nc:0 [], nm:9 [1, 2, 2, 6, 6, 8, 5, 1, 2]
        Node(1362, nc:1 [1363], nm:8 [2, 1, 1, 3, 2, 2, 1, 2]
          Node(1363, nc:0 [], nm:6 [4, 8, 1, 7, 1, 8]
        Node(1364, nc:1 [1365], nm:8 [1, 3, 3, 1, 2, 2, 3, 1]
          Node(1365, nc:0 [], nm:9 [9, 8, 3, 4, 2, 6, 8, 1, 8]
      Node(1366, nc:3 [1367,1369,1371], nm:4 [1, 5, 5, 2]
        Node(1367, nc:1 [1368], nm:6 [3, 1, 3, 1, 2, 2]
          Node(1368, nc:0 [], nm:11 [1, 3, 4, 1, 5, 8, 5, 8, 8, 1, 8]
        Node(1369, nc:1 [1370], nm:7 [1, 1, 2, 1, 1, 2, 3]
          Node(1370, nc:0 [], nm:8 [3, 8, 1, 8, 7, 7, 6, 7]
        Node(1371, nc:1 [1372], nm:7 [1, 1, 3, 3, 2, 3, 1]
          Node(1372, nc:0 [], nm:10 [3, 5, 6, 1, 5, 9, 3, 9, 8, 1]
    Node(1373, nc:5 [1374,1381,1388,1395,1402], nm:5 [5, 3, 7, 6, 7]
      Node(1374, nc:3 [1375,1377,1379], nm:5 [1, 2, 4, 3, 5]
        Node(1375, nc:1 [1376], nm:5 [1, 2, 1, 3, 3]
          Node(1376, nc:0 [], nm:9 [7, 5, 1, 4, 1, 1, 7, 1, 1]
        Node(1377, nc:1 [1378], nm:9 [1, 2, 2, 3, 2, 1, 3, 1, 3]
          Node(1378, nc:0 [], nm:7 [1, 3, 2, 5, 4, 3, 7]
        Node(1379, nc:1 [1380], nm:5 [1, 1, 3, 1, 2]
          Node(1380, nc:0 [], nm:9 [1, 1, 3, 9, 8, 8, 1, 5, 1]
      Node(1381, nc:3 [1382,1384,1386], nm:4 [4, 2, 1, 2]
        Node(1382, nc:1 [1383], nm:5 [1, 1, 1, 1, 1]
          Node(1383, nc:0 [], nm:7 [3, 1, 1, 5, 3, 9, 6]
        Node(1384, nc:1 [1385], nm:5 [3, 1, 3, 2, 2]
          Node(1385, nc:0 [], nm:7 [1, 7, 4, 4, 1, 8, 5]
        Node(1386, nc:1 [1387], nm:8 [2, 1, 3, 1, 1, 1, 3, 1]
          Node(1387, nc:0 [], nm:11 [8, 1, 8, 6, 7, 6, 2, 1, 9, 1, 1]
      Node(1388, nc:3 [1389,1391,1393], nm:6 [3, 3, 3, 1, 2, 2]
        Node(1389, nc:1 [1390], nm:6 [2, 1, 2, 1, 3, 1]
          Node(1390, nc:0 [], nm:8 [7, 3, 8, 3, 7, 7, 1, 9]
        Node(1391, nc:1 [1392], nm:8 [3, 1, 1, 2, 3, 2, 1, 1]
          Node(1392, nc:0 [], nm:8 [4, 5, 4, 8, 2, 1, 6, 8]
        Node(1393, nc:1 [1394], nm:6 [2, 3, 3, 2, 1, 1]
          Node(1394, nc:0 [], nm:8 [7, 5, 9, 1, 6, 9, 3, 7]
      Node(1395, nc:3 [1396,1398,1400], nm:7 [3, 3, 4, 5, 2, 2, 1]
        Node(1396, nc:1 [1397], nm:7 [1, 2, 3, 3, 3, 2, 1]
          Node(1397, nc:0 [], nm:10 [2, 3, 5, 3, 4, 1, 1, 5, 3, 1]
        Node(1398, nc:1 [1399], nm:8 [3, 2, 3, 1, 1, 2, 1, 3]
          Node(1399, nc:0 [], nm:7 [8, 1, 4, 7, 3, 1, 4]
        Node(1400, nc:1 [1401], nm:7 [3, 1, 3, 2, 1, 1, 2]
          Node(1401, nc:0 [], nm:9 [6, 3, 1, 9, 8, 1, 2, 2, 7]
      Node(1402, nc:3 [1403,1405,1407], nm:6 [3, 5, 4, 4, 1, 3]
        Node(1403, nc:1 [1404], nm:5 [2, 1, 1, 3, 3]
          Node(1404, nc:0 [], nm:7 [6, 9, 1, 3, 3, 3, 1]
        Node(1405, nc:1 [1406], nm:5 [3, 2, 1, 3, 1]
          Node(1406, nc:0 [], nm:7 [4, 1, 4, 3, 8, 4, 3]
        Node(1407, nc:1 [1408], nm:8 [1, 2, 2, 2, 1, 1, 3, 1]
          Node(1408, nc:0 [], nm:9 [9, 9, 1, 7, 6, 7, 4, 3, 7]
    Node(1409, nc:5 [1410,1417,1424,1431,1438], nm:5 [2, 3, 5, 5, 7]
      Node(1410, nc:3 [1411,1413,1415], nm:5 [3, 4, 4, 1, 3]
        Node(1411, nc:1 [1412], nm:7 [1, 2, 3, 3, 3, 3, 1]
          Node(1412, nc:0 [], nm:8 [5, 3, 1, 3, 2, 6, 9, 6]
        Node(1413, nc:1 [1414], nm:5 [2, 2, 1, 1, 3]
          Node(1414, nc:0 [], nm:9 [6, 7, 2, 9, 1, 6, 7, 6, 9]
        Node(1415, nc:1 [1416], nm:5 [3, 2, 3, 1, 1]
          Node(1416, nc:0 [], nm:6 [9, 4, 9, 1, 4, 6]
      Node(1417, nc:3 [1418,1420,1422], nm:5 [2, 2, 5, 5, 2]
        Node(1418, nc:1 [1419], nm:5 [3, 1, 2, 3, 1]
          Node(1419, nc:0 [], nm:11 [1, 5, 4, 1, 9, 9, 4, 2, 6, 8, 1]
        Node(1420, nc:1 [1421], nm:5 [1, 3, 3, 1, 1]
          Node(1421, nc:0 [], nm:10 [1, 2, 4, 7, 2, 3, 7, 8, 2, 1]
        Node(1422, nc:1 [1423], nm:5 [1, 3, 1, 1, 1]
          Node(1423, nc:0 [], nm:10 [3, 5, 4, 1, 8, 1, 3, 1, 4, 7]
      Node(1424, nc:3 [1425,1427,1429], nm:7 [2, 2, 2, 3, 2, 1, 1]
        Node(1425, nc:1 [1426], nm:8 [3, 2, 2, 3, 1, 1, 3, 2]
          Node(1426, nc:0 [], nm:11 [3, 7, 9, 1, 5, 1, 1, 4, 6, 7, 6]
        Node(1427, nc:1 [1428], nm:8 [2, 3, 2, 3, 3, 3, 1, 1]
          Node(1428, nc:0 [], nm:9 [7, 5, 3, 9, 2, 7, 6, 1, 2]
        Node(1429, nc:1 [1430], nm:9 [1, 1, 1, 3, 2, 1, 1, 1, 3]
          Node(1430, nc:0 [], nm:10 [7, 1, 1, 1, 9, 1, 5, 4, 8, 1]
      Node(1431, nc:3 [1432,1434,1436], nm:5 [5, 1, 2, 3, 3]
        Node(1432, nc:1 [1433], nm:6 [2, 3, 1, 3, 1, 1]
          Node(1433, nc:0 [], nm:7 [8, 1, 8, 1, 2, 6, 2]
        Node(1434, nc:1 [1435], nm:6 [1, 3, 3, 2, 3, 2]
          Node(1435, nc:0 [], nm:6 [9, 8, 2, 1, 3, 5]
        Node(1436, nc:1 [1437], nm:5 [2, 1, 1, 3, 1]
          Node(1437, nc:0 [], nm:10 [4, 4, 6, 1, 7, 5, 8, 1, 4, 5]
      Node(1438, nc:3 [1439,1441,1443], nm:4 [4, 2, 3, 3]
        Node(1439, nc:1 [1440], nm:9 [2, 1, 2, 3, 3, 3, 2, 2, 1]
          Node(1440, nc:0 [], nm:11 [9, 8, 6, 3, 1, 9, 9, 2, 4, 2, 1]
        Node(1441, nc:1 [1442], nm:9 [3, 3, 2, 2, 1, 2, 3, 3, 3]
          Node(1442, nc:0 [], nm:6 [8, 4, 7, 1, 2, 9]
        Node(1443, nc:1 [1444], nm:7 [3, 1, 3, 2, 1, 3, 1]
          Node(1444, nc:0 [], nm:10 [5, 4, 6, 7, 7, 4, 2, 1, 8, 1]
    Node(1445, nc:4 [1446,1453,1460,1467], nm:4 [3, 3, 5, 4]
      Node(1446, nc:3 [1447,1449,1451], nm:4 [3, 3, 1, 2]
        Node(1447, nc:1 [1448], nm:5 [3, 1, 2, 1, 3]
          Node(1448, nc:0 [], nm:8 [5, 2, 6, 8, 7, 2, 6, 1]
        Node(1449, nc:1 [1450], nm:8 [3, 2, 3, 2, 3, 3, 2, 1]
          Node(1450, nc:0 [], nm:8 [6, 5, 2, 4, 1, 6, 9, 3]
        Node(1451, nc:1 [1452], nm:8 [3, 1, 2, 1, 3, 3, 2, 1]
          Node(1452, nc:0 [], nm:10 [6, 5, 6, 1, 3, 6, 7, 8, 2, 6]
      Node(1453, nc:3 [1454,1456,1458], nm:5 [3, 4, 1, 2, 1]
        Node(1454, nc:1 [1455], nm:5 [1, 2, 2, 1, 2]
          Node(1455, nc:0 [], nm:11 [7, 5, 2, 7, 1, 9, 1, 1, 7, 2, 6]
        Node(1456, nc:1 [1457], nm:6 [1, 2, 1, 3, 1, 3]
          Node(1457, nc:0 [], nm:8 [9, 7, 6, 1, 7, 8, 8, 8]
        Node(1458, nc:1 [1459], nm:7 [1, 1, 2, 1, 3, 3, 3]
          Node(1459, nc:0 [], nm:7 [3, 6, 1, 7, 5, 6, 5]
      Node(1460, nc:3 [1461,1463,1465], nm:5 [1, 3, 5, 1, 4]
        Node(1461, nc:1 [1462], nm:9 [1, 1, 1, 2, 3, 1, 2, 1, 1]
          Node(1462, nc:0 [], nm:6 [1, 6, 4, 1, 3, 9]
        Node(1463, nc:1 [1464], nm:7 [3, 3, 1, 3, 3, 2, 2]
          Node(1464, nc:0 [], nm:6 [2, 6, 1, 1, 5, 5]
        Node(1465, nc:1 [1466], nm:8 [3, 3, 3, 3, 1, 2, 3, 3]
          Node(1466, nc:0 [], nm:11 [2, 7, 4, 8, 4, 6, 4, 5, 5, 5, 1]
      Node(1467, nc:3 [1468,1470,1472], nm:5 [4, 2, 3, 1, 1]
        Node(1468, nc:1 [1469], nm:5 [3, 1, 3, 2, 1]
          Node(1469, nc:0 [], nm:8 [9, 6, 1, 5, 5, 7, 9, 9]
        Node(1470, nc:1 [1471], nm:9 [2, 1, 3, 1, 2, 1, 3, 2, 1]
          Node(1471, nc:0 [], nm:9 [1, 1, 2, 6, 1, 5, 6, 2, 5]
        Node(1472, nc:1 [1473], nm:8 [1, 1, 1, 1, 1, 1, 3, 3]
          Node(1473, nc:0 [], nm:10 [7, 1, 9, 3, 8, 4, 3, 4, 1, 5]
    Node(1474, nc:4 [1475,1482,1489,1496], nm:3 [4, 2, 3]
      Node(1475, nc:3 [1476,1478,1480], nm:7 [3, 4, 4, 1, 2, 1, 3]
        Node(1476, nc:1 [1477], nm:6 [3, 2, 2, 1, 1, 1]
          Node(1477, nc:0 [], nm:10 [3, 1, 4, 4, 3, 5, 1, 1, 1, 6]
        Node(1478, nc:1 [1479], nm:8 [1, 2, 3, 3, 1, 1, 1, 1]
          Node(1479, nc:0 [], nm:6 [1, 6, 8, 3, 1, 7]
        Node(1480, nc:1 [1481], nm:5 [3, 1, 2, 3, 3]
          Node(1481, nc:0 [], nm:9 [9, 4, 7, 1, 3, 6, 8, 5, 8]
      Node(1482, nc:3 [1483,1485,1487], nm:7 [5, 5, 2, 4, 2, 3, 1]
        Node(1483, nc:1 [1484], nm:5 [1, 3, 2, 1, 3]
          Node(1484, nc:0 [], nm:8 [8, 5, 6, 8, 5, 1, 4, 4]
        Node(1485, nc:1 [1486], nm:9 [3, 1, 3, 1, 2, 1, 1, 1, 1]
          Node(1486, nc:0 [], nm:10 [9, 6, 6, 2, 1, 1, 1, 3, 6, 3]
        Node(1487, nc:1 [1488], nm:5 [1, 3, 1, 2, 1]
          Node(1488, nc:0 [], nm:8 [9, 5, 1, 3, 2, 4, 7, 9]
      Node(1489, nc:3 [1490,1492,1494], nm:5 [2, 5, 4, 1, 3]
        Node(1490, nc:1 [1491], nm:5 [1, 3, 1, 2, 2]
          Node(1491, nc:0 [], nm:6 [7, 9, 5, 1, 2, 4]
        Node(1492, nc:1 [1493], nm:6 [1, 1, 2, 2, 2, 1]
          Node(1493, nc:0 [], nm:11 [3, 5, 8, 7, 1, 1, 7, 2, 8, 7, 8]
        Node(1494, nc:1 [1495], nm:7 [3, 2, 2, 1, 2, 1, 1]
          Node(1495, nc:0 [], nm:7 [1, 9, 9, 5, 9, 4, 4]
      Node(1496, nc:3 [1497,1499,1501], nm:4 [3, 2, 2, 4]
        Node(1497, nc:1 [1498], nm:5 [3, 2, 1, 2, 1]
          Node(1498, nc:0 [], nm:10 [3, 2, 2, 3, 1, 5, 2, 5, 3, 5]
        Node(1499, nc:1 [1500], nm:7 [3, 1, 1, 1, 2, 1, 3]
          Node(1500, nc:0 [], nm:11 [1, 9, 2, 2, 8, 3, 3, 1, 5, 6, 7]
        Node(1501, nc:1 [1502], nm:8 [2, 3, 3, 1, 3, 2, 3, 3]
          Node(1502, nc:0 [], nm:6 [1, 1, 3, 1, 1, 4]
Sum meta=35911
