gen:0, wooded:511, yards:472 => 241192
.#...#..|.#||.|.......##.|#|.....#|...#.|.....#.|.
|..|.#.|.#....#.|..#..|#....#|#.|||.....|...#....#
|..|..|.||.....#..#||..#..#..|.#.|..|..||...|#...#
..##|.||.|.#.###.....#....#...#.|.|..||||.....|.|.
.....#.......|..|#.|...|.|#..........#|.|..|.||.##
.#|....|..|..#.#|.|..||#...|....##||..|.||....#.#.
|##......#.#..|.|..##|#...|...|.##|...|#...|...##|
...|...|||.#|..|#.#....#|....|..||..|...|#|..#|.|.
|.|##....#.|.|.#..#...##.#......#.#.|......|...|||
..#.||..#.....#.|##..#..|##...|#|..|##|..|.|#..##.
..||#...#..|...|#.#....#...#...|#.||.|.##|.#....#|
.#...#.#|#|.#....#..|....|.|...|.|.#...#.||....|..
.#...........##.#...#..||...#...|###...|...#.|.#..
....|.|...##|#...#..#|#......##....#...|.#.....|#|
.##..#.#.##.....#......|....#...|.#.#......#...##.
...#.#..|#|#..#.....||.##|#....|.#.|...#||#.|#...|
.#..##||.#|....|.||.||...|..|....|#..#|..##.#|.|.#
.#.||.|##.|..|..#..|#|..###.||#........||#|.||##|.
.|.##|.#....#.#..|..|...#...|.#.|......|##..#.....
..||...|.|##.||..|.|...|#..|.........#.|.#.....|##
#..|..|#.......#.||#.|#..|#|#.##.|||....#.#...|..|
|..|#|...||..|..||...#......##..|.|#..##....#.##.|
#|.#...|..|.....||.|###..#|.|..#.|..|||.#.#....|..
..#.||....##|.##.#.##..#||......#.#.....|.....#...
#.#...||..|..|#...|#..||#.|..|..|..||.|.#...|...#.
..|.#.#.|.#|#...#.||.|#|#..#..#.#|....##||#..|.|.#
.#...|....#...|.||#.|.#...|.......#..|.#........|.
..|.#|#||#....|..|#.#...#....#..|.|.|..||#|..##...
......|........|......||................|...##..#.
#|.......|.|.|.|..####..#.|#....|..|#|#....#....|.
||.||#.||#....|.#..#.....|..#.|#.|.|...|....####..
..........#|..|||..#|..|..|||##|#||#|....||.|...||
....|....#.|......#|....###....|.##|.#||||||..#.|#
.|#|.#.##||......#.#.||.|.##...|.|.|#........#.#|.
.......|...|..|.|.....|.#|.|.#...#...#|...#.||...#
.||.#..|.##.#..##...#....|...|#..##|.|.#..|#|#|..|
.#..|.|##|....#|###.....|...||.|.|||......#|....|.
.|#.#.....|.##.##.|........|...|...|||....#....##.
...##|||.|##|.|..#......#.......|##|.|..|.......|.
...#.....#|.#.||.....|....#.#|......##.....##..|#|
..|.|...|....#|....###.|##..........|#..#|.#|..|#.
..|..#.|.....|...|...#|.||#|..#.#..#.#|..|........
..|..||.#.......|##|..|..|..|..##|.|...#.#..|.....
#.#..#.|###...#...||.#..#|...|.##...|..#|.......|.
..##.|..#|...#...|..#.|..|#.|.....#..#.#..#|#|...#
#......|..|.#.|.|...........#......||..#.||..#....
...#|......#.#|.....#....|..|......|.#.#.|.|......
#|.##...#.##..|#..|...#.....#|.#.............|..|#
.....|.|..|.||.#|.||##...#|.##|#.....#..#..#|.#...
..|..|.#.....#.##|.##|.||..#..#|#.||..||#.###..||.
gen:100, wooded:401, yards:229 => 91829
.....||##.........................................
....|||##.........................................
....||##..........................................
...|||##..........................................
...||##...........................................
..|||##...............|||.........................
..||##...............||||||..................|....
.|||##...............||#||||...............|||||..
.||##.................####|||............|||||||||
|||##...................###||..........|||||||||||
||##......................##||.......|||||||###|||
||##......................##||||||||||||||#######|
|##........................##|||||||||||####...###
|##........................##|||||||||####........
|##.........................##||||||####..........
||##........................##||||####............
||##........|.............####||####..............
|||##.....##||...........|########................
.||###....##|||..........|||####..................
.|||####.###||..........||||##....................
..||||#####|||..........||####...............|....
...|||||#||||............###...............|||||..
.....|||||||.............................|||||||||
.......|||.............................|||||||||||
.....................................|||||||###|||
....................................||||||#######|
...................................|||||####...###
...................................|||####........
..................................||||##..........
..................................|||##...........
.................................||||##...........
.................................|||##............
.........|......................||||##............
.......||||.....................|||##.............
......||||||....................||||##.......|....
.....|||###......................|||##......|||...
.....||####......................||||##....#||||..
....|||##.........................|||###...##|||..
....||##..........................||||######||||..
....|||##..........................|||||###||||...
.....||##..........................||||||||||||...
.....|||##...........................|||||||||....
......||###............................|||||......
......|||####............................|........
.......||||####..#................................
........|||||#####||..............................
..........|||||###||..............................
............||||||||.........#....................
..............|||||.........##....................
................|...........|#....................
speed: 0
Suspect period of 176 at gen 194
gen:200, wooded:482, yards:260 => 125320
.........|||||##..........|#||||||||||||||||||||||
........|||||###..........####||||||||||||||||||||
........||||###.............###|||||||||||||###|||
.......||||###...............##|||||||||||#######|
.......|||###.................##############...###
......|||###..................############........
......||###.......................................
.....|||##........................................
.....||##.........................................
....|||##.........................................
....||##..............|...........................
...|||##............||||..........................
...||##............|||||.....................|....
..|||##............||###...................|||||..
...||##...........|||##..................|||||||||
...|||##..........||##.................|||||||||||
....||####.......|||##...............|||||||###|||
....||||#||......||##..............|||||||#######|
.....||||||.....|||##............|||||||####...###
.......|||......||##...........|||||||####........
...............|||##..........||||||####..........
...............|||##..........||||####............
...............|||###........||||###..............
................||||.........|||##................
.................|||........||||##................
............................|||##.................
...........................||||##............|....
...........................|||##...........|||||..
..........................||||##.........|||||||||
..........................|||##.........||||||||||
.........................||||##........|||||###|||
.........................|||##.........|||#######|
........................||||##........||||##...###
........................|||##.........|||##.......
........................||||##........||||##......
.........................|||##.........||||.......
.........||..............||||##........||||.......
........|||#..............|||##..........|........
........||##..............||||##..................
........|||##..............|||##..................
.........||###.............||||##.................
.........|||###.............|||##.................
..........|||###............||||##..............##
..........||||###............|||####...........###
...........||||###...........|||||####.......####|
............||||||............||||||####...####|||
..............||||.............|||||||#######|||||
................|................|||||||###|||||||
...................................|||||||||||||..
.....................................|||||||||....
speed: 0
Suspect period of 28 at gen 236
gen:300, wooded:594, yards:336 => 199584
..|||#.................|||||||||..................
..||##...............|||||###||||.................
.|||##.............|||||#######||.................
.||##............|||||####...##|||................
|||##..........|||||####......##||...........|....
||##...........|||####........#|||.........|||||..
||##..........|||###...........||........|||||||||
|##...........||###....................|||||||||||
|##..........|||##...................|||||||###|||
##...........||##..................|||||||#######|
##..........|||##................|||||||####...###
............||##...............|||||||####........
...........|||##.............|||||||####..........
...........||##............|||||||####............
..........|||##..........|||||||####..............
.........|||##...........|||||####................
........||||##..........||||####..................
........|||##...........|||###....................
.......||||##..........||||##................|....
........####...........|||##...............|||||..
.......#####..........||||##.............|||||||||
......................|||##............|||||||||||
###..................||||##..........|||||||###|||
|####................|||##.........|||||||#######|
|||######...........||||##........||||||####...###
|||||####...........|||##.........||||####........
..||||||##.........||||##........||||###..........
....||||##.........|||##.........|||##............
.....||||##..#....||||##........||||##............
......|||#####||..|||##.........|||##.............
......|||||###||.||||##........||||##.............
.....|||||||||||||||##.........|||##..............
...||||||||||||.||||##........||||##.........|....
...|||###||||...|||##.........|||##.........||||..
..|||####.......||||##........||||##.......||||||.
..||##...........|||##.........|||##........#||||.
.|||##...........||||##........||||##......###||||
.||##.............|||##.........|||##........##|||
.|||##............||||##........||||##......##||||
..||##.............|||##.........|||####...###|||.
..|||##............||||##........|||||#######||||.
...||##.............|||##.........||||||###|||||..
...|||##............||||##.........|||||||||||||..
....||##.............|||##...........|||||||||....
....|||##............||||##............|||||......
.....||##.............|||##..............|........
.....|||##............||||##......................
......||##.............|||##......................
......|||##............||||###....................
.......||##.............||||##....................
speed: 0
Suspect period of 88 at gen 355
gen:400, wooded:609, yards:372 => 226548
.........|||||||##...................|||||||###|||
.........|||||####.................|||||||#######|
........||||####.................|||||||####...###
........||####.................|||||||####........
.......|||##.................|||||||####..........
......|||##................|||||||####............
.....||||##..............|||||||####..............
.....|||##.............|||||||####................
....||||##...........|||||||####..................
....|||##...........||||||####....................
...|||###..........|||||####.................|....
...||###...........|||####.................|||||..
..|||##...........||||##.................|||||||||
..||##............|||##................|||||||||||
.|||##...........||||##..............|||||||###|||
.||##............|||##.............|||||||#######|
|||##...........||||##...........|||||||####...###
||##............|||##..........|||||||####........
||##...........||||##........|||||||####..........
|##............|||##.........|||||####............
|##...........||||##........||||####..............
|###..........|||##.........|||###................
|||..........||||##........||||##.................
|||..........|||##.........|||##..................
............||||##........||||##.............|....
............|||##.........|||##............|||||..
...........||||##........||||##..........|||||||||
..........||||##.........|||##.........|||||||||||
.........|||||##........||||##........||||||###|||
.........||||##.........|||##.........||||#######|
........|||||##........||||##........||||###...###
.........|||##.........|||##.........|||##........
........######........||||##........||||##........
##.......####.........|||##.........|||##.........
####.....#####........||||##........||||##........
||####.###||##.........|||##.........|||###.......
||||#####||||##........||||##........|||||||......
.|||||#||||||##.........|||##.........||||||......
..||||||||||||##........||||##.........|||||......
.|||||||||||||##.........|||##...........|........
|||||||||||||||##........||||##...................
||###|......|||##.........|||##...................
|####.......||||##........||||##..................
##...........|||##.........|||##..................
##...........||||##........||||###................
..............|||##.........||||####...........###
##............||||##........||||||####.......####|
##.............|||##.........|||||||####...####|||
|##............||||##..........|||||||#######|||||
|##.............|||##............|||||||###|||||||
speed: 0
Suspect period of 184 at gen 430
Suspect period of 1 at gen 437
Suspect period of 53 at gen 441
Suspect period of 76 at gen 467
Suspect period of 25 at gen 476
Suspect period of 72 at gen 488
Suspect period of 72 at gen 489
gen:500, wooded:632, yards:337 => 212984
.|||##...............|||||||##....................
.||###.............|||||||####....................
|||##............|||||||####.................|....
||##...........|||||||####.................|||||..
||##..........||||||####.................|||||||||
|##...........||||####.................|||||||||||
|##..........||||###.................|||||||###|||
##...........|||##.................|||||||#######|
##..........||||##...............|||||||####...###
............|||##..............|||||||####........
...........||||##............|||||||####..........
...........|||##...........|||||||####............
..........||||##.........|||||||####..............
..........|||##.........||||||####................
.........||||##........|||||####..................
.........|||##.........|||####....................
........||||##........||||##.................|....
........|||##.........|||##................|||||..
.......||||##........||||##..............|||||||||
.......|||##.........|||##.............|||||||||||
......||||##........||||##...........|||||||###|||
......|||##.........|||##..........|||||||#######|
.....||||##........||||##........|||||||####...###
.....|||##.........|||##.........|||||####........
....||||##........||||##........||||####..........
....|||##.........|||##.........|||###............
...||||##........||||##........||||##.............
...|||##.........|||##.........|||##..............
..||||##........||||##........||||##..............
..|||##.........|||##.........|||##...............
.||||##........||||##........||||##..........|....
.|||##.........|||##.........|||##.........|||||..
||||##........||||##........||||##........||||||||
|||##.........|||##.........|||##.........||||||||
||||##........||||##........||||##........||###|||
.|||##.........|||##.........|||##..........####||
.||||##........||||##........||||##...........##||
..|||##.........|||##.........|||##............##|
..||||##........||||##........||||##..........##||
...|||##.........|||##.........|||##..........##||
...||||##........||||##........||||###.......##|||
....|||##.........|||##.........||||####...####|||
....||||##........||||##........||||||#######|||||
.....|||##.........|||##.........|||||||###||||||.
.....||||##........||||##..........|||||||||||||..
......|||##.........|||##............|||||||||....
......||||##........||||##.............|||||......
.......|||##.........|||##...............|........
.......||||##........||||##.......................
........|||##.........|||##.......................
speed: 0
Suspect period of 56 at gen 515
Suspect period of 129 at gen 529
Suspect period of 28 at gen 540
Suspect period of 28 at gen 541
Suspect period of 28 at gen 542
Suspect period of 28 at gen 543
Suspect period of 28 at gen 544
Suspect period of 28 at gen 545
This is it
res at gen 524 => 205296
