gen:0
.#...#..|.#||.|.......##.|#|.....#|...#.|.....#.|.
|..|.#.|.#....#.|..#..|#....#|#.|||.....|...#....#
|..|..|.||.....#..#||..#..#..|.#.|..|..||...|#...#
..##|.||.|.#.###.....#....#...#.|.|..||||.....|.|.
.....#.......|..|#.|...|.|#..........#|.|..|.||.##
.#|....|..|..#.#|.|..||#...|....##||..|.||....#.#.
|##......#.#..|.|..##|#...|...|.##|...|#...|...##|
...|...|||.#|..|#.#....#|....|..||..|...|#|..#|.|.
|.|##....#.|.|.#..#...##.#......#.#.|......|...|||
..#.||..#.....#.|##..#..|##...|#|..|##|..|.|#..##.
..||#...#..|...|#.#....#...#...|#.||.|.##|.#....#|
.#...#.#|#|.#....#..|....|.|...|.|.#...#.||....|..
.#...........##.#...#..||...#...|###...|...#.|.#..
....|.|...##|#...#..#|#......##....#...|.#.....|#|
.##..#.#.##.....#......|....#...|.#.#......#...##.
...#.#..|#|#..#.....||.##|#....|.#.|...#||#.|#...|
.#..##||.#|....|.||.||...|..|....|#..#|..##.#|.|.#
.#.||.|##.|..|..#..|#|..###.||#........||#|.||##|.
.|.##|.#....#.#..|..|...#...|.#.|......|##..#.....
..||...|.|##.||..|.|...|#..|.........#.|.#.....|##
#..|..|#.......#.||#.|#..|#|#.##.|||....#.#...|..|
|..|#|...||..|..||...#......##..|.|#..##....#.##.|
#|.#...|..|.....||.|###..#|.|..#.|..|||.#.#....|..
..#.||....##|.##.#.##..#||......#.#.....|.....#...
#.#...||..|..|#...|#..||#.|..|..|..||.|.#...|...#.
..|.#.#.|.#|#...#.||.|#|#..#..#.#|....##||#..|.|.#
.#...|....#...|.||#.|.#...|.......#..|.#........|.
..|.#|#||#....|..|#.#...#....#..|.|.|..||#|..##...
......|........|......||................|...##..#.
#|.......|.|.|.|..####..#.|#....|..|#|#....#....|.
||.||#.||#....|.#..#.....|..#.|#.|.|...|....####..
..........#|..|||..#|..|..|||##|#||#|....||.|...||
....|....#.|......#|....###....|.##|.#||||||..#.|#
.|#|.#.##||......#.#.||.|.##...|.|.|#........#.#|.
.......|...|..|.|.....|.#|.|.#...#...#|...#.||...#
.||.#..|.##.#..##...#....|...|#..##|.|.#..|#|#|..|
.#..|.|##|....#|###.....|...||.|.|||......#|....|.
.|#.#.....|.##.##.|........|...|...|||....#....##.
...##|||.|##|.|..#......#.......|##|.|..|.......|.
...#.....#|.#.||.....|....#.#|......##.....##..|#|
..|.|...|....#|....###.|##..........|#..#|.#|..|#.
..|..#.|.....|...|...#|.||#|..#.#..#.#|..|........
..|..||.#.......|##|..|..|..|..##|.|...#.#..|.....
#.#..#.|###...#...||.#..#|...|.##...|..#|.......|.
..##.|..#|...#...|..#.|..|#.|.....#..#.#..#|#|...#
#......|..|.#.|.|...........#......||..#.||..#....
...#|......#.#|.....#....|..|......|.#.#.|.|......
#|.##...#.##..|#..|...#.....#|.#.............|..|#
.....|.|..|.||.#|.||##...#|.##|#.....#..#..#|.#...
..|..|.#.....#.##|.##|.||..#..#|#.||..||#.###..||.
gen:1
........|.#||.|.......##.|.|......|.....|.......|.
|..|.#.||#....#.|..#..##.....|#.||||...|||..#....#
|..|||||||.....#..#||..#.....#.#||||||||||..|#...#
..##||||||...###...||.....#...#.|||..|||||..||||#.
......|||....#..#..|..||.|#......|||..||||.|.|||##
.##....|..|.....|||.|||#..||.....#||.||||||.|.#.#.
|##....||..#..||||.##|#...|...|.##||.||.||||...##|
.|.#...|||.#||||#......##....|..##.|||..|.||..||||
|.|##...|#.|||.#.......#.#.....|#|.|||...|||...|||
.|#|#|......|.#.##......##....|##.||##|..|||#..##|
..||#...#..|...|#..........#..||#|||||.##||#....#|
.#.....###|.#.......|...||.|...||#|#...#|||....|..
.............#......#..||...#...|##....||....||#|.
....|.|....###......##.||..............|.......##|
.....#...##.........|||#........|.#.#...|..#...##.
.....#.|####.......||||##|.....||#.#....|##.##...|
....###|.##|...|.||||||..#..||...|#...|||##|##|||.
.#.##|###.|..|...|||.|..###|||#.......||###.|###|.
.||##||#....#|...||||...#..|||#.|.....||##........
..|||.||.|#..||.|||||..##.|||....||....|.......|##
..|||.|.|||..||.|||..|#..|.##..#.|||....#.....|.||
|.||#||..||..|..|||..#....||##..|||.||##......##||
.|.#||||.|||....|||##.....|.|..#.|..|||.#......#..
..#.||||..##|.##..|##..##|||....#..||||||.........
..#..|||..#||##...##..|##||..|..|..||.||#|..|...#.
..|....||.##.....|||||###........|..||###|...|.|.#
.....#|||.#...|||##||.#...|......|...|.#||......|.
..|..|.||#....||||#.............|.|.|..||.|.......
......|||.....|||.....||.........|.||..|||........
.||....|||.|.|||.....#....|#....|.||.|..........|.
|||||..||#|.||||...#.....|||#.##|||||..|....##.#||
...||.....#|..|||..#|..|..|||#######|.|||||||...||
....|....#||...|..##||||###|..|||###|#||||||...||.
.|.|...##|||.....#.#.|||#.##...||#||#.|||||||#.##.
.||....||.||..|.#....|||.|||.#...#|.|#|...#|#|....
.||...|||##....##.......|||.||#..##|||....##|.|..|
.#|.|.|###....#####.....|...||||||||||....##....|.
.|#.#||||||.##.##.#........||.||||||||....#....##.
....#|||.|###|||.#..............|##|||..|.......#.
...#.||||##.#|||.....|.......|......##.....##..|#|
..|||...|....#||....##||##..........##...|.##..|#.
.|||..||.....|...|...#|||##|....#....##..|........
..|..|||#.......|##|..|||||.|...##.|...#....|.....
..#...|####......|||.#...||.||..#...|..##...|...|.
.....||.##...#...||.#.|..|..|......||..#.|.|#|....
.......|..|...|||..................||....||||#....
...##......#.#||.........|..|......||....|||......
.|.##.....##.|##.|||........##.#............||..|.
.....|||..|.||.##||###....|.####........#..##..||.
..|..||........##||###.||..#..###.||..||#..##..||.
gen:2
.......||.#||.|..........|.|.....|||...|||......|.
|..||.|||#....#.|..#.........|#.||||||||||..#....#
|..|||||||.....#..#||........#.#|||||||||||.|#|...
..##||||||........||||....#.....||||||||||||||||#.
.....|||||......#|||||||.|#.....|||||||||||||||##.
.#....|||||....||||||||#.|||.....#||||||||||||#.#.
|##...||||.#.||||||##|#...||..|..##||||||||||..##|
||.#...|||.#||||#............||.##|||||||||||.||||
||###..||..||||#..............|###|||||.|||||.||||
.|####.....|||#.#.............|##|||##|.||||#..##|
..|##......|...##.............|###||#|.##||#....#|
.........#|.#.......|..|||.|..||####|..##||...|||.
....................#..|||.....||##....|||...||##.
....|.|.............##|||..............||......##|
.....#.............|||##|......||......||.......#.
.......|#.##......|||||##|.....||#.....||##.##.|||
....####.###...||||||||..#.||||.||#...||#######|||
...######.|.|||.|||||||...#|||#......|||###.####|.
.|######.....||.||||||....||||#.||....||#.........
.|||||||||..||||||||||..#.||||..||||..||.......|##
.||||||||||.||||||||||#..||##...|||||...#.....||#|
||||#|||||||||||||||.#...||###..||||||##......##||
.||#|||||||||...|||#.....||||..#||||||||#......#..
..#.|||||.##|..#.|##...##||||...#.|||||||.........
..#.|||||.####...|##||####||.|..|.|||||##|..|...#.
..|..||||.##...||###||###||.....||||||###||..|.|.#
......||||....|||##|||#...|.....|||||||##||.....|.
..|..||||#...||||##.............|||||||||||.......
.||...||||...|||||....||........||||||||||........
||||..|||||||||||........||#....|||||||||.......||
|||||..||#|||||||..#.....|||#..####|||||||||##..||
.|||||...|#||||||..##||||||||########||||||||..|||
..|||....#|||.|||..##|||####|.########|||||||..|||
.|||...##||||......#||||#.##..||#####||||||||#.##.
||||..||#|||..|......||||||||#...##||#||||###|....
.|||.|||###....#......||||||||#||##||||...###||..|
.#|||||###..............|||||||||||||||....#....|.
.|#.#|||###.##|##..........||||||||||||........##.
....#||||#####||............|||||##|||..|.......#.
...#|||||##.##|||....||......|......##.........###
.||||||||....#|||...##||##...............|.....|#.
.||||||||....|||||...#||###|.............|........
.|||.||##.......|##|..||||||||.....|........|.....
.....||##.......||||.#||||||||.....||...#..|||..|.
.....|||##.....|||||#.|..|||||.....|||...|||#|....
......||..|...||||................||||..|||||#....
...........#.##||||......|..|......||....|||||....
.|..#.|...##||##||||........##............||||.||.
.....|||..|.||..#||##.....|.............#..##.||||
..|..|||........#||#...||..#......||..||#......||.
gen:3
......|||.#||.|..........|.|....||||||||||......|.
|..||||||#....#.|..#.........|#.|||||||||||.#.....
|..|||||||.....#..#|||.......#.#|||||||||||||#||..
..##|||||||......||||||...#....||||||||||||||||##.
....|||||||......|||||||||#.....|||||||||||||||##.
.#...||||||...|||||||||#||||.....##|||||||||||#.#.
|##...|||||#|||||||##|#..||||||..##||||||||||||##|
|#....|||||#||||#|...........|||.##|||||||||||||||
||#....||||||||#.............||###||||||||||||||||
||##......||||#..............|####||##||||||#..##|
..##......|||...........|....||#######.##||#...|#|
..........|.........|..|||||..|#####|..##||..||##.
....................#.|||||...||##.....||||..||##.
....|.|.............###|||.....||.....||||.....###
..................|||####|.....||.....||||......#|
.......##.......||||||###|..|||||#....||##.....|||
......##.###.|||||||||||.#||||||||#..|||##....##||
..........#.|||||||||||...#|||#|||...||##.....##||
.|######||.||||||||||||...||||#.|||..|||#.........
|||####||||||||||||||||..|||||.|||||||||......||##
||||||||||||||||||||||#..||##..||||||||.#.....|###
||||#||||||||||||||||#..|||###.|||||||##......###|
|||#||||||||||||||##....||||#..#|||||||##......#..
..#|||||||###...||##....##||||..#||||||##.........
..#|||||||.###..|####|#.##||||..||||||###||.|...#.
..|.||||||#...|||###|##.##||...|||||||####||.|.|.#
.....|||||...|||####||#..||....|||||||###|||....|.
.||..||||....||||##.|||........||||||||||||.......
||||.|||||||||||||....||.......||||||||||||.......
||||||||||||||||||......|||#....##|||||||||.....||
|||||||||#||||||||....||||||#..#####||||||||##.|||
||||||..|##|||||||..#||||#####....####|||||||..|||
.|||||...#|||||||..##|||#####|###...##||||||||.|||
|||||..###||||||...##|||#|##||###.####|||||###.##.
|||||||###|||.|.....|||||||||#|||#####||||####|...
|||||||####..........|||||||||#||##||||||.#.#||..|
.#|||||##..............|||||||||||||||||........|.
.|#|#||###...####........|||||||||||||||.......##.
....#|||##...##||..........||||||##||||.|.........
..|#|||||#...##||....|||....||||....##.........##.
.|||||||||...#||||..##||#................|.....##.
|||||||||....|||||...#||###||............|........
.||||||##.....|||##|.||||#||||.....||......|||....
..|.|||##......||||||#|||||||||...||||....||||..|.
.....||###....||||||#.||||||||....||||..||||#|....
.....|||..|...||||||.....|||||....||||..|||||#....
......||...#.###||||.....|..|.....||||..|||||||...
.|...|||..######||||........##...........|||||||||
.....|||..||||..#||##.....|.............#..##|||||
..|..|||........#||#...||.........||..||#.....||||
gen:4
....|||||.#||.|..........|.|....|||||||||||.....|.
|..||||||#....#.|..#|........|#|||||||||||||#..|..
|..||||||||....#.|#||||......#.#|||||||||||||#||..
..##|||||||......||||||||.#....|||||||||||||||###.
....||||||||...|||||||||||#....|||||||||||||||##..
.#..||||||||.||||||||||#||||||...##|||||||||||#.#.
##...||||||#|||||||##|#.||||||||..##|||||||||||##|
|#....|||||#||||#||.......||||||.##|||||||||||||||
|##...|||||||||#............||#####|||||||||||||||
|##.....||||||#.............||##.######|||||#||##|
..#......|||||.........||||.||##.#####.##||#..|###
..........||........|.||||||.||##..##..##|||.||##.
....................#.||||||..|###....|||||..|##..
....|.|............|####|||...|||.....|||||....###
.................|||#####||..|||||...|||||......##
..............|||||||#####|||||||#...|||##.....#||
...........#|||||||||||#.#||||||||#..||##.....##||
..........#|||||||||||||..#|||#||||.|||##......#||
||##..##||||||||||||||||.|||||#||||||||##......||.
||######|||||||||||||||..|||||||||||||||......|##.
|||###||||||||||||||||#.|||##.||||||||||#.....####
||||#||||||||||||||||#..|||##..|||||||##......####
|||#|||||||#||||||##....|||##..#||||||##..........
.|##||||||###||||##.....##||||..#|||||###.........
..#||||||||..#.||######..##|||||||||||####|||...#.
..||||||||#..|||##.####.##|||.|||||||##.##||||.|.#
.|||||||||...|||##.####..|||..||||||||####|||...|.
||||||||||||||||###.||||......|||||||||#||||......
||||||||||||||||||...|||||.....|||||||||||||......
|||||||||||||||||||...|||||#....###|||||||||...|||
|||||||||##||||||||..|||||###....####|||||||##.|||
||||||||###|||||||..#|||######.....###||||||||||||
||||||...##|||||||..##||#######......##|||||#|||||
|||||||#.##||||||..##|||#########....##|||####|##.
||||||##.##|||||....|||||||||#########||||#####...
||||||##.##|........||||||||||#||####|||||#.##||.|
|#||||##..............|||||||||||||||||||.......|.
.|###||##.....###.......|||||||||||||||||......##.
..||#||###....##|.....|...|||||||##||||||.........
.||#||||##...##|||...|||...||||||...##............
||||||||||...##|||..##||#..||||..........|........
||||||||||...||||||..#||###|||...........||.|.....
|||||||##....||||##|||||###||||...||||....||||....
.|||||##......|||||||#|||||||||...||||...||||||.|.
....|||###....||||||#||||||||||..||||||.||||#|....
.....|||..|...#||||||..|||||||...||||||||||||#|...
.....||||..#.###|||||....|||||....||||..|||||||||.
.|...||||.#######|||........##.....||...||||||||||
....|||||.|###..#||##.....|.............#.|##|||||
..|..|||...||...#||#...||.........||..||#....|||||
gen:5
...||||||.#||.|..........|.|...|||||||||||||....|.
|..||||||#||..#.|..#||.......|#|||||||||||||#.|||.
|..||||||||....#||#|||||.....#|#|||||||||||||###..
..##||||||||....||||||||||#....||||||||||||||####.
...||||||||||.||||||||||||#||.|||||||||||||||##...
....|||||||||||||||||||#|||||||||###||||||||||#.#.
##..|||||||#|||||||##|#|||||||||..##|||||||||||##|
##...||||||#||||#||......||||||#..##||||||||||||||
##....|||||||||#...........|||###.####||||||||||||
|#.....|||||||#.........||.||##...######||||#||###
........||||||........||||||||##.......##||#||####
.........||||.......||||||||||##.......##|||||##..
....................#|#||||||||###....||||||||##..
....|.|...........|######|||.|||#|...||||||.......
...............|||||##.###||||||||...||||||.....##
.............|||||||######|||||||#..|||###.....##|
...........#||||||||||##.##|||||||#.|||##......##|
.........|#|||||||||||||||#|||#|||||||##.......#||
||#....#||||||||||||||||||||||#||||||||##......##|
||##.###|||||||||||||||||||||||||||||||#......###.
||#####|||||||||||||||#||||##||||||||||##.....##..
|||###|||||||||||||||#.|||##..||||||||##..........
||###|||||###||||###....||###..#|||||##...........
||##||||||###||||##.....####||||#||||##....|......
..##||||||#..#||##.......##||||||||||##..#||||..#.
.|||||||||...|||##......###||||||||||##..##|||.|.#
|||||||||||||||##..####..||||||||||||#####||||..|.
||||||||||||||||###.##|||||...||||||||###||||.....
|||||||||||||||||#|.|||||||...|||#|||||||||||...|.
|||||||||||||||||||..|||||##....####|||||||||..|||
||||||||###||||||||..||||###......####||||||##||||
||||||||####|||||||.##||###.........###|||||##||||
||||||||..##||||||..##|##............##||||###||||
||||||##..##||||||.###||######.......##|||#######.
||||||##..##|||||...|||||#########..###||##..##|..
|||||##...#||||.....|||||||||#########||||#..##|||
|###|###.............|||||||||||||##||||||.....||.
.|######.......##.....||||||||||||||||||||.....##.
.|###||##.....###|...||||||||||||##||||||.........
|||#|||###....##||...|||..|||||||...##|||.........
||||||||||...##||||.##||#.||||||.........||.......
||||||||||...||||||||#|##.#||||....||....|||||....
||||||###....||||##|||||###||||...||||...||||||...
||||||##.....||||||||#|||#||||||.||||||.|||||||.|.
..||||####....||||||#||||||||||..|||||||||||#|||..
....|||||.|...##|||||||||||||||..||||||||||||#||..
....||||||.#..###||||...||||||...|||||||||||||||||
.|..||||||##...##||||....|||##....||||..||||||||||
....||||||####..##|##.....|.......|||..|#||##|||||
..|.|||||..|#...#||#...||.........||..||#....|||||
gen:6
...|||||||#||.|..........|.|..||||||||||||||...||.
|.|||||||#|||.#|||.#|||......|#|||||||||||||#.#||.
|..|||||||||...#||#||||||....###||||||||||||####..
..##|||||||||..|||||||||||#..|||||||||||||||##....
...|||||||||||||||||||||||#|||||||#||||||||||##...
...||||||||||||||||||||#|||||||||###|||||||||##.#.
....|||||||#|||||||##|#||||||||||..##||||||||||##|
....|||||||#||||#||.....||||||##...##|||||||||||||
##...||||||||||#........|||||###...####|||||||||#|
##....||||||||#........||||||##......####|||#|####
.......|||||||.......||||||||##........##||#|###..
........||||||......||||||||||##.......##||||##...
..........||........####||||||####...|||||||||#...
....|.|.........|||#######|||||###...||||||||.....
..............|||||##...##||||||||..||||#||.....##
............||||||||###..##||||||#..|||###......##
...........#|||||||||###|##|||||||#|||##.......##|
........||#||||||||||||||##|||#|||||||##.......##|
||#....#||||||||||||||||||||||#|||||||##.......##|
|##...##||||||||||||||||||||||||||||||##........#.
||##.###||||||||||||||#|||###|||||||||##..........
||#####||||#||||||#||#||||##.||||||||###..........
||####||||###||||###...||####||#|||||##...........
|####||||##.##||##......#####|||#|||##....|||.....
||##||||||#..#||##........##||||||||##...##||||.#.
|||||||||||||||##.......###|||||||||##...##|||||.#
|||||||||||||||##....##||#|||||||||||##.###||||.|.
|||||||||||||||####.###||||||||||||||#####||||....
||||||||||||||||###||||||||...||###||||#||||||.|||
|||||||||#|||||||||||||||###...|#####|||||||||||||
||||||||####||||||||.|||###........####|||||##||||
||||||||#.##|||||||.######...........##||||####|||
|||||||#...##||||||..####.............##||######||
||||||##...##|||||.#######............##|###.####.
|||||##...##||||||..#|||######.......##||##...##|.
||#|###...##||||....||||||#############||##...#|||
|#####......||......||||||||||#######||||||....#||
|#######........#....||||||||||||###||||||.....##.
||######.......##|...||||||||||||##|||||||........
||###||###....###||..||||||||||||...##||||........
||||||||#|...###||||#####.|||||||......||||||.....
|||||||#||...|||||||#####.#|||||..||||..|||||||...
||||||###...|||||##|||#####|||||.||||||.||||||||..
|||||##......||||||||#||###||||||||||||||||||||||.
.|||||####...|||||||#|||||||||||||||||||||||#||||.
...||||##||...###||||||||||||||.|||||||||||||#|||.
...||||||||#...##||||||||||||||..|||||||||||||||||
.|.|||||||#.....##|||...||||##...|||||||||||||||||
...|||||||###...#####...||||.....|||||||#||##|||||
..||||||||.##...####...||.........|||.||#....|||||
gen:7
..||||||||#||||||....|...|.|..||||||||||||||...||.
|||||||||#||||#||||#|||||....###||||||||||||#.##|.
|||||||||||||..#||#|||||||...###|||||||||||##.##..
..##||||||||||||||||||||||#.||#|||||||||||||##....
...|||||||||||||||||||||||#||||||###||||||||##....
...||||||||||||||||||||#|||||||||####||||||||##.#.
...||||||||#|||||||##|#||||||||||..##|||||||||###|
....|||||||#||||#||....||||||###....##|||||||||##|
....|||||||||||#.......||||||##.....####|||||||###
.....|||||||||#.......||||||##........###|||######
......|||||||||.....|||||||||##.........##|####...
.......|||||||......|##||||||##.......|##|||###...
.........||||....|..#####|||||##.....||||||||##...
....|.|........||||#...###||||####..||||||||||....
.............||||||##....##|||||##..|||###||......
............|||||||###...##||||||#||||####......##
...........#||||||||########||||||#|||##........##
........||#|||||||||||#|###|||#||||||##.........##
|##....#||||||||||||||||||||||#||||||##.........##
|##....##||||||||||||||||||#|||||||||##.........#.
|##...##||||||||||||||#|||###||||||||##...........
|##..###||###||||###|#|||##.|||||||||##...........
|##.###||#####||####..||###.#||#||||##.....|......
|#####|||##.##||##......##.##|||#|||##....||||....
|####||||##||####.........###||||||##....##|||||#.
||||||||||||||###.......####||||||||##....##||||.#
||||||||||||||##......#####|||||||||##...##||||||.
|||||||||||||||##.#.###||||||||||#|||######|||||||
|||||||||||||||#####|#||||#|||||#########|||||||||
||||||||###||||||#||||||####..||#.#####|||||||||||
||||||||####|||||||||#####..........###||||####|||
|||||||##..##|||||||#####.............##||######||
||||||##...##||||||...................######..###|
|||||###...##||||||######.............#####....##|
||||###....##|||||..#######...........####....###|
|#####.....#|||||...|||||######.....###||##...##||
|####.......|||.....|||||||#######.###|||||....##|
|##.............#...|||||||||||######||||||....##.
|##.####........##|.|||||||||||||####||||||.......
||########.....##||||###||||||||||..##||||||......
|||#|||###...####|||#####|||||||||.|||||||||||....
||||||###|..||#||||####...#|||||||||||||||||||||..
|||||####...|||||##|#####.##|||||||||||||||||||||.
|||||##.....|||||||||######||||||||||||||||||||||.
|||||#####...||#||||#||||#||||||||||||||||||#|||||
..||||####|...###||||||||||||||||||||||||||||#||||
..|||||||||#....##||||||||||||||||||||||||||||||||
.|||||||||#.....####||||||||##..||||||||||||||||||
..||||||||#......####..|||||.....|||||||#||##|||||
..||||||||.............||||......|||||||#....|||||
gen:8
.|||||||||#|||||||..||||||.|..#|||||||||||||...||.
|||||||||#||||#||||#|||||||..###|||||||||||##.##|.
|||||||||||||||#||#|||||||...###|||||||||||##..#..
.|##||||||||||||||||||||||#||###||#||||||||##.....
...|||||||||||||||||||||||#||||||####|||||||##....
..|||||||||||||||||||||#|||||||||#.##|||||||###.#.
...||||||||#|||||||##|#|||||||#||...##|||||||#####
...||||||||#||||#||...|||||||###....###|||||||####
....|||||||||||#......||||||##.......####||||#####
....||||||||||#......|||||||##.........###|#####..
.....||||||||||.....||||||||##..........##|##.....
......|||||||||.....####|||||##......||###|###....
.......|||||||..|||.######|||##.....||||||||###...
....|.|...|||||||||#....###|||###...||||#|||||....
............||||||##.....##||||###.|||####|||.....
............|||||||##.....##||||###|||##.#........
...........#|||||||######.##||||||#||##...........
........||#||||||||||#######||#||||||##...........
|#.....##||||||||||||||||##|||#|||||##............
##.....##|||||||||||||||||###|||||||##............
##.....##||#||||||#|||#||####|||||||##............
##....########||######||###.#|||||||##............
##...######.##||##.#.|||##..#||#||||##....|||.....
##..###|###.#####.......#...##||#||##.....|||||...
|#####|||########..........##||||||##....###||||#.
||##|||||||||##...........###||||||##.....##|||||#
||||||||||||||##......######||||||||##....##||||||
||||||||||||||##....#######|||||######..###|||||||
|||||||||#|||||########||###||||##########||||||||
||||||||####||||###|########||||#.....##||||##||||
|||||||##.###|||||||#####.............##||######||
||||||###..##|||||||##................######..###|
|||||###....##||||||...................####....##|
||||###.....##|||||#............................##
||####.....##||||||.######............####.....##|
|####......##|||||..|#######.........######....##|
##..........||||...|||||||######....###||||....##|
##...........|.....|||||||||######..##||||||....#.
|##.............##||||#|||||||||###.##||||||......
|#######........##||#####||||||||||.##|||||||.....
||########...####||###.##||||||||||||||||||||||...
|||||#####..|########.....##|||||||||||||||||||||.
|||||##.#..||||||#####....##|||||||||||||||||||||.
||||##......|||||||#########||||||||||||||||||||||
|||||##..#..||###|||#######|||||||||||||||||#|||||
.||||######...####|||||||||||||||||||||||||||#||||
.||||||#####....###|||||||||||||||||||||||||||||||
.|||||||||#......####|||||||##||||||||||||||||||||
.|||||||||#........##|||||||....||||||||#||##|||||
..||||||||.............|||||.....|||||||#....|||||
gen:9
||||||||||#|||||||||||||||||..##||||||||||||...||.
|||||||||#||||#||||#|||||||...##|||||||||||##.##|.
|||||||||||||||#||#|||||||||.#.##|||||||||##...#..
||##||||||||||||||||||||||#||#######|||||||##.....
..||||||||||||||||||||||||#|||#|#####||||||##.....
..|||||||||||||||||||||#|||||||||#..##||||||##....
..|||||||||#|||||||##|#||||||###|...###|||||###...
...||||||||#||||#||..|||||||####.....###|||||##...
...||||||||||||#.....|||||||##........####||###...
....||||||||||#.....|||||||##...........######....
....|||||||||||.....|##|||||##...........###......
.....|||||||||||.|..#####|||##......|||######.....
.....||||||||||||||....####||##.....|||###|####...
....|.||||||||||||##.....##||###...||||###|||#....
...........|||||||##......##||###..|||####||||....
...........|||||||##......##|||####||##..#.|......
...........#|||||||###.....##||||##||##...........
........||#|||||||||########||#|||||##............
##.....###||||||||||||#########|||||##............
##......##|||||||||||||||#####|||||##.............
........#####||||######|###.##|||||##.............
........######||######|###..##|||||##......|......
......###....####....||##...##|#|||##.....||||....
##...#####...####.....|.#...##||#||##.....#|||||..
#######|######..............##||||##.....###||||#.
|####|||||#####............##||||||##......##||||#
|||||||||||||##...........###||||####.....##||||||
||||||||||||||##......######||||#####....###||||||
||||||||###|||###.###.######|||##......####|||||||
|||||||######||######.####.#||||#......########|||
||||||###..##||||#|##........||........##########|
|||||###....##||||||#..................####....##|
||||###.....##||||||............................##
|||###......##|||||#............................##
|####.......##||||||##..........................##
###........##|||||||#######...........#####.....##
##..........|||||.||||#######........#####||....##
##..........|||...|||||||||######....##|||||....#.
##...............#|||###|||||######..##||||||.....
|##.............#########||||||||#||##||||||||....
|#####.......#..#####...##||||||||||||||||||||||..
|||###.....||#######......##|||||||||||||||||||||.
||||##.....|||######.......##|||||||||||||||||||||
||||##.....||||######.....##||||||||||||||||||||||
||||##......||####|#########||||||||||||||||#|||||
|||||###......#.###||#####|||||||||||||||||||#||||
||||||#####......###||||||||||||||||||||||||||||||
||||||||###.......###|||||||##||||||||||||||||||||
.|||||||||#.........#||||||||..|||||||||#||##|||||
.|||||||||............||||||....||||||||#....|||||
gen:10
||||||||||#|||||||||||||||||...#||||||||||||...||.
|||||||||#||||#||||#||||||||...##|||||||||###.##|.
|||||||||||||||#||#||||||||||#.####|||||||##...#..
||##||||||||||||||||||||||#||########|||||##......
.|||||||||||||||||||||||||#||#####.###|||||##.....
.||||||||||||||||||||||#|||||#####..###||||##.....
..|||||||||#|||||||##|#|||||#####....###||||##....
..|||||||||#||||#||.||||||||##.#......###|||##....
...||||||||||||#....|||||||##..........#######....
...|||||||||||#.....|||||||##............####.....
....||||||||||||....####|||##........|............
....|||||||||||||||.######|###......|||#.###......
....|||||||||||||||.....######.....|||##.#####....
....||||||||||||||##......#####....|||##.##|##....
.......||||||||||##.......######..|||###.##|||....
...........|||||||##.......##|#####||##..#|||.....
..........|#||||||###......##||#######............
........###||||||||####....####||||###............
.......####||||||||||#####.####||||##.............
.........###||||||########...##||||##.............
.........#####||##########...##|||##..............
............######..#####....##|||##......|||.....
.............####....|##.....###||##......|||||...
......###............||......##|#|##......##||||..
##..#######.................##||||##......###|||#.
######|||#####..............##|||###.......##||||#
||##|||||||####............##|||####.......##|||||
|||||||||#|||##............##||###........##||||||
|||||||#####|###...........##||##.........####||||
||||||###.##########.......#|||##.........######||
|||||###....##||#####.......||||..............###|
||||###.....##|||||##...........................##
|||###.......##|||||............................##
||###........##||||#..............................
####........##|||||##.............................
##.........###||||||###..................##.......
............|||||||||#######..........#####|......
............||||.||||#########........###||||.....
##...........|...########|||#######..##|||||||....
##...............#####.###||||#####|###||||||||...
|###.........#..........###||||||||||||||||||||||.
||###......||##...........###|||||||||||||||||||||
|||##.....|||###...........##|||||||||||||||||||||
|||##......|||##.###.......##|||||||||||||||||||||
||||##.....|||##.#####...###||||||||||||||||#|||||
||||###.......#..##########||||||||||||||||||#||||
|||||####.........#######|||||||||||||||||||||||||
|||||||####........##|||||||##||||||||||||||||||||
|||||||||##.........#||||||||.||||||||||#||##|||||
.|||||||||...........||||||||..|||||||||#....|||||
gen:10, wooded:921, yards:577 => 531417
