gen:0, wooded:27, yards:17 => 459
.#.#...|#.
.....#|##|
.|..|...#.
..|#.....#
#.#|||#|#|
...#.||...
.|....|...
||...#|.#|
|.||||..|.
...#.|..|.
gen:1, wooded:40, yards:12 => 480
.......##.
......|###
.|..|...#.
..|#||...#
..##||.|#|
...#||||..
||...|||..
|||||.||.|
||||||||||
....||..|.
gen:2, wooded:55, yards:10 => 550
.......#..
......|#..
.|.|||....
..##|||..#
..###|||#|
...#|||||.
|||||||||.
||||||||||
||||||||||
.|||||||||
gen:3, wooded:62, yards:11 => 682
.......#..
....|||#..
.|.||||...
..###|||.#
...##|||#|
.||##|||||
||||||||||
||||||||||
||||||||||
||||||||||
gen:4, wooded:65, yards:13 => 845
.....|.#..
...||||#..
.|.#||||..
..###||||#
...###||#|
|||##|||||
||||||||||
||||||||||
||||||||||
||||||||||
gen:5, wooded:66, yards:16 => 1056
....|||#..
...||||#..
.|.##||||.
..####|||#
.|.###||#|
|||###||||
||||||||||
||||||||||
||||||||||
||||||||||
gen:6, wooded:66, yards:17 => 1122
...||||#..
...||||#..
.|.###|||.
..#.##|||#
|||#.##|#|
|||###||||
||||#|||||
||||||||||
||||||||||
||||||||||
gen:7, wooded:61, yards:24 => 1464
...||||#..
..||#|##..
.|.####||.
||#..##||#
||##.##|#|
|||####|||
|||###||||
||||||||||
||||||||||
||||||||||
gen:8, wooded:54, yards:31 => 1674
..||||##..
..|#####..
|||#####|.
||#...##|#
||##..###|
||##.###||
|||####|||
||||#|||||
||||||||||
||||||||||
gen:9, wooded:44, yards:34 => 1496
..||###...
.||#####..
||##...##.
||#....###
|##....##|
||##..###|
||######||
|||###||||
||||||||||
||||||||||
gen:10, wooded:37, yards:31 => 1147
.||##.....
||###.....
||##......
|##.....##
|##.....##
|##....##|
||##.####|
||#####|||
||||#|||||
||||||||||
